[  9%] Built target player_commands__cpp
[ 12%] Built target player_commands__rosidl_generator_c
[ 12%] Built target ament_cmake_python_copy_player_commands
[ 41%] Built target player_commands__rosidl_typesupport_fastrtps_c
[ 51%] Built target player_commands__rosidl_typesupport_introspection_cpp
[ 51%] Built target player_commands__rosidl_typesupport_c
[ 51%] Built target player_commands__rosidl_typesupport_fastrtps_cpp
[ 70%] Built target player_commands__rosidl_typesupport_introspection_c
[ 70%] Built target player_commands__rosidl_typesupport_cpp
[ 70%] Built target player_commands
[ 74%] Built target player_commands__py
[ 80%] Built target player_commands__rosidl_generator_py
[ 93%] Built target player_commands__rosidl_typesupport_introspection_c__pyext
[ 93%] Built target player_commands__rosidl_typesupport_c__pyext
[100%] Built target player_commands__rosidl_typesupport_fastrtps_c__pyext
running egg_info
writing player_commands.egg-info/PKG-INFO
writing dependency_links to player_commands.egg-info/dependency_links.txt
writing top-level names to player_commands.egg-info/top_level.txt
reading manifest file 'player_commands.egg-info/SOURCES.txt'
writing manifest file 'player_commands.egg-info/SOURCES.txt'
[100%] Built target ament_cmake_python_build_player_commands_egg
-- Install configuration: ""
-- Up-to-date: /home/ahmedmuhammad/pingpong_ws/install/player_commands/share/ament_index/resource_index/rosidl_interfaces/player_commands
-- Up-to-date: /home/ahmedmuhammad/pingpong_ws/install/player_commands/include/player_commands/player_commands
-- Up-to-date: /home/ahmedmuhammad/pingpong_ws/install/player_commands/include/player_commands/player_commands/msg
-- Up-to-date: /home/ahmedmuhammad/pingpong_ws/install/player_commands/include/player_commands/player_commands/msg/detail
-- Up-to-date: /home/ahmedmuhammad/pingpong_ws/install/player_commands/include/player_commands/player_commands/msg/detail/player_command__struct.h
-- Up-to-date: /home/ahmedmuhammad/pingpong_ws/install/player_commands/include/player_commands/player_commands/msg/detail/player_command__functions.h
-- Up-to-date: /home/ahmedmuhammad/pingpong_ws/install/player_commands/include/player_commands/player_commands/msg/detail/player_command__type_support.h
-- Up-to-date: /home/ahmedmuhammad/pingpong_ws/install/player_commands/include/player_commands/player_commands/msg/detail/player_command__functions.c
-- Up-to-date: /home/ahmedmuhammad/pingpong_ws/install/player_commands/include/player_commands/player_commands/msg/player_command.h
-- Up-to-date: /home/ahmedmuhammad/pingpong_ws/install/player_commands/include/player_commands/player_commands/msg/rosidl_generator_c__visibility_control.h
-- Up-to-date: /home/ahmedmuhammad/pingpong_ws/install/player_commands/share/player_commands/environment/library_path.sh
-- Up-to-date: /home/ahmedmuhammad/pingpong_ws/install/player_commands/share/player_commands/environment/library_path.dsv
-- Up-to-date: /home/ahmedmuhammad/pingpong_ws/install/player_commands/lib/libplayer_commands__rosidl_generator_c.so
-- Up-to-date: /home/ahmedmuhammad/pingpong_ws/install/player_commands/include/player_commands/player_commands
-- Up-to-date: /home/ahmedmuhammad/pingpong_ws/install/player_commands/include/player_commands/player_commands/msg
-- Up-to-date: /home/ahmedmuhammad/pingpong_ws/install/player_commands/include/player_commands/player_commands/msg/detail
-- Up-to-date: /home/ahmedmuhammad/pingpong_ws/install/player_commands/include/player_commands/player_commands/msg/detail/player_command__rosidl_typesupport_fastrtps_c.h
-- Up-to-date: /home/ahmedmuhammad/pingpong_ws/install/player_commands/include/player_commands/player_commands/msg/rosidl_typesupport_fastrtps_c__visibility_control.h
-- Up-to-date: /home/ahmedmuhammad/pingpong_ws/install/player_commands/lib/libplayer_commands__rosidl_typesupport_fastrtps_c.so
-- Up-to-date: /home/ahmedmuhammad/pingpong_ws/install/player_commands/include/player_commands/player_commands
-- Up-to-date: /home/ahmedmuhammad/pingpong_ws/install/player_commands/include/player_commands/player_commands/msg
-- Up-to-date: /home/ahmedmuhammad/pingpong_ws/install/player_commands/include/player_commands/player_commands/msg/detail
-- Up-to-date: /home/ahmedmuhammad/pingpong_ws/install/player_commands/include/player_commands/player_commands/msg/detail/player_command__type_support.c
-- Up-to-date: /home/ahmedmuhammad/pingpong_ws/install/player_commands/include/player_commands/player_commands/msg/detail/player_command__rosidl_typesupport_introspection_c.h
-- Up-to-date: /home/ahmedmuhammad/pingpong_ws/install/player_commands/include/player_commands/player_commands/msg/rosidl_typesupport_introspection_c__visibility_control.h
-- Up-to-date: /home/ahmedmuhammad/pingpong_ws/install/player_commands/lib/libplayer_commands__rosidl_typesupport_introspection_c.so
-- Up-to-date: /home/ahmedmuhammad/pingpong_ws/install/player_commands/lib/libplayer_commands__rosidl_typesupport_c.so
-- Up-to-date: /home/ahmedmuhammad/pingpong_ws/install/player_commands/include/player_commands/player_commands
-- Up-to-date: /home/ahmedmuhammad/pingpong_ws/install/player_commands/include/player_commands/player_commands/msg
-- Up-to-date: /home/ahmedmuhammad/pingpong_ws/install/player_commands/include/player_commands/player_commands/msg/detail
-- Up-to-date: /home/ahmedmuhammad/pingpong_ws/install/player_commands/include/player_commands/player_commands/msg/detail/player_command__traits.hpp
-- Up-to-date: /home/ahmedmuhammad/pingpong_ws/install/player_commands/include/player_commands/player_commands/msg/detail/player_command__struct.hpp
-- Up-to-date: /home/ahmedmuhammad/pingpong_ws/install/player_commands/include/player_commands/player_commands/msg/detail/player_command__builder.hpp
-- Up-to-date: /home/ahmedmuhammad/pingpong_ws/install/player_commands/include/player_commands/player_commands/msg/player_command.hpp
-- Up-to-date: /home/ahmedmuhammad/pingpong_ws/install/player_commands/include/player_commands/player_commands
-- Up-to-date: /home/ahmedmuhammad/pingpong_ws/install/player_commands/include/player_commands/player_commands/msg
-- Up-to-date: /home/ahmedmuhammad/pingpong_ws/install/player_commands/include/player_commands/player_commands/msg/detail
-- Up-to-date: /home/ahmedmuhammad/pingpong_ws/install/player_commands/include/player_commands/player_commands/msg/detail/dds_fastrtps
-- Up-to-date: /home/ahmedmuhammad/pingpong_ws/install/player_commands/include/player_commands/player_commands/msg/detail/player_command__rosidl_typesupport_fastrtps_cpp.hpp
-- Up-to-date: /home/ahmedmuhammad/pingpong_ws/install/player_commands/include/player_commands/player_commands/msg/rosidl_typesupport_fastrtps_cpp__visibility_control.h
-- Up-to-date: /home/ahmedmuhammad/pingpong_ws/install/player_commands/lib/libplayer_commands__rosidl_typesupport_fastrtps_cpp.so
-- Up-to-date: /home/ahmedmuhammad/pingpong_ws/install/player_commands/include/player_commands/player_commands
-- Up-to-date: /home/ahmedmuhammad/pingpong_ws/install/player_commands/include/player_commands/player_commands/msg
-- Up-to-date: /home/ahmedmuhammad/pingpong_ws/install/player_commands/include/player_commands/player_commands/msg/detail
-- Up-to-date: /home/ahmedmuhammad/pingpong_ws/install/player_commands/include/player_commands/player_commands/msg/detail/player_command__rosidl_typesupport_introspection_cpp.hpp
-- Up-to-date: /home/ahmedmuhammad/pingpong_ws/install/player_commands/include/player_commands/player_commands/msg/detail/player_command__type_support.cpp
-- Up-to-date: /home/ahmedmuhammad/pingpong_ws/install/player_commands/lib/libplayer_commands__rosidl_typesupport_introspection_cpp.so
-- Up-to-date: /home/ahmedmuhammad/pingpong_ws/install/player_commands/lib/libplayer_commands__rosidl_typesupport_cpp.so
-- Up-to-date: /home/ahmedmuhammad/pingpong_ws/install/player_commands/share/player_commands/environment/pythonpath.sh
-- Up-to-date: /home/ahmedmuhammad/pingpong_ws/install/player_commands/share/player_commands/environment/pythonpath.dsv
-- Up-to-date: /home/ahmedmuhammad/pingpong_ws/install/player_commands/local/lib/python3.10/dist-packages/player_commands-0.0.0-py3.10.egg-info
-- Installing: /home/ahmedmuhammad/pingpong_ws/install/player_commands/local/lib/python3.10/dist-packages/player_commands-0.0.0-py3.10.egg-info/SOURCES.txt
-- Installing: /home/ahmedmuhammad/pingpong_ws/install/player_commands/local/lib/python3.10/dist-packages/player_commands-0.0.0-py3.10.egg-info/top_level.txt
-- Installing: /home/ahmedmuhammad/pingpong_ws/install/player_commands/local/lib/python3.10/dist-packages/player_commands-0.0.0-py3.10.egg-info/dependency_links.txt
-- Installing: /home/ahmedmuhammad/pingpong_ws/install/player_commands/local/lib/python3.10/dist-packages/player_commands-0.0.0-py3.10.egg-info/PKG-INFO
-- Up-to-date: /home/ahmedmuhammad/pingpong_ws/install/player_commands/local/lib/python3.10/dist-packages/player_commands
-- Up-to-date: /home/ahmedmuhammad/pingpong_ws/install/player_commands/local/lib/python3.10/dist-packages/player_commands/__init__.py
-- Up-to-date: /home/ahmedmuhammad/pingpong_ws/install/player_commands/local/lib/python3.10/dist-packages/player_commands/msg
-- Up-to-date: /home/ahmedmuhammad/pingpong_ws/install/player_commands/local/lib/python3.10/dist-packages/player_commands/msg/_player_command.py
-- Up-to-date: /home/ahmedmuhammad/pingpong_ws/install/player_commands/local/lib/python3.10/dist-packages/player_commands/msg/__init__.py
-- Up-to-date: /home/ahmedmuhammad/pingpong_ws/install/player_commands/local/lib/python3.10/dist-packages/player_commands/msg/_player_command_s.c
-- Up-to-date: /home/ahmedmuhammad/pingpong_ws/install/player_commands/local/lib/python3.10/dist-packages/player_commands/player_commands_s__rosidl_typesupport_introspection_c.cpython-310-x86_64-linux-gnu.so
-- Up-to-date: /home/ahmedmuhammad/pingpong_ws/install/player_commands/local/lib/python3.10/dist-packages/player_commands/_player_commands_s.ep.rosidl_typesupport_fastrtps_c.c
-- Up-to-date: /home/ahmedmuhammad/pingpong_ws/install/player_commands/local/lib/python3.10/dist-packages/player_commands/player_commands_s__rosidl_typesupport_fastrtps_c.cpython-310-x86_64-linux-gnu.so
-- Up-to-date: /home/ahmedmuhammad/pingpong_ws/install/player_commands/local/lib/python3.10/dist-packages/player_commands/_player_commands_s.ep.rosidl_typesupport_introspection_c.c
-- Up-to-date: /home/ahmedmuhammad/pingpong_ws/install/player_commands/local/lib/python3.10/dist-packages/player_commands/_player_commands_s.ep.rosidl_typesupport_c.c
-- Up-to-date: /home/ahmedmuhammad/pingpong_ws/install/player_commands/local/lib/python3.10/dist-packages/player_commands/libplayer_commands__rosidl_generator_py.so
-- Up-to-date: /home/ahmedmuhammad/pingpong_ws/install/player_commands/local/lib/python3.10/dist-packages/player_commands/player_commands_s__rosidl_typesupport_c.cpython-310-x86_64-linux-gnu.so
Listing '/home/ahmedmuhammad/pingpong_ws/install/player_commands/local/lib/python3.10/dist-packages/player_commands'...
Listing '/home/ahmedmuhammad/pingpong_ws/install/player_commands/local/lib/python3.10/dist-packages/player_commands/msg'...
-- Up-to-date: /home/ahmedmuhammad/pingpong_ws/install/player_commands/local/lib/python3.10/dist-packages/player_commands/player_commands_s__rosidl_typesupport_fastrtps_c.cpython-310-x86_64-linux-gnu.so
-- Up-to-date: /home/ahmedmuhammad/pingpong_ws/install/player_commands/local/lib/python3.10/dist-packages/player_commands/player_commands_s__rosidl_typesupport_introspection_c.cpython-310-x86_64-linux-gnu.so
-- Up-to-date: /home/ahmedmuhammad/pingpong_ws/install/player_commands/local/lib/python3.10/dist-packages/player_commands/player_commands_s__rosidl_typesupport_c.cpython-310-x86_64-linux-gnu.so
-- Up-to-date: /home/ahmedmuhammad/pingpong_ws/install/player_commands/lib/libplayer_commands__rosidl_generator_py.so
-- Up-to-date: /home/ahmedmuhammad/pingpong_ws/install/player_commands/share/player_commands/msg/PlayerCommand.idl
-- Up-to-date: /home/ahmedmuhammad/pingpong_ws/install/player_commands/share/player_commands/msg/PlayerCommand.msg
-- Up-to-date: /home/ahmedmuhammad/pingpong_ws/install/player_commands/share/ament_index/resource_index/package_run_dependencies/player_commands
-- Up-to-date: /home/ahmedmuhammad/pingpong_ws/install/player_commands/share/ament_index/resource_index/parent_prefix_path/player_commands
-- Up-to-date: /home/ahmedmuhammad/pingpong_ws/install/player_commands/share/player_commands/environment/ament_prefix_path.sh
-- Up-to-date: /home/ahmedmuhammad/pingpong_ws/install/player_commands/share/player_commands/environment/ament_prefix_path.dsv
-- Up-to-date: /home/ahmedmuhammad/pingpong_ws/install/player_commands/share/player_commands/environment/path.sh
-- Up-to-date: /home/ahmedmuhammad/pingpong_ws/install/player_commands/share/player_commands/environment/path.dsv
-- Up-to-date: /home/ahmedmuhammad/pingpong_ws/install/player_commands/share/player_commands/local_setup.bash
-- Up-to-date: /home/ahmedmuhammad/pingpong_ws/install/player_commands/share/player_commands/local_setup.sh
-- Up-to-date: /home/ahmedmuhammad/pingpong_ws/install/player_commands/share/player_commands/local_setup.zsh
-- Up-to-date: /home/ahmedmuhammad/pingpong_ws/install/player_commands/share/player_commands/local_setup.dsv
-- Installing: /home/ahmedmuhammad/pingpong_ws/install/player_commands/share/player_commands/package.dsv
-- Up-to-date: /home/ahmedmuhammad/pingpong_ws/install/player_commands/share/ament_index/resource_index/packages/player_commands
-- Up-to-date: /home/ahmedmuhammad/pingpong_ws/install/player_commands/share/player_commands/cmake/export_player_commands__rosidl_generator_cExport.cmake
-- Up-to-date: /home/ahmedmuhammad/pingpong_ws/install/player_commands/share/player_commands/cmake/export_player_commands__rosidl_generator_cExport-noconfig.cmake
-- Up-to-date: /home/ahmedmuhammad/pingpong_ws/install/player_commands/share/player_commands/cmake/export_player_commands__rosidl_typesupport_fastrtps_cExport.cmake
-- Up-to-date: /home/ahmedmuhammad/pingpong_ws/install/player_commands/share/player_commands/cmake/export_player_commands__rosidl_typesupport_fastrtps_cExport-noconfig.cmake
-- Up-to-date: /home/ahmedmuhammad/pingpong_ws/install/player_commands/share/player_commands/cmake/player_commands__rosidl_typesupport_introspection_cExport.cmake
-- Up-to-date: /home/ahmedmuhammad/pingpong_ws/install/player_commands/share/player_commands/cmake/player_commands__rosidl_typesupport_introspection_cExport-noconfig.cmake
-- Up-to-date: /home/ahmedmuhammad/pingpong_ws/install/player_commands/share/player_commands/cmake/player_commands__rosidl_typesupport_cExport.cmake
-- Up-to-date: /home/ahmedmuhammad/pingpong_ws/install/player_commands/share/player_commands/cmake/player_commands__rosidl_typesupport_cExport-noconfig.cmake
-- Up-to-date: /home/ahmedmuhammad/pingpong_ws/install/player_commands/share/player_commands/cmake/export_player_commands__rosidl_generator_cppExport.cmake
-- Up-to-date: /home/ahmedmuhammad/pingpong_ws/install/player_commands/share/player_commands/cmake/export_player_commands__rosidl_typesupport_fastrtps_cppExport.cmake
-- Up-to-date: /home/ahmedmuhammad/pingpong_ws/install/player_commands/share/player_commands/cmake/export_player_commands__rosidl_typesupport_fastrtps_cppExport-noconfig.cmake
-- Up-to-date: /home/ahmedmuhammad/pingpong_ws/install/player_commands/share/player_commands/cmake/player_commands__rosidl_typesupport_introspection_cppExport.cmake
-- Up-to-date: /home/ahmedmuhammad/pingpong_ws/install/player_commands/share/player_commands/cmake/player_commands__rosidl_typesupport_introspection_cppExport-noconfig.cmake
-- Up-to-date: /home/ahmedmuhammad/pingpong_ws/install/player_commands/share/player_commands/cmake/player_commands__rosidl_typesupport_cppExport.cmake
-- Up-to-date: /home/ahmedmuhammad/pingpong_ws/install/player_commands/share/player_commands/cmake/player_commands__rosidl_typesupport_cppExport-noconfig.cmake
-- Up-to-date: /home/ahmedmuhammad/pingpong_ws/install/player_commands/share/player_commands/cmake/export_player_commands__rosidl_generator_pyExport.cmake
-- Up-to-date: /home/ahmedmuhammad/pingpong_ws/install/player_commands/share/player_commands/cmake/export_player_commands__rosidl_generator_pyExport-noconfig.cmake
-- Up-to-date: /home/ahmedmuhammad/pingpong_ws/install/player_commands/share/player_commands/cmake/rosidl_cmake-extras.cmake
-- Up-to-date: /home/ahmedmuhammad/pingpong_ws/install/player_commands/share/player_commands/cmake/ament_cmake_export_include_directories-extras.cmake
-- Up-to-date: /home/ahmedmuhammad/pingpong_ws/install/player_commands/share/player_commands/cmake/ament_cmake_export_libraries-extras.cmake
-- Up-to-date: /home/ahmedmuhammad/pingpong_ws/install/player_commands/share/player_commands/cmake/ament_cmake_export_targets-extras.cmake
-- Up-to-date: /home/ahmedmuhammad/pingpong_ws/install/player_commands/share/player_commands/cmake/rosidl_cmake_export_typesupport_targets-extras.cmake
-- Up-to-date: /home/ahmedmuhammad/pingpong_ws/install/player_commands/share/player_commands/cmake/ament_cmake_export_dependencies-extras.cmake
-- Up-to-date: /home/ahmedmuhammad/pingpong_ws/install/player_commands/share/player_commands/cmake/rosidl_cmake_export_typesupport_libraries-extras.cmake
-- Up-to-date: /home/ahmedmuhammad/pingpong_ws/install/player_commands/share/player_commands/cmake/player_commandsConfig.cmake
-- Up-to-date: /home/ahmedmuhammad/pingpong_ws/install/player_commands/share/player_commands/cmake/player_commandsConfig-version.cmake
-- Up-to-date: /home/ahmedmuhammad/pingpong_ws/install/player_commands/share/player_commands/package.xml
