[0.156s] Invoking command in '/home/ahmedmuhammad/pingpong_ws/build/player_commands': CMAKE_PREFIX_PATH=${CMAKE_PREFIX_PATH}:/home/ahmedmuhammad/pingpong_ws/install/media_pipe:/home/ahmedmuhammad/pingpong_ws/install/communication_w_pico:/home/ahmedmuhammad/pingpong_ws/install/check_image_size:/opt/ros/humble /usr/bin/cmake --build /home/ahmedmuhammad/pingpong_ws/build/player_commands -- -j16 -l16
[0.402s] [  9%] Built target player_commands__cpp
[0.403s] [ 12%] Built target player_commands__rosidl_generator_c
[0.403s] [ 12%] Built target ament_cmake_python_copy_player_commands
[0.403s] [ 41%] Built target player_commands__rosidl_typesupport_fastrtps_c
[0.403s] [ 51%] Built target player_commands__rosidl_typesupport_introspection_cpp
[0.404s] [ 51%] Built target player_commands__rosidl_typesupport_c
[0.405s] [ 51%] Built target player_commands__rosidl_typesupport_fastrtps_cpp
[0.406s] [ 70%] Built target player_commands__rosidl_typesupport_introspection_c
[0.406s] [ 70%] Built target player_commands__rosidl_typesupport_cpp
[0.406s] [ 70%] Built target player_commands
[0.406s] [ 74%] Built target player_commands__py
[0.406s] [ 80%] Built target player_commands__rosidl_generator_py
[0.406s] [ 93%] Built target player_commands__rosidl_typesupport_introspection_c__pyext
[0.407s] [ 93%] Built target player_commands__rosidl_typesupport_c__pyext
[0.407s] [100%] Built target player_commands__rosidl_typesupport_fastrtps_c__pyext
[0.407s] running egg_info
[0.407s] writing player_commands.egg-info/PKG-INFO
[0.407s] writing dependency_links to player_commands.egg-info/dependency_links.txt
[0.407s] writing top-level names to player_commands.egg-info/top_level.txt
[0.407s] reading manifest file 'player_commands.egg-info/SOURCES.txt'
[0.407s] writing manifest file 'player_commands.egg-info/SOURCES.txt'
[0.407s] [100%] Built target ament_cmake_python_build_player_commands_egg
[0.410s] Invoked command in '/home/ahmedmuhammad/pingpong_ws/build/player_commands' returned '0': CMAKE_PREFIX_PATH=${CMAKE_PREFIX_PATH}:/home/ahmedmuhammad/pingpong_ws/install/media_pipe:/home/ahmedmuhammad/pingpong_ws/install/communication_w_pico:/home/ahmedmuhammad/pingpong_ws/install/check_image_size:/opt/ros/humble /usr/bin/cmake --build /home/ahmedmuhammad/pingpong_ws/build/player_commands -- -j16 -l16
[0.453s] Invoking command in '/home/ahmedmuhammad/pingpong_ws/build/player_commands': CMAKE_PREFIX_PATH=${CMAKE_PREFIX_PATH}:/home/ahmedmuhammad/pingpong_ws/install/media_pipe:/home/ahmedmuhammad/pingpong_ws/install/communication_w_pico:/home/ahmedmuhammad/pingpong_ws/install/check_image_size:/opt/ros/humble /usr/bin/cmake --install /home/ahmedmuhammad/pingpong_ws/build/player_commands
[0.457s] -- Install configuration: ""
[0.458s] -- Up-to-date: /home/ahmedmuhammad/pingpong_ws/install/player_commands/share/ament_index/resource_index/rosidl_interfaces/player_commands
[0.458s] -- Up-to-date: /home/ahmedmuhammad/pingpong_ws/install/player_commands/include/player_commands/player_commands
[0.458s] -- Up-to-date: /home/ahmedmuhammad/pingpong_ws/install/player_commands/include/player_commands/player_commands/msg
[0.458s] -- Up-to-date: /home/ahmedmuhammad/pingpong_ws/install/player_commands/include/player_commands/player_commands/msg/detail
[0.458s] -- Up-to-date: /home/ahmedmuhammad/pingpong_ws/install/player_commands/include/player_commands/player_commands/msg/detail/player_command__struct.h
[0.459s] -- Up-to-date: /home/ahmedmuhammad/pingpong_ws/install/player_commands/include/player_commands/player_commands/msg/detail/player_command__functions.h
[0.459s] -- Up-to-date: /home/ahmedmuhammad/pingpong_ws/install/player_commands/include/player_commands/player_commands/msg/detail/player_command__type_support.h
[0.459s] -- Up-to-date: /home/ahmedmuhammad/pingpong_ws/install/player_commands/include/player_commands/player_commands/msg/detail/player_command__functions.c
[0.459s] -- Up-to-date: /home/ahmedmuhammad/pingpong_ws/install/player_commands/include/player_commands/player_commands/msg/player_command.h
[0.459s] -- Up-to-date: /home/ahmedmuhammad/pingpong_ws/install/player_commands/include/player_commands/player_commands/msg/rosidl_generator_c__visibility_control.h
[0.459s] -- Up-to-date: /home/ahmedmuhammad/pingpong_ws/install/player_commands/share/player_commands/environment/library_path.sh
[0.459s] -- Up-to-date: /home/ahmedmuhammad/pingpong_ws/install/player_commands/share/player_commands/environment/library_path.dsv
[0.459s] -- Up-to-date: /home/ahmedmuhammad/pingpong_ws/install/player_commands/lib/libplayer_commands__rosidl_generator_c.so
[0.460s] -- Up-to-date: /home/ahmedmuhammad/pingpong_ws/install/player_commands/include/player_commands/player_commands
[0.460s] -- Up-to-date: /home/ahmedmuhammad/pingpong_ws/install/player_commands/include/player_commands/player_commands/msg
[0.460s] -- Up-to-date: /home/ahmedmuhammad/pingpong_ws/install/player_commands/include/player_commands/player_commands/msg/detail
[0.460s] -- Up-to-date: /home/ahmedmuhammad/pingpong_ws/install/player_commands/include/player_commands/player_commands/msg/detail/player_command__rosidl_typesupport_fastrtps_c.h
[0.460s] -- Up-to-date: /home/ahmedmuhammad/pingpong_ws/install/player_commands/include/player_commands/player_commands/msg/rosidl_typesupport_fastrtps_c__visibility_control.h
[0.460s] -- Up-to-date: /home/ahmedmuhammad/pingpong_ws/install/player_commands/lib/libplayer_commands__rosidl_typesupport_fastrtps_c.so
[0.460s] -- Up-to-date: /home/ahmedmuhammad/pingpong_ws/install/player_commands/include/player_commands/player_commands
[0.460s] -- Up-to-date: /home/ahmedmuhammad/pingpong_ws/install/player_commands/include/player_commands/player_commands/msg
[0.461s] -- Up-to-date: /home/ahmedmuhammad/pingpong_ws/install/player_commands/include/player_commands/player_commands/msg/detail
[0.461s] -- Up-to-date: /home/ahmedmuhammad/pingpong_ws/install/player_commands/include/player_commands/player_commands/msg/detail/player_command__type_support.c
[0.461s] -- Up-to-date: /home/ahmedmuhammad/pingpong_ws/install/player_commands/include/player_commands/player_commands/msg/detail/player_command__rosidl_typesupport_introspection_c.h
[0.461s] -- Up-to-date: /home/ahmedmuhammad/pingpong_ws/install/player_commands/include/player_commands/player_commands/msg/rosidl_typesupport_introspection_c__visibility_control.h
[0.461s] -- Up-to-date: /home/ahmedmuhammad/pingpong_ws/install/player_commands/lib/libplayer_commands__rosidl_typesupport_introspection_c.so
[0.461s] -- Up-to-date: /home/ahmedmuhammad/pingpong_ws/install/player_commands/lib/libplayer_commands__rosidl_typesupport_c.so
[0.461s] -- Up-to-date: /home/ahmedmuhammad/pingpong_ws/install/player_commands/include/player_commands/player_commands
[0.461s] -- Up-to-date: /home/ahmedmuhammad/pingpong_ws/install/player_commands/include/player_commands/player_commands/msg
[0.461s] -- Up-to-date: /home/ahmedmuhammad/pingpong_ws/install/player_commands/include/player_commands/player_commands/msg/detail
[0.461s] -- Up-to-date: /home/ahmedmuhammad/pingpong_ws/install/player_commands/include/player_commands/player_commands/msg/detail/player_command__traits.hpp
[0.461s] -- Up-to-date: /home/ahmedmuhammad/pingpong_ws/install/player_commands/include/player_commands/player_commands/msg/detail/player_command__struct.hpp
[0.461s] -- Up-to-date: /home/ahmedmuhammad/pingpong_ws/install/player_commands/include/player_commands/player_commands/msg/detail/player_command__builder.hpp
[0.461s] -- Up-to-date: /home/ahmedmuhammad/pingpong_ws/install/player_commands/include/player_commands/player_commands/msg/player_command.hpp
[0.461s] -- Up-to-date: /home/ahmedmuhammad/pingpong_ws/install/player_commands/include/player_commands/player_commands
[0.461s] -- Up-to-date: /home/ahmedmuhammad/pingpong_ws/install/player_commands/include/player_commands/player_commands/msg
[0.461s] -- Up-to-date: /home/ahmedmuhammad/pingpong_ws/install/player_commands/include/player_commands/player_commands/msg/detail
[0.461s] -- Up-to-date: /home/ahmedmuhammad/pingpong_ws/install/player_commands/include/player_commands/player_commands/msg/detail/dds_fastrtps
[0.461s] -- Up-to-date: /home/ahmedmuhammad/pingpong_ws/install/player_commands/include/player_commands/player_commands/msg/detail/player_command__rosidl_typesupport_fastrtps_cpp.hpp
[0.461s] -- Up-to-date: /home/ahmedmuhammad/pingpong_ws/install/player_commands/include/player_commands/player_commands/msg/rosidl_typesupport_fastrtps_cpp__visibility_control.h
[0.461s] -- Up-to-date: /home/ahmedmuhammad/pingpong_ws/install/player_commands/lib/libplayer_commands__rosidl_typesupport_fastrtps_cpp.so
[0.462s] -- Up-to-date: /home/ahmedmuhammad/pingpong_ws/install/player_commands/include/player_commands/player_commands
[0.462s] -- Up-to-date: /home/ahmedmuhammad/pingpong_ws/install/player_commands/include/player_commands/player_commands/msg
[0.462s] -- Up-to-date: /home/ahmedmuhammad/pingpong_ws/install/player_commands/include/player_commands/player_commands/msg/detail
[0.462s] -- Up-to-date: /home/ahmedmuhammad/pingpong_ws/install/player_commands/include/player_commands/player_commands/msg/detail/player_command__rosidl_typesupport_introspection_cpp.hpp
[0.462s] -- Up-to-date: /home/ahmedmuhammad/pingpong_ws/install/player_commands/include/player_commands/player_commands/msg/detail/player_command__type_support.cpp
[0.462s] -- Up-to-date: /home/ahmedmuhammad/pingpong_ws/install/player_commands/lib/libplayer_commands__rosidl_typesupport_introspection_cpp.so
[0.462s] -- Up-to-date: /home/ahmedmuhammad/pingpong_ws/install/player_commands/lib/libplayer_commands__rosidl_typesupport_cpp.so
[0.462s] -- Up-to-date: /home/ahmedmuhammad/pingpong_ws/install/player_commands/share/player_commands/environment/pythonpath.sh
[0.462s] -- Up-to-date: /home/ahmedmuhammad/pingpong_ws/install/player_commands/share/player_commands/environment/pythonpath.dsv
[0.462s] -- Up-to-date: /home/ahmedmuhammad/pingpong_ws/install/player_commands/local/lib/python3.10/dist-packages/player_commands-0.0.0-py3.10.egg-info
[0.462s] -- Installing: /home/ahmedmuhammad/pingpong_ws/install/player_commands/local/lib/python3.10/dist-packages/player_commands-0.0.0-py3.10.egg-info/SOURCES.txt
[0.462s] -- Installing: /home/ahmedmuhammad/pingpong_ws/install/player_commands/local/lib/python3.10/dist-packages/player_commands-0.0.0-py3.10.egg-info/top_level.txt
[0.462s] -- Installing: /home/ahmedmuhammad/pingpong_ws/install/player_commands/local/lib/python3.10/dist-packages/player_commands-0.0.0-py3.10.egg-info/dependency_links.txt
[0.462s] -- Installing: /home/ahmedmuhammad/pingpong_ws/install/player_commands/local/lib/python3.10/dist-packages/player_commands-0.0.0-py3.10.egg-info/PKG-INFO
[0.462s] -- Up-to-date: /home/ahmedmuhammad/pingpong_ws/install/player_commands/local/lib/python3.10/dist-packages/player_commands
[0.462s] -- Up-to-date: /home/ahmedmuhammad/pingpong_ws/install/player_commands/local/lib/python3.10/dist-packages/player_commands/__init__.py
[0.462s] -- Up-to-date: /home/ahmedmuhammad/pingpong_ws/install/player_commands/local/lib/python3.10/dist-packages/player_commands/msg
[0.462s] -- Up-to-date: /home/ahmedmuhammad/pingpong_ws/install/player_commands/local/lib/python3.10/dist-packages/player_commands/msg/_player_command.py
[0.462s] -- Up-to-date: /home/ahmedmuhammad/pingpong_ws/install/player_commands/local/lib/python3.10/dist-packages/player_commands/msg/__init__.py
[0.462s] -- Up-to-date: /home/ahmedmuhammad/pingpong_ws/install/player_commands/local/lib/python3.10/dist-packages/player_commands/msg/_player_command_s.c
[0.462s] -- Up-to-date: /home/ahmedmuhammad/pingpong_ws/install/player_commands/local/lib/python3.10/dist-packages/player_commands/player_commands_s__rosidl_typesupport_introspection_c.cpython-310-x86_64-linux-gnu.so
[0.462s] -- Up-to-date: /home/ahmedmuhammad/pingpong_ws/install/player_commands/local/lib/python3.10/dist-packages/player_commands/_player_commands_s.ep.rosidl_typesupport_fastrtps_c.c
[0.462s] -- Up-to-date: /home/ahmedmuhammad/pingpong_ws/install/player_commands/local/lib/python3.10/dist-packages/player_commands/player_commands_s__rosidl_typesupport_fastrtps_c.cpython-310-x86_64-linux-gnu.so
[0.462s] -- Up-to-date: /home/ahmedmuhammad/pingpong_ws/install/player_commands/local/lib/python3.10/dist-packages/player_commands/_player_commands_s.ep.rosidl_typesupport_introspection_c.c
[0.463s] -- Up-to-date: /home/ahmedmuhammad/pingpong_ws/install/player_commands/local/lib/python3.10/dist-packages/player_commands/_player_commands_s.ep.rosidl_typesupport_c.c
[0.463s] -- Up-to-date: /home/ahmedmuhammad/pingpong_ws/install/player_commands/local/lib/python3.10/dist-packages/player_commands/libplayer_commands__rosidl_generator_py.so
[0.463s] -- Up-to-date: /home/ahmedmuhammad/pingpong_ws/install/player_commands/local/lib/python3.10/dist-packages/player_commands/player_commands_s__rosidl_typesupport_c.cpython-310-x86_64-linux-gnu.so
[0.488s] Listing '/home/ahmedmuhammad/pingpong_ws/install/player_commands/local/lib/python3.10/dist-packages/player_commands'...
[0.488s] Listing '/home/ahmedmuhammad/pingpong_ws/install/player_commands/local/lib/python3.10/dist-packages/player_commands/msg'...
[0.491s] -- Up-to-date: /home/ahmedmuhammad/pingpong_ws/install/player_commands/local/lib/python3.10/dist-packages/player_commands/player_commands_s__rosidl_typesupport_fastrtps_c.cpython-310-x86_64-linux-gnu.so
[0.492s] -- Up-to-date: /home/ahmedmuhammad/pingpong_ws/install/player_commands/local/lib/python3.10/dist-packages/player_commands/player_commands_s__rosidl_typesupport_introspection_c.cpython-310-x86_64-linux-gnu.so
[0.492s] -- Up-to-date: /home/ahmedmuhammad/pingpong_ws/install/player_commands/local/lib/python3.10/dist-packages/player_commands/player_commands_s__rosidl_typesupport_c.cpython-310-x86_64-linux-gnu.so
[0.492s] -- Up-to-date: /home/ahmedmuhammad/pingpong_ws/install/player_commands/lib/libplayer_commands__rosidl_generator_py.so
[0.492s] -- Up-to-date: /home/ahmedmuhammad/pingpong_ws/install/player_commands/share/player_commands/msg/PlayerCommand.idl
[0.492s] -- Up-to-date: /home/ahmedmuhammad/pingpong_ws/install/player_commands/share/player_commands/msg/PlayerCommand.msg
[0.493s] -- Up-to-date: /home/ahmedmuhammad/pingpong_ws/install/player_commands/share/ament_index/resource_index/package_run_dependencies/player_commands
[0.493s] -- Up-to-date: /home/ahmedmuhammad/pingpong_ws/install/player_commands/share/ament_index/resource_index/parent_prefix_path/player_commands
[0.493s] -- Up-to-date: /home/ahmedmuhammad/pingpong_ws/install/player_commands/share/player_commands/environment/ament_prefix_path.sh
[0.493s] -- Up-to-date: /home/ahmedmuhammad/pingpong_ws/install/player_commands/share/player_commands/environment/ament_prefix_path.dsv
[0.493s] -- Up-to-date: /home/ahmedmuhammad/pingpong_ws/install/player_commands/share/player_commands/environment/path.sh
[0.493s] -- Up-to-date: /home/ahmedmuhammad/pingpong_ws/install/player_commands/share/player_commands/environment/path.dsv
[0.493s] -- Up-to-date: /home/ahmedmuhammad/pingpong_ws/install/player_commands/share/player_commands/local_setup.bash
[0.493s] -- Up-to-date: /home/ahmedmuhammad/pingpong_ws/install/player_commands/share/player_commands/local_setup.sh
[0.493s] -- Up-to-date: /home/ahmedmuhammad/pingpong_ws/install/player_commands/share/player_commands/local_setup.zsh
[0.494s] -- Up-to-date: /home/ahmedmuhammad/pingpong_ws/install/player_commands/share/player_commands/local_setup.dsv
[0.494s] -- Installing: /home/ahmedmuhammad/pingpong_ws/install/player_commands/share/player_commands/package.dsv
[0.494s] -- Up-to-date: /home/ahmedmuhammad/pingpong_ws/install/player_commands/share/ament_index/resource_index/packages/player_commands
[0.494s] -- Up-to-date: /home/ahmedmuhammad/pingpong_ws/install/player_commands/share/player_commands/cmake/export_player_commands__rosidl_generator_cExport.cmake
[0.494s] -- Up-to-date: /home/ahmedmuhammad/pingpong_ws/install/player_commands/share/player_commands/cmake/export_player_commands__rosidl_generator_cExport-noconfig.cmake
[0.494s] -- Up-to-date: /home/ahmedmuhammad/pingpong_ws/install/player_commands/share/player_commands/cmake/export_player_commands__rosidl_typesupport_fastrtps_cExport.cmake
[0.494s] -- Up-to-date: /home/ahmedmuhammad/pingpong_ws/install/player_commands/share/player_commands/cmake/export_player_commands__rosidl_typesupport_fastrtps_cExport-noconfig.cmake
[0.494s] -- Up-to-date: /home/ahmedmuhammad/pingpong_ws/install/player_commands/share/player_commands/cmake/player_commands__rosidl_typesupport_introspection_cExport.cmake
[0.494s] -- Up-to-date: /home/ahmedmuhammad/pingpong_ws/install/player_commands/share/player_commands/cmake/player_commands__rosidl_typesupport_introspection_cExport-noconfig.cmake
[0.494s] -- Up-to-date: /home/ahmedmuhammad/pingpong_ws/install/player_commands/share/player_commands/cmake/player_commands__rosidl_typesupport_cExport.cmake
[0.494s] -- Up-to-date: /home/ahmedmuhammad/pingpong_ws/install/player_commands/share/player_commands/cmake/player_commands__rosidl_typesupport_cExport-noconfig.cmake
[0.495s] -- Up-to-date: /home/ahmedmuhammad/pingpong_ws/install/player_commands/share/player_commands/cmake/export_player_commands__rosidl_generator_cppExport.cmake
[0.495s] -- Up-to-date: /home/ahmedmuhammad/pingpong_ws/install/player_commands/share/player_commands/cmake/export_player_commands__rosidl_typesupport_fastrtps_cppExport.cmake
[0.495s] -- Up-to-date: /home/ahmedmuhammad/pingpong_ws/install/player_commands/share/player_commands/cmake/export_player_commands__rosidl_typesupport_fastrtps_cppExport-noconfig.cmake
[0.495s] -- Up-to-date: /home/ahmedmuhammad/pingpong_ws/install/player_commands/share/player_commands/cmake/player_commands__rosidl_typesupport_introspection_cppExport.cmake
[0.495s] -- Up-to-date: /home/ahmedmuhammad/pingpong_ws/install/player_commands/share/player_commands/cmake/player_commands__rosidl_typesupport_introspection_cppExport-noconfig.cmake
[0.495s] -- Up-to-date: /home/ahmedmuhammad/pingpong_ws/install/player_commands/share/player_commands/cmake/player_commands__rosidl_typesupport_cppExport.cmake
[0.495s] -- Up-to-date: /home/ahmedmuhammad/pingpong_ws/install/player_commands/share/player_commands/cmake/player_commands__rosidl_typesupport_cppExport-noconfig.cmake
[0.495s] -- Up-to-date: /home/ahmedmuhammad/pingpong_ws/install/player_commands/share/player_commands/cmake/export_player_commands__rosidl_generator_pyExport.cmake
[0.495s] -- Up-to-date: /home/ahmedmuhammad/pingpong_ws/install/player_commands/share/player_commands/cmake/export_player_commands__rosidl_generator_pyExport-noconfig.cmake
[0.495s] -- Up-to-date: /home/ahmedmuhammad/pingpong_ws/install/player_commands/share/player_commands/cmake/rosidl_cmake-extras.cmake
[0.496s] -- Up-to-date: /home/ahmedmuhammad/pingpong_ws/install/player_commands/share/player_commands/cmake/ament_cmake_export_include_directories-extras.cmake
[0.496s] -- Up-to-date: /home/ahmedmuhammad/pingpong_ws/install/player_commands/share/player_commands/cmake/ament_cmake_export_libraries-extras.cmake
[0.496s] -- Up-to-date: /home/ahmedmuhammad/pingpong_ws/install/player_commands/share/player_commands/cmake/ament_cmake_export_targets-extras.cmake
[0.496s] -- Up-to-date: /home/ahmedmuhammad/pingpong_ws/install/player_commands/share/player_commands/cmake/rosidl_cmake_export_typesupport_targets-extras.cmake
[0.496s] -- Up-to-date: /home/ahmedmuhammad/pingpong_ws/install/player_commands/share/player_commands/cmake/ament_cmake_export_dependencies-extras.cmake
[0.496s] -- Up-to-date: /home/ahmedmuhammad/pingpong_ws/install/player_commands/share/player_commands/cmake/rosidl_cmake_export_typesupport_libraries-extras.cmake
[0.497s] -- Up-to-date: /home/ahmedmuhammad/pingpong_ws/install/player_commands/share/player_commands/cmake/player_commandsConfig.cmake
[0.497s] -- Up-to-date: /home/ahmedmuhammad/pingpong_ws/install/player_commands/share/player_commands/cmake/player_commandsConfig-version.cmake
[0.497s] -- Up-to-date: /home/ahmedmuhammad/pingpong_ws/install/player_commands/share/player_commands/package.xml
[0.498s] Invoked command in '/home/ahmedmuhammad/pingpong_ws/build/player_commands' returned '0': CMAKE_PREFIX_PATH=${CMAKE_PREFIX_PATH}:/home/ahmedmuhammad/pingpong_ws/install/media_pipe:/home/ahmedmuhammad/pingpong_ws/install/communication_w_pico:/home/ahmedmuhammad/pingpong_ws/install/check_image_size:/opt/ros/humble /usr/bin/cmake --install /home/ahmedmuhammad/pingpong_ws/build/player_commands
