[0.927s] Invoking command in '/home/ahmedmuhammad/pingpong_ws/src/media_pipe': LD_LIBRARY_PATH=/home/ahmedmuhammad/pingpong_ws/install/player_commands/lib:/home/ahmedmuhammad/pingpong_ws/install/image_transport_tutorials/lib:/usr/lib/x86_64-linux-gnu/gazebo-11/plugins:/opt/ros/humble/opt/rviz_ogre_vendor/lib:/opt/ros/humble/lib/x86_64-linux-gnu:/opt/ros/humble/lib:/usr/share/gazebo/../../lib/x86_64-linux-gnu/gazebo-11/plugins PYTHONPATH=/home/ahmedmuhammad/pingpong_ws/build/media_pipe/prefix_override:/home/ahmedmuhammad/pingpong_ws/install/media_pipe/lib/python3.10/site-packages:${PYTHONPATH} /usr/bin/python3 setup.py egg_info --egg-base ../../build/media_pipe build --build-base /home/ahmedmuhammad/pingpong_ws/build/media_pipe/build install --record /home/ahmedmuhammad/pingpong_ws/build/media_pipe/install.log --single-version-externally-managed
[1.112s] running egg_info
[1.113s] writing ../../build/media_pipe/media_pipe.egg-info/PKG-INFO
[1.113s] writing dependency_links to ../../build/media_pipe/media_pipe.egg-info/dependency_links.txt
[1.114s] writing entry points to ../../build/media_pipe/media_pipe.egg-info/entry_points.txt
[1.114s] writing requirements to ../../build/media_pipe/media_pipe.egg-info/requires.txt
[1.114s] writing top-level names to ../../build/media_pipe/media_pipe.egg-info/top_level.txt
[1.115s] reading manifest file '../../build/media_pipe/media_pipe.egg-info/SOURCES.txt'
[1.115s] adding license file 'LICENSE'
[1.116s] writing manifest file '../../build/media_pipe/media_pipe.egg-info/SOURCES.txt'
[1.116s] running build
[1.116s] running build_py
[1.117s] running install
[1.117s] /usr/lib/python3/dist-packages/setuptools/command/install.py:34: SetuptoolsDeprecationWarning: setup.py install is deprecated. Use build and pip and other standards-based tools.
[1.117s]   warnings.warn(
[1.117s] running install_lib
[1.118s] running install_data
[1.118s] running install_egg_info
[1.120s] removing '/home/ahmedmuhammad/pingpong_ws/install/media_pipe/lib/python3.10/site-packages/media_pipe-0.0.0-py3.10.egg-info' (and everything under it)
[1.120s] Copying ../../build/media_pipe/media_pipe.egg-info to /home/ahmedmuhammad/pingpong_ws/install/media_pipe/lib/python3.10/site-packages/media_pipe-0.0.0-py3.10.egg-info
[1.121s] running install_scripts
[1.139s] Installing media_pipe script to /home/ahmedmuhammad/pingpong_ws/install/media_pipe/lib/media_pipe
[1.140s] writing list of installed files to '/home/ahmedmuhammad/pingpong_ws/build/media_pipe/install.log'
[1.185s] Invoked command in '/home/ahmedmuhammad/pingpong_ws/src/media_pipe' returned '0': LD_LIBRARY_PATH=/home/ahmedmuhammad/pingpong_ws/install/player_commands/lib:/home/ahmedmuhammad/pingpong_ws/install/image_transport_tutorials/lib:/usr/lib/x86_64-linux-gnu/gazebo-11/plugins:/opt/ros/humble/opt/rviz_ogre_vendor/lib:/opt/ros/humble/lib/x86_64-linux-gnu:/opt/ros/humble/lib:/usr/share/gazebo/../../lib/x86_64-linux-gnu/gazebo-11/plugins PYTHONPATH=/home/ahmedmuhammad/pingpong_ws/build/media_pipe/prefix_override:/home/ahmedmuhammad/pingpong_ws/install/media_pipe/lib/python3.10/site-packages:${PYTHONPATH} /usr/bin/python3 setup.py egg_info --egg-base ../../build/media_pipe build --build-base /home/ahmedmuhammad/pingpong_ws/build/media_pipe/build install --record /home/ahmedmuhammad/pingpong_ws/build/media_pipe/install.log --single-version-externally-managed
