running egg_info
creating ../../build/media_pipe/media_pipe.egg-info
writing ../../build/media_pipe/media_pipe.egg-info/PKG-INFO
writing dependency_links to ../../build/media_pipe/media_pipe.egg-info/dependency_links.txt
writing entry points to ../../build/media_pipe/media_pipe.egg-info/entry_points.txt
writing requirements to ../../build/media_pipe/media_pipe.egg-info/requires.txt
writing top-level names to ../../build/media_pipe/media_pipe.egg-info/top_level.txt
writing manifest file '../../build/media_pipe/media_pipe.egg-info/SOURCES.txt'
reading manifest file '../../build/media_pipe/media_pipe.egg-info/SOURCES.txt'
adding license file 'LICENSE'
writing manifest file '../../build/media_pipe/media_pipe.egg-info/SOURCES.txt'
running build
running build_py
creating /home/ahmedmuhammad/pingpong_ws/build/media_pipe/build
creating /home/ahmedmuhammad/pingpong_ws/build/media_pipe/build/lib
creating /home/ahmedmuhammad/pingpong_ws/build/media_pipe/build/lib/media_pipe
copying media_pipe/__init__.py -> /home/ahmedmuhammad/pingpong_ws/build/media_pipe/build/lib/media_pipe
copying media_pipe/media_pipe.py -> /home/ahmedmuhammad/pingpong_ws/build/media_pipe/build/lib/media_pipe
copying media_pipe/draw_landmarks.py -> /home/ahmedmuhammad/pingpong_ws/build/media_pipe/build/lib/media_pipe
copying media_pipe/mediapipe_controller.py -> /home/ahmedmuhammad/pingpong_ws/build/media_pipe/build/lib/media_pipe
running install
/usr/lib/python3/dist-packages/setuptools/command/install.py:34: SetuptoolsDeprecationWarning: setup.py install is deprecated. Use build and pip and other standards-based tools.
  warnings.warn(
running install_lib
creating /home/ahmedmuhammad/pingpong_ws/install/media_pipe/lib/python3.10/site-packages/media_pipe
copying /home/ahmedmuhammad/pingpong_ws/build/media_pipe/build/lib/media_pipe/__init__.py -> /home/ahmedmuhammad/pingpong_ws/install/media_pipe/lib/python3.10/site-packages/media_pipe
copying /home/ahmedmuhammad/pingpong_ws/build/media_pipe/build/lib/media_pipe/media_pipe.py -> /home/ahmedmuhammad/pingpong_ws/install/media_pipe/lib/python3.10/site-packages/media_pipe
copying /home/ahmedmuhammad/pingpong_ws/build/media_pipe/build/lib/media_pipe/draw_landmarks.py -> /home/ahmedmuhammad/pingpong_ws/install/media_pipe/lib/python3.10/site-packages/media_pipe
copying /home/ahmedmuhammad/pingpong_ws/build/media_pipe/build/lib/media_pipe/mediapipe_controller.py -> /home/ahmedmuhammad/pingpong_ws/install/media_pipe/lib/python3.10/site-packages/media_pipe
byte-compiling /home/ahmedmuhammad/pingpong_ws/install/media_pipe/lib/python3.10/site-packages/media_pipe/__init__.py to __init__.cpython-310.pyc
byte-compiling /home/ahmedmuhammad/pingpong_ws/install/media_pipe/lib/python3.10/site-packages/media_pipe/media_pipe.py to media_pipe.cpython-310.pyc
byte-compiling /home/ahmedmuhammad/pingpong_ws/install/media_pipe/lib/python3.10/site-packages/media_pipe/draw_landmarks.py to draw_landmarks.cpython-310.pyc
byte-compiling /home/ahmedmuhammad/pingpong_ws/install/media_pipe/lib/python3.10/site-packages/media_pipe/mediapipe_controller.py to mediapipe_controller.cpython-310.pyc
running install_data
creating /home/ahmedmuhammad/pingpong_ws/install/media_pipe/share/ament_index
creating /home/ahmedmuhammad/pingpong_ws/install/media_pipe/share/ament_index/resource_index
creating /home/ahmedmuhammad/pingpong_ws/install/media_pipe/share/ament_index/resource_index/packages
copying resource/media_pipe -> /home/ahmedmuhammad/pingpong_ws/install/media_pipe/share/ament_index/resource_index/packages
copying package.xml -> /home/ahmedmuhammad/pingpong_ws/install/media_pipe/share/media_pipe
running install_egg_info
Copying ../../build/media_pipe/media_pipe.egg-info to /home/ahmedmuhammad/pingpong_ws/install/media_pipe/lib/python3.10/site-packages/media_pipe-0.0.0-py3.10.egg-info
running install_scripts
Installing media_pipe script to /home/ahmedmuhammad/pingpong_ws/install/media_pipe/lib/media_pipe
writing list of installed files to '/home/ahmedmuhammad/pingpong_ws/build/media_pipe/install.log'
