[0.784s] Invoking command in '/home/ahmedmuhammad/pingpong_ws/src/media_pipe': LD_LIBRARY_PATH=/home/ahmedmuhammad/pingpong_ws/install/player_commands/lib:/home/ahmedmuhammad/pingpong_ws/install/image_transport_tutorials/lib:/usr/lib/x86_64-linux-gnu/gazebo-11/plugins:/opt/ros/humble/opt/rviz_ogre_vendor/lib:/opt/ros/humble/lib/x86_64-linux-gnu:/opt/ros/humble/lib:/usr/share/gazebo/../../lib/x86_64-linux-gnu/gazebo-11/plugins:/usr/share/gazebo/../../lib/x86_64-linux-gnu/gazebo-11/plugins:/usr/share/gazebo/../../lib/x86_64-linux-gnu/gazebo-11/plugins PYTHONPATH=/home/ahmedmuhammad/pingpong_ws/build/media_pipe/prefix_override:/home/ahmedmuhammad/pingpong_ws/install/media_pipe/lib/python3.10/site-packages:${PYTHONPATH} /usr/bin/python3 setup.py egg_info --egg-base ../../build/media_pipe build --build-base /home/ahmedmuhammad/pingpong_ws/build/media_pipe/build install --record /home/ahmedmuhammad/pingpong_ws/build/media_pipe/install.log --single-version-externally-managed
[0.949s] running egg_info
[0.949s] creating ../../build/media_pipe/media_pipe.egg-info
[0.950s] writing ../../build/media_pipe/media_pipe.egg-info/PKG-INFO
[0.950s] writing dependency_links to ../../build/media_pipe/media_pipe.egg-info/dependency_links.txt
[0.950s] writing entry points to ../../build/media_pipe/media_pipe.egg-info/entry_points.txt
[0.950s] writing requirements to ../../build/media_pipe/media_pipe.egg-info/requires.txt
[0.950s] writing top-level names to ../../build/media_pipe/media_pipe.egg-info/top_level.txt
[0.950s] writing manifest file '../../build/media_pipe/media_pipe.egg-info/SOURCES.txt'
[0.951s] reading manifest file '../../build/media_pipe/media_pipe.egg-info/SOURCES.txt'
[0.951s] adding license file 'LICENSE'
[0.952s] writing manifest file '../../build/media_pipe/media_pipe.egg-info/SOURCES.txt'
[0.952s] running build
[0.952s] running build_py
[0.952s] creating /home/ahmedmuhammad/pingpong_ws/build/media_pipe/build
[0.952s] creating /home/ahmedmuhammad/pingpong_ws/build/media_pipe/build/lib
[0.952s] creating /home/ahmedmuhammad/pingpong_ws/build/media_pipe/build/lib/media_pipe
[0.953s] copying media_pipe/__init__.py -> /home/ahmedmuhammad/pingpong_ws/build/media_pipe/build/lib/media_pipe
[0.953s] copying media_pipe/media_pipe.py -> /home/ahmedmuhammad/pingpong_ws/build/media_pipe/build/lib/media_pipe
[0.953s] copying media_pipe/draw_landmarks.py -> /home/ahmedmuhammad/pingpong_ws/build/media_pipe/build/lib/media_pipe
[0.953s] copying media_pipe/mediapipe_controller.py -> /home/ahmedmuhammad/pingpong_ws/build/media_pipe/build/lib/media_pipe
[0.953s] running install
[0.953s] /usr/lib/python3/dist-packages/setuptools/command/install.py:34: SetuptoolsDeprecationWarning: setup.py install is deprecated. Use build and pip and other standards-based tools.
[0.953s]   warnings.warn(
[0.953s] running install_lib
[0.954s] creating /home/ahmedmuhammad/pingpong_ws/install/media_pipe/lib/python3.10/site-packages/media_pipe
[0.954s] copying /home/ahmedmuhammad/pingpong_ws/build/media_pipe/build/lib/media_pipe/__init__.py -> /home/ahmedmuhammad/pingpong_ws/install/media_pipe/lib/python3.10/site-packages/media_pipe
[0.954s] copying /home/ahmedmuhammad/pingpong_ws/build/media_pipe/build/lib/media_pipe/media_pipe.py -> /home/ahmedmuhammad/pingpong_ws/install/media_pipe/lib/python3.10/site-packages/media_pipe
[0.954s] copying /home/ahmedmuhammad/pingpong_ws/build/media_pipe/build/lib/media_pipe/draw_landmarks.py -> /home/ahmedmuhammad/pingpong_ws/install/media_pipe/lib/python3.10/site-packages/media_pipe
[0.954s] copying /home/ahmedmuhammad/pingpong_ws/build/media_pipe/build/lib/media_pipe/mediapipe_controller.py -> /home/ahmedmuhammad/pingpong_ws/install/media_pipe/lib/python3.10/site-packages/media_pipe
[0.955s] byte-compiling /home/ahmedmuhammad/pingpong_ws/install/media_pipe/lib/python3.10/site-packages/media_pipe/__init__.py to __init__.cpython-310.pyc
[0.955s] byte-compiling /home/ahmedmuhammad/pingpong_ws/install/media_pipe/lib/python3.10/site-packages/media_pipe/media_pipe.py to media_pipe.cpython-310.pyc
[0.955s] byte-compiling /home/ahmedmuhammad/pingpong_ws/install/media_pipe/lib/python3.10/site-packages/media_pipe/draw_landmarks.py to draw_landmarks.cpython-310.pyc
[0.956s] byte-compiling /home/ahmedmuhammad/pingpong_ws/install/media_pipe/lib/python3.10/site-packages/media_pipe/mediapipe_controller.py to mediapipe_controller.cpython-310.pyc
[0.956s] running install_data
[0.957s] creating /home/ahmedmuhammad/pingpong_ws/install/media_pipe/share/ament_index
[0.957s] creating /home/ahmedmuhammad/pingpong_ws/install/media_pipe/share/ament_index/resource_index
[0.957s] creating /home/ahmedmuhammad/pingpong_ws/install/media_pipe/share/ament_index/resource_index/packages
[0.957s] copying resource/media_pipe -> /home/ahmedmuhammad/pingpong_ws/install/media_pipe/share/ament_index/resource_index/packages
[0.957s] copying package.xml -> /home/ahmedmuhammad/pingpong_ws/install/media_pipe/share/media_pipe
[0.957s] running install_egg_info
[0.958s] Copying ../../build/media_pipe/media_pipe.egg-info to /home/ahmedmuhammad/pingpong_ws/install/media_pipe/lib/python3.10/site-packages/media_pipe-0.0.0-py3.10.egg-info
[0.959s] running install_scripts
[0.974s] Installing media_pipe script to /home/ahmedmuhammad/pingpong_ws/install/media_pipe/lib/media_pipe
[0.974s] writing list of installed files to '/home/ahmedmuhammad/pingpong_ws/build/media_pipe/install.log'
[0.993s] Invoked command in '/home/ahmedmuhammad/pingpong_ws/src/media_pipe' returned '0': LD_LIBRARY_PATH=/home/ahmedmuhammad/pingpong_ws/install/player_commands/lib:/home/ahmedmuhammad/pingpong_ws/install/image_transport_tutorials/lib:/usr/lib/x86_64-linux-gnu/gazebo-11/plugins:/opt/ros/humble/opt/rviz_ogre_vendor/lib:/opt/ros/humble/lib/x86_64-linux-gnu:/opt/ros/humble/lib:/usr/share/gazebo/../../lib/x86_64-linux-gnu/gazebo-11/plugins:/usr/share/gazebo/../../lib/x86_64-linux-gnu/gazebo-11/plugins:/usr/share/gazebo/../../lib/x86_64-linux-gnu/gazebo-11/plugins PYTHONPATH=/home/ahmedmuhammad/pingpong_ws/build/media_pipe/prefix_override:/home/ahmedmuhammad/pingpong_ws/install/media_pipe/lib/python3.10/site-packages:${PYTHONPATH} /usr/bin/python3 setup.py egg_info --egg-base ../../build/media_pipe build --build-base /home/ahmedmuhammad/pingpong_ws/build/media_pipe/build install --record /home/ahmedmuhammad/pingpong_ws/build/media_pipe/install.log --single-version-externally-managed
