[0.777s] DEBUG:colcon:Command line arguments: ['/usr/bin/colcon', 'build']
[0.778s] DEBUG:colcon:Parsed command line arguments: Namespace(log_base=None, log_level=None, verb_name='build', build_base='build', install_base='install', merge_install=False, symlink_install=False, test_result_base=None, continue_on_error=False, executor='parallel', parallel_workers=16, event_handlers=None, ignore_user_meta=False, metas=['./colcon.meta'], base_paths=['.'], packages_ignore=None, packages_ignore_regex=None, paths=None, packages_up_to=None, packages_up_to_regex=None, packages_above=None, packages_above_and_dependencies=None, packages_above_depth=None, packages_select_by_dep=None, packages_skip_by_dep=None, packages_skip_up_to=None, packages_select_build_failed=False, packages_skip_build_finished=False, packages_select_test_failures=False, packages_skip_test_passed=False, packages_select=None, packages_skip=None, packages_select_regex=None, packages_skip_regex=None, packages_start=None, packages_end=None, allow_overriding=[], cmake_args=None, cmake_target=None, cmake_target_skip_unavailable=False, cmake_clean_cache=False, cmake_clean_first=False, cmake_force_configure=False, ament_cmake_args=None, catkin_cmake_args=None, catkin_skip_building_tests=False, verb_parser=<colcon_defaults.argument_parser.defaults.DefaultArgumentsDecorator object at 0x7fd2c77bd090>, verb_extension=<colcon_core.verb.build.BuildVerb object at 0x7fd2c7b348b0>, main=<bound method BuildVerb.main of <colcon_core.verb.build.BuildVerb object at 0x7fd2c7b348b0>>)
[0.812s] Level 1:colcon.colcon_core.package_discovery:discover_packages(colcon_meta) check parameters
[0.812s] Level 1:colcon.colcon_core.package_discovery:discover_packages(recursive) check parameters
[0.812s] Level 1:colcon.colcon_core.package_discovery:discover_packages(ignore) check parameters
[0.812s] Level 1:colcon.colcon_core.package_discovery:discover_packages(path) check parameters
[0.812s] Level 1:colcon.colcon_core.package_discovery:discover_packages(colcon_meta) discover
[0.812s] Level 1:colcon.colcon_core.package_discovery:discover_packages(recursive) discover
[0.812s] INFO:colcon.colcon_core.package_discovery:Crawling recursively for packages in '/home/ahmedmuhammad/pingpong_ws'
[0.812s] Level 1:colcon.colcon_core.package_identification:_identify(.) by extensions ['ignore', 'ignore_ament_install']
[0.812s] Level 1:colcon.colcon_core.package_identification:_identify(.) by extension 'ignore'
[0.812s] Level 1:colcon.colcon_core.package_identification:_identify(.) by extension 'ignore_ament_install'
[0.812s] Level 1:colcon.colcon_core.package_identification:_identify(.) by extensions ['colcon_pkg']
[0.812s] Level 1:colcon.colcon_core.package_identification:_identify(.) by extension 'colcon_pkg'
[0.812s] Level 1:colcon.colcon_core.package_identification:_identify(.) by extensions ['colcon_meta']
[0.812s] Level 1:colcon.colcon_core.package_identification:_identify(.) by extension 'colcon_meta'
[0.812s] Level 1:colcon.colcon_core.package_identification:_identify(.) by extensions ['ros']
[0.812s] Level 1:colcon.colcon_core.package_identification:_identify(.) by extension 'ros'
[0.820s] Level 1:colcon.colcon_core.package_identification:_identify(.) by extensions ['cmake', 'python']
[0.820s] Level 1:colcon.colcon_core.package_identification:_identify(.) by extension 'cmake'
[0.820s] Level 1:colcon.colcon_core.package_identification:_identify(.) by extension 'python'
[0.820s] Level 1:colcon.colcon_core.package_identification:_identify(.) by extensions ['python_setup_py']
[0.820s] Level 1:colcon.colcon_core.package_identification:_identify(.) by extension 'python_setup_py'
[0.820s] Level 1:colcon.colcon_core.package_identification:_identify(build) by extensions ['ignore', 'ignore_ament_install']
[0.820s] Level 1:colcon.colcon_core.package_identification:_identify(build) by extension 'ignore'
[0.820s] Level 1:colcon.colcon_core.package_identification:_identify(build) ignored
[0.821s] Level 1:colcon.colcon_core.package_identification:_identify(install) by extensions ['ignore', 'ignore_ament_install']
[0.821s] Level 1:colcon.colcon_core.package_identification:_identify(install) by extension 'ignore'
[0.821s] Level 1:colcon.colcon_core.package_identification:_identify(install) ignored
[0.821s] Level 1:colcon.colcon_core.package_identification:_identify(log) by extensions ['ignore', 'ignore_ament_install']
[0.821s] Level 1:colcon.colcon_core.package_identification:_identify(log) by extension 'ignore'
[0.821s] Level 1:colcon.colcon_core.package_identification:_identify(log) ignored
[0.821s] Level 1:colcon.colcon_core.package_identification:_identify(src) by extensions ['ignore', 'ignore_ament_install']
[0.821s] Level 1:colcon.colcon_core.package_identification:_identify(src) by extension 'ignore'
[0.821s] Level 1:colcon.colcon_core.package_identification:_identify(src) by extension 'ignore_ament_install'
[0.821s] Level 1:colcon.colcon_core.package_identification:_identify(src) by extensions ['colcon_pkg']
[0.821s] Level 1:colcon.colcon_core.package_identification:_identify(src) by extension 'colcon_pkg'
[0.821s] Level 1:colcon.colcon_core.package_identification:_identify(src) by extensions ['colcon_meta']
[0.821s] Level 1:colcon.colcon_core.package_identification:_identify(src) by extension 'colcon_meta'
[0.821s] Level 1:colcon.colcon_core.package_identification:_identify(src) by extensions ['ros']
[0.821s] Level 1:colcon.colcon_core.package_identification:_identify(src) by extension 'ros'
[0.821s] Level 1:colcon.colcon_core.package_identification:_identify(src) by extensions ['cmake', 'python']
[0.821s] Level 1:colcon.colcon_core.package_identification:_identify(src) by extension 'cmake'
[0.821s] Level 1:colcon.colcon_core.package_identification:_identify(src) by extension 'python'
[0.821s] Level 1:colcon.colcon_core.package_identification:_identify(src) by extensions ['python_setup_py']
[0.821s] Level 1:colcon.colcon_core.package_identification:_identify(src) by extension 'python_setup_py'
[0.821s] Level 1:colcon.colcon_core.package_identification:_identify(src/check_image_size) by extensions ['ignore', 'ignore_ament_install']
[0.821s] Level 1:colcon.colcon_core.package_identification:_identify(src/check_image_size) by extension 'ignore'
[0.821s] Level 1:colcon.colcon_core.package_identification:_identify(src/check_image_size) by extension 'ignore_ament_install'
[0.822s] Level 1:colcon.colcon_core.package_identification:_identify(src/check_image_size) by extensions ['colcon_pkg']
[0.822s] Level 1:colcon.colcon_core.package_identification:_identify(src/check_image_size) by extension 'colcon_pkg'
[0.822s] Level 1:colcon.colcon_core.package_identification:_identify(src/check_image_size) by extensions ['colcon_meta']
[0.822s] Level 1:colcon.colcon_core.package_identification:_identify(src/check_image_size) by extension 'colcon_meta'
[0.822s] Level 1:colcon.colcon_core.package_identification:_identify(src/check_image_size) by extensions ['ros']
[0.822s] Level 1:colcon.colcon_core.package_identification:_identify(src/check_image_size) by extension 'ros'
[0.823s] DEBUG:colcon.colcon_core.package_identification:Package 'src/check_image_size' with type 'ros.ament_python' and name 'check_image_size'
[0.823s] Level 1:colcon.colcon_core.package_identification:_identify(src/image_transport_tutorials) by extensions ['ignore', 'ignore_ament_install']
[0.823s] Level 1:colcon.colcon_core.package_identification:_identify(src/image_transport_tutorials) by extension 'ignore'
[0.823s] Level 1:colcon.colcon_core.package_identification:_identify(src/image_transport_tutorials) by extension 'ignore_ament_install'
[0.824s] Level 1:colcon.colcon_core.package_identification:_identify(src/image_transport_tutorials) by extensions ['colcon_pkg']
[0.824s] Level 1:colcon.colcon_core.package_identification:_identify(src/image_transport_tutorials) by extension 'colcon_pkg'
[0.824s] Level 1:colcon.colcon_core.package_identification:_identify(src/image_transport_tutorials) by extensions ['colcon_meta']
[0.824s] Level 1:colcon.colcon_core.package_identification:_identify(src/image_transport_tutorials) by extension 'colcon_meta'
[0.824s] Level 1:colcon.colcon_core.package_identification:_identify(src/image_transport_tutorials) by extensions ['ros']
[0.824s] Level 1:colcon.colcon_core.package_identification:_identify(src/image_transport_tutorials) by extension 'ros'
[0.824s] DEBUG:colcon.colcon_core.package_identification:Package 'src/image_transport_tutorials' with type 'ros.ament_cmake' and name 'image_transport_tutorials'
[0.824s] Level 1:colcon.colcon_core.package_identification:_identify(src/media_pipe) by extensions ['ignore', 'ignore_ament_install']
[0.824s] Level 1:colcon.colcon_core.package_identification:_identify(src/media_pipe) by extension 'ignore'
[0.824s] Level 1:colcon.colcon_core.package_identification:_identify(src/media_pipe) by extension 'ignore_ament_install'
[0.824s] Level 1:colcon.colcon_core.package_identification:_identify(src/media_pipe) by extensions ['colcon_pkg']
[0.824s] Level 1:colcon.colcon_core.package_identification:_identify(src/media_pipe) by extension 'colcon_pkg'
[0.824s] Level 1:colcon.colcon_core.package_identification:_identify(src/media_pipe) by extensions ['colcon_meta']
[0.824s] Level 1:colcon.colcon_core.package_identification:_identify(src/media_pipe) by extension 'colcon_meta'
[0.824s] Level 1:colcon.colcon_core.package_identification:_identify(src/media_pipe) by extensions ['ros']
[0.824s] Level 1:colcon.colcon_core.package_identification:_identify(src/media_pipe) by extension 'ros'
[0.825s] DEBUG:colcon.colcon_core.package_identification:Package 'src/media_pipe' with type 'ros.ament_python' and name 'media_pipe'
[0.825s] Level 1:colcon.colcon_core.package_identification:_identify(src/player_commands) by extensions ['ignore', 'ignore_ament_install']
[0.825s] Level 1:colcon.colcon_core.package_identification:_identify(src/player_commands) by extension 'ignore'
[0.825s] Level 1:colcon.colcon_core.package_identification:_identify(src/player_commands) by extension 'ignore_ament_install'
[0.825s] Level 1:colcon.colcon_core.package_identification:_identify(src/player_commands) by extensions ['colcon_pkg']
[0.825s] Level 1:colcon.colcon_core.package_identification:_identify(src/player_commands) by extension 'colcon_pkg'
[0.825s] Level 1:colcon.colcon_core.package_identification:_identify(src/player_commands) by extensions ['colcon_meta']
[0.825s] Level 1:colcon.colcon_core.package_identification:_identify(src/player_commands) by extension 'colcon_meta'
[0.825s] Level 1:colcon.colcon_core.package_identification:_identify(src/player_commands) by extensions ['ros']
[0.825s] Level 1:colcon.colcon_core.package_identification:_identify(src/player_commands) by extension 'ros'
[0.826s] DEBUG:colcon.colcon_core.package_identification:Package 'src/player_commands' with type 'ros.ament_cmake' and name 'player_commands'
[0.826s] Level 1:colcon.colcon_core.package_discovery:discover_packages(recursive) using defaults
[0.826s] Level 1:colcon.colcon_core.package_discovery:discover_packages(ignore) discover
[0.826s] Level 1:colcon.colcon_core.package_discovery:discover_packages(ignore) using defaults
[0.826s] Level 1:colcon.colcon_core.package_discovery:discover_packages(path) discover
[0.826s] Level 1:colcon.colcon_core.package_discovery:discover_packages(path) using defaults
[0.895s] Level 1:colcon.colcon_core.package_discovery:discover_packages(prefix_path) check parameters
[0.895s] Level 1:colcon.colcon_core.package_discovery:discover_packages(prefix_path) discover
[0.906s] WARNING:colcon.colcon_ros.prefix_path.ament:The path '/home/ahmedmuhammad/pingpong_ws/install/media_pipe' in the environment variable AMENT_PREFIX_PATH doesn't exist
[0.906s] WARNING:colcon.colcon_ros.prefix_path.ament:The path '/home/ahmedmuhammad/pingpong_ws/install/player_commands' in the environment variable AMENT_PREFIX_PATH doesn't exist
[0.906s] WARNING:colcon.colcon_ros.prefix_path.ament:The path '/home/ahmedmuhammad/pingpong_ws/install/image_transport_tutorials' in the environment variable AMENT_PREFIX_PATH doesn't exist
[0.907s] WARNING:colcon.colcon_ros.prefix_path.ament:The path '/home/ahmedmuhammad/pingpong_ws/install/check_image_size' in the environment variable AMENT_PREFIX_PATH doesn't exist
[0.907s] WARNING:colcon.colcon_ros.prefix_path.catkin:The path '/home/ahmedmuhammad/pingpong_ws/install/player_commands' in the environment variable CMAKE_PREFIX_PATH doesn't exist
[0.907s] WARNING:colcon.colcon_ros.prefix_path.catkin:The path '/home/ahmedmuhammad/pingpong_ws/install/image_transport_tutorials' in the environment variable CMAKE_PREFIX_PATH doesn't exist
[0.917s] DEBUG:colcon.colcon_installed_package_information.package_discovery:Found 0 installed packages in /home/ahmedmuhammad/pingpong_ws/install
[0.929s] DEBUG:colcon.colcon_installed_package_information.package_discovery:Found 344 installed packages in /opt/ros/humble
[0.930s] Level 1:colcon.colcon_core.package_discovery:discover_packages(prefix_path) using defaults
[1.012s] Level 5:colcon.colcon_core.verb:set package 'check_image_size' build argument 'cmake_args' from command line to 'None'
[1.012s] Level 5:colcon.colcon_core.verb:set package 'check_image_size' build argument 'cmake_target' from command line to 'None'
[1.012s] Level 5:colcon.colcon_core.verb:set package 'check_image_size' build argument 'cmake_target_skip_unavailable' from command line to 'False'
[1.012s] Level 5:colcon.colcon_core.verb:set package 'check_image_size' build argument 'cmake_clean_cache' from command line to 'False'
[1.013s] Level 5:colcon.colcon_core.verb:set package 'check_image_size' build argument 'cmake_clean_first' from command line to 'False'
[1.013s] Level 5:colcon.colcon_core.verb:set package 'check_image_size' build argument 'cmake_force_configure' from command line to 'False'
[1.013s] Level 5:colcon.colcon_core.verb:set package 'check_image_size' build argument 'ament_cmake_args' from command line to 'None'
[1.013s] Level 5:colcon.colcon_core.verb:set package 'check_image_size' build argument 'catkin_cmake_args' from command line to 'None'
[1.013s] Level 5:colcon.colcon_core.verb:set package 'check_image_size' build argument 'catkin_skip_building_tests' from command line to 'False'
[1.013s] DEBUG:colcon.colcon_core.verb:Building package 'check_image_size' with the following arguments: {'ament_cmake_args': None, 'build_base': '/home/ahmedmuhammad/pingpong_ws/build/check_image_size', 'catkin_cmake_args': None, 'catkin_skip_building_tests': False, 'cmake_args': None, 'cmake_clean_cache': False, 'cmake_clean_first': False, 'cmake_force_configure': False, 'cmake_target': None, 'cmake_target_skip_unavailable': False, 'install_base': '/home/ahmedmuhammad/pingpong_ws/install/check_image_size', 'merge_install': False, 'path': '/home/ahmedmuhammad/pingpong_ws/src/check_image_size', 'symlink_install': False, 'test_result_base': None}
[1.023s] Level 5:colcon.colcon_core.verb:set package 'image_transport_tutorials' build argument 'cmake_args' from command line to 'None'
[1.023s] Level 5:colcon.colcon_core.verb:set package 'image_transport_tutorials' build argument 'cmake_target' from command line to 'None'
[1.023s] Level 5:colcon.colcon_core.verb:set package 'image_transport_tutorials' build argument 'cmake_target_skip_unavailable' from command line to 'False'
[1.023s] Level 5:colcon.colcon_core.verb:set package 'image_transport_tutorials' build argument 'cmake_clean_cache' from command line to 'False'
[1.023s] Level 5:colcon.colcon_core.verb:set package 'image_transport_tutorials' build argument 'cmake_clean_first' from command line to 'False'
[1.023s] Level 5:colcon.colcon_core.verb:set package 'image_transport_tutorials' build argument 'cmake_force_configure' from command line to 'False'
[1.023s] Level 5:colcon.colcon_core.verb:set package 'image_transport_tutorials' build argument 'ament_cmake_args' from command line to 'None'
[1.023s] Level 5:colcon.colcon_core.verb:set package 'image_transport_tutorials' build argument 'catkin_cmake_args' from command line to 'None'
[1.023s] Level 5:colcon.colcon_core.verb:set package 'image_transport_tutorials' build argument 'catkin_skip_building_tests' from command line to 'False'
[1.023s] DEBUG:colcon.colcon_core.verb:Building package 'image_transport_tutorials' with the following arguments: {'ament_cmake_args': None, 'build_base': '/home/ahmedmuhammad/pingpong_ws/build/image_transport_tutorials', 'catkin_cmake_args': None, 'catkin_skip_building_tests': False, 'cmake_args': None, 'cmake_clean_cache': False, 'cmake_clean_first': False, 'cmake_force_configure': False, 'cmake_target': None, 'cmake_target_skip_unavailable': False, 'install_base': '/home/ahmedmuhammad/pingpong_ws/install/image_transport_tutorials', 'merge_install': False, 'path': '/home/ahmedmuhammad/pingpong_ws/src/image_transport_tutorials', 'symlink_install': False, 'test_result_base': None}
[1.033s] Level 5:colcon.colcon_core.verb:set package 'player_commands' build argument 'cmake_args' from command line to 'None'
[1.033s] Level 5:colcon.colcon_core.verb:set package 'player_commands' build argument 'cmake_target' from command line to 'None'
[1.033s] Level 5:colcon.colcon_core.verb:set package 'player_commands' build argument 'cmake_target_skip_unavailable' from command line to 'False'
[1.033s] Level 5:colcon.colcon_core.verb:set package 'player_commands' build argument 'cmake_clean_cache' from command line to 'False'
[1.033s] Level 5:colcon.colcon_core.verb:set package 'player_commands' build argument 'cmake_clean_first' from command line to 'False'
[1.033s] Level 5:colcon.colcon_core.verb:set package 'player_commands' build argument 'cmake_force_configure' from command line to 'False'
[1.033s] Level 5:colcon.colcon_core.verb:set package 'player_commands' build argument 'ament_cmake_args' from command line to 'None'
[1.033s] Level 5:colcon.colcon_core.verb:set package 'player_commands' build argument 'catkin_cmake_args' from command line to 'None'
[1.033s] Level 5:colcon.colcon_core.verb:set package 'player_commands' build argument 'catkin_skip_building_tests' from command line to 'False'
[1.033s] DEBUG:colcon.colcon_core.verb:Building package 'player_commands' with the following arguments: {'ament_cmake_args': None, 'build_base': '/home/ahmedmuhammad/pingpong_ws/build/player_commands', 'catkin_cmake_args': None, 'catkin_skip_building_tests': False, 'cmake_args': None, 'cmake_clean_cache': False, 'cmake_clean_first': False, 'cmake_force_configure': False, 'cmake_target': None, 'cmake_target_skip_unavailable': False, 'install_base': '/home/ahmedmuhammad/pingpong_ws/install/player_commands', 'merge_install': False, 'path': '/home/ahmedmuhammad/pingpong_ws/src/player_commands', 'symlink_install': False, 'test_result_base': None}
[1.044s] Level 5:colcon.colcon_core.verb:set package 'media_pipe' build argument 'cmake_args' from command line to 'None'
[1.044s] Level 5:colcon.colcon_core.verb:set package 'media_pipe' build argument 'cmake_target' from command line to 'None'
[1.044s] Level 5:colcon.colcon_core.verb:set package 'media_pipe' build argument 'cmake_target_skip_unavailable' from command line to 'False'
[1.044s] Level 5:colcon.colcon_core.verb:set package 'media_pipe' build argument 'cmake_clean_cache' from command line to 'False'
[1.044s] Level 5:colcon.colcon_core.verb:set package 'media_pipe' build argument 'cmake_clean_first' from command line to 'False'
[1.044s] Level 5:colcon.colcon_core.verb:set package 'media_pipe' build argument 'cmake_force_configure' from command line to 'False'
[1.044s] Level 5:colcon.colcon_core.verb:set package 'media_pipe' build argument 'ament_cmake_args' from command line to 'None'
[1.044s] Level 5:colcon.colcon_core.verb:set package 'media_pipe' build argument 'catkin_cmake_args' from command line to 'None'
[1.044s] Level 5:colcon.colcon_core.verb:set package 'media_pipe' build argument 'catkin_skip_building_tests' from command line to 'False'
[1.044s] DEBUG:colcon.colcon_core.verb:Building package 'media_pipe' with the following arguments: {'ament_cmake_args': None, 'build_base': '/home/ahmedmuhammad/pingpong_ws/build/media_pipe', 'catkin_cmake_args': None, 'catkin_skip_building_tests': False, 'cmake_args': None, 'cmake_clean_cache': False, 'cmake_clean_first': False, 'cmake_force_configure': False, 'cmake_target': None, 'cmake_target_skip_unavailable': False, 'install_base': '/home/ahmedmuhammad/pingpong_ws/install/media_pipe', 'merge_install': False, 'path': '/home/ahmedmuhammad/pingpong_ws/src/media_pipe', 'symlink_install': False, 'test_result_base': None}
[1.054s] INFO:colcon.colcon_core.executor:Executing jobs using 'parallel' executor
[1.065s] DEBUG:colcon.colcon_parallel_executor.executor.parallel:run_until_complete
[1.066s] INFO:colcon.colcon_ros.task.ament_cmake.build:Building ROS package in '/home/ahmedmuhammad/pingpong_ws/src/player_commands' with build type 'ament_cmake'
[1.066s] INFO:colcon.colcon_cmake.task.cmake.build:Building CMake package in '/home/ahmedmuhammad/pingpong_ws/src/player_commands'
[1.078s] INFO:colcon.colcon_core.plugin_system:Skipping extension 'colcon_core.shell.bat': Not used on non-Windows systems
[1.078s] INFO:colcon.colcon_core.shell:Skip shell extension 'powershell' for command environment: Not usable outside of PowerShell
[1.078s] DEBUG:colcon.colcon_core.shell:Skip shell extension 'dsv' for command environment
[1.111s] INFO:colcon.colcon_ros.task.ament_python.build:Building ROS package in '/home/ahmedmuhammad/pingpong_ws/src/check_image_size' with build type 'ament_python'
[1.111s] Level 1:colcon.colcon_core.shell:create_environment_hook('check_image_size', 'ament_prefix_path')
[1.124s] INFO:colcon.colcon_core.shell:Creating environment hook '/home/ahmedmuhammad/pingpong_ws/install/check_image_size/share/check_image_size/hook/ament_prefix_path.ps1'
[1.124s] INFO:colcon.colcon_core.shell:Creating environment descriptor '/home/ahmedmuhammad/pingpong_ws/install/check_image_size/share/check_image_size/hook/ament_prefix_path.dsv'
[1.125s] INFO:colcon.colcon_core.shell:Creating environment hook '/home/ahmedmuhammad/pingpong_ws/install/check_image_size/share/check_image_size/hook/ament_prefix_path.sh'
[1.135s] INFO:colcon.colcon_core.shell:Skip shell extension 'powershell' for command environment: Not usable outside of PowerShell
[1.136s] DEBUG:colcon.colcon_core.shell:Skip shell extension 'dsv' for command environment
[1.170s] INFO:colcon.colcon_ros.task.ament_cmake.build:Building ROS package in '/home/ahmedmuhammad/pingpong_ws/src/image_transport_tutorials' with build type 'ament_cmake'
[1.170s] INFO:colcon.colcon_cmake.task.cmake.build:Building CMake package in '/home/ahmedmuhammad/pingpong_ws/src/image_transport_tutorials'
[1.182s] INFO:colcon.colcon_core.shell:Skip shell extension 'powershell' for command environment: Not usable outside of PowerShell
[1.182s] DEBUG:colcon.colcon_core.shell:Skip shell extension 'dsv' for command environment
[1.221s] DEBUG:colcon.colcon_core.event_handler.log_command:Invoking command in '/home/ahmedmuhammad/pingpong_ws/build/player_commands': CMAKE_PREFIX_PATH=${CMAKE_PREFIX_PATH}:/home/ahmedmuhammad/pingpong_ws/install/media_pipe:/home/ahmedmuhammad/pingpong_ws/install/check_image_size:/opt/ros/humble /usr/bin/cmake /home/ahmedmuhammad/pingpong_ws/src/player_commands -DCMAKE_INSTALL_PREFIX=/home/ahmedmuhammad/pingpong_ws/install/player_commands
[1.474s] INFO:colcon.colcon_core.task.python.build:Building Python package in '/home/ahmedmuhammad/pingpong_ws/src/check_image_size'
[1.486s] INFO:colcon.colcon_core.shell:Skip shell extension 'powershell' for command environment: Not usable outside of PowerShell
[1.486s] DEBUG:colcon.colcon_core.shell:Skip shell extension 'dsv' for command environment
[1.526s] DEBUG:colcon.colcon_core.event_handler.log_command:Invoking command in '/home/ahmedmuhammad/pingpong_ws/build/image_transport_tutorials': CMAKE_PREFIX_PATH=${CMAKE_PREFIX_PATH}:/home/ahmedmuhammad/pingpong_ws/install/media_pipe:/home/ahmedmuhammad/pingpong_ws/install/check_image_size:/opt/ros/humble /usr/bin/cmake /home/ahmedmuhammad/pingpong_ws/src/image_transport_tutorials -DCMAKE_INSTALL_PREFIX=/home/ahmedmuhammad/pingpong_ws/install/image_transport_tutorials
[1.834s] DEBUG:colcon.colcon_core.event_handler.log_command:Invoking command in '/home/ahmedmuhammad/pingpong_ws/src/check_image_size': PYTHONPATH=/home/ahmedmuhammad/pingpong_ws/build/check_image_size/prefix_override:/home/ahmedmuhammad/pingpong_ws/install/check_image_size/lib/python3.10/site-packages:${PYTHONPATH} /usr/bin/python3 setup.py egg_info --egg-base ../../build/check_image_size build --build-base /home/ahmedmuhammad/pingpong_ws/build/check_image_size/build install --record /home/ahmedmuhammad/pingpong_ws/build/check_image_size/install.log --single-version-externally-managed
[2.057s] DEBUG:colcon.colcon_core.event_handler.log_command:Invoked command in '/home/ahmedmuhammad/pingpong_ws/src/check_image_size' returned '0': PYTHONPATH=/home/ahmedmuhammad/pingpong_ws/build/check_image_size/prefix_override:/home/ahmedmuhammad/pingpong_ws/install/check_image_size/lib/python3.10/site-packages:${PYTHONPATH} /usr/bin/python3 setup.py egg_info --egg-base ../../build/check_image_size build --build-base /home/ahmedmuhammad/pingpong_ws/build/check_image_size/build install --record /home/ahmedmuhammad/pingpong_ws/build/check_image_size/install.log --single-version-externally-managed
[2.072s] Level 1:colcon.colcon_core.environment:checking '/home/ahmedmuhammad/pingpong_ws/install/check_image_size' for CMake module files
[2.072s] Level 1:colcon.colcon_core.environment:checking '/home/ahmedmuhammad/pingpong_ws/install/check_image_size' for CMake config files
[2.073s] Level 1:colcon.colcon_core.environment:checking '/home/ahmedmuhammad/pingpong_ws/install/check_image_size/lib'
[2.073s] Level 1:colcon.colcon_core.environment:checking '/home/ahmedmuhammad/pingpong_ws/install/check_image_size/bin'
[2.073s] Level 1:colcon.colcon_core.environment:checking '/home/ahmedmuhammad/pingpong_ws/install/check_image_size/lib/pkgconfig/check_image_size.pc'
[2.074s] Level 1:colcon.colcon_core.environment:checking '/home/ahmedmuhammad/pingpong_ws/install/check_image_size/lib/python3.10/site-packages'
[2.074s] Level 1:colcon.colcon_core.shell:create_environment_hook('check_image_size', 'pythonpath')
[2.087s] INFO:colcon.colcon_core.shell:Creating environment hook '/home/ahmedmuhammad/pingpong_ws/install/check_image_size/share/check_image_size/hook/pythonpath.ps1'
[2.088s] INFO:colcon.colcon_core.shell:Creating environment descriptor '/home/ahmedmuhammad/pingpong_ws/install/check_image_size/share/check_image_size/hook/pythonpath.dsv'
[2.088s] INFO:colcon.colcon_core.shell:Creating environment hook '/home/ahmedmuhammad/pingpong_ws/install/check_image_size/share/check_image_size/hook/pythonpath.sh'
[2.088s] Level 1:colcon.colcon_core.environment:checking '/home/ahmedmuhammad/pingpong_ws/install/check_image_size/bin'
[2.089s] Level 1:colcon.colcon_core.environment:create_environment_scripts_only(check_image_size)
[2.102s] INFO:colcon.colcon_core.shell:Creating package script '/home/ahmedmuhammad/pingpong_ws/install/check_image_size/share/check_image_size/package.ps1'
[2.102s] INFO:colcon.colcon_core.shell:Creating package descriptor '/home/ahmedmuhammad/pingpong_ws/install/check_image_size/share/check_image_size/package.dsv'
[2.103s] INFO:colcon.colcon_core.shell:Creating package script '/home/ahmedmuhammad/pingpong_ws/install/check_image_size/share/check_image_size/package.sh'
[2.104s] INFO:colcon.colcon_core.shell:Creating package script '/home/ahmedmuhammad/pingpong_ws/install/check_image_size/share/check_image_size/package.bash'
[2.104s] INFO:colcon.colcon_core.shell:Creating package script '/home/ahmedmuhammad/pingpong_ws/install/check_image_size/share/check_image_size/package.zsh'
[2.105s] Level 1:colcon.colcon_core.environment:create_file_with_runtime_dependencies(/home/ahmedmuhammad/pingpong_ws/install/check_image_size/share/colcon-core/packages/check_image_size)
[3.866s] DEBUG:colcon.colcon_core.event_handler.log_command:Invoked command in '/home/ahmedmuhammad/pingpong_ws/build/player_commands' returned '0': CMAKE_PREFIX_PATH=${CMAKE_PREFIX_PATH}:/home/ahmedmuhammad/pingpong_ws/install/media_pipe:/home/ahmedmuhammad/pingpong_ws/install/check_image_size:/opt/ros/humble /usr/bin/cmake /home/ahmedmuhammad/pingpong_ws/src/player_commands -DCMAKE_INSTALL_PREFIX=/home/ahmedmuhammad/pingpong_ws/install/player_commands
[3.868s] DEBUG:colcon.colcon_core.event_handler.log_command:Invoking command in '/home/ahmedmuhammad/pingpong_ws/build/player_commands': CMAKE_PREFIX_PATH=${CMAKE_PREFIX_PATH}:/home/ahmedmuhammad/pingpong_ws/install/media_pipe:/home/ahmedmuhammad/pingpong_ws/install/check_image_size:/opt/ros/humble /usr/bin/cmake --build /home/ahmedmuhammad/pingpong_ws/build/player_commands -- -j16 -l16
[5.547s] DEBUG:colcon.colcon_core.event_handler.log_command:Invoked command in '/home/ahmedmuhammad/pingpong_ws/build/player_commands' returned '0': CMAKE_PREFIX_PATH=${CMAKE_PREFIX_PATH}:/home/ahmedmuhammad/pingpong_ws/install/media_pipe:/home/ahmedmuhammad/pingpong_ws/install/check_image_size:/opt/ros/humble /usr/bin/cmake --build /home/ahmedmuhammad/pingpong_ws/build/player_commands -- -j16 -l16
[5.586s] DEBUG:colcon.colcon_core.event_handler.log_command:Invoking command in '/home/ahmedmuhammad/pingpong_ws/build/player_commands': CMAKE_PREFIX_PATH=${CMAKE_PREFIX_PATH}:/home/ahmedmuhammad/pingpong_ws/install/media_pipe:/home/ahmedmuhammad/pingpong_ws/install/check_image_size:/opt/ros/humble /usr/bin/cmake --install /home/ahmedmuhammad/pingpong_ws/build/player_commands
[5.636s] Level 1:colcon.colcon_core.environment:create_environment_scripts_only(player_commands)
[5.637s] DEBUG:colcon.colcon_core.event_handler.log_command:Invoked command in '/home/ahmedmuhammad/pingpong_ws/build/player_commands' returned '0': CMAKE_PREFIX_PATH=${CMAKE_PREFIX_PATH}:/home/ahmedmuhammad/pingpong_ws/install/media_pipe:/home/ahmedmuhammad/pingpong_ws/install/check_image_size:/opt/ros/humble /usr/bin/cmake --install /home/ahmedmuhammad/pingpong_ws/build/player_commands
[5.648s] Level 1:colcon.colcon_core.environment:checking '/home/ahmedmuhammad/pingpong_ws/install/player_commands' for CMake module files
[5.649s] Level 1:colcon.colcon_core.environment:checking '/home/ahmedmuhammad/pingpong_ws/install/player_commands' for CMake config files
[5.649s] Level 1:colcon.colcon_core.shell:create_environment_hook('player_commands', 'cmake_prefix_path')
[5.660s] INFO:colcon.colcon_core.shell:Creating environment hook '/home/ahmedmuhammad/pingpong_ws/install/player_commands/share/player_commands/hook/cmake_prefix_path.ps1'
[5.661s] INFO:colcon.colcon_core.shell:Creating environment descriptor '/home/ahmedmuhammad/pingpong_ws/install/player_commands/share/player_commands/hook/cmake_prefix_path.dsv'
[5.661s] INFO:colcon.colcon_core.shell:Creating environment hook '/home/ahmedmuhammad/pingpong_ws/install/player_commands/share/player_commands/hook/cmake_prefix_path.sh'
[5.661s] Level 1:colcon.colcon_core.environment:checking '/home/ahmedmuhammad/pingpong_ws/install/player_commands/lib'
[5.661s] Level 1:colcon.colcon_core.shell:create_environment_hook('player_commands', 'ld_library_path_lib')
[5.672s] INFO:colcon.colcon_core.shell:Creating environment hook '/home/ahmedmuhammad/pingpong_ws/install/player_commands/share/player_commands/hook/ld_library_path_lib.ps1'
[5.673s] INFO:colcon.colcon_core.shell:Creating environment descriptor '/home/ahmedmuhammad/pingpong_ws/install/player_commands/share/player_commands/hook/ld_library_path_lib.dsv'
[5.673s] INFO:colcon.colcon_core.shell:Creating environment hook '/home/ahmedmuhammad/pingpong_ws/install/player_commands/share/player_commands/hook/ld_library_path_lib.sh'
[5.673s] Level 1:colcon.colcon_core.environment:checking '/home/ahmedmuhammad/pingpong_ws/install/player_commands/bin'
[5.673s] Level 1:colcon.colcon_core.environment:checking '/home/ahmedmuhammad/pingpong_ws/install/player_commands/lib/pkgconfig/player_commands.pc'
[5.673s] Level 1:colcon.colcon_core.environment:checking '/home/ahmedmuhammad/pingpong_ws/install/player_commands/lib/python3.10/site-packages'
[5.674s] Level 1:colcon.colcon_core.environment:checking '/home/ahmedmuhammad/pingpong_ws/install/player_commands/bin'
[5.686s] INFO:colcon.colcon_core.shell:Creating package script '/home/ahmedmuhammad/pingpong_ws/install/player_commands/share/player_commands/package.ps1'
[5.687s] INFO:colcon.colcon_core.shell:Creating package descriptor '/home/ahmedmuhammad/pingpong_ws/install/player_commands/share/player_commands/package.dsv'
[5.687s] INFO:colcon.colcon_core.shell:Creating package script '/home/ahmedmuhammad/pingpong_ws/install/player_commands/share/player_commands/package.sh'
[5.688s] INFO:colcon.colcon_core.shell:Creating package script '/home/ahmedmuhammad/pingpong_ws/install/player_commands/share/player_commands/package.bash'
[5.688s] INFO:colcon.colcon_core.shell:Creating package script '/home/ahmedmuhammad/pingpong_ws/install/player_commands/share/player_commands/package.zsh'
[5.688s] Level 1:colcon.colcon_core.environment:create_file_with_runtime_dependencies(/home/ahmedmuhammad/pingpong_ws/install/player_commands/share/colcon-core/packages/player_commands)
[5.734s] Level 1:colcon.colcon_core.environment:create_environment_scripts_only(player_commands)
[5.745s] Level 1:colcon.colcon_core.environment:checking '/home/ahmedmuhammad/pingpong_ws/install/player_commands' for CMake module files
[5.746s] Level 1:colcon.colcon_core.environment:checking '/home/ahmedmuhammad/pingpong_ws/install/player_commands' for CMake config files
[5.746s] Level 1:colcon.colcon_core.shell:create_environment_hook('player_commands', 'cmake_prefix_path')
[5.757s] INFO:colcon.colcon_core.shell:Creating environment hook '/home/ahmedmuhammad/pingpong_ws/install/player_commands/share/player_commands/hook/cmake_prefix_path.ps1'
[5.757s] INFO:colcon.colcon_core.shell:Creating environment descriptor '/home/ahmedmuhammad/pingpong_ws/install/player_commands/share/player_commands/hook/cmake_prefix_path.dsv'
[5.757s] INFO:colcon.colcon_core.shell:Creating environment hook '/home/ahmedmuhammad/pingpong_ws/install/player_commands/share/player_commands/hook/cmake_prefix_path.sh'
[5.758s] Level 1:colcon.colcon_core.environment:checking '/home/ahmedmuhammad/pingpong_ws/install/player_commands/lib'
[5.758s] Level 1:colcon.colcon_core.shell:create_environment_hook('player_commands', 'ld_library_path_lib')
[5.769s] INFO:colcon.colcon_core.shell:Creating environment hook '/home/ahmedmuhammad/pingpong_ws/install/player_commands/share/player_commands/hook/ld_library_path_lib.ps1'
[5.769s] INFO:colcon.colcon_core.shell:Creating environment descriptor '/home/ahmedmuhammad/pingpong_ws/install/player_commands/share/player_commands/hook/ld_library_path_lib.dsv'
[5.769s] INFO:colcon.colcon_core.shell:Creating environment hook '/home/ahmedmuhammad/pingpong_ws/install/player_commands/share/player_commands/hook/ld_library_path_lib.sh'
[5.770s] Level 1:colcon.colcon_core.environment:checking '/home/ahmedmuhammad/pingpong_ws/install/player_commands/bin'
[5.770s] Level 1:colcon.colcon_core.environment:checking '/home/ahmedmuhammad/pingpong_ws/install/player_commands/lib/pkgconfig/player_commands.pc'
[5.770s] Level 1:colcon.colcon_core.environment:checking '/home/ahmedmuhammad/pingpong_ws/install/player_commands/lib/python3.10/site-packages'
[5.770s] Level 1:colcon.colcon_core.environment:checking '/home/ahmedmuhammad/pingpong_ws/install/player_commands/bin'
[5.783s] INFO:colcon.colcon_core.shell:Creating package script '/home/ahmedmuhammad/pingpong_ws/install/player_commands/share/player_commands/package.ps1'
[5.783s] INFO:colcon.colcon_core.shell:Creating package descriptor '/home/ahmedmuhammad/pingpong_ws/install/player_commands/share/player_commands/package.dsv'
[5.784s] INFO:colcon.colcon_core.shell:Creating package script '/home/ahmedmuhammad/pingpong_ws/install/player_commands/share/player_commands/package.sh'
[5.784s] INFO:colcon.colcon_core.shell:Creating package script '/home/ahmedmuhammad/pingpong_ws/install/player_commands/share/player_commands/package.bash'
[5.785s] INFO:colcon.colcon_core.shell:Creating package script '/home/ahmedmuhammad/pingpong_ws/install/player_commands/share/player_commands/package.zsh'
[5.785s] Level 1:colcon.colcon_core.environment:create_file_with_runtime_dependencies(/home/ahmedmuhammad/pingpong_ws/install/player_commands/share/colcon-core/packages/player_commands)
[5.785s] INFO:colcon.colcon_ros.task.ament_python.build:Building ROS package in '/home/ahmedmuhammad/pingpong_ws/src/media_pipe' with build type 'ament_python'
[5.785s] Level 1:colcon.colcon_core.shell:create_environment_hook('media_pipe', 'ament_prefix_path')
[5.798s] INFO:colcon.colcon_core.shell:Creating environment hook '/home/ahmedmuhammad/pingpong_ws/install/media_pipe/share/media_pipe/hook/ament_prefix_path.ps1'
[5.799s] INFO:colcon.colcon_core.shell:Creating environment descriptor '/home/ahmedmuhammad/pingpong_ws/install/media_pipe/share/media_pipe/hook/ament_prefix_path.dsv'
[5.799s] INFO:colcon.colcon_core.shell:Creating environment hook '/home/ahmedmuhammad/pingpong_ws/install/media_pipe/share/media_pipe/hook/ament_prefix_path.sh'
[5.811s] INFO:colcon.colcon_core.shell:Skip shell extension 'powershell' for command environment: Not usable outside of PowerShell
[5.811s] DEBUG:colcon.colcon_core.shell:Skip shell extension 'dsv' for command environment
[6.137s] INFO:colcon.colcon_core.task.python.build:Building Python package in '/home/ahmedmuhammad/pingpong_ws/src/media_pipe'
[6.149s] INFO:colcon.colcon_core.shell:Skip shell extension 'powershell' for command environment: Not usable outside of PowerShell
[6.149s] DEBUG:colcon.colcon_core.shell:Skip shell extension 'dsv' for command environment
[6.571s] DEBUG:colcon.colcon_core.event_handler.log_command:Invoking command in '/home/ahmedmuhammad/pingpong_ws/src/media_pipe': LD_LIBRARY_PATH=/home/ahmedmuhammad/pingpong_ws/install/player_commands/lib:/home/ahmedmuhammad/pingpong_ws/install/image_transport_tutorials/lib:/usr/lib/x86_64-linux-gnu/gazebo-11/plugins:/opt/ros/humble/opt/rviz_ogre_vendor/lib:/opt/ros/humble/lib/x86_64-linux-gnu:/opt/ros/humble/lib:/usr/share/gazebo/../../lib/x86_64-linux-gnu/gazebo-11/plugins:/usr/share/gazebo/../../lib/x86_64-linux-gnu/gazebo-11/plugins:/usr/share/gazebo/../../lib/x86_64-linux-gnu/gazebo-11/plugins PYTHONPATH=/home/ahmedmuhammad/pingpong_ws/build/media_pipe/prefix_override:/home/ahmedmuhammad/pingpong_ws/install/media_pipe/lib/python3.10/site-packages:${PYTHONPATH} /usr/bin/python3 setup.py egg_info --egg-base ../../build/media_pipe build --build-base /home/ahmedmuhammad/pingpong_ws/build/media_pipe/build install --record /home/ahmedmuhammad/pingpong_ws/build/media_pipe/install.log --single-version-externally-managed
[6.780s] DEBUG:colcon.colcon_core.event_handler.log_command:Invoked command in '/home/ahmedmuhammad/pingpong_ws/src/media_pipe' returned '0': LD_LIBRARY_PATH=/home/ahmedmuhammad/pingpong_ws/install/player_commands/lib:/home/ahmedmuhammad/pingpong_ws/install/image_transport_tutorials/lib:/usr/lib/x86_64-linux-gnu/gazebo-11/plugins:/opt/ros/humble/opt/rviz_ogre_vendor/lib:/opt/ros/humble/lib/x86_64-linux-gnu:/opt/ros/humble/lib:/usr/share/gazebo/../../lib/x86_64-linux-gnu/gazebo-11/plugins:/usr/share/gazebo/../../lib/x86_64-linux-gnu/gazebo-11/plugins:/usr/share/gazebo/../../lib/x86_64-linux-gnu/gazebo-11/plugins PYTHONPATH=/home/ahmedmuhammad/pingpong_ws/build/media_pipe/prefix_override:/home/ahmedmuhammad/pingpong_ws/install/media_pipe/lib/python3.10/site-packages:${PYTHONPATH} /usr/bin/python3 setup.py egg_info --egg-base ../../build/media_pipe build --build-base /home/ahmedmuhammad/pingpong_ws/build/media_pipe/build install --record /home/ahmedmuhammad/pingpong_ws/build/media_pipe/install.log --single-version-externally-managed
[6.792s] Level 1:colcon.colcon_core.environment:checking '/home/ahmedmuhammad/pingpong_ws/install/media_pipe' for CMake module files
[6.792s] Level 1:colcon.colcon_core.environment:checking '/home/ahmedmuhammad/pingpong_ws/install/media_pipe' for CMake config files
[6.792s] Level 1:colcon.colcon_core.environment:checking '/home/ahmedmuhammad/pingpong_ws/install/media_pipe/lib'
[6.792s] Level 1:colcon.colcon_core.environment:checking '/home/ahmedmuhammad/pingpong_ws/install/media_pipe/bin'
[6.792s] Level 1:colcon.colcon_core.environment:checking '/home/ahmedmuhammad/pingpong_ws/install/media_pipe/lib/pkgconfig/media_pipe.pc'
[6.793s] Level 1:colcon.colcon_core.environment:checking '/home/ahmedmuhammad/pingpong_ws/install/media_pipe/lib/python3.10/site-packages'
[6.793s] Level 1:colcon.colcon_core.shell:create_environment_hook('media_pipe', 'pythonpath')
[6.804s] INFO:colcon.colcon_core.shell:Creating environment hook '/home/ahmedmuhammad/pingpong_ws/install/media_pipe/share/media_pipe/hook/pythonpath.ps1'
[6.804s] INFO:colcon.colcon_core.shell:Creating environment descriptor '/home/ahmedmuhammad/pingpong_ws/install/media_pipe/share/media_pipe/hook/pythonpath.dsv'
[6.804s] INFO:colcon.colcon_core.shell:Creating environment hook '/home/ahmedmuhammad/pingpong_ws/install/media_pipe/share/media_pipe/hook/pythonpath.sh'
[6.805s] Level 1:colcon.colcon_core.environment:checking '/home/ahmedmuhammad/pingpong_ws/install/media_pipe/bin'
[6.805s] Level 1:colcon.colcon_core.environment:create_environment_scripts_only(media_pipe)
[6.822s] INFO:colcon.colcon_core.shell:Creating package script '/home/ahmedmuhammad/pingpong_ws/install/media_pipe/share/media_pipe/package.ps1'
[6.823s] INFO:colcon.colcon_core.shell:Creating package descriptor '/home/ahmedmuhammad/pingpong_ws/install/media_pipe/share/media_pipe/package.dsv'
[6.823s] INFO:colcon.colcon_core.shell:Creating package script '/home/ahmedmuhammad/pingpong_ws/install/media_pipe/share/media_pipe/package.sh'
[6.823s] INFO:colcon.colcon_core.shell:Creating package script '/home/ahmedmuhammad/pingpong_ws/install/media_pipe/share/media_pipe/package.bash'
[6.824s] INFO:colcon.colcon_core.shell:Creating package script '/home/ahmedmuhammad/pingpong_ws/install/media_pipe/share/media_pipe/package.zsh'
[6.824s] Level 1:colcon.colcon_core.environment:create_file_with_runtime_dependencies(/home/ahmedmuhammad/pingpong_ws/install/media_pipe/share/colcon-core/packages/media_pipe)
[11.417s] DEBUG:colcon.colcon_core.event_handler.log_command:Invoked command in '/home/ahmedmuhammad/pingpong_ws/build/image_transport_tutorials' returned '0': CMAKE_PREFIX_PATH=${CMAKE_PREFIX_PATH}:/home/ahmedmuhammad/pingpong_ws/install/media_pipe:/home/ahmedmuhammad/pingpong_ws/install/check_image_size:/opt/ros/humble /usr/bin/cmake /home/ahmedmuhammad/pingpong_ws/src/image_transport_tutorials -DCMAKE_INSTALL_PREFIX=/home/ahmedmuhammad/pingpong_ws/install/image_transport_tutorials
[11.419s] DEBUG:colcon.colcon_core.event_handler.log_command:Invoking command in '/home/ahmedmuhammad/pingpong_ws/build/image_transport_tutorials': CMAKE_PREFIX_PATH=${CMAKE_PREFIX_PATH}:/home/ahmedmuhammad/pingpong_ws/install/media_pipe:/home/ahmedmuhammad/pingpong_ws/install/check_image_size:/opt/ros/humble /usr/bin/cmake --build /home/ahmedmuhammad/pingpong_ws/build/image_transport_tutorials -- -j16 -l16
[20.210s] DEBUG:colcon.colcon_core.event_handler.log_command:Invoked command in '/home/ahmedmuhammad/pingpong_ws/build/image_transport_tutorials' returned '0': CMAKE_PREFIX_PATH=${CMAKE_PREFIX_PATH}:/home/ahmedmuhammad/pingpong_ws/install/media_pipe:/home/ahmedmuhammad/pingpong_ws/install/check_image_size:/opt/ros/humble /usr/bin/cmake --build /home/ahmedmuhammad/pingpong_ws/build/image_transport_tutorials -- -j16 -l16
[20.253s] DEBUG:colcon.colcon_core.event_handler.log_command:Invoking command in '/home/ahmedmuhammad/pingpong_ws/build/image_transport_tutorials': CMAKE_PREFIX_PATH=${CMAKE_PREFIX_PATH}:/home/ahmedmuhammad/pingpong_ws/install/media_pipe:/home/ahmedmuhammad/pingpong_ws/install/check_image_size:/opt/ros/humble /usr/bin/cmake --install /home/ahmedmuhammad/pingpong_ws/build/image_transport_tutorials
[20.309s] Level 1:colcon.colcon_core.environment:create_environment_scripts_only(image_transport_tutorials)
[20.310s] DEBUG:colcon.colcon_core.event_handler.log_command:Invoked command in '/home/ahmedmuhammad/pingpong_ws/build/image_transport_tutorials' returned '0': CMAKE_PREFIX_PATH=${CMAKE_PREFIX_PATH}:/home/ahmedmuhammad/pingpong_ws/install/media_pipe:/home/ahmedmuhammad/pingpong_ws/install/check_image_size:/opt/ros/humble /usr/bin/cmake --install /home/ahmedmuhammad/pingpong_ws/build/image_transport_tutorials
[20.320s] Level 1:colcon.colcon_core.environment:checking '/home/ahmedmuhammad/pingpong_ws/install/image_transport_tutorials' for CMake module files
[20.321s] Level 1:colcon.colcon_core.environment:checking '/home/ahmedmuhammad/pingpong_ws/install/image_transport_tutorials' for CMake config files
[20.321s] Level 1:colcon.colcon_core.shell:create_environment_hook('image_transport_tutorials', 'cmake_prefix_path')
[20.332s] INFO:colcon.colcon_core.shell:Creating environment hook '/home/ahmedmuhammad/pingpong_ws/install/image_transport_tutorials/share/image_transport_tutorials/hook/cmake_prefix_path.ps1'
[20.332s] INFO:colcon.colcon_core.shell:Creating environment descriptor '/home/ahmedmuhammad/pingpong_ws/install/image_transport_tutorials/share/image_transport_tutorials/hook/cmake_prefix_path.dsv'
[20.332s] INFO:colcon.colcon_core.shell:Creating environment hook '/home/ahmedmuhammad/pingpong_ws/install/image_transport_tutorials/share/image_transport_tutorials/hook/cmake_prefix_path.sh'
[20.333s] Level 1:colcon.colcon_core.environment:checking '/home/ahmedmuhammad/pingpong_ws/install/image_transport_tutorials/lib'
[20.333s] Level 1:colcon.colcon_core.shell:create_environment_hook('image_transport_tutorials', 'ld_library_path_lib')
[20.356s] INFO:colcon.colcon_core.shell:Creating environment hook '/home/ahmedmuhammad/pingpong_ws/install/image_transport_tutorials/share/image_transport_tutorials/hook/ld_library_path_lib.ps1'
[20.357s] INFO:colcon.colcon_core.shell:Creating environment descriptor '/home/ahmedmuhammad/pingpong_ws/install/image_transport_tutorials/share/image_transport_tutorials/hook/ld_library_path_lib.dsv'
[20.357s] INFO:colcon.colcon_core.shell:Creating environment hook '/home/ahmedmuhammad/pingpong_ws/install/image_transport_tutorials/share/image_transport_tutorials/hook/ld_library_path_lib.sh'
[20.357s] Level 1:colcon.colcon_core.environment:checking '/home/ahmedmuhammad/pingpong_ws/install/image_transport_tutorials/bin'
[20.357s] Level 1:colcon.colcon_core.environment:checking '/home/ahmedmuhammad/pingpong_ws/install/image_transport_tutorials/lib/pkgconfig/image_transport_tutorials.pc'
[20.358s] Level 1:colcon.colcon_core.environment:checking '/home/ahmedmuhammad/pingpong_ws/install/image_transport_tutorials/lib/python3.10/site-packages'
[20.358s] Level 1:colcon.colcon_core.environment:checking '/home/ahmedmuhammad/pingpong_ws/install/image_transport_tutorials/bin'
[20.375s] INFO:colcon.colcon_core.shell:Creating package script '/home/ahmedmuhammad/pingpong_ws/install/image_transport_tutorials/share/image_transport_tutorials/package.ps1'
[20.375s] INFO:colcon.colcon_core.shell:Creating package descriptor '/home/ahmedmuhammad/pingpong_ws/install/image_transport_tutorials/share/image_transport_tutorials/package.dsv'
[20.376s] INFO:colcon.colcon_core.shell:Creating package script '/home/ahmedmuhammad/pingpong_ws/install/image_transport_tutorials/share/image_transport_tutorials/package.sh'
[20.376s] INFO:colcon.colcon_core.shell:Creating package script '/home/ahmedmuhammad/pingpong_ws/install/image_transport_tutorials/share/image_transport_tutorials/package.bash'
[20.376s] INFO:colcon.colcon_core.shell:Creating package script '/home/ahmedmuhammad/pingpong_ws/install/image_transport_tutorials/share/image_transport_tutorials/package.zsh'
[20.377s] Level 1:colcon.colcon_core.environment:create_file_with_runtime_dependencies(/home/ahmedmuhammad/pingpong_ws/install/image_transport_tutorials/share/colcon-core/packages/image_transport_tutorials)
[20.441s] Level 1:colcon.colcon_core.environment:create_environment_scripts_only(image_transport_tutorials)
[20.451s] Level 1:colcon.colcon_core.environment:checking '/home/ahmedmuhammad/pingpong_ws/install/image_transport_tutorials' for CMake module files
[20.452s] Level 1:colcon.colcon_core.environment:checking '/home/ahmedmuhammad/pingpong_ws/install/image_transport_tutorials' for CMake config files
[20.452s] Level 1:colcon.colcon_core.shell:create_environment_hook('image_transport_tutorials', 'cmake_prefix_path')
[20.473s] INFO:colcon.colcon_core.shell:Creating environment hook '/home/ahmedmuhammad/pingpong_ws/install/image_transport_tutorials/share/image_transport_tutorials/hook/cmake_prefix_path.ps1'
[20.473s] INFO:colcon.colcon_core.shell:Creating environment descriptor '/home/ahmedmuhammad/pingpong_ws/install/image_transport_tutorials/share/image_transport_tutorials/hook/cmake_prefix_path.dsv'
[20.473s] INFO:colcon.colcon_core.shell:Creating environment hook '/home/ahmedmuhammad/pingpong_ws/install/image_transport_tutorials/share/image_transport_tutorials/hook/cmake_prefix_path.sh'
[20.474s] Level 1:colcon.colcon_core.environment:checking '/home/ahmedmuhammad/pingpong_ws/install/image_transport_tutorials/lib'
[20.474s] Level 1:colcon.colcon_core.shell:create_environment_hook('image_transport_tutorials', 'ld_library_path_lib')
[20.485s] INFO:colcon.colcon_core.shell:Creating environment hook '/home/ahmedmuhammad/pingpong_ws/install/image_transport_tutorials/share/image_transport_tutorials/hook/ld_library_path_lib.ps1'
[20.485s] INFO:colcon.colcon_core.shell:Creating environment descriptor '/home/ahmedmuhammad/pingpong_ws/install/image_transport_tutorials/share/image_transport_tutorials/hook/ld_library_path_lib.dsv'
[20.485s] INFO:colcon.colcon_core.shell:Creating environment hook '/home/ahmedmuhammad/pingpong_ws/install/image_transport_tutorials/share/image_transport_tutorials/hook/ld_library_path_lib.sh'
[20.485s] Level 1:colcon.colcon_core.environment:checking '/home/ahmedmuhammad/pingpong_ws/install/image_transport_tutorials/bin'
[20.486s] Level 1:colcon.colcon_core.environment:checking '/home/ahmedmuhammad/pingpong_ws/install/image_transport_tutorials/lib/pkgconfig/image_transport_tutorials.pc'
[20.486s] Level 1:colcon.colcon_core.environment:checking '/home/ahmedmuhammad/pingpong_ws/install/image_transport_tutorials/lib/python3.10/site-packages'
[20.486s] Level 1:colcon.colcon_core.environment:checking '/home/ahmedmuhammad/pingpong_ws/install/image_transport_tutorials/bin'
[20.497s] INFO:colcon.colcon_core.shell:Creating package script '/home/ahmedmuhammad/pingpong_ws/install/image_transport_tutorials/share/image_transport_tutorials/package.ps1'
[20.497s] INFO:colcon.colcon_core.shell:Creating package descriptor '/home/ahmedmuhammad/pingpong_ws/install/image_transport_tutorials/share/image_transport_tutorials/package.dsv'
[20.498s] INFO:colcon.colcon_core.shell:Creating package script '/home/ahmedmuhammad/pingpong_ws/install/image_transport_tutorials/share/image_transport_tutorials/package.sh'
[20.498s] INFO:colcon.colcon_core.shell:Creating package script '/home/ahmedmuhammad/pingpong_ws/install/image_transport_tutorials/share/image_transport_tutorials/package.bash'
[20.498s] INFO:colcon.colcon_core.shell:Creating package script '/home/ahmedmuhammad/pingpong_ws/install/image_transport_tutorials/share/image_transport_tutorials/package.zsh'
[20.499s] Level 1:colcon.colcon_core.environment:create_file_with_runtime_dependencies(/home/ahmedmuhammad/pingpong_ws/install/image_transport_tutorials/share/colcon-core/packages/image_transport_tutorials)
[20.499s] DEBUG:colcon.colcon_parallel_executor.executor.parallel:closing loop
[20.499s] DEBUG:colcon.colcon_parallel_executor.executor.parallel:loop closed
[20.499s] DEBUG:colcon.colcon_parallel_executor.executor.parallel:run_until_complete finished with '0'
[20.500s] DEBUG:colcon.colcon_core.event_reactor:joining thread
[20.515s] INFO:colcon.colcon_core.plugin_system:Skipping extension 'colcon_notification.desktop_notification.terminal_notifier': Not used on non-Darwin systems
[20.515s] INFO:colcon.colcon_core.plugin_system:Skipping extension 'colcon_notification.desktop_notification.win32': Not used on non-Windows systems
[20.515s] INFO:colcon.colcon_notification.desktop_notification:Sending desktop notification using 'notify2'
[20.523s] DEBUG:colcon.colcon_core.event_reactor:joined thread
[20.537s] INFO:colcon.colcon_core.shell:Creating prefix script '/home/ahmedmuhammad/pingpong_ws/install/local_setup.ps1'
[20.540s] INFO:colcon.colcon_core.shell:Creating prefix util module '/home/ahmedmuhammad/pingpong_ws/install/_local_setup_util_ps1.py'
[20.541s] INFO:colcon.colcon_core.shell:Creating prefix chain script '/home/ahmedmuhammad/pingpong_ws/install/setup.ps1'
[20.559s] INFO:colcon.colcon_core.shell:Creating prefix script '/home/ahmedmuhammad/pingpong_ws/install/local_setup.sh'
[20.560s] INFO:colcon.colcon_core.shell:Creating prefix util module '/home/ahmedmuhammad/pingpong_ws/install/_local_setup_util_sh.py'
[20.560s] INFO:colcon.colcon_core.shell:Creating prefix chain script '/home/ahmedmuhammad/pingpong_ws/install/setup.sh'
[20.574s] INFO:colcon.colcon_core.shell:Creating prefix script '/home/ahmedmuhammad/pingpong_ws/install/local_setup.bash'
[20.574s] INFO:colcon.colcon_core.shell:Creating prefix chain script '/home/ahmedmuhammad/pingpong_ws/install/setup.bash'
[20.592s] INFO:colcon.colcon_core.shell:Creating prefix script '/home/ahmedmuhammad/pingpong_ws/install/local_setup.zsh'
[20.593s] INFO:colcon.colcon_core.shell:Creating prefix chain script '/home/ahmedmuhammad/pingpong_ws/install/setup.zsh'
