-- The C compiler identification is GNU 11.4.0
-- The CXX compiler identification is GNU 11.4.0
-- Detecting C compiler ABI info
-- Detecting C compiler ABI info - done
-- Check for working C compiler: /usr/bin/cc - skipped
-- Detecting C compile features
-- Detecting C compile features - done
-- Detecting CXX compiler ABI info
-- Detecting CXX compiler ABI info - done
-- Check for working CXX compiler: /usr/bin/c++ - skipped
-- Detecting CXX compile features
-- Detecting CXX compile features - done
-- Found ament_cmake: 1.3.8 (/opt/ros/humble/share/ament_cmake/cmake)
-- Found Python3: /usr/bin/python3 (found version "3.10.12") found components: Interpreter 
-- Found rosidl_default_generators: 1.2.0 (/opt/ros/humble/share/rosidl_default_generators/cmake)
-- Using all available rosidl_typesupport_c: rosidl_typesupport_fastrtps_c;rosidl_typesupport_introspection_c
-- Found rosidl_adapter: 3.1.5 (/opt/ros/humble/share/rosidl_adapter/cmake)
-- Using all available rosidl_typesupport_cpp: rosidl_typesupport_fastrtps_cpp;rosidl_typesupport_introspection_cpp
-- Found ament_cmake_ros: 0.10.0 (/opt/ros/humble/share/ament_cmake_ros/cmake)
-- Using all available rosidl_typesupport_c: rosidl_typesupport_fastrtps_c;rosidl_typesupport_introspection_c
-- Using all available rosidl_typesupport_cpp: rosidl_typesupport_fastrtps_cpp;rosidl_typesupport_introspection_cpp
-- Found PythonInterp: /usr/bin/python3 (found suitable version "3.10.12", minimum required is "3.6") 
-- Found python_cmake_module: 0.10.0 (/opt/ros/humble/share/python_cmake_module/cmake)
-- Found PythonLibs: /usr/lib/x86_64-linux-gnu/libpython3.10.so (found suitable version "3.10.12", minimum required is "3.5") 
-- Using PYTHON_EXECUTABLE: /usr/bin/python3
-- Using PYTHON_INCLUDE_DIRS: /usr/include/python3.10
-- Using PYTHON_LIBRARIES: /usr/lib/x86_64-linux-gnu/libpython3.10.so
-- Found PythonExtra: .so  
-- Configuring done
-- Generating done
-- Build files have been written to: /home/ahmedmuhammad/pingpong_ws/build/player_commands
[  3%] [34m[1mGenerating C code for ROS interfaces[0m
[  6%] [34m[1mGenerating C++ code for ROS interfaces[0m
[  6%] Built target ament_cmake_python_copy_player_commands
running egg_info
creating player_commands.egg-info
writing player_commands.egg-info/PKG-INFO
writing dependency_links to player_commands.egg-info/dependency_links.txt
writing top-level names to player_commands.egg-info/top_level.txt
writing manifest file 'player_commands.egg-info/SOURCES.txt'
reading manifest file 'player_commands.egg-info/SOURCES.txt'
writing manifest file 'player_commands.egg-info/SOURCES.txt'
[  6%] Built target player_commands__cpp
[  9%] [32mBuilding C object CMakeFiles/player_commands__rosidl_generator_c.dir/rosidl_generator_c/player_commands/msg/detail/player_command__functions.c.o[0m
[ 19%] [34m[1mGenerating C++ type support for eProsima Fast-RTPS[0m
[ 16%] [34m[1mGenerating C++ type support dispatch for ROS interfaces[0m
[ 19%] [34m[1mGenerating C++ introspection for ROS interfaces[0m
[ 19%] Built target ament_cmake_python_build_player_commands_egg
[ 22%] [32m[1mLinking C shared library libplayer_commands__rosidl_generator_c.so[0m
[ 22%] Built target player_commands__rosidl_generator_c
[ 29%] [34m[1mGenerating C type support for eProsima Fast-RTPS[0m
[ 29%] [34m[1mGenerating C introspection for ROS interfaces[0m
[ 32%] [34m[1mGenerating C type support dispatch for ROS interfaces[0m
[ 35%] [32mBuilding CXX object CMakeFiles/player_commands__rosidl_typesupport_cpp.dir/rosidl_typesupport_cpp/player_commands/msg/player_command__type_support.cpp.o[0m
[ 38%] [32mBuilding CXX object CMakeFiles/player_commands__rosidl_typesupport_introspection_cpp.dir/rosidl_typesupport_introspection_cpp/player_commands/msg/detail/player_command__type_support.cpp.o[0m
[ 41%] [32mBuilding CXX object CMakeFiles/player_commands__rosidl_typesupport_fastrtps_cpp.dir/rosidl_typesupport_fastrtps_cpp/player_commands/msg/detail/dds_fastrtps/player_command__type_support.cpp.o[0m
[ 45%] [32mBuilding CXX object CMakeFiles/player_commands__rosidl_typesupport_fastrtps_c.dir/rosidl_typesupport_fastrtps_c/player_commands/msg/detail/player_command__type_support_c.cpp.o[0m
[ 48%] [32mBuilding CXX object CMakeFiles/player_commands__rosidl_typesupport_c.dir/rosidl_typesupport_c/player_commands/msg/player_command__type_support.cpp.o[0m
[ 51%] [32mBuilding C object CMakeFiles/player_commands__rosidl_typesupport_introspection_c.dir/rosidl_typesupport_introspection_c/player_commands/msg/detail/player_command__type_support.c.o[0m
[ 54%] [32m[1mLinking CXX shared library libplayer_commands__rosidl_typesupport_c.so[0m
[ 58%] [32m[1mLinking C shared library libplayer_commands__rosidl_typesupport_introspection_c.so[0m
[ 61%] [32m[1mLinking CXX shared library libplayer_commands__rosidl_typesupport_cpp.so[0m
[ 61%] Built target player_commands__rosidl_typesupport_introspection_c
[ 61%] Built target player_commands__rosidl_typesupport_c
[ 61%] Built target player_commands__rosidl_typesupport_cpp
[ 64%] [32m[1mLinking CXX shared library libplayer_commands__rosidl_typesupport_introspection_cpp.so[0m
[ 67%] [32m[1mLinking CXX shared library libplayer_commands__rosidl_typesupport_fastrtps_cpp.so[0m
[ 70%] [32m[1mLinking CXX shared library libplayer_commands__rosidl_typesupport_fastrtps_c.so[0m
[ 70%] Built target player_commands__rosidl_typesupport_introspection_cpp
[ 70%] Built target player_commands__rosidl_typesupport_fastrtps_cpp
[ 70%] Built target player_commands__rosidl_typesupport_fastrtps_c
[ 70%] Built target player_commands
[ 74%] [34m[1mGenerating Python code for ROS interfaces[0m
[ 74%] Built target player_commands__py
[ 77%] [32mBuilding C object CMakeFiles/player_commands__rosidl_generator_py.dir/rosidl_generator_py/player_commands/msg/_player_command_s.c.o[0m
[ 80%] [32m[1mLinking C shared library rosidl_generator_py/player_commands/libplayer_commands__rosidl_generator_py.so[0m
[ 80%] Built target player_commands__rosidl_generator_py
[ 90%] [32mBuilding C object CMakeFiles/player_commands__rosidl_typesupport_introspection_c__pyext.dir/rosidl_generator_py/player_commands/_player_commands_s.ep.rosidl_typesupport_introspection_c.c.o[0m
[ 90%] [32mBuilding C object CMakeFiles/player_commands__rosidl_typesupport_c__pyext.dir/rosidl_generator_py/player_commands/_player_commands_s.ep.rosidl_typesupport_c.c.o[0m
[ 90%] [32mBuilding C object CMakeFiles/player_commands__rosidl_typesupport_fastrtps_c__pyext.dir/rosidl_generator_py/player_commands/_player_commands_s.ep.rosidl_typesupport_fastrtps_c.c.o[0m
[ 96%] [32m[1mLinking C shared library rosidl_generator_py/player_commands/player_commands_s__rosidl_typesupport_introspection_c.cpython-310-x86_64-linux-gnu.so[0m
[ 96%] [32m[1mLinking C shared library rosidl_generator_py/player_commands/player_commands_s__rosidl_typesupport_c.cpython-310-x86_64-linux-gnu.so[0m
[100%] [32m[1mLinking C shared library rosidl_generator_py/player_commands/player_commands_s__rosidl_typesupport_fastrtps_c.cpython-310-x86_64-linux-gnu.so[0m
[100%] Built target player_commands__rosidl_typesupport_introspection_c__pyext
[100%] Built target player_commands__rosidl_typesupport_fastrtps_c__pyext
[100%] Built target player_commands__rosidl_typesupport_c__pyext
-- Install configuration: ""
-- Installing: /home/ahmedmuhammad/pingpong_ws/install/player_commands/share/ament_index/resource_index/rosidl_interfaces/player_commands
-- Installing: /home/ahmedmuhammad/pingpong_ws/install/player_commands/include/player_commands/player_commands
-- Installing: /home/ahmedmuhammad/pingpong_ws/install/player_commands/include/player_commands/player_commands/msg
-- Installing: /home/ahmedmuhammad/pingpong_ws/install/player_commands/include/player_commands/player_commands/msg/detail
-- Installing: /home/ahmedmuhammad/pingpong_ws/install/player_commands/include/player_commands/player_commands/msg/detail/player_command__struct.h
-- Installing: /home/ahmedmuhammad/pingpong_ws/install/player_commands/include/player_commands/player_commands/msg/detail/player_command__functions.h
-- Installing: /home/ahmedmuhammad/pingpong_ws/install/player_commands/include/player_commands/player_commands/msg/detail/player_command__type_support.h
-- Installing: /home/ahmedmuhammad/pingpong_ws/install/player_commands/include/player_commands/player_commands/msg/detail/player_command__functions.c
-- Installing: /home/ahmedmuhammad/pingpong_ws/install/player_commands/include/player_commands/player_commands/msg/player_command.h
-- Installing: /home/ahmedmuhammad/pingpong_ws/install/player_commands/include/player_commands/player_commands/msg/rosidl_generator_c__visibility_control.h
-- Installing: /home/ahmedmuhammad/pingpong_ws/install/player_commands/share/player_commands/environment/library_path.sh
-- Installing: /home/ahmedmuhammad/pingpong_ws/install/player_commands/share/player_commands/environment/library_path.dsv
-- Installing: /home/ahmedmuhammad/pingpong_ws/install/player_commands/lib/libplayer_commands__rosidl_generator_c.so
-- Set runtime path of "/home/ahmedmuhammad/pingpong_ws/install/player_commands/lib/libplayer_commands__rosidl_generator_c.so" to ""
-- Up-to-date: /home/ahmedmuhammad/pingpong_ws/install/player_commands/include/player_commands/player_commands
-- Up-to-date: /home/ahmedmuhammad/pingpong_ws/install/player_commands/include/player_commands/player_commands/msg
-- Up-to-date: /home/ahmedmuhammad/pingpong_ws/install/player_commands/include/player_commands/player_commands/msg/detail
-- Installing: /home/ahmedmuhammad/pingpong_ws/install/player_commands/include/player_commands/player_commands/msg/detail/player_command__rosidl_typesupport_fastrtps_c.h
-- Installing: /home/ahmedmuhammad/pingpong_ws/install/player_commands/include/player_commands/player_commands/msg/rosidl_typesupport_fastrtps_c__visibility_control.h
-- Installing: /home/ahmedmuhammad/pingpong_ws/install/player_commands/lib/libplayer_commands__rosidl_typesupport_fastrtps_c.so
-- Set runtime path of "/home/ahmedmuhammad/pingpong_ws/install/player_commands/lib/libplayer_commands__rosidl_typesupport_fastrtps_c.so" to ""
-- Up-to-date: /home/ahmedmuhammad/pingpong_ws/install/player_commands/include/player_commands/player_commands
-- Up-to-date: /home/ahmedmuhammad/pingpong_ws/install/player_commands/include/player_commands/player_commands/msg
-- Up-to-date: /home/ahmedmuhammad/pingpong_ws/install/player_commands/include/player_commands/player_commands/msg/detail
-- Installing: /home/ahmedmuhammad/pingpong_ws/install/player_commands/include/player_commands/player_commands/msg/detail/player_command__type_support.c
-- Installing: /home/ahmedmuhammad/pingpong_ws/install/player_commands/include/player_commands/player_commands/msg/detail/player_command__rosidl_typesupport_introspection_c.h
-- Installing: /home/ahmedmuhammad/pingpong_ws/install/player_commands/include/player_commands/player_commands/msg/rosidl_typesupport_introspection_c__visibility_control.h
-- Installing: /home/ahmedmuhammad/pingpong_ws/install/player_commands/lib/libplayer_commands__rosidl_typesupport_introspection_c.so
-- Set runtime path of "/home/ahmedmuhammad/pingpong_ws/install/player_commands/lib/libplayer_commands__rosidl_typesupport_introspection_c.so" to ""
-- Installing: /home/ahmedmuhammad/pingpong_ws/install/player_commands/lib/libplayer_commands__rosidl_typesupport_c.so
-- Set runtime path of "/home/ahmedmuhammad/pingpong_ws/install/player_commands/lib/libplayer_commands__rosidl_typesupport_c.so" to ""
-- Up-to-date: /home/ahmedmuhammad/pingpong_ws/install/player_commands/include/player_commands/player_commands
-- Up-to-date: /home/ahmedmuhammad/pingpong_ws/install/player_commands/include/player_commands/player_commands/msg
-- Up-to-date: /home/ahmedmuhammad/pingpong_ws/install/player_commands/include/player_commands/player_commands/msg/detail
-- Installing: /home/ahmedmuhammad/pingpong_ws/install/player_commands/include/player_commands/player_commands/msg/detail/player_command__traits.hpp
-- Installing: /home/ahmedmuhammad/pingpong_ws/install/player_commands/include/player_commands/player_commands/msg/detail/player_command__struct.hpp
-- Installing: /home/ahmedmuhammad/pingpong_ws/install/player_commands/include/player_commands/player_commands/msg/detail/player_command__builder.hpp
-- Installing: /home/ahmedmuhammad/pingpong_ws/install/player_commands/include/player_commands/player_commands/msg/player_command.hpp
-- Up-to-date: /home/ahmedmuhammad/pingpong_ws/install/player_commands/include/player_commands/player_commands
-- Up-to-date: /home/ahmedmuhammad/pingpong_ws/install/player_commands/include/player_commands/player_commands/msg
-- Up-to-date: /home/ahmedmuhammad/pingpong_ws/install/player_commands/include/player_commands/player_commands/msg/detail
-- Installing: /home/ahmedmuhammad/pingpong_ws/install/player_commands/include/player_commands/player_commands/msg/detail/dds_fastrtps
-- Installing: /home/ahmedmuhammad/pingpong_ws/install/player_commands/include/player_commands/player_commands/msg/detail/player_command__rosidl_typesupport_fastrtps_cpp.hpp
-- Installing: /home/ahmedmuhammad/pingpong_ws/install/player_commands/include/player_commands/player_commands/msg/rosidl_typesupport_fastrtps_cpp__visibility_control.h
-- Installing: /home/ahmedmuhammad/pingpong_ws/install/player_commands/lib/libplayer_commands__rosidl_typesupport_fastrtps_cpp.so
-- Set runtime path of "/home/ahmedmuhammad/pingpong_ws/install/player_commands/lib/libplayer_commands__rosidl_typesupport_fastrtps_cpp.so" to ""
-- Up-to-date: /home/ahmedmuhammad/pingpong_ws/install/player_commands/include/player_commands/player_commands
-- Up-to-date: /home/ahmedmuhammad/pingpong_ws/install/player_commands/include/player_commands/player_commands/msg
-- Up-to-date: /home/ahmedmuhammad/pingpong_ws/install/player_commands/include/player_commands/player_commands/msg/detail
-- Installing: /home/ahmedmuhammad/pingpong_ws/install/player_commands/include/player_commands/player_commands/msg/detail/player_command__rosidl_typesupport_introspection_cpp.hpp
-- Installing: /home/ahmedmuhammad/pingpong_ws/install/player_commands/include/player_commands/player_commands/msg/detail/player_command__type_support.cpp
-- Installing: /home/ahmedmuhammad/pingpong_ws/install/player_commands/lib/libplayer_commands__rosidl_typesupport_introspection_cpp.so
-- Set runtime path of "/home/ahmedmuhammad/pingpong_ws/install/player_commands/lib/libplayer_commands__rosidl_typesupport_introspection_cpp.so" to ""
-- Installing: /home/ahmedmuhammad/pingpong_ws/install/player_commands/lib/libplayer_commands__rosidl_typesupport_cpp.so
-- Set runtime path of "/home/ahmedmuhammad/pingpong_ws/install/player_commands/lib/libplayer_commands__rosidl_typesupport_cpp.so" to ""
-- Installing: /home/ahmedmuhammad/pingpong_ws/install/player_commands/share/player_commands/environment/pythonpath.sh
-- Installing: /home/ahmedmuhammad/pingpong_ws/install/player_commands/share/player_commands/environment/pythonpath.dsv
-- Installing: /home/ahmedmuhammad/pingpong_ws/install/player_commands/local/lib/python3.10/dist-packages/player_commands-0.0.0-py3.10.egg-info
-- Installing: /home/ahmedmuhammad/pingpong_ws/install/player_commands/local/lib/python3.10/dist-packages/player_commands-0.0.0-py3.10.egg-info/SOURCES.txt
-- Installing: /home/ahmedmuhammad/pingpong_ws/install/player_commands/local/lib/python3.10/dist-packages/player_commands-0.0.0-py3.10.egg-info/top_level.txt
-- Installing: /home/ahmedmuhammad/pingpong_ws/install/player_commands/local/lib/python3.10/dist-packages/player_commands-0.0.0-py3.10.egg-info/dependency_links.txt
-- Installing: /home/ahmedmuhammad/pingpong_ws/install/player_commands/local/lib/python3.10/dist-packages/player_commands-0.0.0-py3.10.egg-info/PKG-INFO
-- Installing: /home/ahmedmuhammad/pingpong_ws/install/player_commands/local/lib/python3.10/dist-packages/player_commands
-- Installing: /home/ahmedmuhammad/pingpong_ws/install/player_commands/local/lib/python3.10/dist-packages/player_commands/__init__.py
-- Installing: /home/ahmedmuhammad/pingpong_ws/install/player_commands/local/lib/python3.10/dist-packages/player_commands/msg
-- Installing: /home/ahmedmuhammad/pingpong_ws/install/player_commands/local/lib/python3.10/dist-packages/player_commands/msg/_player_command.py
-- Installing: /home/ahmedmuhammad/pingpong_ws/install/player_commands/local/lib/python3.10/dist-packages/player_commands/msg/__init__.py
-- Installing: /home/ahmedmuhammad/pingpong_ws/install/player_commands/local/lib/python3.10/dist-packages/player_commands/msg/_player_command_s.c
-- Installing: /home/ahmedmuhammad/pingpong_ws/install/player_commands/local/lib/python3.10/dist-packages/player_commands/player_commands_s__rosidl_typesupport_introspection_c.cpython-310-x86_64-linux-gnu.so
-- Installing: /home/ahmedmuhammad/pingpong_ws/install/player_commands/local/lib/python3.10/dist-packages/player_commands/_player_commands_s.ep.rosidl_typesupport_fastrtps_c.c
-- Installing: /home/ahmedmuhammad/pingpong_ws/install/player_commands/local/lib/python3.10/dist-packages/player_commands/player_commands_s__rosidl_typesupport_fastrtps_c.cpython-310-x86_64-linux-gnu.so
-- Installing: /home/ahmedmuhammad/pingpong_ws/install/player_commands/local/lib/python3.10/dist-packages/player_commands/_player_commands_s.ep.rosidl_typesupport_introspection_c.c
-- Installing: /home/ahmedmuhammad/pingpong_ws/install/player_commands/local/lib/python3.10/dist-packages/player_commands/_player_commands_s.ep.rosidl_typesupport_c.c
-- Installing: /home/ahmedmuhammad/pingpong_ws/install/player_commands/local/lib/python3.10/dist-packages/player_commands/libplayer_commands__rosidl_generator_py.so
-- Installing: /home/ahmedmuhammad/pingpong_ws/install/player_commands/local/lib/python3.10/dist-packages/player_commands/player_commands_s__rosidl_typesupport_c.cpython-310-x86_64-linux-gnu.so
Listing '/home/ahmedmuhammad/pingpong_ws/install/player_commands/local/lib/python3.10/dist-packages/player_commands'...
Compiling '/home/ahmedmuhammad/pingpong_ws/install/player_commands/local/lib/python3.10/dist-packages/player_commands/__init__.py'...
Listing '/home/ahmedmuhammad/pingpong_ws/install/player_commands/local/lib/python3.10/dist-packages/player_commands/msg'...
Compiling '/home/ahmedmuhammad/pingpong_ws/install/player_commands/local/lib/python3.10/dist-packages/player_commands/msg/__init__.py'...
Compiling '/home/ahmedmuhammad/pingpong_ws/install/player_commands/local/lib/python3.10/dist-packages/player_commands/msg/_player_command.py'...
-- Installing: /home/ahmedmuhammad/pingpong_ws/install/player_commands/local/lib/python3.10/dist-packages/player_commands/player_commands_s__rosidl_typesupport_fastrtps_c.cpython-310-x86_64-linux-gnu.so
-- Set runtime path of "/home/ahmedmuhammad/pingpong_ws/install/player_commands/local/lib/python3.10/dist-packages/player_commands/player_commands_s__rosidl_typesupport_fastrtps_c.cpython-310-x86_64-linux-gnu.so" to ""
-- Installing: /home/ahmedmuhammad/pingpong_ws/install/player_commands/local/lib/python3.10/dist-packages/player_commands/player_commands_s__rosidl_typesupport_introspection_c.cpython-310-x86_64-linux-gnu.so
-- Set runtime path of "/home/ahmedmuhammad/pingpong_ws/install/player_commands/local/lib/python3.10/dist-packages/player_commands/player_commands_s__rosidl_typesupport_introspection_c.cpython-310-x86_64-linux-gnu.so" to ""
-- Installing: /home/ahmedmuhammad/pingpong_ws/install/player_commands/local/lib/python3.10/dist-packages/player_commands/player_commands_s__rosidl_typesupport_c.cpython-310-x86_64-linux-gnu.so
-- Set runtime path of "/home/ahmedmuhammad/pingpong_ws/install/player_commands/local/lib/python3.10/dist-packages/player_commands/player_commands_s__rosidl_typesupport_c.cpython-310-x86_64-linux-gnu.so" to ""
-- Installing: /home/ahmedmuhammad/pingpong_ws/install/player_commands/lib/libplayer_commands__rosidl_generator_py.so
-- Set runtime path of "/home/ahmedmuhammad/pingpong_ws/install/player_commands/lib/libplayer_commands__rosidl_generator_py.so" to ""
-- Installing: /home/ahmedmuhammad/pingpong_ws/install/player_commands/share/player_commands/msg/PlayerCommand.idl
-- Installing: /home/ahmedmuhammad/pingpong_ws/install/player_commands/share/player_commands/msg/PlayerCommand.msg
-- Installing: /home/ahmedmuhammad/pingpong_ws/install/player_commands/share/ament_index/resource_index/package_run_dependencies/player_commands
-- Installing: /home/ahmedmuhammad/pingpong_ws/install/player_commands/share/ament_index/resource_index/parent_prefix_path/player_commands
-- Installing: /home/ahmedmuhammad/pingpong_ws/install/player_commands/share/player_commands/environment/ament_prefix_path.sh
-- Installing: /home/ahmedmuhammad/pingpong_ws/install/player_commands/share/player_commands/environment/ament_prefix_path.dsv
-- Installing: /home/ahmedmuhammad/pingpong_ws/install/player_commands/share/player_commands/environment/path.sh
-- Installing: /home/ahmedmuhammad/pingpong_ws/install/player_commands/share/player_commands/environment/path.dsv
-- Installing: /home/ahmedmuhammad/pingpong_ws/install/player_commands/share/player_commands/local_setup.bash
-- Installing: /home/ahmedmuhammad/pingpong_ws/install/player_commands/share/player_commands/local_setup.sh
-- Installing: /home/ahmedmuhammad/pingpong_ws/install/player_commands/share/player_commands/local_setup.zsh
-- Installing: /home/ahmedmuhammad/pingpong_ws/install/player_commands/share/player_commands/local_setup.dsv
-- Installing: /home/ahmedmuhammad/pingpong_ws/install/player_commands/share/player_commands/package.dsv
-- Installing: /home/ahmedmuhammad/pingpong_ws/install/player_commands/share/ament_index/resource_index/packages/player_commands
-- Installing: /home/ahmedmuhammad/pingpong_ws/install/player_commands/share/player_commands/cmake/export_player_commands__rosidl_generator_cExport.cmake
-- Installing: /home/ahmedmuhammad/pingpong_ws/install/player_commands/share/player_commands/cmake/export_player_commands__rosidl_generator_cExport-noconfig.cmake
-- Installing: /home/ahmedmuhammad/pingpong_ws/install/player_commands/share/player_commands/cmake/export_player_commands__rosidl_typesupport_fastrtps_cExport.cmake
-- Installing: /home/ahmedmuhammad/pingpong_ws/install/player_commands/share/player_commands/cmake/export_player_commands__rosidl_typesupport_fastrtps_cExport-noconfig.cmake
-- Installing: /home/ahmedmuhammad/pingpong_ws/install/player_commands/share/player_commands/cmake/player_commands__rosidl_typesupport_introspection_cExport.cmake
-- Installing: /home/ahmedmuhammad/pingpong_ws/install/player_commands/share/player_commands/cmake/player_commands__rosidl_typesupport_introspection_cExport-noconfig.cmake
-- Installing: /home/ahmedmuhammad/pingpong_ws/install/player_commands/share/player_commands/cmake/player_commands__rosidl_typesupport_cExport.cmake
-- Installing: /home/ahmedmuhammad/pingpong_ws/install/player_commands/share/player_commands/cmake/player_commands__rosidl_typesupport_cExport-noconfig.cmake
-- Installing: /home/ahmedmuhammad/pingpong_ws/install/player_commands/share/player_commands/cmake/export_player_commands__rosidl_generator_cppExport.cmake
-- Installing: /home/ahmedmuhammad/pingpong_ws/install/player_commands/share/player_commands/cmake/export_player_commands__rosidl_typesupport_fastrtps_cppExport.cmake
-- Installing: /home/ahmedmuhammad/pingpong_ws/install/player_commands/share/player_commands/cmake/export_player_commands__rosidl_typesupport_fastrtps_cppExport-noconfig.cmake
-- Installing: /home/ahmedmuhammad/pingpong_ws/install/player_commands/share/player_commands/cmake/player_commands__rosidl_typesupport_introspection_cppExport.cmake
-- Installing: /home/ahmedmuhammad/pingpong_ws/install/player_commands/share/player_commands/cmake/player_commands__rosidl_typesupport_introspection_cppExport-noconfig.cmake
-- Installing: /home/ahmedmuhammad/pingpong_ws/install/player_commands/share/player_commands/cmake/player_commands__rosidl_typesupport_cppExport.cmake
-- Installing: /home/ahmedmuhammad/pingpong_ws/install/player_commands/share/player_commands/cmake/player_commands__rosidl_typesupport_cppExport-noconfig.cmake
-- Installing: /home/ahmedmuhammad/pingpong_ws/install/player_commands/share/player_commands/cmake/export_player_commands__rosidl_generator_pyExport.cmake
-- Installing: /home/ahmedmuhammad/pingpong_ws/install/player_commands/share/player_commands/cmake/export_player_commands__rosidl_generator_pyExport-noconfig.cmake
-- Installing: /home/ahmedmuhammad/pingpong_ws/install/player_commands/share/player_commands/cmake/rosidl_cmake-extras.cmake
-- Installing: /home/ahmedmuhammad/pingpong_ws/install/player_commands/share/player_commands/cmake/ament_cmake_export_include_directories-extras.cmake
-- Installing: /home/ahmedmuhammad/pingpong_ws/install/player_commands/share/player_commands/cmake/ament_cmake_export_libraries-extras.cmake
-- Installing: /home/ahmedmuhammad/pingpong_ws/install/player_commands/share/player_commands/cmake/ament_cmake_export_targets-extras.cmake
-- Installing: /home/ahmedmuhammad/pingpong_ws/install/player_commands/share/player_commands/cmake/rosidl_cmake_export_typesupport_targets-extras.cmake
-- Installing: /home/ahmedmuhammad/pingpong_ws/install/player_commands/share/player_commands/cmake/ament_cmake_export_dependencies-extras.cmake
-- Installing: /home/ahmedmuhammad/pingpong_ws/install/player_commands/share/player_commands/cmake/rosidl_cmake_export_typesupport_libraries-extras.cmake
-- Installing: /home/ahmedmuhammad/pingpong_ws/install/player_commands/share/player_commands/cmake/player_commandsConfig.cmake
-- Installing: /home/ahmedmuhammad/pingpong_ws/install/player_commands/share/player_commands/cmake/player_commandsConfig-version.cmake
-- Installing: /home/ahmedmuhammad/pingpong_ws/install/player_commands/share/player_commands/package.xml
