[0.154s] Invoking command in '/home/ahmedmuhammad/pingpong_ws/build/player_commands': CMAKE_PREFIX_PATH=${CMAKE_PREFIX_PATH}:/home/ahmedmuhammad/pingpong_ws/install/media_pipe:/home/ahmedmuhammad/pingpong_ws/install/check_image_size:/opt/ros/humble /usr/bin/cmake /home/ahmedmuhammad/pingpong_ws/src/player_commands -DCMAKE_INSTALL_PREFIX=/home/ahmedmuhammad/pingpong_ws/install/player_commands
[0.456s] -- The C compiler identification is GNU 11.4.0
[0.767s] -- The CXX compiler identification is GNU 11.4.0
[1.109s] -- Detecting C compiler ABI info
[1.222s] -- Detecting C compiler ABI info - done
[1.228s] -- Check for working C compiler: /usr/bin/cc - skipped
[1.228s] -- Detecting C compile features
[1.229s] -- Detecting C compile features - done
[1.231s] -- Detecting CXX compiler ABI info
[1.346s] -- Detecting CXX compiler ABI info - done
[1.351s] -- Check for working CXX compiler: /usr/bin/c++ - skipped
[1.352s] -- Detecting CXX compile features
[1.352s] -- Detecting CXX compile features - done
[1.354s] -- Found ament_cmake: 1.3.8 (/opt/ros/humble/share/ament_cmake/cmake)
[1.460s] -- Found Python3: /usr/bin/python3 (found version "3.10.12") found components: Interpreter 
[1.522s] -- Found rosidl_default_generators: 1.2.0 (/opt/ros/humble/share/rosidl_default_generators/cmake)
[1.524s] -- Using all available rosidl_typesupport_c: rosidl_typesupport_fastrtps_c;rosidl_typesupport_introspection_c
[1.529s] -- Found rosidl_adapter: 3.1.5 (/opt/ros/humble/share/rosidl_adapter/cmake)
[1.658s] -- Using all available rosidl_typesupport_cpp: rosidl_typesupport_fastrtps_cpp;rosidl_typesupport_introspection_cpp
[1.867s] -- Found ament_cmake_ros: 0.10.0 (/opt/ros/humble/share/ament_cmake_ros/cmake)
[1.996s] -- Using all available rosidl_typesupport_c: rosidl_typesupport_fastrtps_c;rosidl_typesupport_introspection_c
[2.175s] -- Using all available rosidl_typesupport_cpp: rosidl_typesupport_fastrtps_cpp;rosidl_typesupport_introspection_cpp
[2.312s] -- Found PythonInterp: /usr/bin/python3 (found suitable version "3.10.12", minimum required is "3.6") 
[2.313s] -- Found python_cmake_module: 0.10.0 (/opt/ros/humble/share/python_cmake_module/cmake)
[2.682s] -- Found PythonLibs: /usr/lib/x86_64-linux-gnu/libpython3.10.so (found suitable version "3.10.12", minimum required is "3.5") 
[2.682s] -- Using PYTHON_EXECUTABLE: /usr/bin/python3
[2.682s] -- Using PYTHON_INCLUDE_DIRS: /usr/include/python3.10
[2.682s] -- Using PYTHON_LIBRARIES: /usr/lib/x86_64-linux-gnu/libpython3.10.so
[2.698s] -- Found PythonExtra: .so  
[2.767s] -- Configuring done
[2.789s] -- Generating done
[2.790s] -- Build files have been written to: /home/ahmedmuhammad/pingpong_ws/build/player_commands
[2.799s] Invoked command in '/home/ahmedmuhammad/pingpong_ws/build/player_commands' returned '0': CMAKE_PREFIX_PATH=${CMAKE_PREFIX_PATH}:/home/ahmedmuhammad/pingpong_ws/install/media_pipe:/home/ahmedmuhammad/pingpong_ws/install/check_image_size:/opt/ros/humble /usr/bin/cmake /home/ahmedmuhammad/pingpong_ws/src/player_commands -DCMAKE_INSTALL_PREFIX=/home/ahmedmuhammad/pingpong_ws/install/player_commands
[2.801s] Invoking command in '/home/ahmedmuhammad/pingpong_ws/build/player_commands': CMAKE_PREFIX_PATH=${CMAKE_PREFIX_PATH}:/home/ahmedmuhammad/pingpong_ws/install/media_pipe:/home/ahmedmuhammad/pingpong_ws/install/check_image_size:/opt/ros/humble /usr/bin/cmake --build /home/ahmedmuhammad/pingpong_ws/build/player_commands -- -j16 -l16
[2.829s] [  3%] [34m[1mGenerating C code for ROS interfaces[0m
[2.835s] [  6%] [34m[1mGenerating C++ code for ROS interfaces[0m
[2.841s] [  6%] Built target ament_cmake_python_copy_player_commands
[3.018s] running egg_info
[3.019s] creating player_commands.egg-info
[3.019s] writing player_commands.egg-info/PKG-INFO
[3.019s] writing dependency_links to player_commands.egg-info/dependency_links.txt
[3.019s] writing top-level names to player_commands.egg-info/top_level.txt
[3.019s] writing manifest file 'player_commands.egg-info/SOURCES.txt'
[3.021s] reading manifest file 'player_commands.egg-info/SOURCES.txt'
[3.022s] writing manifest file 'player_commands.egg-info/SOURCES.txt'
[3.040s] [  6%] Built target player_commands__cpp
[3.047s] [  9%] [32mBuilding C object CMakeFiles/player_commands__rosidl_generator_c.dir/rosidl_generator_c/player_commands/msg/detail/player_command__functions.c.o[0m
[3.048s] [ 19%] [34m[1mGenerating C++ type support for eProsima Fast-RTPS[0m
[3.048s] [ 16%] [34m[1mGenerating C++ type support dispatch for ROS interfaces[0m
[3.048s] [ 19%] [34m[1mGenerating C++ introspection for ROS interfaces[0m
[3.054s] [ 19%] Built target ament_cmake_python_build_player_commands_egg
[3.078s] [ 22%] [32m[1mLinking C shared library libplayer_commands__rosidl_generator_c.so[0m
[3.178s] [ 22%] Built target player_commands__rosidl_generator_c
[3.185s] [ 29%] [34m[1mGenerating C type support for eProsima Fast-RTPS[0m
[3.185s] [ 29%] [34m[1mGenerating C introspection for ROS interfaces[0m
[3.185s] [ 32%] [34m[1mGenerating C type support dispatch for ROS interfaces[0m
[3.260s] [ 35%] [32mBuilding CXX object CMakeFiles/player_commands__rosidl_typesupport_cpp.dir/rosidl_typesupport_cpp/player_commands/msg/player_command__type_support.cpp.o[0m
[3.274s] [ 38%] [32mBuilding CXX object CMakeFiles/player_commands__rosidl_typesupport_introspection_cpp.dir/rosidl_typesupport_introspection_cpp/player_commands/msg/detail/player_command__type_support.cpp.o[0m
[3.276s] [ 41%] [32mBuilding CXX object CMakeFiles/player_commands__rosidl_typesupport_fastrtps_cpp.dir/rosidl_typesupport_fastrtps_cpp/player_commands/msg/detail/dds_fastrtps/player_command__type_support.cpp.o[0m
[3.431s] [ 45%] [32mBuilding CXX object CMakeFiles/player_commands__rosidl_typesupport_fastrtps_c.dir/rosidl_typesupport_fastrtps_c/player_commands/msg/detail/player_command__type_support_c.cpp.o[0m
[3.444s] [ 48%] [32mBuilding CXX object CMakeFiles/player_commands__rosidl_typesupport_c.dir/rosidl_typesupport_c/player_commands/msg/player_command__type_support.cpp.o[0m
[3.451s] [ 51%] [32mBuilding C object CMakeFiles/player_commands__rosidl_typesupport_introspection_c.dir/rosidl_typesupport_introspection_c/player_commands/msg/detail/player_command__type_support.c.o[0m
[3.466s] [ 54%] [32m[1mLinking CXX shared library libplayer_commands__rosidl_typesupport_c.so[0m
[3.484s] [ 58%] [32m[1mLinking C shared library libplayer_commands__rosidl_typesupport_introspection_c.so[0m
[3.500s] [ 61%] [32m[1mLinking CXX shared library libplayer_commands__rosidl_typesupport_cpp.so[0m
[3.600s] [ 61%] Built target player_commands__rosidl_typesupport_introspection_c
[3.603s] [ 61%] Built target player_commands__rosidl_typesupport_c
[3.623s] [ 61%] Built target player_commands__rosidl_typesupport_cpp
[3.652s] [ 64%] [32m[1mLinking CXX shared library libplayer_commands__rosidl_typesupport_introspection_cpp.so[0m
[3.657s] [ 67%] [32m[1mLinking CXX shared library libplayer_commands__rosidl_typesupport_fastrtps_cpp.so[0m
[3.719s] [ 70%] [32m[1mLinking CXX shared library libplayer_commands__rosidl_typesupport_fastrtps_c.so[0m
[3.788s] [ 70%] Built target player_commands__rosidl_typesupport_introspection_cpp
[3.791s] [ 70%] Built target player_commands__rosidl_typesupport_fastrtps_cpp
[3.842s] [ 70%] Built target player_commands__rosidl_typesupport_fastrtps_c
[3.855s] [ 70%] Built target player_commands
[3.867s] [ 74%] [34m[1mGenerating Python code for ROS interfaces[0m
[4.148s] [ 74%] Built target player_commands__py
[4.160s] [ 77%] [32mBuilding C object CMakeFiles/player_commands__rosidl_generator_py.dir/rosidl_generator_py/player_commands/msg/_player_command_s.c.o[0m
[4.236s] [ 80%] [32m[1mLinking C shared library rosidl_generator_py/player_commands/libplayer_commands__rosidl_generator_py.so[0m
[4.329s] [ 80%] Built target player_commands__rosidl_generator_py
[4.341s] [ 90%] [32mBuilding C object CMakeFiles/player_commands__rosidl_typesupport_introspection_c__pyext.dir/rosidl_generator_py/player_commands/_player_commands_s.ep.rosidl_typesupport_introspection_c.c.o[0m
[4.341s] [ 90%] [32mBuilding C object CMakeFiles/player_commands__rosidl_typesupport_c__pyext.dir/rosidl_generator_py/player_commands/_player_commands_s.ep.rosidl_typesupport_c.c.o[0m
[4.341s] [ 90%] [32mBuilding C object CMakeFiles/player_commands__rosidl_typesupport_fastrtps_c__pyext.dir/rosidl_generator_py/player_commands/_player_commands_s.ep.rosidl_typesupport_fastrtps_c.c.o[0m
[4.399s] [ 96%] [32m[1mLinking C shared library rosidl_generator_py/player_commands/player_commands_s__rosidl_typesupport_introspection_c.cpython-310-x86_64-linux-gnu.so[0m
[4.399s] [ 96%] [32m[1mLinking C shared library rosidl_generator_py/player_commands/player_commands_s__rosidl_typesupport_c.cpython-310-x86_64-linux-gnu.so[0m
[4.401s] [100%] [32m[1mLinking C shared library rosidl_generator_py/player_commands/player_commands_s__rosidl_typesupport_fastrtps_c.cpython-310-x86_64-linux-gnu.so[0m
[4.472s] [100%] Built target player_commands__rosidl_typesupport_introspection_c__pyext
[4.473s] [100%] Built target player_commands__rosidl_typesupport_fastrtps_c__pyext
[4.473s] [100%] Built target player_commands__rosidl_typesupport_c__pyext
[4.480s] Invoked command in '/home/ahmedmuhammad/pingpong_ws/build/player_commands' returned '0': CMAKE_PREFIX_PATH=${CMAKE_PREFIX_PATH}:/home/ahmedmuhammad/pingpong_ws/install/media_pipe:/home/ahmedmuhammad/pingpong_ws/install/check_image_size:/opt/ros/humble /usr/bin/cmake --build /home/ahmedmuhammad/pingpong_ws/build/player_commands -- -j16 -l16
[4.519s] Invoking command in '/home/ahmedmuhammad/pingpong_ws/build/player_commands': CMAKE_PREFIX_PATH=${CMAKE_PREFIX_PATH}:/home/ahmedmuhammad/pingpong_ws/install/media_pipe:/home/ahmedmuhammad/pingpong_ws/install/check_image_size:/opt/ros/humble /usr/bin/cmake --install /home/ahmedmuhammad/pingpong_ws/build/player_commands
[4.524s] -- Install configuration: ""
[4.525s] -- Installing: /home/ahmedmuhammad/pingpong_ws/install/player_commands/share/ament_index/resource_index/rosidl_interfaces/player_commands
[4.525s] -- Installing: /home/ahmedmuhammad/pingpong_ws/install/player_commands/include/player_commands/player_commands
[4.525s] -- Installing: /home/ahmedmuhammad/pingpong_ws/install/player_commands/include/player_commands/player_commands/msg
[4.525s] -- Installing: /home/ahmedmuhammad/pingpong_ws/install/player_commands/include/player_commands/player_commands/msg/detail
[4.525s] -- Installing: /home/ahmedmuhammad/pingpong_ws/install/player_commands/include/player_commands/player_commands/msg/detail/player_command__struct.h
[4.525s] -- Installing: /home/ahmedmuhammad/pingpong_ws/install/player_commands/include/player_commands/player_commands/msg/detail/player_command__functions.h
[4.525s] -- Installing: /home/ahmedmuhammad/pingpong_ws/install/player_commands/include/player_commands/player_commands/msg/detail/player_command__type_support.h
[4.526s] -- Installing: /home/ahmedmuhammad/pingpong_ws/install/player_commands/include/player_commands/player_commands/msg/detail/player_command__functions.c
[4.526s] -- Installing: /home/ahmedmuhammad/pingpong_ws/install/player_commands/include/player_commands/player_commands/msg/player_command.h
[4.526s] -- Installing: /home/ahmedmuhammad/pingpong_ws/install/player_commands/include/player_commands/player_commands/msg/rosidl_generator_c__visibility_control.h
[4.526s] -- Installing: /home/ahmedmuhammad/pingpong_ws/install/player_commands/share/player_commands/environment/library_path.sh
[4.526s] -- Installing: /home/ahmedmuhammad/pingpong_ws/install/player_commands/share/player_commands/environment/library_path.dsv
[4.526s] -- Installing: /home/ahmedmuhammad/pingpong_ws/install/player_commands/lib/libplayer_commands__rosidl_generator_c.so
[4.526s] -- Set runtime path of "/home/ahmedmuhammad/pingpong_ws/install/player_commands/lib/libplayer_commands__rosidl_generator_c.so" to ""
[4.527s] -- Up-to-date: /home/ahmedmuhammad/pingpong_ws/install/player_commands/include/player_commands/player_commands
[4.527s] -- Up-to-date: /home/ahmedmuhammad/pingpong_ws/install/player_commands/include/player_commands/player_commands/msg
[4.527s] -- Up-to-date: /home/ahmedmuhammad/pingpong_ws/install/player_commands/include/player_commands/player_commands/msg/detail
[4.527s] -- Installing: /home/ahmedmuhammad/pingpong_ws/install/player_commands/include/player_commands/player_commands/msg/detail/player_command__rosidl_typesupport_fastrtps_c.h
[4.527s] -- Installing: /home/ahmedmuhammad/pingpong_ws/install/player_commands/include/player_commands/player_commands/msg/rosidl_typesupport_fastrtps_c__visibility_control.h
[4.527s] -- Installing: /home/ahmedmuhammad/pingpong_ws/install/player_commands/lib/libplayer_commands__rosidl_typesupport_fastrtps_c.so
[4.527s] -- Set runtime path of "/home/ahmedmuhammad/pingpong_ws/install/player_commands/lib/libplayer_commands__rosidl_typesupport_fastrtps_c.so" to ""
[4.527s] -- Up-to-date: /home/ahmedmuhammad/pingpong_ws/install/player_commands/include/player_commands/player_commands
[4.527s] -- Up-to-date: /home/ahmedmuhammad/pingpong_ws/install/player_commands/include/player_commands/player_commands/msg
[4.528s] -- Up-to-date: /home/ahmedmuhammad/pingpong_ws/install/player_commands/include/player_commands/player_commands/msg/detail
[4.528s] -- Installing: /home/ahmedmuhammad/pingpong_ws/install/player_commands/include/player_commands/player_commands/msg/detail/player_command__type_support.c
[4.528s] -- Installing: /home/ahmedmuhammad/pingpong_ws/install/player_commands/include/player_commands/player_commands/msg/detail/player_command__rosidl_typesupport_introspection_c.h
[4.528s] -- Installing: /home/ahmedmuhammad/pingpong_ws/install/player_commands/include/player_commands/player_commands/msg/rosidl_typesupport_introspection_c__visibility_control.h
[4.528s] -- Installing: /home/ahmedmuhammad/pingpong_ws/install/player_commands/lib/libplayer_commands__rosidl_typesupport_introspection_c.so
[4.528s] -- Set runtime path of "/home/ahmedmuhammad/pingpong_ws/install/player_commands/lib/libplayer_commands__rosidl_typesupport_introspection_c.so" to ""
[4.528s] -- Installing: /home/ahmedmuhammad/pingpong_ws/install/player_commands/lib/libplayer_commands__rosidl_typesupport_c.so
[4.528s] -- Set runtime path of "/home/ahmedmuhammad/pingpong_ws/install/player_commands/lib/libplayer_commands__rosidl_typesupport_c.so" to ""
[4.528s] -- Up-to-date: /home/ahmedmuhammad/pingpong_ws/install/player_commands/include/player_commands/player_commands
[4.529s] -- Up-to-date: /home/ahmedmuhammad/pingpong_ws/install/player_commands/include/player_commands/player_commands/msg
[4.529s] -- Up-to-date: /home/ahmedmuhammad/pingpong_ws/install/player_commands/include/player_commands/player_commands/msg/detail
[4.529s] -- Installing: /home/ahmedmuhammad/pingpong_ws/install/player_commands/include/player_commands/player_commands/msg/detail/player_command__traits.hpp
[4.529s] -- Installing: /home/ahmedmuhammad/pingpong_ws/install/player_commands/include/player_commands/player_commands/msg/detail/player_command__struct.hpp
[4.529s] -- Installing: /home/ahmedmuhammad/pingpong_ws/install/player_commands/include/player_commands/player_commands/msg/detail/player_command__builder.hpp
[4.529s] -- Installing: /home/ahmedmuhammad/pingpong_ws/install/player_commands/include/player_commands/player_commands/msg/player_command.hpp
[4.529s] -- Up-to-date: /home/ahmedmuhammad/pingpong_ws/install/player_commands/include/player_commands/player_commands
[4.529s] -- Up-to-date: /home/ahmedmuhammad/pingpong_ws/install/player_commands/include/player_commands/player_commands/msg
[4.530s] -- Up-to-date: /home/ahmedmuhammad/pingpong_ws/install/player_commands/include/player_commands/player_commands/msg/detail
[4.530s] -- Installing: /home/ahmedmuhammad/pingpong_ws/install/player_commands/include/player_commands/player_commands/msg/detail/dds_fastrtps
[4.530s] -- Installing: /home/ahmedmuhammad/pingpong_ws/install/player_commands/include/player_commands/player_commands/msg/detail/player_command__rosidl_typesupport_fastrtps_cpp.hpp
[4.530s] -- Installing: /home/ahmedmuhammad/pingpong_ws/install/player_commands/include/player_commands/player_commands/msg/rosidl_typesupport_fastrtps_cpp__visibility_control.h
[4.530s] -- Installing: /home/ahmedmuhammad/pingpong_ws/install/player_commands/lib/libplayer_commands__rosidl_typesupport_fastrtps_cpp.so
[4.530s] -- Set runtime path of "/home/ahmedmuhammad/pingpong_ws/install/player_commands/lib/libplayer_commands__rosidl_typesupport_fastrtps_cpp.so" to ""
[4.530s] -- Up-to-date: /home/ahmedmuhammad/pingpong_ws/install/player_commands/include/player_commands/player_commands
[4.530s] -- Up-to-date: /home/ahmedmuhammad/pingpong_ws/install/player_commands/include/player_commands/player_commands/msg
[4.530s] -- Up-to-date: /home/ahmedmuhammad/pingpong_ws/install/player_commands/include/player_commands/player_commands/msg/detail
[4.530s] -- Installing: /home/ahmedmuhammad/pingpong_ws/install/player_commands/include/player_commands/player_commands/msg/detail/player_command__rosidl_typesupport_introspection_cpp.hpp
[4.530s] -- Installing: /home/ahmedmuhammad/pingpong_ws/install/player_commands/include/player_commands/player_commands/msg/detail/player_command__type_support.cpp
[4.530s] -- Installing: /home/ahmedmuhammad/pingpong_ws/install/player_commands/lib/libplayer_commands__rosidl_typesupport_introspection_cpp.so
[4.530s] -- Set runtime path of "/home/ahmedmuhammad/pingpong_ws/install/player_commands/lib/libplayer_commands__rosidl_typesupport_introspection_cpp.so" to ""
[4.531s] -- Installing: /home/ahmedmuhammad/pingpong_ws/install/player_commands/lib/libplayer_commands__rosidl_typesupport_cpp.so
[4.531s] -- Set runtime path of "/home/ahmedmuhammad/pingpong_ws/install/player_commands/lib/libplayer_commands__rosidl_typesupport_cpp.so" to ""
[4.531s] -- Installing: /home/ahmedmuhammad/pingpong_ws/install/player_commands/share/player_commands/environment/pythonpath.sh
[4.531s] -- Installing: /home/ahmedmuhammad/pingpong_ws/install/player_commands/share/player_commands/environment/pythonpath.dsv
[4.531s] -- Installing: /home/ahmedmuhammad/pingpong_ws/install/player_commands/local/lib/python3.10/dist-packages/player_commands-0.0.0-py3.10.egg-info
[4.531s] -- Installing: /home/ahmedmuhammad/pingpong_ws/install/player_commands/local/lib/python3.10/dist-packages/player_commands-0.0.0-py3.10.egg-info/SOURCES.txt
[4.531s] -- Installing: /home/ahmedmuhammad/pingpong_ws/install/player_commands/local/lib/python3.10/dist-packages/player_commands-0.0.0-py3.10.egg-info/top_level.txt
[4.531s] -- Installing: /home/ahmedmuhammad/pingpong_ws/install/player_commands/local/lib/python3.10/dist-packages/player_commands-0.0.0-py3.10.egg-info/dependency_links.txt
[4.532s] -- Installing: /home/ahmedmuhammad/pingpong_ws/install/player_commands/local/lib/python3.10/dist-packages/player_commands-0.0.0-py3.10.egg-info/PKG-INFO
[4.532s] -- Installing: /home/ahmedmuhammad/pingpong_ws/install/player_commands/local/lib/python3.10/dist-packages/player_commands
[4.532s] -- Installing: /home/ahmedmuhammad/pingpong_ws/install/player_commands/local/lib/python3.10/dist-packages/player_commands/__init__.py
[4.532s] -- Installing: /home/ahmedmuhammad/pingpong_ws/install/player_commands/local/lib/python3.10/dist-packages/player_commands/msg
[4.532s] -- Installing: /home/ahmedmuhammad/pingpong_ws/install/player_commands/local/lib/python3.10/dist-packages/player_commands/msg/_player_command.py
[4.532s] -- Installing: /home/ahmedmuhammad/pingpong_ws/install/player_commands/local/lib/python3.10/dist-packages/player_commands/msg/__init__.py
[4.532s] -- Installing: /home/ahmedmuhammad/pingpong_ws/install/player_commands/local/lib/python3.10/dist-packages/player_commands/msg/_player_command_s.c
[4.532s] -- Installing: /home/ahmedmuhammad/pingpong_ws/install/player_commands/local/lib/python3.10/dist-packages/player_commands/player_commands_s__rosidl_typesupport_introspection_c.cpython-310-x86_64-linux-gnu.so
[4.532s] -- Installing: /home/ahmedmuhammad/pingpong_ws/install/player_commands/local/lib/python3.10/dist-packages/player_commands/_player_commands_s.ep.rosidl_typesupport_fastrtps_c.c
[4.532s] -- Installing: /home/ahmedmuhammad/pingpong_ws/install/player_commands/local/lib/python3.10/dist-packages/player_commands/player_commands_s__rosidl_typesupport_fastrtps_c.cpython-310-x86_64-linux-gnu.so
[4.532s] -- Installing: /home/ahmedmuhammad/pingpong_ws/install/player_commands/local/lib/python3.10/dist-packages/player_commands/_player_commands_s.ep.rosidl_typesupport_introspection_c.c
[4.532s] -- Installing: /home/ahmedmuhammad/pingpong_ws/install/player_commands/local/lib/python3.10/dist-packages/player_commands/_player_commands_s.ep.rosidl_typesupport_c.c
[4.533s] -- Installing: /home/ahmedmuhammad/pingpong_ws/install/player_commands/local/lib/python3.10/dist-packages/player_commands/libplayer_commands__rosidl_generator_py.so
[4.533s] -- Installing: /home/ahmedmuhammad/pingpong_ws/install/player_commands/local/lib/python3.10/dist-packages/player_commands/player_commands_s__rosidl_typesupport_c.cpython-310-x86_64-linux-gnu.so
[4.558s] Listing '/home/ahmedmuhammad/pingpong_ws/install/player_commands/local/lib/python3.10/dist-packages/player_commands'...
[4.558s] Compiling '/home/ahmedmuhammad/pingpong_ws/install/player_commands/local/lib/python3.10/dist-packages/player_commands/__init__.py'...
[4.558s] Listing '/home/ahmedmuhammad/pingpong_ws/install/player_commands/local/lib/python3.10/dist-packages/player_commands/msg'...
[4.558s] Compiling '/home/ahmedmuhammad/pingpong_ws/install/player_commands/local/lib/python3.10/dist-packages/player_commands/msg/__init__.py'...
[4.558s] Compiling '/home/ahmedmuhammad/pingpong_ws/install/player_commands/local/lib/python3.10/dist-packages/player_commands/msg/_player_command.py'...
[4.562s] -- Installing: /home/ahmedmuhammad/pingpong_ws/install/player_commands/local/lib/python3.10/dist-packages/player_commands/player_commands_s__rosidl_typesupport_fastrtps_c.cpython-310-x86_64-linux-gnu.so
[4.562s] -- Set runtime path of "/home/ahmedmuhammad/pingpong_ws/install/player_commands/local/lib/python3.10/dist-packages/player_commands/player_commands_s__rosidl_typesupport_fastrtps_c.cpython-310-x86_64-linux-gnu.so" to ""
[4.562s] -- Installing: /home/ahmedmuhammad/pingpong_ws/install/player_commands/local/lib/python3.10/dist-packages/player_commands/player_commands_s__rosidl_typesupport_introspection_c.cpython-310-x86_64-linux-gnu.so
[4.563s] -- Set runtime path of "/home/ahmedmuhammad/pingpong_ws/install/player_commands/local/lib/python3.10/dist-packages/player_commands/player_commands_s__rosidl_typesupport_introspection_c.cpython-310-x86_64-linux-gnu.so" to ""
[4.563s] -- Installing: /home/ahmedmuhammad/pingpong_ws/install/player_commands/local/lib/python3.10/dist-packages/player_commands/player_commands_s__rosidl_typesupport_c.cpython-310-x86_64-linux-gnu.so
[4.563s] -- Set runtime path of "/home/ahmedmuhammad/pingpong_ws/install/player_commands/local/lib/python3.10/dist-packages/player_commands/player_commands_s__rosidl_typesupport_c.cpython-310-x86_64-linux-gnu.so" to ""
[4.563s] -- Installing: /home/ahmedmuhammad/pingpong_ws/install/player_commands/lib/libplayer_commands__rosidl_generator_py.so
[4.563s] -- Set runtime path of "/home/ahmedmuhammad/pingpong_ws/install/player_commands/lib/libplayer_commands__rosidl_generator_py.so" to ""
[4.564s] -- Installing: /home/ahmedmuhammad/pingpong_ws/install/player_commands/share/player_commands/msg/PlayerCommand.idl
[4.564s] -- Installing: /home/ahmedmuhammad/pingpong_ws/install/player_commands/share/player_commands/msg/PlayerCommand.msg
[4.564s] -- Installing: /home/ahmedmuhammad/pingpong_ws/install/player_commands/share/ament_index/resource_index/package_run_dependencies/player_commands
[4.564s] -- Installing: /home/ahmedmuhammad/pingpong_ws/install/player_commands/share/ament_index/resource_index/parent_prefix_path/player_commands
[4.564s] -- Installing: /home/ahmedmuhammad/pingpong_ws/install/player_commands/share/player_commands/environment/ament_prefix_path.sh
[4.564s] -- Installing: /home/ahmedmuhammad/pingpong_ws/install/player_commands/share/player_commands/environment/ament_prefix_path.dsv
[4.565s] -- Installing: /home/ahmedmuhammad/pingpong_ws/install/player_commands/share/player_commands/environment/path.sh
[4.565s] -- Installing: /home/ahmedmuhammad/pingpong_ws/install/player_commands/share/player_commands/environment/path.dsv
[4.565s] -- Installing: /home/ahmedmuhammad/pingpong_ws/install/player_commands/share/player_commands/local_setup.bash
[4.565s] -- Installing: /home/ahmedmuhammad/pingpong_ws/install/player_commands/share/player_commands/local_setup.sh
[4.565s] -- Installing: /home/ahmedmuhammad/pingpong_ws/install/player_commands/share/player_commands/local_setup.zsh
[4.565s] -- Installing: /home/ahmedmuhammad/pingpong_ws/install/player_commands/share/player_commands/local_setup.dsv
[4.565s] -- Installing: /home/ahmedmuhammad/pingpong_ws/install/player_commands/share/player_commands/package.dsv
[4.565s] -- Installing: /home/ahmedmuhammad/pingpong_ws/install/player_commands/share/ament_index/resource_index/packages/player_commands
[4.565s] -- Installing: /home/ahmedmuhammad/pingpong_ws/install/player_commands/share/player_commands/cmake/export_player_commands__rosidl_generator_cExport.cmake
[4.566s] -- Installing: /home/ahmedmuhammad/pingpong_ws/install/player_commands/share/player_commands/cmake/export_player_commands__rosidl_generator_cExport-noconfig.cmake
[4.566s] -- Installing: /home/ahmedmuhammad/pingpong_ws/install/player_commands/share/player_commands/cmake/export_player_commands__rosidl_typesupport_fastrtps_cExport.cmake
[4.566s] -- Installing: /home/ahmedmuhammad/pingpong_ws/install/player_commands/share/player_commands/cmake/export_player_commands__rosidl_typesupport_fastrtps_cExport-noconfig.cmake
[4.566s] -- Installing: /home/ahmedmuhammad/pingpong_ws/install/player_commands/share/player_commands/cmake/player_commands__rosidl_typesupport_introspection_cExport.cmake
[4.566s] -- Installing: /home/ahmedmuhammad/pingpong_ws/install/player_commands/share/player_commands/cmake/player_commands__rosidl_typesupport_introspection_cExport-noconfig.cmake
[4.566s] -- Installing: /home/ahmedmuhammad/pingpong_ws/install/player_commands/share/player_commands/cmake/player_commands__rosidl_typesupport_cExport.cmake
[4.566s] -- Installing: /home/ahmedmuhammad/pingpong_ws/install/player_commands/share/player_commands/cmake/player_commands__rosidl_typesupport_cExport-noconfig.cmake
[4.566s] -- Installing: /home/ahmedmuhammad/pingpong_ws/install/player_commands/share/player_commands/cmake/export_player_commands__rosidl_generator_cppExport.cmake
[4.566s] -- Installing: /home/ahmedmuhammad/pingpong_ws/install/player_commands/share/player_commands/cmake/export_player_commands__rosidl_typesupport_fastrtps_cppExport.cmake
[4.566s] -- Installing: /home/ahmedmuhammad/pingpong_ws/install/player_commands/share/player_commands/cmake/export_player_commands__rosidl_typesupport_fastrtps_cppExport-noconfig.cmake
[4.567s] -- Installing: /home/ahmedmuhammad/pingpong_ws/install/player_commands/share/player_commands/cmake/player_commands__rosidl_typesupport_introspection_cppExport.cmake
[4.567s] -- Installing: /home/ahmedmuhammad/pingpong_ws/install/player_commands/share/player_commands/cmake/player_commands__rosidl_typesupport_introspection_cppExport-noconfig.cmake
[4.567s] -- Installing: /home/ahmedmuhammad/pingpong_ws/install/player_commands/share/player_commands/cmake/player_commands__rosidl_typesupport_cppExport.cmake
[4.567s] -- Installing: /home/ahmedmuhammad/pingpong_ws/install/player_commands/share/player_commands/cmake/player_commands__rosidl_typesupport_cppExport-noconfig.cmake
[4.567s] -- Installing: /home/ahmedmuhammad/pingpong_ws/install/player_commands/share/player_commands/cmake/export_player_commands__rosidl_generator_pyExport.cmake
[4.567s] -- Installing: /home/ahmedmuhammad/pingpong_ws/install/player_commands/share/player_commands/cmake/export_player_commands__rosidl_generator_pyExport-noconfig.cmake
[4.567s] -- Installing: /home/ahmedmuhammad/pingpong_ws/install/player_commands/share/player_commands/cmake/rosidl_cmake-extras.cmake
[4.567s] -- Installing: /home/ahmedmuhammad/pingpong_ws/install/player_commands/share/player_commands/cmake/ament_cmake_export_include_directories-extras.cmake
[4.567s] -- Installing: /home/ahmedmuhammad/pingpong_ws/install/player_commands/share/player_commands/cmake/ament_cmake_export_libraries-extras.cmake
[4.568s] -- Installing: /home/ahmedmuhammad/pingpong_ws/install/player_commands/share/player_commands/cmake/ament_cmake_export_targets-extras.cmake
[4.568s] -- Installing: /home/ahmedmuhammad/pingpong_ws/install/player_commands/share/player_commands/cmake/rosidl_cmake_export_typesupport_targets-extras.cmake
[4.568s] -- Installing: /home/ahmedmuhammad/pingpong_ws/install/player_commands/share/player_commands/cmake/ament_cmake_export_dependencies-extras.cmake
[4.568s] -- Installing: /home/ahmedmuhammad/pingpong_ws/install/player_commands/share/player_commands/cmake/rosidl_cmake_export_typesupport_libraries-extras.cmake
[4.568s] -- Installing: /home/ahmedmuhammad/pingpong_ws/install/player_commands/share/player_commands/cmake/player_commandsConfig.cmake
[4.568s] -- Installing: /home/ahmedmuhammad/pingpong_ws/install/player_commands/share/player_commands/cmake/player_commandsConfig-version.cmake
[4.568s] -- Installing: /home/ahmedmuhammad/pingpong_ws/install/player_commands/share/player_commands/package.xml
[4.570s] Invoked command in '/home/ahmedmuhammad/pingpong_ws/build/player_commands' returned '0': CMAKE_PREFIX_PATH=${CMAKE_PREFIX_PATH}:/home/ahmedmuhammad/pingpong_ws/install/media_pipe:/home/ahmedmuhammad/pingpong_ws/install/check_image_size:/opt/ros/humble /usr/bin/cmake --install /home/ahmedmuhammad/pingpong_ws/build/player_commands
