[0.804s] DEBUG:colcon:Command line arguments: ['/usr/bin/colcon', 'build']
[0.804s] DEBUG:colcon:Parsed command line arguments: Namespace(log_base=None, log_level=None, verb_name='build', build_base='build', install_base='install', merge_install=False, symlink_install=False, test_result_base=None, continue_on_error=False, executor='parallel', parallel_workers=16, event_handlers=None, ignore_user_meta=False, metas=['./colcon.meta'], base_paths=['.'], packages_ignore=None, packages_ignore_regex=None, paths=None, packages_up_to=None, packages_up_to_regex=None, packages_above=None, packages_above_and_dependencies=None, packages_above_depth=None, packages_select_by_dep=None, packages_skip_by_dep=None, packages_skip_up_to=None, packages_select_build_failed=False, packages_skip_build_finished=False, packages_select_test_failures=False, packages_skip_test_passed=False, packages_select=None, packages_skip=None, packages_select_regex=None, packages_skip_regex=None, packages_start=None, packages_end=None, allow_overriding=[], cmake_args=None, cmake_target=None, cmake_target_skip_unavailable=False, cmake_clean_cache=False, cmake_clean_first=False, cmake_force_configure=False, ament_cmake_args=None, catkin_cmake_args=None, catkin_skip_building_tests=False, verb_parser=<colcon_defaults.argument_parser.defaults.DefaultArgumentsDecorator object at 0x7f63979e08b0>, verb_extension=<colcon_core.verb.build.BuildVerb object at 0x7f6398bf7f40>, main=<bound method BuildVerb.main of <colcon_core.verb.build.BuildVerb object at 0x7f6398bf7f40>>)
[0.839s] Level 1:colcon.colcon_core.package_discovery:discover_packages(colcon_meta) check parameters
[0.839s] Level 1:colcon.colcon_core.package_discovery:discover_packages(recursive) check parameters
[0.839s] Level 1:colcon.colcon_core.package_discovery:discover_packages(ignore) check parameters
[0.839s] Level 1:colcon.colcon_core.package_discovery:discover_packages(path) check parameters
[0.839s] Level 1:colcon.colcon_core.package_discovery:discover_packages(colcon_meta) discover
[0.839s] Level 1:colcon.colcon_core.package_discovery:discover_packages(recursive) discover
[0.840s] INFO:colcon.colcon_core.package_discovery:Crawling recursively for packages in '/home/ahmedmuhammad/pingpong_ws'
[0.840s] Level 1:colcon.colcon_core.package_identification:_identify(.) by extensions ['ignore', 'ignore_ament_install']
[0.840s] Level 1:colcon.colcon_core.package_identification:_identify(.) by extension 'ignore'
[0.840s] Level 1:colcon.colcon_core.package_identification:_identify(.) by extension 'ignore_ament_install'
[0.840s] Level 1:colcon.colcon_core.package_identification:_identify(.) by extensions ['colcon_pkg']
[0.840s] Level 1:colcon.colcon_core.package_identification:_identify(.) by extension 'colcon_pkg'
[0.840s] Level 1:colcon.colcon_core.package_identification:_identify(.) by extensions ['colcon_meta']
[0.840s] Level 1:colcon.colcon_core.package_identification:_identify(.) by extension 'colcon_meta'
[0.840s] Level 1:colcon.colcon_core.package_identification:_identify(.) by extensions ['ros']
[0.840s] Level 1:colcon.colcon_core.package_identification:_identify(.) by extension 'ros'
[0.848s] Level 1:colcon.colcon_core.package_identification:_identify(.) by extensions ['cmake', 'python']
[0.848s] Level 1:colcon.colcon_core.package_identification:_identify(.) by extension 'cmake'
[0.848s] Level 1:colcon.colcon_core.package_identification:_identify(.) by extension 'python'
[0.848s] Level 1:colcon.colcon_core.package_identification:_identify(.) by extensions ['python_setup_py']
[0.848s] Level 1:colcon.colcon_core.package_identification:_identify(.) by extension 'python_setup_py'
[0.848s] Level 1:colcon.colcon_core.package_identification:_identify(build) by extensions ['ignore', 'ignore_ament_install']
[0.848s] Level 1:colcon.colcon_core.package_identification:_identify(build) by extension 'ignore'
[0.848s] Level 1:colcon.colcon_core.package_identification:_identify(build) ignored
[0.848s] Level 1:colcon.colcon_core.package_identification:_identify(install) by extensions ['ignore', 'ignore_ament_install']
[0.848s] Level 1:colcon.colcon_core.package_identification:_identify(install) by extension 'ignore'
[0.849s] Level 1:colcon.colcon_core.package_identification:_identify(install) ignored
[0.849s] Level 1:colcon.colcon_core.package_identification:_identify(log) by extensions ['ignore', 'ignore_ament_install']
[0.849s] Level 1:colcon.colcon_core.package_identification:_identify(log) by extension 'ignore'
[0.849s] Level 1:colcon.colcon_core.package_identification:_identify(log) ignored
[0.849s] Level 1:colcon.colcon_core.package_identification:_identify(src) by extensions ['ignore', 'ignore_ament_install']
[0.849s] Level 1:colcon.colcon_core.package_identification:_identify(src) by extension 'ignore'
[0.849s] Level 1:colcon.colcon_core.package_identification:_identify(src) by extension 'ignore_ament_install'
[0.849s] Level 1:colcon.colcon_core.package_identification:_identify(src) by extensions ['colcon_pkg']
[0.849s] Level 1:colcon.colcon_core.package_identification:_identify(src) by extension 'colcon_pkg'
[0.849s] Level 1:colcon.colcon_core.package_identification:_identify(src) by extensions ['colcon_meta']
[0.849s] Level 1:colcon.colcon_core.package_identification:_identify(src) by extension 'colcon_meta'
[0.849s] Level 1:colcon.colcon_core.package_identification:_identify(src) by extensions ['ros']
[0.849s] Level 1:colcon.colcon_core.package_identification:_identify(src) by extension 'ros'
[0.849s] Level 1:colcon.colcon_core.package_identification:_identify(src) by extensions ['cmake', 'python']
[0.849s] Level 1:colcon.colcon_core.package_identification:_identify(src) by extension 'cmake'
[0.849s] Level 1:colcon.colcon_core.package_identification:_identify(src) by extension 'python'
[0.849s] Level 1:colcon.colcon_core.package_identification:_identify(src) by extensions ['python_setup_py']
[0.849s] Level 1:colcon.colcon_core.package_identification:_identify(src) by extension 'python_setup_py'
[0.850s] Level 1:colcon.colcon_core.package_identification:_identify(src/check_image_size) by extensions ['ignore', 'ignore_ament_install']
[0.850s] Level 1:colcon.colcon_core.package_identification:_identify(src/check_image_size) by extension 'ignore'
[0.850s] Level 1:colcon.colcon_core.package_identification:_identify(src/check_image_size) by extension 'ignore_ament_install'
[0.850s] Level 1:colcon.colcon_core.package_identification:_identify(src/check_image_size) by extensions ['colcon_pkg']
[0.850s] Level 1:colcon.colcon_core.package_identification:_identify(src/check_image_size) by extension 'colcon_pkg'
[0.850s] Level 1:colcon.colcon_core.package_identification:_identify(src/check_image_size) by extensions ['colcon_meta']
[0.850s] Level 1:colcon.colcon_core.package_identification:_identify(src/check_image_size) by extension 'colcon_meta'
[0.850s] Level 1:colcon.colcon_core.package_identification:_identify(src/check_image_size) by extensions ['ros']
[0.850s] Level 1:colcon.colcon_core.package_identification:_identify(src/check_image_size) by extension 'ros'
[0.852s] DEBUG:colcon.colcon_core.package_identification:Package 'src/check_image_size' with type 'ros.ament_python' and name 'check_image_size'
[0.852s] Level 1:colcon.colcon_core.package_identification:_identify(src/image_transport_tutorials) by extensions ['ignore', 'ignore_ament_install']
[0.852s] Level 1:colcon.colcon_core.package_identification:_identify(src/image_transport_tutorials) by extension 'ignore'
[0.852s] Level 1:colcon.colcon_core.package_identification:_identify(src/image_transport_tutorials) by extension 'ignore_ament_install'
[0.852s] Level 1:colcon.colcon_core.package_identification:_identify(src/image_transport_tutorials) by extensions ['colcon_pkg']
[0.852s] Level 1:colcon.colcon_core.package_identification:_identify(src/image_transport_tutorials) by extension 'colcon_pkg'
[0.852s] Level 1:colcon.colcon_core.package_identification:_identify(src/image_transport_tutorials) by extensions ['colcon_meta']
[0.852s] Level 1:colcon.colcon_core.package_identification:_identify(src/image_transport_tutorials) by extension 'colcon_meta'
[0.852s] Level 1:colcon.colcon_core.package_identification:_identify(src/image_transport_tutorials) by extensions ['ros']
[0.852s] Level 1:colcon.colcon_core.package_identification:_identify(src/image_transport_tutorials) by extension 'ros'
[0.853s] DEBUG:colcon.colcon_core.package_identification:Package 'src/image_transport_tutorials' with type 'ros.ament_cmake' and name 'image_transport_tutorials'
[0.853s] Level 1:colcon.colcon_core.package_identification:_identify(src/media_pipe) by extensions ['ignore', 'ignore_ament_install']
[0.853s] Level 1:colcon.colcon_core.package_identification:_identify(src/media_pipe) by extension 'ignore'
[0.853s] Level 1:colcon.colcon_core.package_identification:_identify(src/media_pipe) by extension 'ignore_ament_install'
[0.853s] Level 1:colcon.colcon_core.package_identification:_identify(src/media_pipe) by extensions ['colcon_pkg']
[0.853s] Level 1:colcon.colcon_core.package_identification:_identify(src/media_pipe) by extension 'colcon_pkg'
[0.853s] Level 1:colcon.colcon_core.package_identification:_identify(src/media_pipe) by extensions ['colcon_meta']
[0.853s] Level 1:colcon.colcon_core.package_identification:_identify(src/media_pipe) by extension 'colcon_meta'
[0.853s] Level 1:colcon.colcon_core.package_identification:_identify(src/media_pipe) by extensions ['ros']
[0.853s] Level 1:colcon.colcon_core.package_identification:_identify(src/media_pipe) by extension 'ros'
[0.854s] DEBUG:colcon.colcon_core.package_identification:Package 'src/media_pipe' with type 'ros.ament_python' and name 'media_pipe'
[0.854s] Level 1:colcon.colcon_core.package_identification:_identify(src/player_commands) by extensions ['ignore', 'ignore_ament_install']
[0.854s] Level 1:colcon.colcon_core.package_identification:_identify(src/player_commands) by extension 'ignore'
[0.854s] Level 1:colcon.colcon_core.package_identification:_identify(src/player_commands) by extension 'ignore_ament_install'
[0.854s] Level 1:colcon.colcon_core.package_identification:_identify(src/player_commands) by extensions ['colcon_pkg']
[0.854s] Level 1:colcon.colcon_core.package_identification:_identify(src/player_commands) by extension 'colcon_pkg'
[0.854s] Level 1:colcon.colcon_core.package_identification:_identify(src/player_commands) by extensions ['colcon_meta']
[0.854s] Level 1:colcon.colcon_core.package_identification:_identify(src/player_commands) by extension 'colcon_meta'
[0.854s] Level 1:colcon.colcon_core.package_identification:_identify(src/player_commands) by extensions ['ros']
[0.854s] Level 1:colcon.colcon_core.package_identification:_identify(src/player_commands) by extension 'ros'
[0.854s] DEBUG:colcon.colcon_core.package_identification:Package 'src/player_commands' with type 'ros.ament_cmake' and name 'player_commands'
[0.854s] Level 1:colcon.colcon_core.package_discovery:discover_packages(recursive) using defaults
[0.855s] Level 1:colcon.colcon_core.package_discovery:discover_packages(ignore) discover
[0.855s] Level 1:colcon.colcon_core.package_discovery:discover_packages(ignore) using defaults
[0.855s] Level 1:colcon.colcon_core.package_discovery:discover_packages(path) discover
[0.855s] Level 1:colcon.colcon_core.package_discovery:discover_packages(path) using defaults
[0.924s] Level 1:colcon.colcon_core.package_discovery:discover_packages(prefix_path) check parameters
[0.924s] Level 1:colcon.colcon_core.package_discovery:discover_packages(prefix_path) discover
[0.949s] DEBUG:colcon.colcon_installed_package_information.package_discovery:Found 4 installed packages in /home/ahmedmuhammad/pingpong_ws/install
[0.963s] DEBUG:colcon.colcon_installed_package_information.package_discovery:Found 344 installed packages in /opt/ros/humble
[0.964s] Level 1:colcon.colcon_core.package_discovery:discover_packages(prefix_path) using defaults
[1.054s] Level 5:colcon.colcon_core.verb:set package 'check_image_size' build argument 'cmake_args' from command line to 'None'
[1.054s] Level 5:colcon.colcon_core.verb:set package 'check_image_size' build argument 'cmake_target' from command line to 'None'
[1.054s] Level 5:colcon.colcon_core.verb:set package 'check_image_size' build argument 'cmake_target_skip_unavailable' from command line to 'False'
[1.054s] Level 5:colcon.colcon_core.verb:set package 'check_image_size' build argument 'cmake_clean_cache' from command line to 'False'
[1.054s] Level 5:colcon.colcon_core.verb:set package 'check_image_size' build argument 'cmake_clean_first' from command line to 'False'
[1.054s] Level 5:colcon.colcon_core.verb:set package 'check_image_size' build argument 'cmake_force_configure' from command line to 'False'
[1.054s] Level 5:colcon.colcon_core.verb:set package 'check_image_size' build argument 'ament_cmake_args' from command line to 'None'
[1.054s] Level 5:colcon.colcon_core.verb:set package 'check_image_size' build argument 'catkin_cmake_args' from command line to 'None'
[1.054s] Level 5:colcon.colcon_core.verb:set package 'check_image_size' build argument 'catkin_skip_building_tests' from command line to 'False'
[1.054s] DEBUG:colcon.colcon_core.verb:Building package 'check_image_size' with the following arguments: {'ament_cmake_args': None, 'build_base': '/home/ahmedmuhammad/pingpong_ws/build/check_image_size', 'catkin_cmake_args': None, 'catkin_skip_building_tests': False, 'cmake_args': None, 'cmake_clean_cache': False, 'cmake_clean_first': False, 'cmake_force_configure': False, 'cmake_target': None, 'cmake_target_skip_unavailable': False, 'install_base': '/home/ahmedmuhammad/pingpong_ws/install/check_image_size', 'merge_install': False, 'path': '/home/ahmedmuhammad/pingpong_ws/src/check_image_size', 'symlink_install': False, 'test_result_base': None}
[1.065s] Level 5:colcon.colcon_core.verb:set package 'image_transport_tutorials' build argument 'cmake_args' from command line to 'None'
[1.065s] Level 5:colcon.colcon_core.verb:set package 'image_transport_tutorials' build argument 'cmake_target' from command line to 'None'
[1.065s] Level 5:colcon.colcon_core.verb:set package 'image_transport_tutorials' build argument 'cmake_target_skip_unavailable' from command line to 'False'
[1.065s] Level 5:colcon.colcon_core.verb:set package 'image_transport_tutorials' build argument 'cmake_clean_cache' from command line to 'False'
[1.065s] Level 5:colcon.colcon_core.verb:set package 'image_transport_tutorials' build argument 'cmake_clean_first' from command line to 'False'
[1.065s] Level 5:colcon.colcon_core.verb:set package 'image_transport_tutorials' build argument 'cmake_force_configure' from command line to 'False'
[1.065s] Level 5:colcon.colcon_core.verb:set package 'image_transport_tutorials' build argument 'ament_cmake_args' from command line to 'None'
[1.065s] Level 5:colcon.colcon_core.verb:set package 'image_transport_tutorials' build argument 'catkin_cmake_args' from command line to 'None'
[1.065s] Level 5:colcon.colcon_core.verb:set package 'image_transport_tutorials' build argument 'catkin_skip_building_tests' from command line to 'False'
[1.065s] DEBUG:colcon.colcon_core.verb:Building package 'image_transport_tutorials' with the following arguments: {'ament_cmake_args': None, 'build_base': '/home/ahmedmuhammad/pingpong_ws/build/image_transport_tutorials', 'catkin_cmake_args': None, 'catkin_skip_building_tests': False, 'cmake_args': None, 'cmake_clean_cache': False, 'cmake_clean_first': False, 'cmake_force_configure': False, 'cmake_target': None, 'cmake_target_skip_unavailable': False, 'install_base': '/home/ahmedmuhammad/pingpong_ws/install/image_transport_tutorials', 'merge_install': False, 'path': '/home/ahmedmuhammad/pingpong_ws/src/image_transport_tutorials', 'symlink_install': False, 'test_result_base': None}
[1.075s] Level 5:colcon.colcon_core.verb:set package 'player_commands' build argument 'cmake_args' from command line to 'None'
[1.075s] Level 5:colcon.colcon_core.verb:set package 'player_commands' build argument 'cmake_target' from command line to 'None'
[1.075s] Level 5:colcon.colcon_core.verb:set package 'player_commands' build argument 'cmake_target_skip_unavailable' from command line to 'False'
[1.075s] Level 5:colcon.colcon_core.verb:set package 'player_commands' build argument 'cmake_clean_cache' from command line to 'False'
[1.075s] Level 5:colcon.colcon_core.verb:set package 'player_commands' build argument 'cmake_clean_first' from command line to 'False'
[1.075s] Level 5:colcon.colcon_core.verb:set package 'player_commands' build argument 'cmake_force_configure' from command line to 'False'
[1.075s] Level 5:colcon.colcon_core.verb:set package 'player_commands' build argument 'ament_cmake_args' from command line to 'None'
[1.075s] Level 5:colcon.colcon_core.verb:set package 'player_commands' build argument 'catkin_cmake_args' from command line to 'None'
[1.075s] Level 5:colcon.colcon_core.verb:set package 'player_commands' build argument 'catkin_skip_building_tests' from command line to 'False'
[1.075s] DEBUG:colcon.colcon_core.verb:Building package 'player_commands' with the following arguments: {'ament_cmake_args': None, 'build_base': '/home/ahmedmuhammad/pingpong_ws/build/player_commands', 'catkin_cmake_args': None, 'catkin_skip_building_tests': False, 'cmake_args': None, 'cmake_clean_cache': False, 'cmake_clean_first': False, 'cmake_force_configure': False, 'cmake_target': None, 'cmake_target_skip_unavailable': False, 'install_base': '/home/ahmedmuhammad/pingpong_ws/install/player_commands', 'merge_install': False, 'path': '/home/ahmedmuhammad/pingpong_ws/src/player_commands', 'symlink_install': False, 'test_result_base': None}
[1.086s] Level 5:colcon.colcon_core.verb:set package 'media_pipe' build argument 'cmake_args' from command line to 'None'
[1.086s] Level 5:colcon.colcon_core.verb:set package 'media_pipe' build argument 'cmake_target' from command line to 'None'
[1.086s] Level 5:colcon.colcon_core.verb:set package 'media_pipe' build argument 'cmake_target_skip_unavailable' from command line to 'False'
[1.086s] Level 5:colcon.colcon_core.verb:set package 'media_pipe' build argument 'cmake_clean_cache' from command line to 'False'
[1.086s] Level 5:colcon.colcon_core.verb:set package 'media_pipe' build argument 'cmake_clean_first' from command line to 'False'
[1.086s] Level 5:colcon.colcon_core.verb:set package 'media_pipe' build argument 'cmake_force_configure' from command line to 'False'
[1.086s] Level 5:colcon.colcon_core.verb:set package 'media_pipe' build argument 'ament_cmake_args' from command line to 'None'
[1.086s] Level 5:colcon.colcon_core.verb:set package 'media_pipe' build argument 'catkin_cmake_args' from command line to 'None'
[1.086s] Level 5:colcon.colcon_core.verb:set package 'media_pipe' build argument 'catkin_skip_building_tests' from command line to 'False'
[1.086s] DEBUG:colcon.colcon_core.verb:Building package 'media_pipe' with the following arguments: {'ament_cmake_args': None, 'build_base': '/home/ahmedmuhammad/pingpong_ws/build/media_pipe', 'catkin_cmake_args': None, 'catkin_skip_building_tests': False, 'cmake_args': None, 'cmake_clean_cache': False, 'cmake_clean_first': False, 'cmake_force_configure': False, 'cmake_target': None, 'cmake_target_skip_unavailable': False, 'install_base': '/home/ahmedmuhammad/pingpong_ws/install/media_pipe', 'merge_install': False, 'path': '/home/ahmedmuhammad/pingpong_ws/src/media_pipe', 'symlink_install': False, 'test_result_base': None}
[1.096s] INFO:colcon.colcon_core.executor:Executing jobs using 'parallel' executor
[1.108s] DEBUG:colcon.colcon_parallel_executor.executor.parallel:run_until_complete
[1.108s] INFO:colcon.colcon_ros.task.ament_cmake.build:Building ROS package in '/home/ahmedmuhammad/pingpong_ws/src/player_commands' with build type 'ament_cmake'
[1.108s] INFO:colcon.colcon_cmake.task.cmake.build:Building CMake package in '/home/ahmedmuhammad/pingpong_ws/src/player_commands'
[1.122s] INFO:colcon.colcon_core.plugin_system:Skipping extension 'colcon_core.shell.bat': Not used on non-Windows systems
[1.122s] INFO:colcon.colcon_core.shell:Skip shell extension 'powershell' for command environment: Not usable outside of PowerShell
[1.122s] DEBUG:colcon.colcon_core.shell:Skip shell extension 'dsv' for command environment
[1.156s] INFO:colcon.colcon_ros.task.ament_python.build:Building ROS package in '/home/ahmedmuhammad/pingpong_ws/src/check_image_size' with build type 'ament_python'
[1.156s] Level 1:colcon.colcon_core.shell:create_environment_hook('check_image_size', 'ament_prefix_path')
[1.168s] INFO:colcon.colcon_core.shell:Creating environment hook '/home/ahmedmuhammad/pingpong_ws/install/check_image_size/share/check_image_size/hook/ament_prefix_path.ps1'
[1.168s] INFO:colcon.colcon_core.shell:Creating environment descriptor '/home/ahmedmuhammad/pingpong_ws/install/check_image_size/share/check_image_size/hook/ament_prefix_path.dsv'
[1.169s] INFO:colcon.colcon_core.shell:Creating environment hook '/home/ahmedmuhammad/pingpong_ws/install/check_image_size/share/check_image_size/hook/ament_prefix_path.sh'
[1.180s] INFO:colcon.colcon_core.shell:Skip shell extension 'powershell' for command environment: Not usable outside of PowerShell
[1.180s] DEBUG:colcon.colcon_core.shell:Skip shell extension 'dsv' for command environment
[1.214s] INFO:colcon.colcon_ros.task.ament_cmake.build:Building ROS package in '/home/ahmedmuhammad/pingpong_ws/src/image_transport_tutorials' with build type 'ament_cmake'
[1.215s] INFO:colcon.colcon_cmake.task.cmake.build:Building CMake package in '/home/ahmedmuhammad/pingpong_ws/src/image_transport_tutorials'
[1.226s] INFO:colcon.colcon_core.shell:Skip shell extension 'powershell' for command environment: Not usable outside of PowerShell
[1.226s] DEBUG:colcon.colcon_core.shell:Skip shell extension 'dsv' for command environment
[1.265s] DEBUG:colcon.colcon_core.event_handler.log_command:Invoking command in '/home/ahmedmuhammad/pingpong_ws/build/player_commands': CMAKE_PREFIX_PATH=${CMAKE_PREFIX_PATH}:/home/ahmedmuhammad/pingpong_ws/install/media_pipe:/home/ahmedmuhammad/pingpong_ws/install/check_image_size:/opt/ros/humble /usr/bin/cmake --build /home/ahmedmuhammad/pingpong_ws/build/player_commands -- -j16 -l16
[1.468s] INFO:colcon.colcon_core.task.python.build:Building Python package in '/home/ahmedmuhammad/pingpong_ws/src/check_image_size'
[1.480s] INFO:colcon.colcon_core.shell:Skip shell extension 'powershell' for command environment: Not usable outside of PowerShell
[1.480s] DEBUG:colcon.colcon_core.shell:Skip shell extension 'dsv' for command environment
[1.529s] DEBUG:colcon.colcon_core.event_handler.log_command:Invoking command in '/home/ahmedmuhammad/pingpong_ws/build/image_transport_tutorials': CMAKE_PREFIX_PATH=${CMAKE_PREFIX_PATH}:/home/ahmedmuhammad/pingpong_ws/install/media_pipe:/home/ahmedmuhammad/pingpong_ws/install/check_image_size:/opt/ros/humble /usr/bin/cmake --build /home/ahmedmuhammad/pingpong_ws/build/image_transport_tutorials -- -j16 -l16
[1.541s] DEBUG:colcon.colcon_core.event_handler.log_command:Invoked command in '/home/ahmedmuhammad/pingpong_ws/build/player_commands' returned '0': CMAKE_PREFIX_PATH=${CMAKE_PREFIX_PATH}:/home/ahmedmuhammad/pingpong_ws/install/media_pipe:/home/ahmedmuhammad/pingpong_ws/install/check_image_size:/opt/ros/humble /usr/bin/cmake --build /home/ahmedmuhammad/pingpong_ws/build/player_commands -- -j16 -l16
[1.592s] DEBUG:colcon.colcon_core.event_handler.log_command:Invoking command in '/home/ahmedmuhammad/pingpong_ws/build/player_commands': CMAKE_PREFIX_PATH=${CMAKE_PREFIX_PATH}:/home/ahmedmuhammad/pingpong_ws/install/media_pipe:/home/ahmedmuhammad/pingpong_ws/install/check_image_size:/opt/ros/humble /usr/bin/cmake --install /home/ahmedmuhammad/pingpong_ws/build/player_commands
[1.630s] Level 1:colcon.colcon_core.environment:create_environment_scripts_only(player_commands)
[1.632s] DEBUG:colcon.colcon_core.event_handler.log_command:Invoked command in '/home/ahmedmuhammad/pingpong_ws/build/player_commands' returned '0': CMAKE_PREFIX_PATH=${CMAKE_PREFIX_PATH}:/home/ahmedmuhammad/pingpong_ws/install/media_pipe:/home/ahmedmuhammad/pingpong_ws/install/check_image_size:/opt/ros/humble /usr/bin/cmake --install /home/ahmedmuhammad/pingpong_ws/build/player_commands
[1.647s] Level 1:colcon.colcon_core.environment:checking '/home/ahmedmuhammad/pingpong_ws/install/player_commands' for CMake module files
[1.648s] Level 1:colcon.colcon_core.environment:checking '/home/ahmedmuhammad/pingpong_ws/install/player_commands' for CMake config files
[1.648s] Level 1:colcon.colcon_core.shell:create_environment_hook('player_commands', 'cmake_prefix_path')
[1.660s] INFO:colcon.colcon_core.shell:Creating environment hook '/home/ahmedmuhammad/pingpong_ws/install/player_commands/share/player_commands/hook/cmake_prefix_path.ps1'
[1.660s] INFO:colcon.colcon_core.shell:Creating environment descriptor '/home/ahmedmuhammad/pingpong_ws/install/player_commands/share/player_commands/hook/cmake_prefix_path.dsv'
[1.661s] INFO:colcon.colcon_core.shell:Creating environment hook '/home/ahmedmuhammad/pingpong_ws/install/player_commands/share/player_commands/hook/cmake_prefix_path.sh'
[1.661s] Level 1:colcon.colcon_core.environment:checking '/home/ahmedmuhammad/pingpong_ws/install/player_commands/lib'
[1.661s] Level 1:colcon.colcon_core.shell:create_environment_hook('player_commands', 'ld_library_path_lib')
[1.672s] INFO:colcon.colcon_core.shell:Creating environment hook '/home/ahmedmuhammad/pingpong_ws/install/player_commands/share/player_commands/hook/ld_library_path_lib.ps1'
[1.672s] INFO:colcon.colcon_core.shell:Creating environment descriptor '/home/ahmedmuhammad/pingpong_ws/install/player_commands/share/player_commands/hook/ld_library_path_lib.dsv'
[1.673s] INFO:colcon.colcon_core.shell:Creating environment hook '/home/ahmedmuhammad/pingpong_ws/install/player_commands/share/player_commands/hook/ld_library_path_lib.sh'
[1.673s] Level 1:colcon.colcon_core.environment:checking '/home/ahmedmuhammad/pingpong_ws/install/player_commands/bin'
[1.673s] Level 1:colcon.colcon_core.environment:checking '/home/ahmedmuhammad/pingpong_ws/install/player_commands/lib/pkgconfig/player_commands.pc'
[1.673s] Level 1:colcon.colcon_core.environment:checking '/home/ahmedmuhammad/pingpong_ws/install/player_commands/lib/python3.10/site-packages'
[1.673s] Level 1:colcon.colcon_core.environment:checking '/home/ahmedmuhammad/pingpong_ws/install/player_commands/bin'
[1.684s] INFO:colcon.colcon_core.shell:Creating package script '/home/ahmedmuhammad/pingpong_ws/install/player_commands/share/player_commands/package.ps1'
[1.685s] INFO:colcon.colcon_core.shell:Creating package descriptor '/home/ahmedmuhammad/pingpong_ws/install/player_commands/share/player_commands/package.dsv'
[1.685s] INFO:colcon.colcon_core.shell:Creating package script '/home/ahmedmuhammad/pingpong_ws/install/player_commands/share/player_commands/package.sh'
[1.686s] INFO:colcon.colcon_core.shell:Creating package script '/home/ahmedmuhammad/pingpong_ws/install/player_commands/share/player_commands/package.bash'
[1.686s] INFO:colcon.colcon_core.shell:Creating package script '/home/ahmedmuhammad/pingpong_ws/install/player_commands/share/player_commands/package.zsh'
[1.687s] Level 1:colcon.colcon_core.environment:create_file_with_runtime_dependencies(/home/ahmedmuhammad/pingpong_ws/install/player_commands/share/colcon-core/packages/player_commands)
[1.731s] Level 1:colcon.colcon_core.environment:create_environment_scripts_only(player_commands)
[1.742s] Level 1:colcon.colcon_core.environment:checking '/home/ahmedmuhammad/pingpong_ws/install/player_commands' for CMake module files
[1.743s] Level 1:colcon.colcon_core.environment:checking '/home/ahmedmuhammad/pingpong_ws/install/player_commands' for CMake config files
[1.743s] Level 1:colcon.colcon_core.shell:create_environment_hook('player_commands', 'cmake_prefix_path')
[1.754s] INFO:colcon.colcon_core.shell:Creating environment hook '/home/ahmedmuhammad/pingpong_ws/install/player_commands/share/player_commands/hook/cmake_prefix_path.ps1'
[1.755s] INFO:colcon.colcon_core.shell:Creating environment descriptor '/home/ahmedmuhammad/pingpong_ws/install/player_commands/share/player_commands/hook/cmake_prefix_path.dsv'
[1.755s] INFO:colcon.colcon_core.shell:Creating environment hook '/home/ahmedmuhammad/pingpong_ws/install/player_commands/share/player_commands/hook/cmake_prefix_path.sh'
[1.755s] Level 1:colcon.colcon_core.environment:checking '/home/ahmedmuhammad/pingpong_ws/install/player_commands/lib'
[1.755s] Level 1:colcon.colcon_core.shell:create_environment_hook('player_commands', 'ld_library_path_lib')
[1.769s] INFO:colcon.colcon_core.shell:Creating environment hook '/home/ahmedmuhammad/pingpong_ws/install/player_commands/share/player_commands/hook/ld_library_path_lib.ps1'
[1.769s] INFO:colcon.colcon_core.shell:Creating environment descriptor '/home/ahmedmuhammad/pingpong_ws/install/player_commands/share/player_commands/hook/ld_library_path_lib.dsv'
[1.769s] INFO:colcon.colcon_core.shell:Creating environment hook '/home/ahmedmuhammad/pingpong_ws/install/player_commands/share/player_commands/hook/ld_library_path_lib.sh'
[1.770s] Level 1:colcon.colcon_core.environment:checking '/home/ahmedmuhammad/pingpong_ws/install/player_commands/bin'
[1.770s] Level 1:colcon.colcon_core.environment:checking '/home/ahmedmuhammad/pingpong_ws/install/player_commands/lib/pkgconfig/player_commands.pc'
[1.770s] Level 1:colcon.colcon_core.environment:checking '/home/ahmedmuhammad/pingpong_ws/install/player_commands/lib/python3.10/site-packages'
[1.770s] Level 1:colcon.colcon_core.environment:checking '/home/ahmedmuhammad/pingpong_ws/install/player_commands/bin'
[1.782s] INFO:colcon.colcon_core.shell:Creating package script '/home/ahmedmuhammad/pingpong_ws/install/player_commands/share/player_commands/package.ps1'
[1.782s] INFO:colcon.colcon_core.shell:Creating package descriptor '/home/ahmedmuhammad/pingpong_ws/install/player_commands/share/player_commands/package.dsv'
[1.783s] INFO:colcon.colcon_core.shell:Creating package script '/home/ahmedmuhammad/pingpong_ws/install/player_commands/share/player_commands/package.sh'
[1.783s] INFO:colcon.colcon_core.shell:Creating package script '/home/ahmedmuhammad/pingpong_ws/install/player_commands/share/player_commands/package.bash'
[1.783s] INFO:colcon.colcon_core.shell:Creating package script '/home/ahmedmuhammad/pingpong_ws/install/player_commands/share/player_commands/package.zsh'
[1.784s] Level 1:colcon.colcon_core.environment:create_file_with_runtime_dependencies(/home/ahmedmuhammad/pingpong_ws/install/player_commands/share/colcon-core/packages/player_commands)
[1.784s] INFO:colcon.colcon_ros.task.ament_python.build:Building ROS package in '/home/ahmedmuhammad/pingpong_ws/src/media_pipe' with build type 'ament_python'
[1.784s] Level 1:colcon.colcon_core.shell:create_environment_hook('media_pipe', 'ament_prefix_path')
[1.796s] INFO:colcon.colcon_core.shell:Creating environment hook '/home/ahmedmuhammad/pingpong_ws/install/media_pipe/share/media_pipe/hook/ament_prefix_path.ps1'
[1.797s] INFO:colcon.colcon_core.shell:Creating environment descriptor '/home/ahmedmuhammad/pingpong_ws/install/media_pipe/share/media_pipe/hook/ament_prefix_path.dsv'
[1.797s] INFO:colcon.colcon_core.shell:Creating environment hook '/home/ahmedmuhammad/pingpong_ws/install/media_pipe/share/media_pipe/hook/ament_prefix_path.sh'
[1.808s] INFO:colcon.colcon_core.shell:Skip shell extension 'powershell' for command environment: Not usable outside of PowerShell
[1.808s] DEBUG:colcon.colcon_core.shell:Skip shell extension 'dsv' for command environment
[1.851s] DEBUG:colcon.colcon_core.event_handler.log_command:Invoking command in '/home/ahmedmuhammad/pingpong_ws/src/check_image_size': PYTHONPATH=/home/ahmedmuhammad/pingpong_ws/build/check_image_size/prefix_override:/home/ahmedmuhammad/pingpong_ws/install/check_image_size/lib/python3.10/site-packages:${PYTHONPATH} /usr/bin/python3 setup.py egg_info --egg-base ../../build/check_image_size build --build-base /home/ahmedmuhammad/pingpong_ws/build/check_image_size/build install --record /home/ahmedmuhammad/pingpong_ws/build/check_image_size/install.log --single-version-externally-managed
[1.851s] DEBUG:colcon.colcon_core.event_handler.log_command:Invoked command in '/home/ahmedmuhammad/pingpong_ws/build/image_transport_tutorials' returned '0': CMAKE_PREFIX_PATH=${CMAKE_PREFIX_PATH}:/home/ahmedmuhammad/pingpong_ws/install/media_pipe:/home/ahmedmuhammad/pingpong_ws/install/check_image_size:/opt/ros/humble /usr/bin/cmake --build /home/ahmedmuhammad/pingpong_ws/build/image_transport_tutorials -- -j16 -l16
[1.893s] DEBUG:colcon.colcon_core.event_handler.log_command:Invoking command in '/home/ahmedmuhammad/pingpong_ws/build/image_transport_tutorials': CMAKE_PREFIX_PATH=${CMAKE_PREFIX_PATH}:/home/ahmedmuhammad/pingpong_ws/install/media_pipe:/home/ahmedmuhammad/pingpong_ws/install/check_image_size:/opt/ros/humble /usr/bin/cmake --install /home/ahmedmuhammad/pingpong_ws/build/image_transport_tutorials
[2.119s] INFO:colcon.colcon_core.task.python.build:Building Python package in '/home/ahmedmuhammad/pingpong_ws/src/media_pipe'
[2.131s] INFO:colcon.colcon_core.shell:Skip shell extension 'powershell' for command environment: Not usable outside of PowerShell
[2.131s] DEBUG:colcon.colcon_core.shell:Skip shell extension 'dsv' for command environment
[2.166s] Level 1:colcon.colcon_core.environment:create_environment_scripts_only(image_transport_tutorials)
[2.167s] DEBUG:colcon.colcon_core.event_handler.log_command:Invoked command in '/home/ahmedmuhammad/pingpong_ws/build/image_transport_tutorials' returned '0': CMAKE_PREFIX_PATH=${CMAKE_PREFIX_PATH}:/home/ahmedmuhammad/pingpong_ws/install/media_pipe:/home/ahmedmuhammad/pingpong_ws/install/check_image_size:/opt/ros/humble /usr/bin/cmake --install /home/ahmedmuhammad/pingpong_ws/build/image_transport_tutorials
[2.179s] Level 1:colcon.colcon_core.environment:checking '/home/ahmedmuhammad/pingpong_ws/install/image_transport_tutorials' for CMake module files
[2.179s] Level 1:colcon.colcon_core.environment:checking '/home/ahmedmuhammad/pingpong_ws/install/image_transport_tutorials' for CMake config files
[2.180s] Level 1:colcon.colcon_core.shell:create_environment_hook('image_transport_tutorials', 'cmake_prefix_path')
[2.191s] INFO:colcon.colcon_core.shell:Creating environment hook '/home/ahmedmuhammad/pingpong_ws/install/image_transport_tutorials/share/image_transport_tutorials/hook/cmake_prefix_path.ps1'
[2.191s] INFO:colcon.colcon_core.shell:Creating environment descriptor '/home/ahmedmuhammad/pingpong_ws/install/image_transport_tutorials/share/image_transport_tutorials/hook/cmake_prefix_path.dsv'
[2.191s] INFO:colcon.colcon_core.shell:Creating environment hook '/home/ahmedmuhammad/pingpong_ws/install/image_transport_tutorials/share/image_transport_tutorials/hook/cmake_prefix_path.sh'
[2.192s] Level 1:colcon.colcon_core.environment:checking '/home/ahmedmuhammad/pingpong_ws/install/image_transport_tutorials/lib'
[2.192s] Level 1:colcon.colcon_core.shell:create_environment_hook('image_transport_tutorials', 'ld_library_path_lib')
[2.202s] INFO:colcon.colcon_core.shell:Creating environment hook '/home/ahmedmuhammad/pingpong_ws/install/image_transport_tutorials/share/image_transport_tutorials/hook/ld_library_path_lib.ps1'
[2.203s] INFO:colcon.colcon_core.shell:Creating environment descriptor '/home/ahmedmuhammad/pingpong_ws/install/image_transport_tutorials/share/image_transport_tutorials/hook/ld_library_path_lib.dsv'
[2.203s] INFO:colcon.colcon_core.shell:Creating environment hook '/home/ahmedmuhammad/pingpong_ws/install/image_transport_tutorials/share/image_transport_tutorials/hook/ld_library_path_lib.sh'
[2.203s] Level 1:colcon.colcon_core.environment:checking '/home/ahmedmuhammad/pingpong_ws/install/image_transport_tutorials/bin'
[2.203s] Level 1:colcon.colcon_core.environment:checking '/home/ahmedmuhammad/pingpong_ws/install/image_transport_tutorials/lib/pkgconfig/image_transport_tutorials.pc'
[2.203s] Level 1:colcon.colcon_core.environment:checking '/home/ahmedmuhammad/pingpong_ws/install/image_transport_tutorials/lib/python3.10/site-packages'
[2.203s] Level 1:colcon.colcon_core.environment:checking '/home/ahmedmuhammad/pingpong_ws/install/image_transport_tutorials/bin'
[2.216s] INFO:colcon.colcon_core.shell:Creating package script '/home/ahmedmuhammad/pingpong_ws/install/image_transport_tutorials/share/image_transport_tutorials/package.ps1'
[2.216s] INFO:colcon.colcon_core.shell:Creating package descriptor '/home/ahmedmuhammad/pingpong_ws/install/image_transport_tutorials/share/image_transport_tutorials/package.dsv'
[2.216s] INFO:colcon.colcon_core.shell:Creating package script '/home/ahmedmuhammad/pingpong_ws/install/image_transport_tutorials/share/image_transport_tutorials/package.sh'
[2.217s] INFO:colcon.colcon_core.shell:Creating package script '/home/ahmedmuhammad/pingpong_ws/install/image_transport_tutorials/share/image_transport_tutorials/package.bash'
[2.217s] INFO:colcon.colcon_core.shell:Creating package script '/home/ahmedmuhammad/pingpong_ws/install/image_transport_tutorials/share/image_transport_tutorials/package.zsh'
[2.217s] Level 1:colcon.colcon_core.environment:create_file_with_runtime_dependencies(/home/ahmedmuhammad/pingpong_ws/install/image_transport_tutorials/share/colcon-core/packages/image_transport_tutorials)
[2.218s] DEBUG:colcon.colcon_core.event_handler.log_command:Invoked command in '/home/ahmedmuhammad/pingpong_ws/src/check_image_size' returned '0': PYTHONPATH=/home/ahmedmuhammad/pingpong_ws/build/check_image_size/prefix_override:/home/ahmedmuhammad/pingpong_ws/install/check_image_size/lib/python3.10/site-packages:${PYTHONPATH} /usr/bin/python3 setup.py egg_info --egg-base ../../build/check_image_size build --build-base /home/ahmedmuhammad/pingpong_ws/build/check_image_size/build install --record /home/ahmedmuhammad/pingpong_ws/build/check_image_size/install.log --single-version-externally-managed
[2.229s] Level 1:colcon.colcon_core.environment:checking '/home/ahmedmuhammad/pingpong_ws/install/check_image_size' for CMake module files
[2.230s] Level 1:colcon.colcon_core.environment:checking '/home/ahmedmuhammad/pingpong_ws/install/check_image_size' for CMake config files
[2.230s] Level 1:colcon.colcon_core.environment:checking '/home/ahmedmuhammad/pingpong_ws/install/check_image_size/lib'
[2.230s] Level 1:colcon.colcon_core.environment:checking '/home/ahmedmuhammad/pingpong_ws/install/check_image_size/bin'
[2.230s] Level 1:colcon.colcon_core.environment:checking '/home/ahmedmuhammad/pingpong_ws/install/check_image_size/lib/pkgconfig/check_image_size.pc'
[2.230s] Level 1:colcon.colcon_core.environment:checking '/home/ahmedmuhammad/pingpong_ws/install/check_image_size/lib/python3.10/site-packages'
[2.230s] Level 1:colcon.colcon_core.shell:create_environment_hook('check_image_size', 'pythonpath')
[2.241s] INFO:colcon.colcon_core.shell:Creating environment hook '/home/ahmedmuhammad/pingpong_ws/install/check_image_size/share/check_image_size/hook/pythonpath.ps1'
[2.242s] INFO:colcon.colcon_core.shell:Creating environment descriptor '/home/ahmedmuhammad/pingpong_ws/install/check_image_size/share/check_image_size/hook/pythonpath.dsv'
[2.242s] INFO:colcon.colcon_core.shell:Creating environment hook '/home/ahmedmuhammad/pingpong_ws/install/check_image_size/share/check_image_size/hook/pythonpath.sh'
[2.242s] Level 1:colcon.colcon_core.environment:checking '/home/ahmedmuhammad/pingpong_ws/install/check_image_size/bin'
[2.242s] Level 1:colcon.colcon_core.environment:create_environment_scripts_only(check_image_size)
[2.253s] INFO:colcon.colcon_core.shell:Creating package script '/home/ahmedmuhammad/pingpong_ws/install/check_image_size/share/check_image_size/package.ps1'
[2.254s] INFO:colcon.colcon_core.shell:Creating package descriptor '/home/ahmedmuhammad/pingpong_ws/install/check_image_size/share/check_image_size/package.dsv'
[2.254s] INFO:colcon.colcon_core.shell:Creating package script '/home/ahmedmuhammad/pingpong_ws/install/check_image_size/share/check_image_size/package.sh'
[2.255s] INFO:colcon.colcon_core.shell:Creating package script '/home/ahmedmuhammad/pingpong_ws/install/check_image_size/share/check_image_size/package.bash'
[2.255s] INFO:colcon.colcon_core.shell:Creating package script '/home/ahmedmuhammad/pingpong_ws/install/check_image_size/share/check_image_size/package.zsh'
[2.255s] Level 1:colcon.colcon_core.environment:create_file_with_runtime_dependencies(/home/ahmedmuhammad/pingpong_ws/install/check_image_size/share/colcon-core/packages/check_image_size)
[2.274s] Level 1:colcon.colcon_core.environment:create_environment_scripts_only(image_transport_tutorials)
[2.285s] Level 1:colcon.colcon_core.environment:checking '/home/ahmedmuhammad/pingpong_ws/install/image_transport_tutorials' for CMake module files
[2.285s] Level 1:colcon.colcon_core.environment:checking '/home/ahmedmuhammad/pingpong_ws/install/image_transport_tutorials' for CMake config files
[2.285s] Level 1:colcon.colcon_core.shell:create_environment_hook('image_transport_tutorials', 'cmake_prefix_path')
[2.296s] INFO:colcon.colcon_core.shell:Creating environment hook '/home/ahmedmuhammad/pingpong_ws/install/image_transport_tutorials/share/image_transport_tutorials/hook/cmake_prefix_path.ps1'
[2.297s] INFO:colcon.colcon_core.shell:Creating environment descriptor '/home/ahmedmuhammad/pingpong_ws/install/image_transport_tutorials/share/image_transport_tutorials/hook/cmake_prefix_path.dsv'
[2.297s] INFO:colcon.colcon_core.shell:Creating environment hook '/home/ahmedmuhammad/pingpong_ws/install/image_transport_tutorials/share/image_transport_tutorials/hook/cmake_prefix_path.sh'
[2.297s] Level 1:colcon.colcon_core.environment:checking '/home/ahmedmuhammad/pingpong_ws/install/image_transport_tutorials/lib'
[2.297s] Level 1:colcon.colcon_core.shell:create_environment_hook('image_transport_tutorials', 'ld_library_path_lib')
[2.308s] INFO:colcon.colcon_core.shell:Creating environment hook '/home/ahmedmuhammad/pingpong_ws/install/image_transport_tutorials/share/image_transport_tutorials/hook/ld_library_path_lib.ps1'
[2.308s] INFO:colcon.colcon_core.shell:Creating environment descriptor '/home/ahmedmuhammad/pingpong_ws/install/image_transport_tutorials/share/image_transport_tutorials/hook/ld_library_path_lib.dsv'
[2.308s] INFO:colcon.colcon_core.shell:Creating environment hook '/home/ahmedmuhammad/pingpong_ws/install/image_transport_tutorials/share/image_transport_tutorials/hook/ld_library_path_lib.sh'
[2.309s] Level 1:colcon.colcon_core.environment:checking '/home/ahmedmuhammad/pingpong_ws/install/image_transport_tutorials/bin'
[2.309s] Level 1:colcon.colcon_core.environment:checking '/home/ahmedmuhammad/pingpong_ws/install/image_transport_tutorials/lib/pkgconfig/image_transport_tutorials.pc'
[2.309s] Level 1:colcon.colcon_core.environment:checking '/home/ahmedmuhammad/pingpong_ws/install/image_transport_tutorials/lib/python3.10/site-packages'
[2.309s] Level 1:colcon.colcon_core.environment:checking '/home/ahmedmuhammad/pingpong_ws/install/image_transport_tutorials/bin'
[2.320s] INFO:colcon.colcon_core.shell:Creating package script '/home/ahmedmuhammad/pingpong_ws/install/image_transport_tutorials/share/image_transport_tutorials/package.ps1'
[2.321s] INFO:colcon.colcon_core.shell:Creating package descriptor '/home/ahmedmuhammad/pingpong_ws/install/image_transport_tutorials/share/image_transport_tutorials/package.dsv'
[2.321s] INFO:colcon.colcon_core.shell:Creating package script '/home/ahmedmuhammad/pingpong_ws/install/image_transport_tutorials/share/image_transport_tutorials/package.sh'
[2.321s] INFO:colcon.colcon_core.shell:Creating package script '/home/ahmedmuhammad/pingpong_ws/install/image_transport_tutorials/share/image_transport_tutorials/package.bash'
[2.322s] INFO:colcon.colcon_core.shell:Creating package script '/home/ahmedmuhammad/pingpong_ws/install/image_transport_tutorials/share/image_transport_tutorials/package.zsh'
[2.322s] Level 1:colcon.colcon_core.environment:create_file_with_runtime_dependencies(/home/ahmedmuhammad/pingpong_ws/install/image_transport_tutorials/share/colcon-core/packages/image_transport_tutorials)
[2.526s] DEBUG:colcon.colcon_core.event_handler.log_command:Invoking command in '/home/ahmedmuhammad/pingpong_ws/src/media_pipe': LD_LIBRARY_PATH=/home/ahmedmuhammad/pingpong_ws/install/player_commands/lib:/home/ahmedmuhammad/pingpong_ws/install/image_transport_tutorials/lib:/usr/lib/x86_64-linux-gnu/gazebo-11/plugins:/opt/ros/humble/opt/rviz_ogre_vendor/lib:/opt/ros/humble/lib/x86_64-linux-gnu:/opt/ros/humble/lib:/usr/share/gazebo/../../lib/x86_64-linux-gnu/gazebo-11/plugins:/usr/share/gazebo/../../lib/x86_64-linux-gnu/gazebo-11/plugins:/usr/share/gazebo/../../lib/x86_64-linux-gnu/gazebo-11/plugins PYTHONPATH=/home/ahmedmuhammad/pingpong_ws/build/media_pipe/prefix_override:/home/ahmedmuhammad/pingpong_ws/install/media_pipe/lib/python3.10/site-packages:${PYTHONPATH} /usr/bin/python3 setup.py egg_info --egg-base ../../build/media_pipe build --build-base /home/ahmedmuhammad/pingpong_ws/build/media_pipe/build install --record /home/ahmedmuhammad/pingpong_ws/build/media_pipe/install.log --single-version-externally-managed
[2.738s] DEBUG:colcon.colcon_core.event_handler.log_command:Invoked command in '/home/ahmedmuhammad/pingpong_ws/src/media_pipe' returned '0': LD_LIBRARY_PATH=/home/ahmedmuhammad/pingpong_ws/install/player_commands/lib:/home/ahmedmuhammad/pingpong_ws/install/image_transport_tutorials/lib:/usr/lib/x86_64-linux-gnu/gazebo-11/plugins:/opt/ros/humble/opt/rviz_ogre_vendor/lib:/opt/ros/humble/lib/x86_64-linux-gnu:/opt/ros/humble/lib:/usr/share/gazebo/../../lib/x86_64-linux-gnu/gazebo-11/plugins:/usr/share/gazebo/../../lib/x86_64-linux-gnu/gazebo-11/plugins:/usr/share/gazebo/../../lib/x86_64-linux-gnu/gazebo-11/plugins PYTHONPATH=/home/ahmedmuhammad/pingpong_ws/build/media_pipe/prefix_override:/home/ahmedmuhammad/pingpong_ws/install/media_pipe/lib/python3.10/site-packages:${PYTHONPATH} /usr/bin/python3 setup.py egg_info --egg-base ../../build/media_pipe build --build-base /home/ahmedmuhammad/pingpong_ws/build/media_pipe/build install --record /home/ahmedmuhammad/pingpong_ws/build/media_pipe/install.log --single-version-externally-managed
[2.749s] Level 1:colcon.colcon_core.environment:checking '/home/ahmedmuhammad/pingpong_ws/install/media_pipe' for CMake module files
[2.749s] Level 1:colcon.colcon_core.environment:checking '/home/ahmedmuhammad/pingpong_ws/install/media_pipe' for CMake config files
[2.749s] Level 1:colcon.colcon_core.environment:checking '/home/ahmedmuhammad/pingpong_ws/install/media_pipe/lib'
[2.750s] Level 1:colcon.colcon_core.environment:checking '/home/ahmedmuhammad/pingpong_ws/install/media_pipe/bin'
[2.750s] Level 1:colcon.colcon_core.environment:checking '/home/ahmedmuhammad/pingpong_ws/install/media_pipe/lib/pkgconfig/media_pipe.pc'
[2.750s] Level 1:colcon.colcon_core.environment:checking '/home/ahmedmuhammad/pingpong_ws/install/media_pipe/lib/python3.10/site-packages'
[2.750s] Level 1:colcon.colcon_core.shell:create_environment_hook('media_pipe', 'pythonpath')
[2.769s] INFO:colcon.colcon_core.shell:Creating environment hook '/home/ahmedmuhammad/pingpong_ws/install/media_pipe/share/media_pipe/hook/pythonpath.ps1'
[2.769s] INFO:colcon.colcon_core.shell:Creating environment descriptor '/home/ahmedmuhammad/pingpong_ws/install/media_pipe/share/media_pipe/hook/pythonpath.dsv'
[2.769s] INFO:colcon.colcon_core.shell:Creating environment hook '/home/ahmedmuhammad/pingpong_ws/install/media_pipe/share/media_pipe/hook/pythonpath.sh'
[2.770s] Level 1:colcon.colcon_core.environment:checking '/home/ahmedmuhammad/pingpong_ws/install/media_pipe/bin'
[2.770s] Level 1:colcon.colcon_core.environment:create_environment_scripts_only(media_pipe)
[2.781s] INFO:colcon.colcon_core.shell:Creating package script '/home/ahmedmuhammad/pingpong_ws/install/media_pipe/share/media_pipe/package.ps1'
[2.781s] INFO:colcon.colcon_core.shell:Creating package descriptor '/home/ahmedmuhammad/pingpong_ws/install/media_pipe/share/media_pipe/package.dsv'
[2.781s] INFO:colcon.colcon_core.shell:Creating package script '/home/ahmedmuhammad/pingpong_ws/install/media_pipe/share/media_pipe/package.sh'
[2.782s] INFO:colcon.colcon_core.shell:Creating package script '/home/ahmedmuhammad/pingpong_ws/install/media_pipe/share/media_pipe/package.bash'
[2.782s] INFO:colcon.colcon_core.shell:Creating package script '/home/ahmedmuhammad/pingpong_ws/install/media_pipe/share/media_pipe/package.zsh'
[2.782s] Level 1:colcon.colcon_core.environment:create_file_with_runtime_dependencies(/home/ahmedmuhammad/pingpong_ws/install/media_pipe/share/colcon-core/packages/media_pipe)
[2.782s] DEBUG:colcon.colcon_parallel_executor.executor.parallel:closing loop
[2.783s] DEBUG:colcon.colcon_parallel_executor.executor.parallel:loop closed
[2.783s] DEBUG:colcon.colcon_parallel_executor.executor.parallel:run_until_complete finished with '0'
[2.783s] DEBUG:colcon.colcon_core.event_reactor:joining thread
[2.797s] INFO:colcon.colcon_core.plugin_system:Skipping extension 'colcon_notification.desktop_notification.terminal_notifier': Not used on non-Darwin systems
[2.797s] INFO:colcon.colcon_core.plugin_system:Skipping extension 'colcon_notification.desktop_notification.win32': Not used on non-Windows systems
[2.797s] INFO:colcon.colcon_notification.desktop_notification:Sending desktop notification using 'notify2'
[2.801s] DEBUG:colcon.colcon_core.event_reactor:joined thread
[2.812s] INFO:colcon.colcon_core.shell:Creating prefix script '/home/ahmedmuhammad/pingpong_ws/install/local_setup.ps1'
[2.813s] INFO:colcon.colcon_core.shell:Creating prefix util module '/home/ahmedmuhammad/pingpong_ws/install/_local_setup_util_ps1.py'
[2.814s] INFO:colcon.colcon_core.shell:Creating prefix chain script '/home/ahmedmuhammad/pingpong_ws/install/setup.ps1'
[2.826s] INFO:colcon.colcon_core.shell:Creating prefix script '/home/ahmedmuhammad/pingpong_ws/install/local_setup.sh'
[2.826s] INFO:colcon.colcon_core.shell:Creating prefix util module '/home/ahmedmuhammad/pingpong_ws/install/_local_setup_util_sh.py'
[2.827s] INFO:colcon.colcon_core.shell:Creating prefix chain script '/home/ahmedmuhammad/pingpong_ws/install/setup.sh'
[2.839s] INFO:colcon.colcon_core.shell:Creating prefix script '/home/ahmedmuhammad/pingpong_ws/install/local_setup.bash'
[2.839s] INFO:colcon.colcon_core.shell:Creating prefix chain script '/home/ahmedmuhammad/pingpong_ws/install/setup.bash'
[2.850s] INFO:colcon.colcon_core.shell:Creating prefix script '/home/ahmedmuhammad/pingpong_ws/install/local_setup.zsh'
[2.851s] INFO:colcon.colcon_core.shell:Creating prefix chain script '/home/ahmedmuhammad/pingpong_ws/install/setup.zsh'
