[0.049s] Invoking command in '/home/ahmedmuhammad/led_ws/build/led_interfaces': CMAKE_PREFIX_PATH=${CMAKE_PREFIX_PATH}:/home/ahmedmuhammad/ros2_ws/install/launch_testing_examples:/home/ahmedmuhammad/ros2_ws/install/examples_rclpy_pointcloud_publisher:/home/ahmedmuhammad/ros2_ws/install/examples_rclpy_minimal_subscriber:/home/ahmedmuhammad/ros2_ws/install/examples_rclpy_minimal_service:/home/ahmedmuhammad/ros2_ws/install/examples_rclpy_minimal_publisher:/home/ahmedmuhammad/ros2_ws/install/examples_rclpy_minimal_client:/home/ahmedmuhammad/ros2_ws/install/examples_rclpy_minimal_action_server:/home/ahmedmuhammad/ros2_ws/install/examples_rclpy_minimal_action_client:/home/ahmedmuhammad/ros2_ws/install/examples_rclpy_guard_conditions:/home/ahmedmuhammad/ros2_ws/install/examples_rclpy_executors:/opt/ros/humble /usr/bin/cmake /home/ahmedmuhammad/led_ws/src/led_interfaces -DCMAKE_INSTALL_PREFIX=/home/ahmedmuhammad/led_ws/install/led_interfaces
[0.168s] -- The C compiler identification is GNU 11.4.0
[0.544s] -- The CXX compiler identification is GNU 11.4.0
[0.841s] -- Detecting C compiler ABI info
[0.954s] -- Detecting C compiler ABI info - done
[0.959s] -- Check for working C compiler: /usr/bin/cc - skipped
[0.960s] -- Detecting C compile features
[0.961s] -- Detecting C compile features - done
[0.964s] -- Detecting CXX compiler ABI info
[1.079s] -- Detecting CXX compiler ABI info - done
[1.084s] -- Check for working CXX compiler: /usr/bin/c++ - skipped
[1.085s] -- Detecting CXX compile features
[1.085s] -- Detecting CXX compile features - done
[1.098s] -- Found ament_cmake: 1.3.8 (/opt/ros/humble/share/ament_cmake/cmake)
[1.232s] -- Found Python3: /usr/bin/python3 (found version "3.10.12") found components: Interpreter 
[1.345s] -- Found rosidl_default_generators: 1.2.0 (/opt/ros/humble/share/rosidl_default_generators/cmake)
[1.354s] -- Using all available rosidl_typesupport_c: rosidl_typesupport_fastrtps_c;rosidl_typesupport_introspection_c
[1.366s] -- Found rosidl_adapter: 3.1.5 (/opt/ros/humble/share/rosidl_adapter/cmake)
[1.515s] -- Using all available rosidl_typesupport_cpp: rosidl_typesupport_fastrtps_cpp;rosidl_typesupport_introspection_cpp
[1.767s] -- Found ament_cmake_ros: 0.10.0 (/opt/ros/humble/share/ament_cmake_ros/cmake)
[1.933s] -- Using all available rosidl_typesupport_c: rosidl_typesupport_fastrtps_c;rosidl_typesupport_introspection_c
[2.127s] -- Using all available rosidl_typesupport_cpp: rosidl_typesupport_fastrtps_cpp;rosidl_typesupport_introspection_cpp
[2.237s] -- Found PythonInterp: /usr/bin/python3 (found suitable version "3.10.12", minimum required is "3.6") 
[2.240s] -- Found python_cmake_module: 0.10.0 (/opt/ros/humble/share/python_cmake_module/cmake)
[2.584s] -- Found PythonLibs: /usr/lib/x86_64-linux-gnu/libpython3.10.so (found suitable version "3.10.12", minimum required is "3.5") 
[2.585s] -- Using PYTHON_EXECUTABLE: /usr/bin/python3
[2.585s] -- Using PYTHON_INCLUDE_DIRS: /usr/include/python3.10
[2.585s] -- Using PYTHON_LIBRARIES: /usr/lib/x86_64-linux-gnu/libpython3.10.so
[2.602s] -- Found PythonExtra: .so  
[2.679s] -- Configuring done
[2.699s] -- Generating done
[2.701s] -- Build files have been written to: /home/ahmedmuhammad/led_ws/build/led_interfaces
[2.709s] Invoked command in '/home/ahmedmuhammad/led_ws/build/led_interfaces' returned '0': CMAKE_PREFIX_PATH=${CMAKE_PREFIX_PATH}:/home/ahmedmuhammad/ros2_ws/install/launch_testing_examples:/home/ahmedmuhammad/ros2_ws/install/examples_rclpy_pointcloud_publisher:/home/ahmedmuhammad/ros2_ws/install/examples_rclpy_minimal_subscriber:/home/ahmedmuhammad/ros2_ws/install/examples_rclpy_minimal_service:/home/ahmedmuhammad/ros2_ws/install/examples_rclpy_minimal_publisher:/home/ahmedmuhammad/ros2_ws/install/examples_rclpy_minimal_client:/home/ahmedmuhammad/ros2_ws/install/examples_rclpy_minimal_action_server:/home/ahmedmuhammad/ros2_ws/install/examples_rclpy_minimal_action_client:/home/ahmedmuhammad/ros2_ws/install/examples_rclpy_guard_conditions:/home/ahmedmuhammad/ros2_ws/install/examples_rclpy_executors:/opt/ros/humble /usr/bin/cmake /home/ahmedmuhammad/led_ws/src/led_interfaces -DCMAKE_INSTALL_PREFIX=/home/ahmedmuhammad/led_ws/install/led_interfaces
[2.711s] Invoking command in '/home/ahmedmuhammad/led_ws/build/led_interfaces': CMAKE_PREFIX_PATH=${CMAKE_PREFIX_PATH}:/home/ahmedmuhammad/ros2_ws/install/launch_testing_examples:/home/ahmedmuhammad/ros2_ws/install/examples_rclpy_pointcloud_publisher:/home/ahmedmuhammad/ros2_ws/install/examples_rclpy_minimal_subscriber:/home/ahmedmuhammad/ros2_ws/install/examples_rclpy_minimal_service:/home/ahmedmuhammad/ros2_ws/install/examples_rclpy_minimal_publisher:/home/ahmedmuhammad/ros2_ws/install/examples_rclpy_minimal_client:/home/ahmedmuhammad/ros2_ws/install/examples_rclpy_minimal_action_server:/home/ahmedmuhammad/ros2_ws/install/examples_rclpy_minimal_action_client:/home/ahmedmuhammad/ros2_ws/install/examples_rclpy_guard_conditions:/home/ahmedmuhammad/ros2_ws/install/examples_rclpy_executors:/opt/ros/humble /usr/bin/cmake --build /home/ahmedmuhammad/led_ws/build/led_interfaces -- -j16 -l16
[2.734s] [  3%] [34m[1mGenerating C code for ROS interfaces[0m
[2.740s] [  6%] [34m[1mGenerating C++ code for ROS interfaces[0m
[2.744s] [  6%] Built target ament_cmake_python_copy_led_interfaces
[2.927s] running egg_info
[2.927s] creating led_interfaces.egg-info
[2.927s] writing led_interfaces.egg-info/PKG-INFO
[2.927s] writing dependency_links to led_interfaces.egg-info/dependency_links.txt
[2.928s] writing top-level names to led_interfaces.egg-info/top_level.txt
[2.928s] writing manifest file 'led_interfaces.egg-info/SOURCES.txt'
[2.929s] reading manifest file 'led_interfaces.egg-info/SOURCES.txt'
[2.930s] writing manifest file 'led_interfaces.egg-info/SOURCES.txt'
[2.953s] [  9%] Built target ament_cmake_python_build_led_interfaces_egg
[2.953s] [  9%] [32mBuilding C object CMakeFiles/led_interfaces__rosidl_generator_c.dir/rosidl_generator_c/led_interfaces/srv/detail/led_control__functions.c.o[0m
[2.962s] [  9%] Built target led_interfaces__cpp
[2.968s] [ 19%] [34m[1mGenerating C++ type support for eProsima Fast-RTPS[0m
[2.968s] [ 19%] [34m[1mGenerating C++ introspection for ROS interfaces[0m
[2.968s] [ 19%] [34m[1mGenerating C++ type support dispatch for ROS interfaces[0m
[2.999s] [ 22%] [32m[1mLinking C shared library libled_interfaces__rosidl_generator_c.so[0m
[3.084s] [ 22%] Built target led_interfaces__rosidl_generator_c
[3.091s] [ 32%] [34m[1mGenerating C type support dispatch for ROS interfaces[0m
[3.091s] [ 32%] [34m[1mGenerating C introspection for ROS interfaces[0m
[3.091s] [ 32%] [34m[1mGenerating C type support for eProsima Fast-RTPS[0m
[3.151s] [ 35%] [32mBuilding CXX object CMakeFiles/led_interfaces__rosidl_typesupport_cpp.dir/rosidl_typesupport_cpp/led_interfaces/srv/led_control__type_support.cpp.o[0m
[3.186s] [ 38%] [32mBuilding CXX object CMakeFiles/led_interfaces__rosidl_typesupport_introspection_cpp.dir/rosidl_typesupport_introspection_cpp/led_interfaces/srv/detail/led_control__type_support.cpp.o[0m
[3.192s] [ 41%] [32mBuilding CXX object CMakeFiles/led_interfaces__rosidl_typesupport_fastrtps_cpp.dir/rosidl_typesupport_fastrtps_cpp/led_interfaces/srv/detail/dds_fastrtps/led_control__type_support.cpp.o[0m
[3.288s] [ 45%] [32mBuilding CXX object CMakeFiles/led_interfaces__rosidl_typesupport_c.dir/rosidl_typesupport_c/led_interfaces/srv/led_control__type_support.cpp.o[0m
[3.311s] [ 48%] [32m[1mLinking CXX shared library libled_interfaces__rosidl_typesupport_c.so[0m
[3.319s] [ 51%] [32mBuilding C object CMakeFiles/led_interfaces__rosidl_typesupport_introspection_c.dir/rosidl_typesupport_introspection_c/led_interfaces/srv/detail/led_control__type_support.c.o[0m
[3.326s] [ 54%] [32mBuilding CXX object CMakeFiles/led_interfaces__rosidl_typesupport_fastrtps_c.dir/rosidl_typesupport_fastrtps_c/led_interfaces/srv/detail/led_control__type_support_c.cpp.o[0m
[3.343s] [ 58%] [32m[1mLinking C shared library libled_interfaces__rosidl_typesupport_introspection_c.so[0m
[3.367s] [ 61%] [32m[1mLinking CXX shared library libled_interfaces__rosidl_typesupport_cpp.so[0m
[3.398s] [ 61%] Built target led_interfaces__rosidl_typesupport_c
[3.410s] [ 61%] Built target led_interfaces__rosidl_typesupport_introspection_c
[3.449s] [ 61%] Built target led_interfaces__rosidl_typesupport_cpp
[3.485s] [ 64%] [32m[1mLinking CXX shared library libled_interfaces__rosidl_typesupport_introspection_cpp.so[0m
[3.496s] [ 67%] [32m[1mLinking CXX shared library libled_interfaces__rosidl_typesupport_fastrtps_cpp.so[0m
[3.579s] [ 70%] [32m[1mLinking CXX shared library libled_interfaces__rosidl_typesupport_fastrtps_c.so[0m
[3.593s] [ 70%] Built target led_interfaces__rosidl_typesupport_introspection_cpp
[3.610s] [ 70%] Built target led_interfaces__rosidl_typesupport_fastrtps_cpp
[3.684s] [ 70%] Built target led_interfaces__rosidl_typesupport_fastrtps_c
[3.695s] [ 70%] Built target led_interfaces
[3.706s] [ 74%] [34m[1mGenerating Python code for ROS interfaces[0m
[3.973s] [ 74%] Built target led_interfaces__py
[3.983s] [ 77%] [32mBuilding C object CMakeFiles/led_interfaces__rosidl_generator_py.dir/rosidl_generator_py/led_interfaces/srv/_led_control_s.c.o[0m
[4.054s] [ 80%] [32m[1mLinking C shared library rosidl_generator_py/led_interfaces/libled_interfaces__rosidl_generator_py.so[0m
[4.143s] [ 80%] Built target led_interfaces__rosidl_generator_py
[4.154s] [ 90%] [32mBuilding C object CMakeFiles/led_interfaces__rosidl_typesupport_fastrtps_c__pyext.dir/rosidl_generator_py/led_interfaces/_led_interfaces_s.ep.rosidl_typesupport_fastrtps_c.c.o[0m
[4.155s] [ 90%] [32mBuilding C object CMakeFiles/led_interfaces__rosidl_typesupport_c__pyext.dir/rosidl_generator_py/led_interfaces/_led_interfaces_s.ep.rosidl_typesupport_c.c.o[0m
[4.155s] [ 90%] [32mBuilding C object CMakeFiles/led_interfaces__rosidl_typesupport_introspection_c__pyext.dir/rosidl_generator_py/led_interfaces/_led_interfaces_s.ep.rosidl_typesupport_introspection_c.c.o[0m
[4.214s] [ 96%] [32m[1mLinking C shared library rosidl_generator_py/led_interfaces/led_interfaces_s__rosidl_typesupport_c.cpython-310-x86_64-linux-gnu.so[0m
[4.214s] [ 96%] [32m[1mLinking C shared library rosidl_generator_py/led_interfaces/led_interfaces_s__rosidl_typesupport_introspection_c.cpython-310-x86_64-linux-gnu.so[0m
[4.214s] [100%] [32m[1mLinking C shared library rosidl_generator_py/led_interfaces/led_interfaces_s__rosidl_typesupport_fastrtps_c.cpython-310-x86_64-linux-gnu.so[0m
[4.275s] [100%] Built target led_interfaces__rosidl_typesupport_c__pyext
[4.275s] [100%] Built target led_interfaces__rosidl_typesupport_fastrtps_c__pyext
[4.275s] [100%] Built target led_interfaces__rosidl_typesupport_introspection_c__pyext
[4.281s] Invoked command in '/home/ahmedmuhammad/led_ws/build/led_interfaces' returned '0': CMAKE_PREFIX_PATH=${CMAKE_PREFIX_PATH}:/home/ahmedmuhammad/ros2_ws/install/launch_testing_examples:/home/ahmedmuhammad/ros2_ws/install/examples_rclpy_pointcloud_publisher:/home/ahmedmuhammad/ros2_ws/install/examples_rclpy_minimal_subscriber:/home/ahmedmuhammad/ros2_ws/install/examples_rclpy_minimal_service:/home/ahmedmuhammad/ros2_ws/install/examples_rclpy_minimal_publisher:/home/ahmedmuhammad/ros2_ws/install/examples_rclpy_minimal_client:/home/ahmedmuhammad/ros2_ws/install/examples_rclpy_minimal_action_server:/home/ahmedmuhammad/ros2_ws/install/examples_rclpy_minimal_action_client:/home/ahmedmuhammad/ros2_ws/install/examples_rclpy_guard_conditions:/home/ahmedmuhammad/ros2_ws/install/examples_rclpy_executors:/opt/ros/humble /usr/bin/cmake --build /home/ahmedmuhammad/led_ws/build/led_interfaces -- -j16 -l16
[4.317s] Invoking command in '/home/ahmedmuhammad/led_ws/build/led_interfaces': CMAKE_PREFIX_PATH=${CMAKE_PREFIX_PATH}:/home/ahmedmuhammad/ros2_ws/install/launch_testing_examples:/home/ahmedmuhammad/ros2_ws/install/examples_rclpy_pointcloud_publisher:/home/ahmedmuhammad/ros2_ws/install/examples_rclpy_minimal_subscriber:/home/ahmedmuhammad/ros2_ws/install/examples_rclpy_minimal_service:/home/ahmedmuhammad/ros2_ws/install/examples_rclpy_minimal_publisher:/home/ahmedmuhammad/ros2_ws/install/examples_rclpy_minimal_client:/home/ahmedmuhammad/ros2_ws/install/examples_rclpy_minimal_action_server:/home/ahmedmuhammad/ros2_ws/install/examples_rclpy_minimal_action_client:/home/ahmedmuhammad/ros2_ws/install/examples_rclpy_guard_conditions:/home/ahmedmuhammad/ros2_ws/install/examples_rclpy_executors:/opt/ros/humble /usr/bin/cmake --install /home/ahmedmuhammad/led_ws/build/led_interfaces
[4.322s] -- Install configuration: ""
[4.322s] -- Installing: /home/ahmedmuhammad/led_ws/install/led_interfaces/share/ament_index/resource_index/rosidl_interfaces/led_interfaces
[4.322s] -- Installing: /home/ahmedmuhammad/led_ws/install/led_interfaces/include/led_interfaces/led_interfaces
[4.322s] -- Installing: /home/ahmedmuhammad/led_ws/install/led_interfaces/include/led_interfaces/led_interfaces/srv
[4.323s] -- Installing: /home/ahmedmuhammad/led_ws/install/led_interfaces/include/led_interfaces/led_interfaces/srv/detail
[4.323s] -- Installing: /home/ahmedmuhammad/led_ws/install/led_interfaces/include/led_interfaces/led_interfaces/srv/detail/led_control__functions.h
[4.323s] -- Installing: /home/ahmedmuhammad/led_ws/install/led_interfaces/include/led_interfaces/led_interfaces/srv/detail/led_control__struct.h
[4.323s] -- Installing: /home/ahmedmuhammad/led_ws/install/led_interfaces/include/led_interfaces/led_interfaces/srv/detail/led_control__type_support.h
[4.323s] -- Installing: /home/ahmedmuhammad/led_ws/install/led_interfaces/include/led_interfaces/led_interfaces/srv/detail/led_control__functions.c
[4.323s] -- Installing: /home/ahmedmuhammad/led_ws/install/led_interfaces/include/led_interfaces/led_interfaces/srv/led_control.h
[4.323s] -- Installing: /home/ahmedmuhammad/led_ws/install/led_interfaces/include/led_interfaces/led_interfaces/msg
[4.323s] -- Installing: /home/ahmedmuhammad/led_ws/install/led_interfaces/include/led_interfaces/led_interfaces/msg/rosidl_generator_c__visibility_control.h
[4.323s] -- Installing: /home/ahmedmuhammad/led_ws/install/led_interfaces/share/led_interfaces/environment/library_path.sh
[4.323s] -- Installing: /home/ahmedmuhammad/led_ws/install/led_interfaces/share/led_interfaces/environment/library_path.dsv
[4.324s] -- Installing: /home/ahmedmuhammad/led_ws/install/led_interfaces/lib/libled_interfaces__rosidl_generator_c.so
[4.324s] -- Set runtime path of "/home/ahmedmuhammad/led_ws/install/led_interfaces/lib/libled_interfaces__rosidl_generator_c.so" to ""
[4.324s] -- Up-to-date: /home/ahmedmuhammad/led_ws/install/led_interfaces/include/led_interfaces/led_interfaces
[4.324s] -- Up-to-date: /home/ahmedmuhammad/led_ws/install/led_interfaces/include/led_interfaces/led_interfaces/srv
[4.324s] -- Up-to-date: /home/ahmedmuhammad/led_ws/install/led_interfaces/include/led_interfaces/led_interfaces/srv/detail
[4.324s] -- Installing: /home/ahmedmuhammad/led_ws/install/led_interfaces/include/led_interfaces/led_interfaces/srv/detail/led_control__rosidl_typesupport_fastrtps_c.h
[4.324s] -- Up-to-date: /home/ahmedmuhammad/led_ws/install/led_interfaces/include/led_interfaces/led_interfaces/msg
[4.324s] -- Installing: /home/ahmedmuhammad/led_ws/install/led_interfaces/include/led_interfaces/led_interfaces/msg/rosidl_typesupport_fastrtps_c__visibility_control.h
[4.325s] -- Installing: /home/ahmedmuhammad/led_ws/install/led_interfaces/lib/libled_interfaces__rosidl_typesupport_fastrtps_c.so
[4.325s] -- Set runtime path of "/home/ahmedmuhammad/led_ws/install/led_interfaces/lib/libled_interfaces__rosidl_typesupport_fastrtps_c.so" to ""
[4.325s] -- Up-to-date: /home/ahmedmuhammad/led_ws/install/led_interfaces/include/led_interfaces/led_interfaces
[4.325s] -- Up-to-date: /home/ahmedmuhammad/led_ws/install/led_interfaces/include/led_interfaces/led_interfaces/srv
[4.325s] -- Up-to-date: /home/ahmedmuhammad/led_ws/install/led_interfaces/include/led_interfaces/led_interfaces/srv/detail
[4.325s] -- Installing: /home/ahmedmuhammad/led_ws/install/led_interfaces/include/led_interfaces/led_interfaces/srv/detail/led_control__type_support.c
[4.325s] -- Installing: /home/ahmedmuhammad/led_ws/install/led_interfaces/include/led_interfaces/led_interfaces/srv/detail/led_control__rosidl_typesupport_introspection_c.h
[4.325s] -- Up-to-date: /home/ahmedmuhammad/led_ws/install/led_interfaces/include/led_interfaces/led_interfaces/msg
[4.326s] -- Installing: /home/ahmedmuhammad/led_ws/install/led_interfaces/include/led_interfaces/led_interfaces/msg/rosidl_typesupport_introspection_c__visibility_control.h
[4.326s] -- Installing: /home/ahmedmuhammad/led_ws/install/led_interfaces/lib/libled_interfaces__rosidl_typesupport_introspection_c.so
[4.326s] -- Set runtime path of "/home/ahmedmuhammad/led_ws/install/led_interfaces/lib/libled_interfaces__rosidl_typesupport_introspection_c.so" to ""
[4.326s] -- Installing: /home/ahmedmuhammad/led_ws/install/led_interfaces/lib/libled_interfaces__rosidl_typesupport_c.so
[4.326s] -- Set runtime path of "/home/ahmedmuhammad/led_ws/install/led_interfaces/lib/libled_interfaces__rosidl_typesupport_c.so" to ""
[4.326s] -- Up-to-date: /home/ahmedmuhammad/led_ws/install/led_interfaces/include/led_interfaces/led_interfaces
[4.326s] -- Up-to-date: /home/ahmedmuhammad/led_ws/install/led_interfaces/include/led_interfaces/led_interfaces/srv
[4.326s] -- Up-to-date: /home/ahmedmuhammad/led_ws/install/led_interfaces/include/led_interfaces/led_interfaces/srv/detail
[4.326s] -- Installing: /home/ahmedmuhammad/led_ws/install/led_interfaces/include/led_interfaces/led_interfaces/srv/detail/led_control__builder.hpp
[4.326s] -- Installing: /home/ahmedmuhammad/led_ws/install/led_interfaces/include/led_interfaces/led_interfaces/srv/detail/led_control__struct.hpp
[4.327s] -- Installing: /home/ahmedmuhammad/led_ws/install/led_interfaces/include/led_interfaces/led_interfaces/srv/detail/led_control__traits.hpp
[4.327s] -- Installing: /home/ahmedmuhammad/led_ws/install/led_interfaces/include/led_interfaces/led_interfaces/srv/led_control.hpp
[4.327s] -- Up-to-date: /home/ahmedmuhammad/led_ws/install/led_interfaces/include/led_interfaces/led_interfaces
[4.327s] -- Up-to-date: /home/ahmedmuhammad/led_ws/install/led_interfaces/include/led_interfaces/led_interfaces/srv
[4.327s] -- Up-to-date: /home/ahmedmuhammad/led_ws/install/led_interfaces/include/led_interfaces/led_interfaces/srv/detail
[4.327s] -- Installing: /home/ahmedmuhammad/led_ws/install/led_interfaces/include/led_interfaces/led_interfaces/srv/detail/dds_fastrtps
[4.327s] -- Installing: /home/ahmedmuhammad/led_ws/install/led_interfaces/include/led_interfaces/led_interfaces/srv/detail/led_control__rosidl_typesupport_fastrtps_cpp.hpp
[4.327s] -- Up-to-date: /home/ahmedmuhammad/led_ws/install/led_interfaces/include/led_interfaces/led_interfaces/msg
[4.327s] -- Installing: /home/ahmedmuhammad/led_ws/install/led_interfaces/include/led_interfaces/led_interfaces/msg/rosidl_typesupport_fastrtps_cpp__visibility_control.h
[4.328s] -- Installing: /home/ahmedmuhammad/led_ws/install/led_interfaces/lib/libled_interfaces__rosidl_typesupport_fastrtps_cpp.so
[4.328s] -- Set runtime path of "/home/ahmedmuhammad/led_ws/install/led_interfaces/lib/libled_interfaces__rosidl_typesupport_fastrtps_cpp.so" to ""
[4.328s] -- Up-to-date: /home/ahmedmuhammad/led_ws/install/led_interfaces/include/led_interfaces/led_interfaces
[4.328s] -- Up-to-date: /home/ahmedmuhammad/led_ws/install/led_interfaces/include/led_interfaces/led_interfaces/srv
[4.328s] -- Up-to-date: /home/ahmedmuhammad/led_ws/install/led_interfaces/include/led_interfaces/led_interfaces/srv/detail
[4.328s] -- Installing: /home/ahmedmuhammad/led_ws/install/led_interfaces/include/led_interfaces/led_interfaces/srv/detail/led_control__rosidl_typesupport_introspection_cpp.hpp
[4.328s] -- Installing: /home/ahmedmuhammad/led_ws/install/led_interfaces/include/led_interfaces/led_interfaces/srv/detail/led_control__type_support.cpp
[4.328s] -- Installing: /home/ahmedmuhammad/led_ws/install/led_interfaces/lib/libled_interfaces__rosidl_typesupport_introspection_cpp.so
[4.328s] -- Set runtime path of "/home/ahmedmuhammad/led_ws/install/led_interfaces/lib/libled_interfaces__rosidl_typesupport_introspection_cpp.so" to ""
[4.328s] -- Installing: /home/ahmedmuhammad/led_ws/install/led_interfaces/lib/libled_interfaces__rosidl_typesupport_cpp.so
[4.328s] -- Set runtime path of "/home/ahmedmuhammad/led_ws/install/led_interfaces/lib/libled_interfaces__rosidl_typesupport_cpp.so" to ""
[4.329s] -- Installing: /home/ahmedmuhammad/led_ws/install/led_interfaces/share/led_interfaces/environment/pythonpath.sh
[4.329s] -- Installing: /home/ahmedmuhammad/led_ws/install/led_interfaces/share/led_interfaces/environment/pythonpath.dsv
[4.329s] -- Installing: /home/ahmedmuhammad/led_ws/install/led_interfaces/local/lib/python3.10/dist-packages/led_interfaces-0.0.0-py3.10.egg-info
[4.329s] -- Installing: /home/ahmedmuhammad/led_ws/install/led_interfaces/local/lib/python3.10/dist-packages/led_interfaces-0.0.0-py3.10.egg-info/SOURCES.txt
[4.329s] -- Installing: /home/ahmedmuhammad/led_ws/install/led_interfaces/local/lib/python3.10/dist-packages/led_interfaces-0.0.0-py3.10.egg-info/top_level.txt
[4.329s] -- Installing: /home/ahmedmuhammad/led_ws/install/led_interfaces/local/lib/python3.10/dist-packages/led_interfaces-0.0.0-py3.10.egg-info/dependency_links.txt
[4.329s] -- Installing: /home/ahmedmuhammad/led_ws/install/led_interfaces/local/lib/python3.10/dist-packages/led_interfaces-0.0.0-py3.10.egg-info/PKG-INFO
[4.329s] -- Installing: /home/ahmedmuhammad/led_ws/install/led_interfaces/local/lib/python3.10/dist-packages/led_interfaces
[4.329s] -- Installing: /home/ahmedmuhammad/led_ws/install/led_interfaces/local/lib/python3.10/dist-packages/led_interfaces/_led_interfaces_s.ep.rosidl_typesupport_introspection_c.c
[4.330s] -- Installing: /home/ahmedmuhammad/led_ws/install/led_interfaces/local/lib/python3.10/dist-packages/led_interfaces/srv
[4.330s] -- Installing: /home/ahmedmuhammad/led_ws/install/led_interfaces/local/lib/python3.10/dist-packages/led_interfaces/srv/__init__.py
[4.330s] -- Installing: /home/ahmedmuhammad/led_ws/install/led_interfaces/local/lib/python3.10/dist-packages/led_interfaces/srv/_led_control.py
[4.330s] -- Installing: /home/ahmedmuhammad/led_ws/install/led_interfaces/local/lib/python3.10/dist-packages/led_interfaces/srv/_led_control_s.c
[4.330s] -- Installing: /home/ahmedmuhammad/led_ws/install/led_interfaces/local/lib/python3.10/dist-packages/led_interfaces/__init__.py
[4.330s] -- Installing: /home/ahmedmuhammad/led_ws/install/led_interfaces/local/lib/python3.10/dist-packages/led_interfaces/_led_interfaces_s.ep.rosidl_typesupport_c.c
[4.330s] -- Installing: /home/ahmedmuhammad/led_ws/install/led_interfaces/local/lib/python3.10/dist-packages/led_interfaces/led_interfaces_s__rosidl_typesupport_introspection_c.cpython-310-x86_64-linux-gnu.so
[4.330s] -- Installing: /home/ahmedmuhammad/led_ws/install/led_interfaces/local/lib/python3.10/dist-packages/led_interfaces/led_interfaces_s__rosidl_typesupport_c.cpython-310-x86_64-linux-gnu.so
[4.330s] -- Installing: /home/ahmedmuhammad/led_ws/install/led_interfaces/local/lib/python3.10/dist-packages/led_interfaces/_led_interfaces_s.ep.rosidl_typesupport_fastrtps_c.c
[4.330s] -- Installing: /home/ahmedmuhammad/led_ws/install/led_interfaces/local/lib/python3.10/dist-packages/led_interfaces/libled_interfaces__rosidl_generator_py.so
[4.330s] -- Installing: /home/ahmedmuhammad/led_ws/install/led_interfaces/local/lib/python3.10/dist-packages/led_interfaces/led_interfaces_s__rosidl_typesupport_fastrtps_c.cpython-310-x86_64-linux-gnu.so
[4.359s] Listing '/home/ahmedmuhammad/led_ws/install/led_interfaces/local/lib/python3.10/dist-packages/led_interfaces'...
[4.360s] Compiling '/home/ahmedmuhammad/led_ws/install/led_interfaces/local/lib/python3.10/dist-packages/led_interfaces/__init__.py'...
[4.360s] Listing '/home/ahmedmuhammad/led_ws/install/led_interfaces/local/lib/python3.10/dist-packages/led_interfaces/srv'...
[4.360s] Compiling '/home/ahmedmuhammad/led_ws/install/led_interfaces/local/lib/python3.10/dist-packages/led_interfaces/srv/__init__.py'...
[4.360s] Compiling '/home/ahmedmuhammad/led_ws/install/led_interfaces/local/lib/python3.10/dist-packages/led_interfaces/srv/_led_control.py'...
[4.363s] -- Installing: /home/ahmedmuhammad/led_ws/install/led_interfaces/local/lib/python3.10/dist-packages/led_interfaces/led_interfaces_s__rosidl_typesupport_fastrtps_c.cpython-310-x86_64-linux-gnu.so
[4.363s] -- Set runtime path of "/home/ahmedmuhammad/led_ws/install/led_interfaces/local/lib/python3.10/dist-packages/led_interfaces/led_interfaces_s__rosidl_typesupport_fastrtps_c.cpython-310-x86_64-linux-gnu.so" to ""
[4.363s] -- Installing: /home/ahmedmuhammad/led_ws/install/led_interfaces/local/lib/python3.10/dist-packages/led_interfaces/led_interfaces_s__rosidl_typesupport_introspection_c.cpython-310-x86_64-linux-gnu.so
[4.364s] -- Set runtime path of "/home/ahmedmuhammad/led_ws/install/led_interfaces/local/lib/python3.10/dist-packages/led_interfaces/led_interfaces_s__rosidl_typesupport_introspection_c.cpython-310-x86_64-linux-gnu.so" to ""
[4.364s] -- Installing: /home/ahmedmuhammad/led_ws/install/led_interfaces/local/lib/python3.10/dist-packages/led_interfaces/led_interfaces_s__rosidl_typesupport_c.cpython-310-x86_64-linux-gnu.so
[4.364s] -- Set runtime path of "/home/ahmedmuhammad/led_ws/install/led_interfaces/local/lib/python3.10/dist-packages/led_interfaces/led_interfaces_s__rosidl_typesupport_c.cpython-310-x86_64-linux-gnu.so" to ""
[4.364s] -- Installing: /home/ahmedmuhammad/led_ws/install/led_interfaces/lib/libled_interfaces__rosidl_generator_py.so
[4.364s] -- Set runtime path of "/home/ahmedmuhammad/led_ws/install/led_interfaces/lib/libled_interfaces__rosidl_generator_py.so" to ""
[4.364s] -- Installing: /home/ahmedmuhammad/led_ws/install/led_interfaces/share/led_interfaces/srv/LedControl.idl
[4.364s] -- Installing: /home/ahmedmuhammad/led_ws/install/led_interfaces/share/led_interfaces/srv/LedControl.srv
[4.364s] -- Installing: /home/ahmedmuhammad/led_ws/install/led_interfaces/share/led_interfaces/srv/LedControl_Request.msg
[4.364s] -- Installing: /home/ahmedmuhammad/led_ws/install/led_interfaces/share/led_interfaces/srv/LedControl_Response.msg
[4.365s] -- Installing: /home/ahmedmuhammad/led_ws/install/led_interfaces/share/ament_index/resource_index/package_run_dependencies/led_interfaces
[4.365s] -- Installing: /home/ahmedmuhammad/led_ws/install/led_interfaces/share/ament_index/resource_index/parent_prefix_path/led_interfaces
[4.365s] -- Installing: /home/ahmedmuhammad/led_ws/install/led_interfaces/share/led_interfaces/environment/ament_prefix_path.sh
[4.365s] -- Installing: /home/ahmedmuhammad/led_ws/install/led_interfaces/share/led_interfaces/environment/ament_prefix_path.dsv
[4.365s] -- Installing: /home/ahmedmuhammad/led_ws/install/led_interfaces/share/led_interfaces/environment/path.sh
[4.365s] -- Installing: /home/ahmedmuhammad/led_ws/install/led_interfaces/share/led_interfaces/environment/path.dsv
[4.365s] -- Installing: /home/ahmedmuhammad/led_ws/install/led_interfaces/share/led_interfaces/local_setup.bash
[4.365s] -- Installing: /home/ahmedmuhammad/led_ws/install/led_interfaces/share/led_interfaces/local_setup.sh
[4.365s] -- Installing: /home/ahmedmuhammad/led_ws/install/led_interfaces/share/led_interfaces/local_setup.zsh
[4.366s] -- Installing: /home/ahmedmuhammad/led_ws/install/led_interfaces/share/led_interfaces/local_setup.dsv
[4.366s] -- Installing: /home/ahmedmuhammad/led_ws/install/led_interfaces/share/led_interfaces/package.dsv
[4.366s] -- Installing: /home/ahmedmuhammad/led_ws/install/led_interfaces/share/ament_index/resource_index/packages/led_interfaces
[4.366s] -- Installing: /home/ahmedmuhammad/led_ws/install/led_interfaces/share/led_interfaces/cmake/export_led_interfaces__rosidl_generator_cExport.cmake
[4.366s] -- Installing: /home/ahmedmuhammad/led_ws/install/led_interfaces/share/led_interfaces/cmake/export_led_interfaces__rosidl_generator_cExport-noconfig.cmake
[4.366s] -- Installing: /home/ahmedmuhammad/led_ws/install/led_interfaces/share/led_interfaces/cmake/export_led_interfaces__rosidl_typesupport_fastrtps_cExport.cmake
[4.366s] -- Installing: /home/ahmedmuhammad/led_ws/install/led_interfaces/share/led_interfaces/cmake/export_led_interfaces__rosidl_typesupport_fastrtps_cExport-noconfig.cmake
[4.366s] -- Installing: /home/ahmedmuhammad/led_ws/install/led_interfaces/share/led_interfaces/cmake/led_interfaces__rosidl_typesupport_introspection_cExport.cmake
[4.366s] -- Installing: /home/ahmedmuhammad/led_ws/install/led_interfaces/share/led_interfaces/cmake/led_interfaces__rosidl_typesupport_introspection_cExport-noconfig.cmake
[4.366s] -- Installing: /home/ahmedmuhammad/led_ws/install/led_interfaces/share/led_interfaces/cmake/led_interfaces__rosidl_typesupport_cExport.cmake
[4.366s] -- Installing: /home/ahmedmuhammad/led_ws/install/led_interfaces/share/led_interfaces/cmake/led_interfaces__rosidl_typesupport_cExport-noconfig.cmake
[4.367s] -- Installing: /home/ahmedmuhammad/led_ws/install/led_interfaces/share/led_interfaces/cmake/export_led_interfaces__rosidl_generator_cppExport.cmake
[4.367s] -- Installing: /home/ahmedmuhammad/led_ws/install/led_interfaces/share/led_interfaces/cmake/export_led_interfaces__rosidl_typesupport_fastrtps_cppExport.cmake
[4.367s] -- Installing: /home/ahmedmuhammad/led_ws/install/led_interfaces/share/led_interfaces/cmake/export_led_interfaces__rosidl_typesupport_fastrtps_cppExport-noconfig.cmake
[4.367s] -- Installing: /home/ahmedmuhammad/led_ws/install/led_interfaces/share/led_interfaces/cmake/led_interfaces__rosidl_typesupport_introspection_cppExport.cmake
[4.367s] -- Installing: /home/ahmedmuhammad/led_ws/install/led_interfaces/share/led_interfaces/cmake/led_interfaces__rosidl_typesupport_introspection_cppExport-noconfig.cmake
[4.367s] -- Installing: /home/ahmedmuhammad/led_ws/install/led_interfaces/share/led_interfaces/cmake/led_interfaces__rosidl_typesupport_cppExport.cmake
[4.367s] -- Installing: /home/ahmedmuhammad/led_ws/install/led_interfaces/share/led_interfaces/cmake/led_interfaces__rosidl_typesupport_cppExport-noconfig.cmake
[4.367s] -- Installing: /home/ahmedmuhammad/led_ws/install/led_interfaces/share/led_interfaces/cmake/export_led_interfaces__rosidl_generator_pyExport.cmake
[4.367s] -- Installing: /home/ahmedmuhammad/led_ws/install/led_interfaces/share/led_interfaces/cmake/export_led_interfaces__rosidl_generator_pyExport-noconfig.cmake
[4.368s] -- Installing: /home/ahmedmuhammad/led_ws/install/led_interfaces/share/led_interfaces/cmake/rosidl_cmake-extras.cmake
[4.368s] -- Installing: /home/ahmedmuhammad/led_ws/install/led_interfaces/share/led_interfaces/cmake/ament_cmake_export_include_directories-extras.cmake
[4.368s] -- Installing: /home/ahmedmuhammad/led_ws/install/led_interfaces/share/led_interfaces/cmake/ament_cmake_export_libraries-extras.cmake
[4.368s] -- Installing: /home/ahmedmuhammad/led_ws/install/led_interfaces/share/led_interfaces/cmake/ament_cmake_export_targets-extras.cmake
[4.368s] -- Installing: /home/ahmedmuhammad/led_ws/install/led_interfaces/share/led_interfaces/cmake/rosidl_cmake_export_typesupport_targets-extras.cmake
[4.368s] -- Installing: /home/ahmedmuhammad/led_ws/install/led_interfaces/share/led_interfaces/cmake/ament_cmake_export_dependencies-extras.cmake
[4.368s] -- Installing: /home/ahmedmuhammad/led_ws/install/led_interfaces/share/led_interfaces/cmake/rosidl_cmake_export_typesupport_libraries-extras.cmake
[4.368s] -- Installing: /home/ahmedmuhammad/led_ws/install/led_interfaces/share/led_interfaces/cmake/led_interfacesConfig.cmake
[4.368s] -- Installing: /home/ahmedmuhammad/led_ws/install/led_interfaces/share/led_interfaces/cmake/led_interfacesConfig-version.cmake
[4.368s] -- Installing: /home/ahmedmuhammad/led_ws/install/led_interfaces/share/led_interfaces/package.xml
[4.370s] Invoked command in '/home/ahmedmuhammad/led_ws/build/led_interfaces' returned '0': CMAKE_PREFIX_PATH=${CMAKE_PREFIX_PATH}:/home/ahmedmuhammad/ros2_ws/install/launch_testing_examples:/home/ahmedmuhammad/ros2_ws/install/examples_rclpy_pointcloud_publisher:/home/ahmedmuhammad/ros2_ws/install/examples_rclpy_minimal_subscriber:/home/ahmedmuhammad/ros2_ws/install/examples_rclpy_minimal_service:/home/ahmedmuhammad/ros2_ws/install/examples_rclpy_minimal_publisher:/home/ahmedmuhammad/ros2_ws/install/examples_rclpy_minimal_client:/home/ahmedmuhammad/ros2_ws/install/examples_rclpy_minimal_action_server:/home/ahmedmuhammad/ros2_ws/install/examples_rclpy_minimal_action_client:/home/ahmedmuhammad/ros2_ws/install/examples_rclpy_guard_conditions:/home/ahmedmuhammad/ros2_ws/install/examples_rclpy_executors:/opt/ros/humble /usr/bin/cmake --install /home/ahmedmuhammad/led_ws/build/led_interfaces
