[0.937s] Invoking command in '/home/ahmedmuhammad/pingpong_ws/src/communication_w_pico': LD_LIBRARY_PATH=/home/ahmedmuhammad/pingpong_ws/install/player_commands/lib:/home/ahmedmuhammad/pingpong_ws/install/image_transport_tutorials/lib:/usr/lib/x86_64-linux-gnu/gazebo-11/plugins:/opt/ros/humble/opt/rviz_ogre_vendor/lib:/opt/ros/humble/lib/x86_64-linux-gnu:/opt/ros/humble/lib:/usr/share/gazebo/../../lib/x86_64-linux-gnu/gazebo-11/plugins PYTHONPATH=/home/ahmedmuhammad/pingpong_ws/build/communication_w_pico/prefix_override:/home/ahmedmuhammad/pingpong_ws/install/communication_w_pico/lib/python3.10/site-packages:${PYTHONPATH} /usr/bin/python3 setup.py egg_info --egg-base ../../build/communication_w_pico build --build-base /home/ahmedmuhammad/pingpong_ws/build/communication_w_pico/build install --record /home/ahmedmuhammad/pingpong_ws/build/communication_w_pico/install.log --single-version-externally-managed
[1.124s] running egg_info
[1.125s] writing ../../build/communication_w_pico/communication_w_pico.egg-info/PKG-INFO
[1.125s] writing dependency_links to ../../build/communication_w_pico/communication_w_pico.egg-info/dependency_links.txt
[1.125s] writing entry points to ../../build/communication_w_pico/communication_w_pico.egg-info/entry_points.txt
[1.126s] writing requirements to ../../build/communication_w_pico/communication_w_pico.egg-info/requires.txt
[1.126s] writing top-level names to ../../build/communication_w_pico/communication_w_pico.egg-info/top_level.txt
[1.128s] reading manifest file '../../build/communication_w_pico/communication_w_pico.egg-info/SOURCES.txt'
[1.129s] adding license file 'LICENSE'
[1.129s] writing manifest file '../../build/communication_w_pico/communication_w_pico.egg-info/SOURCES.txt'
[1.130s] running build
[1.130s] running build_py
[1.130s] copying communication_w_pico/communicate.py -> /home/ahmedmuhammad/pingpong_ws/build/communication_w_pico/build/lib/communication_w_pico
[1.130s] copying communication_w_pico/communication_w_pico.py -> /home/ahmedmuhammad/pingpong_ws/build/communication_w_pico/build/lib/communication_w_pico
[1.130s] running install
[1.131s] /usr/lib/python3/dist-packages/setuptools/command/install.py:34: SetuptoolsDeprecationWarning: setup.py install is deprecated. Use build and pip and other standards-based tools.
[1.131s]   warnings.warn(
[1.131s] running install_lib
[1.132s] copying /home/ahmedmuhammad/pingpong_ws/build/communication_w_pico/build/lib/communication_w_pico/communicate.py -> /home/ahmedmuhammad/pingpong_ws/install/communication_w_pico/lib/python3.10/site-packages/communication_w_pico
[1.132s] copying /home/ahmedmuhammad/pingpong_ws/build/communication_w_pico/build/lib/communication_w_pico/communication_w_pico.py -> /home/ahmedmuhammad/pingpong_ws/install/communication_w_pico/lib/python3.10/site-packages/communication_w_pico
[1.133s] byte-compiling /home/ahmedmuhammad/pingpong_ws/install/communication_w_pico/lib/python3.10/site-packages/communication_w_pico/communicate.py to communicate.cpython-310.pyc
[1.133s] byte-compiling /home/ahmedmuhammad/pingpong_ws/install/communication_w_pico/lib/python3.10/site-packages/communication_w_pico/communication_w_pico.py to communication_w_pico.cpython-310.pyc
[1.134s] running install_data
[1.135s] copying package.xml -> /home/ahmedmuhammad/pingpong_ws/install/communication_w_pico/share/communication_w_pico
[1.135s] running install_egg_info
[1.138s] removing '/home/ahmedmuhammad/pingpong_ws/install/communication_w_pico/lib/python3.10/site-packages/communication_w_pico-0.0.0-py3.10.egg-info' (and everything under it)
[1.138s] Copying ../../build/communication_w_pico/communication_w_pico.egg-info to /home/ahmedmuhammad/pingpong_ws/install/communication_w_pico/lib/python3.10/site-packages/communication_w_pico-0.0.0-py3.10.egg-info
[1.139s] running install_scripts
[1.165s] Installing communication_w_pico script to /home/ahmedmuhammad/pingpong_ws/install/communication_w_pico/lib/communication_w_pico
[1.166s] writing list of installed files to '/home/ahmedmuhammad/pingpong_ws/build/communication_w_pico/install.log'
[1.202s] Invoked command in '/home/ahmedmuhammad/pingpong_ws/src/communication_w_pico' returned '0': LD_LIBRARY_PATH=/home/ahmedmuhammad/pingpong_ws/install/player_commands/lib:/home/ahmedmuhammad/pingpong_ws/install/image_transport_tutorials/lib:/usr/lib/x86_64-linux-gnu/gazebo-11/plugins:/opt/ros/humble/opt/rviz_ogre_vendor/lib:/opt/ros/humble/lib/x86_64-linux-gnu:/opt/ros/humble/lib:/usr/share/gazebo/../../lib/x86_64-linux-gnu/gazebo-11/plugins PYTHONPATH=/home/ahmedmuhammad/pingpong_ws/build/communication_w_pico/prefix_override:/home/ahmedmuhammad/pingpong_ws/install/communication_w_pico/lib/python3.10/site-packages:${PYTHONPATH} /usr/bin/python3 setup.py egg_info --egg-base ../../build/communication_w_pico build --build-base /home/ahmedmuhammad/pingpong_ws/build/communication_w_pico/build install --record /home/ahmedmuhammad/pingpong_ws/build/communication_w_pico/install.log --single-version-externally-managed
