[0.752s] DEBUG:colcon:Command line arguments: ['/usr/bin/colcon', 'build', '--packages-select', 'led_interfaces']
[0.753s] DEBUG:colcon:Parsed command line arguments: Namespace(log_base=None, log_level=None, verb_name='build', build_base='build', install_base='install', merge_install=False, symlink_install=False, test_result_base=None, continue_on_error=False, executor='parallel', parallel_workers=16, event_handlers=None, ignore_user_meta=False, metas=['./colcon.meta'], base_paths=['.'], packages_ignore=None, packages_ignore_regex=None, paths=None, packages_up_to=None, packages_up_to_regex=None, packages_above=None, packages_above_and_dependencies=None, packages_above_depth=None, packages_select_by_dep=None, packages_skip_by_dep=None, packages_skip_up_to=None, packages_select_build_failed=False, packages_skip_build_finished=False, packages_select_test_failures=False, packages_skip_test_passed=False, packages_select=['led_interfaces'], packages_skip=None, packages_select_regex=None, packages_skip_regex=None, packages_start=None, packages_end=None, allow_overriding=[], cmake_args=None, cmake_target=None, cmake_target_skip_unavailable=False, cmake_clean_cache=False, cmake_clean_first=False, cmake_force_configure=False, ament_cmake_args=None, catkin_cmake_args=None, catkin_skip_building_tests=False, verb_parser=<colcon_defaults.argument_parser.defaults.DefaultArgumentsDecorator object at 0x7f72503ab520>, verb_extension=<colcon_core.verb.build.BuildVerb object at 0x7f72506b5780>, main=<bound method BuildVerb.main of <colcon_core.verb.build.BuildVerb object at 0x7f72506b5780>>)
[0.787s] Level 1:colcon.colcon_core.package_discovery:discover_packages(colcon_meta) check parameters
[0.787s] Level 1:colcon.colcon_core.package_discovery:discover_packages(recursive) check parameters
[0.787s] Level 1:colcon.colcon_core.package_discovery:discover_packages(ignore) check parameters
[0.787s] Level 1:colcon.colcon_core.package_discovery:discover_packages(path) check parameters
[0.787s] Level 1:colcon.colcon_core.package_discovery:discover_packages(colcon_meta) discover
[0.787s] Level 1:colcon.colcon_core.package_discovery:discover_packages(recursive) discover
[0.787s] INFO:colcon.colcon_core.package_discovery:Crawling recursively for packages in '/home/ahmedmuhammad/led_ws'
[0.787s] Level 1:colcon.colcon_core.package_identification:_identify(.) by extensions ['ignore', 'ignore_ament_install']
[0.787s] Level 1:colcon.colcon_core.package_identification:_identify(.) by extension 'ignore'
[0.787s] Level 1:colcon.colcon_core.package_identification:_identify(.) by extension 'ignore_ament_install'
[0.787s] Level 1:colcon.colcon_core.package_identification:_identify(.) by extensions ['colcon_pkg']
[0.788s] Level 1:colcon.colcon_core.package_identification:_identify(.) by extension 'colcon_pkg'
[0.788s] Level 1:colcon.colcon_core.package_identification:_identify(.) by extensions ['colcon_meta']
[0.788s] Level 1:colcon.colcon_core.package_identification:_identify(.) by extension 'colcon_meta'
[0.788s] Level 1:colcon.colcon_core.package_identification:_identify(.) by extensions ['ros']
[0.788s] Level 1:colcon.colcon_core.package_identification:_identify(.) by extension 'ros'
[0.796s] Level 1:colcon.colcon_core.package_identification:_identify(.) by extensions ['cmake', 'python']
[0.796s] Level 1:colcon.colcon_core.package_identification:_identify(.) by extension 'cmake'
[0.796s] Level 1:colcon.colcon_core.package_identification:_identify(.) by extension 'python'
[0.796s] Level 1:colcon.colcon_core.package_identification:_identify(.) by extensions ['python_setup_py']
[0.796s] Level 1:colcon.colcon_core.package_identification:_identify(.) by extension 'python_setup_py'
[0.796s] Level 1:colcon.colcon_core.package_identification:_identify(build) by extensions ['ignore', 'ignore_ament_install']
[0.796s] Level 1:colcon.colcon_core.package_identification:_identify(build) by extension 'ignore'
[0.796s] Level 1:colcon.colcon_core.package_identification:_identify(build) ignored
[0.796s] Level 1:colcon.colcon_core.package_identification:_identify(install) by extensions ['ignore', 'ignore_ament_install']
[0.796s] Level 1:colcon.colcon_core.package_identification:_identify(install) by extension 'ignore'
[0.796s] Level 1:colcon.colcon_core.package_identification:_identify(install) ignored
[0.796s] Level 1:colcon.colcon_core.package_identification:_identify(log) by extensions ['ignore', 'ignore_ament_install']
[0.797s] Level 1:colcon.colcon_core.package_identification:_identify(log) by extension 'ignore'
[0.797s] Level 1:colcon.colcon_core.package_identification:_identify(log) ignored
[0.797s] Level 1:colcon.colcon_core.package_identification:_identify(src) by extensions ['ignore', 'ignore_ament_install']
[0.797s] Level 1:colcon.colcon_core.package_identification:_identify(src) by extension 'ignore'
[0.797s] Level 1:colcon.colcon_core.package_identification:_identify(src) by extension 'ignore_ament_install'
[0.797s] Level 1:colcon.colcon_core.package_identification:_identify(src) by extensions ['colcon_pkg']
[0.797s] Level 1:colcon.colcon_core.package_identification:_identify(src) by extension 'colcon_pkg'
[0.797s] Level 1:colcon.colcon_core.package_identification:_identify(src) by extensions ['colcon_meta']
[0.797s] Level 1:colcon.colcon_core.package_identification:_identify(src) by extension 'colcon_meta'
[0.797s] Level 1:colcon.colcon_core.package_identification:_identify(src) by extensions ['ros']
[0.797s] Level 1:colcon.colcon_core.package_identification:_identify(src) by extension 'ros'
[0.797s] Level 1:colcon.colcon_core.package_identification:_identify(src) by extensions ['cmake', 'python']
[0.797s] Level 1:colcon.colcon_core.package_identification:_identify(src) by extension 'cmake'
[0.797s] Level 1:colcon.colcon_core.package_identification:_identify(src) by extension 'python'
[0.797s] Level 1:colcon.colcon_core.package_identification:_identify(src) by extensions ['python_setup_py']
[0.797s] Level 1:colcon.colcon_core.package_identification:_identify(src) by extension 'python_setup_py'
[0.797s] Level 1:colcon.colcon_core.package_identification:_identify(src/led_interfaces) by extensions ['ignore', 'ignore_ament_install']
[0.797s] Level 1:colcon.colcon_core.package_identification:_identify(src/led_interfaces) by extension 'ignore'
[0.797s] Level 1:colcon.colcon_core.package_identification:_identify(src/led_interfaces) by extension 'ignore_ament_install'
[0.797s] Level 1:colcon.colcon_core.package_identification:_identify(src/led_interfaces) by extensions ['colcon_pkg']
[0.797s] Level 1:colcon.colcon_core.package_identification:_identify(src/led_interfaces) by extension 'colcon_pkg'
[0.797s] Level 1:colcon.colcon_core.package_identification:_identify(src/led_interfaces) by extensions ['colcon_meta']
[0.797s] Level 1:colcon.colcon_core.package_identification:_identify(src/led_interfaces) by extension 'colcon_meta'
[0.797s] Level 1:colcon.colcon_core.package_identification:_identify(src/led_interfaces) by extensions ['ros']
[0.797s] Level 1:colcon.colcon_core.package_identification:_identify(src/led_interfaces) by extension 'ros'
[0.799s] DEBUG:colcon.colcon_core.package_identification:Package 'src/led_interfaces' with type 'ros.ament_cmake' and name 'led_interfaces'
[0.799s] Level 1:colcon.colcon_core.package_identification:_identify(src/led_show) by extensions ['ignore', 'ignore_ament_install']
[0.799s] Level 1:colcon.colcon_core.package_identification:_identify(src/led_show) by extension 'ignore'
[0.799s] Level 1:colcon.colcon_core.package_identification:_identify(src/led_show) by extension 'ignore_ament_install'
[0.800s] Level 1:colcon.colcon_core.package_identification:_identify(src/led_show) by extensions ['colcon_pkg']
[0.800s] Level 1:colcon.colcon_core.package_identification:_identify(src/led_show) by extension 'colcon_pkg'
[0.800s] Level 1:colcon.colcon_core.package_identification:_identify(src/led_show) by extensions ['colcon_meta']
[0.800s] Level 1:colcon.colcon_core.package_identification:_identify(src/led_show) by extension 'colcon_meta'
[0.800s] Level 1:colcon.colcon_core.package_identification:_identify(src/led_show) by extensions ['ros']
[0.800s] Level 1:colcon.colcon_core.package_identification:_identify(src/led_show) by extension 'ros'
[0.800s] DEBUG:colcon.colcon_core.package_identification:Package 'src/led_show' with type 'ros.ament_python' and name 'led_show'
[0.800s] Level 1:colcon.colcon_core.package_discovery:discover_packages(recursive) using defaults
[0.800s] Level 1:colcon.colcon_core.package_discovery:discover_packages(ignore) discover
[0.800s] Level 1:colcon.colcon_core.package_discovery:discover_packages(ignore) using defaults
[0.800s] Level 1:colcon.colcon_core.package_discovery:discover_packages(path) discover
[0.800s] Level 1:colcon.colcon_core.package_discovery:discover_packages(path) using defaults
[0.846s] INFO:colcon.colcon_core.package_selection:Skipping not selected package 'led_show' in 'src/led_show'
[0.865s] Level 1:colcon.colcon_core.package_discovery:discover_packages(prefix_path) check parameters
[0.865s] Level 1:colcon.colcon_core.package_discovery:discover_packages(prefix_path) discover
[0.887s] DEBUG:colcon.colcon_installed_package_information.package_discovery:Found 22 installed packages in /home/ahmedmuhammad/ros2_ws/install
[0.896s] DEBUG:colcon.colcon_installed_package_information.package_discovery:Found 288 installed packages in /opt/ros/humble
[0.898s] Level 1:colcon.colcon_core.package_discovery:discover_packages(prefix_path) using defaults
[0.975s] Level 5:colcon.colcon_core.verb:set package 'led_interfaces' build argument 'cmake_args' from command line to 'None'
[0.975s] Level 5:colcon.colcon_core.verb:set package 'led_interfaces' build argument 'cmake_target' from command line to 'None'
[0.975s] Level 5:colcon.colcon_core.verb:set package 'led_interfaces' build argument 'cmake_target_skip_unavailable' from command line to 'False'
[0.975s] Level 5:colcon.colcon_core.verb:set package 'led_interfaces' build argument 'cmake_clean_cache' from command line to 'False'
[0.975s] Level 5:colcon.colcon_core.verb:set package 'led_interfaces' build argument 'cmake_clean_first' from command line to 'False'
[0.975s] Level 5:colcon.colcon_core.verb:set package 'led_interfaces' build argument 'cmake_force_configure' from command line to 'False'
[0.975s] Level 5:colcon.colcon_core.verb:set package 'led_interfaces' build argument 'ament_cmake_args' from command line to 'None'
[0.975s] Level 5:colcon.colcon_core.verb:set package 'led_interfaces' build argument 'catkin_cmake_args' from command line to 'None'
[0.975s] Level 5:colcon.colcon_core.verb:set package 'led_interfaces' build argument 'catkin_skip_building_tests' from command line to 'False'
[0.975s] DEBUG:colcon.colcon_core.verb:Building package 'led_interfaces' with the following arguments: {'ament_cmake_args': None, 'build_base': '/home/ahmedmuhammad/led_ws/build/led_interfaces', 'catkin_cmake_args': None, 'catkin_skip_building_tests': False, 'cmake_args': None, 'cmake_clean_cache': False, 'cmake_clean_first': False, 'cmake_force_configure': False, 'cmake_target': None, 'cmake_target_skip_unavailable': False, 'install_base': '/home/ahmedmuhammad/led_ws/install/led_interfaces', 'merge_install': False, 'path': '/home/ahmedmuhammad/led_ws/src/led_interfaces', 'symlink_install': False, 'test_result_base': None}
[0.985s] INFO:colcon.colcon_core.executor:Executing jobs using 'parallel' executor
[0.996s] DEBUG:colcon.colcon_parallel_executor.executor.parallel:run_until_complete
[0.996s] INFO:colcon.colcon_ros.task.ament_cmake.build:Building ROS package in '/home/ahmedmuhammad/led_ws/src/led_interfaces' with build type 'ament_cmake'
[0.996s] INFO:colcon.colcon_cmake.task.cmake.build:Building CMake package in '/home/ahmedmuhammad/led_ws/src/led_interfaces'
[1.009s] INFO:colcon.colcon_core.plugin_system:Skipping extension 'colcon_core.shell.bat': Not used on non-Windows systems
[1.009s] INFO:colcon.colcon_core.shell:Skip shell extension 'powershell' for command environment: Not usable outside of PowerShell
[1.009s] DEBUG:colcon.colcon_core.shell:Skip shell extension 'dsv' for command environment
[1.046s] DEBUG:colcon.colcon_core.event_handler.log_command:Invoking command in '/home/ahmedmuhammad/led_ws/build/led_interfaces': CMAKE_PREFIX_PATH=${CMAKE_PREFIX_PATH}:/home/ahmedmuhammad/ros2_ws/install/launch_testing_examples:/home/ahmedmuhammad/ros2_ws/install/examples_rclpy_pointcloud_publisher:/home/ahmedmuhammad/ros2_ws/install/examples_rclpy_minimal_subscriber:/home/ahmedmuhammad/ros2_ws/install/examples_rclpy_minimal_service:/home/ahmedmuhammad/ros2_ws/install/examples_rclpy_minimal_publisher:/home/ahmedmuhammad/ros2_ws/install/examples_rclpy_minimal_client:/home/ahmedmuhammad/ros2_ws/install/examples_rclpy_minimal_action_server:/home/ahmedmuhammad/ros2_ws/install/examples_rclpy_minimal_action_client:/home/ahmedmuhammad/ros2_ws/install/examples_rclpy_guard_conditions:/home/ahmedmuhammad/ros2_ws/install/examples_rclpy_executors:/opt/ros/humble /usr/bin/cmake /home/ahmedmuhammad/led_ws/src/led_interfaces -DCMAKE_INSTALL_PREFIX=/home/ahmedmuhammad/led_ws/install/led_interfaces
[3.707s] DEBUG:colcon.colcon_core.event_handler.log_command:Invoked command in '/home/ahmedmuhammad/led_ws/build/led_interfaces' returned '0': CMAKE_PREFIX_PATH=${CMAKE_PREFIX_PATH}:/home/ahmedmuhammad/ros2_ws/install/launch_testing_examples:/home/ahmedmuhammad/ros2_ws/install/examples_rclpy_pointcloud_publisher:/home/ahmedmuhammad/ros2_ws/install/examples_rclpy_minimal_subscriber:/home/ahmedmuhammad/ros2_ws/install/examples_rclpy_minimal_service:/home/ahmedmuhammad/ros2_ws/install/examples_rclpy_minimal_publisher:/home/ahmedmuhammad/ros2_ws/install/examples_rclpy_minimal_client:/home/ahmedmuhammad/ros2_ws/install/examples_rclpy_minimal_action_server:/home/ahmedmuhammad/ros2_ws/install/examples_rclpy_minimal_action_client:/home/ahmedmuhammad/ros2_ws/install/examples_rclpy_guard_conditions:/home/ahmedmuhammad/ros2_ws/install/examples_rclpy_executors:/opt/ros/humble /usr/bin/cmake /home/ahmedmuhammad/led_ws/src/led_interfaces -DCMAKE_INSTALL_PREFIX=/home/ahmedmuhammad/led_ws/install/led_interfaces
[3.709s] DEBUG:colcon.colcon_core.event_handler.log_command:Invoking command in '/home/ahmedmuhammad/led_ws/build/led_interfaces': CMAKE_PREFIX_PATH=${CMAKE_PREFIX_PATH}:/home/ahmedmuhammad/ros2_ws/install/launch_testing_examples:/home/ahmedmuhammad/ros2_ws/install/examples_rclpy_pointcloud_publisher:/home/ahmedmuhammad/ros2_ws/install/examples_rclpy_minimal_subscriber:/home/ahmedmuhammad/ros2_ws/install/examples_rclpy_minimal_service:/home/ahmedmuhammad/ros2_ws/install/examples_rclpy_minimal_publisher:/home/ahmedmuhammad/ros2_ws/install/examples_rclpy_minimal_client:/home/ahmedmuhammad/ros2_ws/install/examples_rclpy_minimal_action_server:/home/ahmedmuhammad/ros2_ws/install/examples_rclpy_minimal_action_client:/home/ahmedmuhammad/ros2_ws/install/examples_rclpy_guard_conditions:/home/ahmedmuhammad/ros2_ws/install/examples_rclpy_executors:/opt/ros/humble /usr/bin/cmake --build /home/ahmedmuhammad/led_ws/build/led_interfaces -- -j16 -l16
[5.279s] DEBUG:colcon.colcon_core.event_handler.log_command:Invoked command in '/home/ahmedmuhammad/led_ws/build/led_interfaces' returned '0': CMAKE_PREFIX_PATH=${CMAKE_PREFIX_PATH}:/home/ahmedmuhammad/ros2_ws/install/launch_testing_examples:/home/ahmedmuhammad/ros2_ws/install/examples_rclpy_pointcloud_publisher:/home/ahmedmuhammad/ros2_ws/install/examples_rclpy_minimal_subscriber:/home/ahmedmuhammad/ros2_ws/install/examples_rclpy_minimal_service:/home/ahmedmuhammad/ros2_ws/install/examples_rclpy_minimal_publisher:/home/ahmedmuhammad/ros2_ws/install/examples_rclpy_minimal_client:/home/ahmedmuhammad/ros2_ws/install/examples_rclpy_minimal_action_server:/home/ahmedmuhammad/ros2_ws/install/examples_rclpy_minimal_action_client:/home/ahmedmuhammad/ros2_ws/install/examples_rclpy_guard_conditions:/home/ahmedmuhammad/ros2_ws/install/examples_rclpy_executors:/opt/ros/humble /usr/bin/cmake --build /home/ahmedmuhammad/led_ws/build/led_interfaces -- -j16 -l16
[5.315s] DEBUG:colcon.colcon_core.event_handler.log_command:Invoking command in '/home/ahmedmuhammad/led_ws/build/led_interfaces': CMAKE_PREFIX_PATH=${CMAKE_PREFIX_PATH}:/home/ahmedmuhammad/ros2_ws/install/launch_testing_examples:/home/ahmedmuhammad/ros2_ws/install/examples_rclpy_pointcloud_publisher:/home/ahmedmuhammad/ros2_ws/install/examples_rclpy_minimal_subscriber:/home/ahmedmuhammad/ros2_ws/install/examples_rclpy_minimal_service:/home/ahmedmuhammad/ros2_ws/install/examples_rclpy_minimal_publisher:/home/ahmedmuhammad/ros2_ws/install/examples_rclpy_minimal_client:/home/ahmedmuhammad/ros2_ws/install/examples_rclpy_minimal_action_server:/home/ahmedmuhammad/ros2_ws/install/examples_rclpy_minimal_action_client:/home/ahmedmuhammad/ros2_ws/install/examples_rclpy_guard_conditions:/home/ahmedmuhammad/ros2_ws/install/examples_rclpy_executors:/opt/ros/humble /usr/bin/cmake --install /home/ahmedmuhammad/led_ws/build/led_interfaces
[5.367s] Level 1:colcon.colcon_core.environment:create_environment_scripts_only(led_interfaces)
[5.368s] DEBUG:colcon.colcon_core.event_handler.log_command:Invoked command in '/home/ahmedmuhammad/led_ws/build/led_interfaces' returned '0': CMAKE_PREFIX_PATH=${CMAKE_PREFIX_PATH}:/home/ahmedmuhammad/ros2_ws/install/launch_testing_examples:/home/ahmedmuhammad/ros2_ws/install/examples_rclpy_pointcloud_publisher:/home/ahmedmuhammad/ros2_ws/install/examples_rclpy_minimal_subscriber:/home/ahmedmuhammad/ros2_ws/install/examples_rclpy_minimal_service:/home/ahmedmuhammad/ros2_ws/install/examples_rclpy_minimal_publisher:/home/ahmedmuhammad/ros2_ws/install/examples_rclpy_minimal_client:/home/ahmedmuhammad/ros2_ws/install/examples_rclpy_minimal_action_server:/home/ahmedmuhammad/ros2_ws/install/examples_rclpy_minimal_action_client:/home/ahmedmuhammad/ros2_ws/install/examples_rclpy_guard_conditions:/home/ahmedmuhammad/ros2_ws/install/examples_rclpy_executors:/opt/ros/humble /usr/bin/cmake --install /home/ahmedmuhammad/led_ws/build/led_interfaces
[5.384s] Level 1:colcon.colcon_core.environment:checking '/home/ahmedmuhammad/led_ws/install/led_interfaces' for CMake module files
[5.384s] Level 1:colcon.colcon_core.environment:checking '/home/ahmedmuhammad/led_ws/install/led_interfaces' for CMake config files
[5.384s] Level 1:colcon.colcon_core.shell:create_environment_hook('led_interfaces', 'cmake_prefix_path')
[5.394s] INFO:colcon.colcon_core.shell:Creating environment hook '/home/ahmedmuhammad/led_ws/install/led_interfaces/share/led_interfaces/hook/cmake_prefix_path.ps1'
[5.394s] INFO:colcon.colcon_core.shell:Creating environment descriptor '/home/ahmedmuhammad/led_ws/install/led_interfaces/share/led_interfaces/hook/cmake_prefix_path.dsv'
[5.395s] INFO:colcon.colcon_core.shell:Creating environment hook '/home/ahmedmuhammad/led_ws/install/led_interfaces/share/led_interfaces/hook/cmake_prefix_path.sh'
[5.395s] Level 1:colcon.colcon_core.environment:checking '/home/ahmedmuhammad/led_ws/install/led_interfaces/lib'
[5.395s] Level 1:colcon.colcon_core.shell:create_environment_hook('led_interfaces', 'ld_library_path_lib')
[5.405s] INFO:colcon.colcon_core.shell:Creating environment hook '/home/ahmedmuhammad/led_ws/install/led_interfaces/share/led_interfaces/hook/ld_library_path_lib.ps1'
[5.405s] INFO:colcon.colcon_core.shell:Creating environment descriptor '/home/ahmedmuhammad/led_ws/install/led_interfaces/share/led_interfaces/hook/ld_library_path_lib.dsv'
[5.405s] INFO:colcon.colcon_core.shell:Creating environment hook '/home/ahmedmuhammad/led_ws/install/led_interfaces/share/led_interfaces/hook/ld_library_path_lib.sh'
[5.405s] Level 1:colcon.colcon_core.environment:checking '/home/ahmedmuhammad/led_ws/install/led_interfaces/bin'
[5.405s] Level 1:colcon.colcon_core.environment:checking '/home/ahmedmuhammad/led_ws/install/led_interfaces/lib/pkgconfig/led_interfaces.pc'
[5.406s] Level 1:colcon.colcon_core.environment:checking '/home/ahmedmuhammad/led_ws/install/led_interfaces/lib/python3.10/site-packages'
[5.406s] Level 1:colcon.colcon_core.environment:checking '/home/ahmedmuhammad/led_ws/install/led_interfaces/bin'
[5.415s] INFO:colcon.colcon_core.shell:Creating package script '/home/ahmedmuhammad/led_ws/install/led_interfaces/share/led_interfaces/package.ps1'
[5.416s] INFO:colcon.colcon_core.shell:Creating package descriptor '/home/ahmedmuhammad/led_ws/install/led_interfaces/share/led_interfaces/package.dsv'
[5.416s] INFO:colcon.colcon_core.shell:Creating package script '/home/ahmedmuhammad/led_ws/install/led_interfaces/share/led_interfaces/package.sh'
[5.417s] INFO:colcon.colcon_core.shell:Creating package script '/home/ahmedmuhammad/led_ws/install/led_interfaces/share/led_interfaces/package.bash'
[5.417s] INFO:colcon.colcon_core.shell:Creating package script '/home/ahmedmuhammad/led_ws/install/led_interfaces/share/led_interfaces/package.zsh'
[5.417s] Level 1:colcon.colcon_core.environment:create_file_with_runtime_dependencies(/home/ahmedmuhammad/led_ws/install/led_interfaces/share/colcon-core/packages/led_interfaces)
[5.459s] Level 1:colcon.colcon_core.environment:create_environment_scripts_only(led_interfaces)
[5.469s] Level 1:colcon.colcon_core.environment:checking '/home/ahmedmuhammad/led_ws/install/led_interfaces' for CMake module files
[5.469s] Level 1:colcon.colcon_core.environment:checking '/home/ahmedmuhammad/led_ws/install/led_interfaces' for CMake config files
[5.469s] Level 1:colcon.colcon_core.shell:create_environment_hook('led_interfaces', 'cmake_prefix_path')
[5.479s] INFO:colcon.colcon_core.shell:Creating environment hook '/home/ahmedmuhammad/led_ws/install/led_interfaces/share/led_interfaces/hook/cmake_prefix_path.ps1'
[5.479s] INFO:colcon.colcon_core.shell:Creating environment descriptor '/home/ahmedmuhammad/led_ws/install/led_interfaces/share/led_interfaces/hook/cmake_prefix_path.dsv'
[5.480s] INFO:colcon.colcon_core.shell:Creating environment hook '/home/ahmedmuhammad/led_ws/install/led_interfaces/share/led_interfaces/hook/cmake_prefix_path.sh'
[5.480s] Level 1:colcon.colcon_core.environment:checking '/home/ahmedmuhammad/led_ws/install/led_interfaces/lib'
[5.480s] Level 1:colcon.colcon_core.shell:create_environment_hook('led_interfaces', 'ld_library_path_lib')
[5.490s] INFO:colcon.colcon_core.shell:Creating environment hook '/home/ahmedmuhammad/led_ws/install/led_interfaces/share/led_interfaces/hook/ld_library_path_lib.ps1'
[5.490s] INFO:colcon.colcon_core.shell:Creating environment descriptor '/home/ahmedmuhammad/led_ws/install/led_interfaces/share/led_interfaces/hook/ld_library_path_lib.dsv'
[5.490s] INFO:colcon.colcon_core.shell:Creating environment hook '/home/ahmedmuhammad/led_ws/install/led_interfaces/share/led_interfaces/hook/ld_library_path_lib.sh'
[5.490s] Level 1:colcon.colcon_core.environment:checking '/home/ahmedmuhammad/led_ws/install/led_interfaces/bin'
[5.491s] Level 1:colcon.colcon_core.environment:checking '/home/ahmedmuhammad/led_ws/install/led_interfaces/lib/pkgconfig/led_interfaces.pc'
[5.491s] Level 1:colcon.colcon_core.environment:checking '/home/ahmedmuhammad/led_ws/install/led_interfaces/lib/python3.10/site-packages'
[5.491s] Level 1:colcon.colcon_core.environment:checking '/home/ahmedmuhammad/led_ws/install/led_interfaces/bin'
[5.500s] INFO:colcon.colcon_core.shell:Creating package script '/home/ahmedmuhammad/led_ws/install/led_interfaces/share/led_interfaces/package.ps1'
[5.501s] INFO:colcon.colcon_core.shell:Creating package descriptor '/home/ahmedmuhammad/led_ws/install/led_interfaces/share/led_interfaces/package.dsv'
[5.501s] INFO:colcon.colcon_core.shell:Creating package script '/home/ahmedmuhammad/led_ws/install/led_interfaces/share/led_interfaces/package.sh'
[5.501s] INFO:colcon.colcon_core.shell:Creating package script '/home/ahmedmuhammad/led_ws/install/led_interfaces/share/led_interfaces/package.bash'
[5.502s] INFO:colcon.colcon_core.shell:Creating package script '/home/ahmedmuhammad/led_ws/install/led_interfaces/share/led_interfaces/package.zsh'
[5.502s] Level 1:colcon.colcon_core.environment:create_file_with_runtime_dependencies(/home/ahmedmuhammad/led_ws/install/led_interfaces/share/colcon-core/packages/led_interfaces)
[5.502s] DEBUG:colcon.colcon_parallel_executor.executor.parallel:closing loop
[5.503s] DEBUG:colcon.colcon_parallel_executor.executor.parallel:loop closed
[5.503s] DEBUG:colcon.colcon_parallel_executor.executor.parallel:run_until_complete finished with '0'
[5.503s] DEBUG:colcon.colcon_core.event_reactor:joining thread
[5.517s] INFO:colcon.colcon_core.plugin_system:Skipping extension 'colcon_notification.desktop_notification.terminal_notifier': Not used on non-Darwin systems
[5.517s] INFO:colcon.colcon_core.plugin_system:Skipping extension 'colcon_notification.desktop_notification.win32': Not used on non-Windows systems
[5.517s] INFO:colcon.colcon_notification.desktop_notification:Sending desktop notification using 'notify2'
[5.521s] DEBUG:colcon.colcon_core.event_reactor:joined thread
[5.532s] INFO:colcon.colcon_core.shell:Creating prefix script '/home/ahmedmuhammad/led_ws/install/local_setup.ps1'
[5.532s] INFO:colcon.colcon_core.shell:Creating prefix util module '/home/ahmedmuhammad/led_ws/install/_local_setup_util_ps1.py'
[5.533s] INFO:colcon.colcon_core.shell:Creating prefix chain script '/home/ahmedmuhammad/led_ws/install/setup.ps1'
[5.544s] INFO:colcon.colcon_core.shell:Creating prefix script '/home/ahmedmuhammad/led_ws/install/local_setup.sh'
[5.544s] INFO:colcon.colcon_core.shell:Creating prefix util module '/home/ahmedmuhammad/led_ws/install/_local_setup_util_sh.py'
[5.545s] INFO:colcon.colcon_core.shell:Creating prefix chain script '/home/ahmedmuhammad/led_ws/install/setup.sh'
[5.555s] INFO:colcon.colcon_core.shell:Creating prefix script '/home/ahmedmuhammad/led_ws/install/local_setup.bash'
[5.555s] INFO:colcon.colcon_core.shell:Creating prefix chain script '/home/ahmedmuhammad/led_ws/install/setup.bash'
[5.566s] INFO:colcon.colcon_core.shell:Creating prefix script '/home/ahmedmuhammad/led_ws/install/local_setup.zsh'
[5.566s] INFO:colcon.colcon_core.shell:Creating prefix chain script '/home/ahmedmuhammad/led_ws/install/setup.zsh'
