[0.303s] Invoking command in '/home/ahmedmuhammad/pingpong_ws/build/image_transport_tutorials': CMAKE_PREFIX_PATH=${CMAKE_PREFIX_PATH}:/home/ahmedmuhammad/pingpong_ws/install/media_pipe:/home/ahmedmuhammad/pingpong_ws/install/communication_w_pico:/home/ahmedmuhammad/pingpong_ws/install/check_image_size:/opt/ros/humble /usr/bin/cmake --build /home/ahmedmuhammad/pingpong_ws/build/image_transport_tutorials -- -j16 -l16
[0.331s] [  7%] Built target image_transport_tutorials__rosidl_generator_c
[0.331s] [  9%] Built target image_transport_tutorials__cpp
[0.336s] [ 19%] Built target publisher_from_video
[0.336s] [ 19%] Built target my_publisher
[0.340s] [ 19%] Built target ament_cmake_python_copy_image_transport_tutorials
[0.342s] [ 24%] Built target my_subscriber
[0.349s] [ 39%] Built target image_transport_tutorials__rosidl_typesupport_introspection_cpp
[0.349s] [ 39%] Built target image_transport_tutorials__rosidl_typesupport_c
[0.349s] [ 46%] Built target image_transport_tutorials__rosidl_typesupport_fastrtps_c
[0.349s] [ 53%] Built target image_transport_tutorials__rosidl_typesupport_introspection_c
[0.352s] [ 60%] Built target image_transport_tutorials__rosidl_typesupport_fastrtps_cpp
[0.355s] [ 68%] Built target image_transport_tutorials__rosidl_typesupport_cpp
[0.364s] [ 68%] Built target image_transport_tutorials
[0.373s] [ 78%] Built target resized_plugins
[0.377s] [ 80%] Built target image_transport_tutorials__py
[0.392s] [ 85%] Built target image_transport_tutorials__rosidl_generator_py
[0.407s] [ 90%] Built target image_transport_tutorials__rosidl_typesupport_introspection_c__pyext
[0.407s] [ 95%] Built target image_transport_tutorials__rosidl_typesupport_c__pyext
[0.407s] [100%] Built target image_transport_tutorials__rosidl_typesupport_fastrtps_c__pyext
[0.522s] running egg_info
[0.523s] writing image_transport_tutorials.egg-info/PKG-INFO
[0.523s] writing dependency_links to image_transport_tutorials.egg-info/dependency_links.txt
[0.524s] writing top-level names to image_transport_tutorials.egg-info/top_level.txt
[0.525s] reading manifest file 'image_transport_tutorials.egg-info/SOURCES.txt'
[0.526s] writing manifest file 'image_transport_tutorials.egg-info/SOURCES.txt'
[0.548s] [100%] Built target ament_cmake_python_build_image_transport_tutorials_egg
[0.687s] Invoked command in '/home/ahmedmuhammad/pingpong_ws/build/image_transport_tutorials' returned '0': CMAKE_PREFIX_PATH=${CMAKE_PREFIX_PATH}:/home/ahmedmuhammad/pingpong_ws/install/media_pipe:/home/ahmedmuhammad/pingpong_ws/install/communication_w_pico:/home/ahmedmuhammad/pingpong_ws/install/check_image_size:/opt/ros/humble /usr/bin/cmake --build /home/ahmedmuhammad/pingpong_ws/build/image_transport_tutorials -- -j16 -l16
[0.930s] Invoking command in '/home/ahmedmuhammad/pingpong_ws/build/image_transport_tutorials': CMAKE_PREFIX_PATH=${CMAKE_PREFIX_PATH}:/home/ahmedmuhammad/pingpong_ws/install/media_pipe:/home/ahmedmuhammad/pingpong_ws/install/communication_w_pico:/home/ahmedmuhammad/pingpong_ws/install/check_image_size:/opt/ros/humble /usr/bin/cmake --install /home/ahmedmuhammad/pingpong_ws/build/image_transport_tutorials
[1.166s] -- Install configuration: ""
[1.166s] -- Up-to-date: /home/ahmedmuhammad/pingpong_ws/install/image_transport_tutorials/share/ament_index/resource_index/rosidl_interfaces/image_transport_tutorials
[1.166s] -- Up-to-date: /home/ahmedmuhammad/pingpong_ws/install/image_transport_tutorials/include/image_transport_tutorials/image_transport_tutorials
[1.167s] -- Up-to-date: /home/ahmedmuhammad/pingpong_ws/install/image_transport_tutorials/include/image_transport_tutorials/image_transport_tutorials/msg
[1.167s] -- Up-to-date: /home/ahmedmuhammad/pingpong_ws/install/image_transport_tutorials/include/image_transport_tutorials/image_transport_tutorials/msg/detail
[1.167s] -- Up-to-date: /home/ahmedmuhammad/pingpong_ws/install/image_transport_tutorials/include/image_transport_tutorials/image_transport_tutorials/msg/detail/resized_image__type_support.h
[1.167s] -- Up-to-date: /home/ahmedmuhammad/pingpong_ws/install/image_transport_tutorials/include/image_transport_tutorials/image_transport_tutorials/msg/detail/resized_image__struct.h
[1.167s] -- Up-to-date: /home/ahmedmuhammad/pingpong_ws/install/image_transport_tutorials/include/image_transport_tutorials/image_transport_tutorials/msg/detail/resized_image__functions.c
[1.167s] -- Up-to-date: /home/ahmedmuhammad/pingpong_ws/install/image_transport_tutorials/include/image_transport_tutorials/image_transport_tutorials/msg/detail/resized_image__functions.h
[1.167s] -- Up-to-date: /home/ahmedmuhammad/pingpong_ws/install/image_transport_tutorials/include/image_transport_tutorials/image_transport_tutorials/msg/rosidl_generator_c__visibility_control.h
[1.168s] -- Up-to-date: /home/ahmedmuhammad/pingpong_ws/install/image_transport_tutorials/include/image_transport_tutorials/image_transport_tutorials/msg/resized_image.h
[1.168s] -- Up-to-date: /home/ahmedmuhammad/pingpong_ws/install/image_transport_tutorials/share/image_transport_tutorials/environment/library_path.sh
[1.168s] -- Up-to-date: /home/ahmedmuhammad/pingpong_ws/install/image_transport_tutorials/share/image_transport_tutorials/environment/library_path.dsv
[1.168s] -- Up-to-date: /home/ahmedmuhammad/pingpong_ws/install/image_transport_tutorials/lib/libimage_transport_tutorials__rosidl_generator_c.so
[1.168s] -- Up-to-date: /home/ahmedmuhammad/pingpong_ws/install/image_transport_tutorials/include/image_transport_tutorials/image_transport_tutorials
[1.168s] -- Up-to-date: /home/ahmedmuhammad/pingpong_ws/install/image_transport_tutorials/include/image_transport_tutorials/image_transport_tutorials/msg
[1.168s] -- Up-to-date: /home/ahmedmuhammad/pingpong_ws/install/image_transport_tutorials/include/image_transport_tutorials/image_transport_tutorials/msg/detail
[1.169s] -- Up-to-date: /home/ahmedmuhammad/pingpong_ws/install/image_transport_tutorials/include/image_transport_tutorials/image_transport_tutorials/msg/detail/resized_image__rosidl_typesupport_fastrtps_c.h
[1.169s] -- Up-to-date: /home/ahmedmuhammad/pingpong_ws/install/image_transport_tutorials/include/image_transport_tutorials/image_transport_tutorials/msg/rosidl_typesupport_fastrtps_c__visibility_control.h
[1.169s] -- Up-to-date: /home/ahmedmuhammad/pingpong_ws/install/image_transport_tutorials/lib/libimage_transport_tutorials__rosidl_typesupport_fastrtps_c.so
[1.169s] -- Up-to-date: /home/ahmedmuhammad/pingpong_ws/install/image_transport_tutorials/include/image_transport_tutorials/image_transport_tutorials
[1.169s] -- Up-to-date: /home/ahmedmuhammad/pingpong_ws/install/image_transport_tutorials/include/image_transport_tutorials/image_transport_tutorials/msg
[1.169s] -- Up-to-date: /home/ahmedmuhammad/pingpong_ws/install/image_transport_tutorials/include/image_transport_tutorials/image_transport_tutorials/msg/detail
[1.169s] -- Up-to-date: /home/ahmedmuhammad/pingpong_ws/install/image_transport_tutorials/include/image_transport_tutorials/image_transport_tutorials/msg/detail/resized_image__struct.hpp
[1.169s] -- Up-to-date: /home/ahmedmuhammad/pingpong_ws/install/image_transport_tutorials/include/image_transport_tutorials/image_transport_tutorials/msg/detail/resized_image__builder.hpp
[1.169s] -- Up-to-date: /home/ahmedmuhammad/pingpong_ws/install/image_transport_tutorials/include/image_transport_tutorials/image_transport_tutorials/msg/detail/resized_image__traits.hpp
[1.169s] -- Up-to-date: /home/ahmedmuhammad/pingpong_ws/install/image_transport_tutorials/include/image_transport_tutorials/image_transport_tutorials/msg/resized_image.hpp
[1.170s] -- Up-to-date: /home/ahmedmuhammad/pingpong_ws/install/image_transport_tutorials/include/image_transport_tutorials/image_transport_tutorials
[1.170s] -- Up-to-date: /home/ahmedmuhammad/pingpong_ws/install/image_transport_tutorials/include/image_transport_tutorials/image_transport_tutorials/msg
[1.170s] -- Up-to-date: /home/ahmedmuhammad/pingpong_ws/install/image_transport_tutorials/include/image_transport_tutorials/image_transport_tutorials/msg/detail
[1.170s] -- Up-to-date: /home/ahmedmuhammad/pingpong_ws/install/image_transport_tutorials/include/image_transport_tutorials/image_transport_tutorials/msg/detail/dds_fastrtps
[1.170s] -- Up-to-date: /home/ahmedmuhammad/pingpong_ws/install/image_transport_tutorials/include/image_transport_tutorials/image_transport_tutorials/msg/detail/resized_image__rosidl_typesupport_fastrtps_cpp.hpp
[1.170s] -- Up-to-date: /home/ahmedmuhammad/pingpong_ws/install/image_transport_tutorials/include/image_transport_tutorials/image_transport_tutorials/msg/rosidl_typesupport_fastrtps_cpp__visibility_control.h
[1.170s] -- Up-to-date: /home/ahmedmuhammad/pingpong_ws/install/image_transport_tutorials/lib/libimage_transport_tutorials__rosidl_typesupport_fastrtps_cpp.so
[1.170s] -- Up-to-date: /home/ahmedmuhammad/pingpong_ws/install/image_transport_tutorials/include/image_transport_tutorials/image_transport_tutorials
[1.171s] -- Up-to-date: /home/ahmedmuhammad/pingpong_ws/install/image_transport_tutorials/include/image_transport_tutorials/image_transport_tutorials/msg
[1.171s] -- Up-to-date: /home/ahmedmuhammad/pingpong_ws/install/image_transport_tutorials/include/image_transport_tutorials/image_transport_tutorials/msg/detail
[1.171s] -- Up-to-date: /home/ahmedmuhammad/pingpong_ws/install/image_transport_tutorials/include/image_transport_tutorials/image_transport_tutorials/msg/detail/resized_image__type_support.c
[1.171s] -- Up-to-date: /home/ahmedmuhammad/pingpong_ws/install/image_transport_tutorials/include/image_transport_tutorials/image_transport_tutorials/msg/detail/resized_image__rosidl_typesupport_introspection_c.h
[1.171s] -- Up-to-date: /home/ahmedmuhammad/pingpong_ws/install/image_transport_tutorials/include/image_transport_tutorials/image_transport_tutorials/msg/rosidl_typesupport_introspection_c__visibility_control.h
[1.171s] -- Up-to-date: /home/ahmedmuhammad/pingpong_ws/install/image_transport_tutorials/lib/libimage_transport_tutorials__rosidl_typesupport_introspection_c.so
[1.171s] -- Up-to-date: /home/ahmedmuhammad/pingpong_ws/install/image_transport_tutorials/lib/libimage_transport_tutorials__rosidl_typesupport_c.so
[1.171s] -- Up-to-date: /home/ahmedmuhammad/pingpong_ws/install/image_transport_tutorials/include/image_transport_tutorials/image_transport_tutorials
[1.171s] -- Up-to-date: /home/ahmedmuhammad/pingpong_ws/install/image_transport_tutorials/include/image_transport_tutorials/image_transport_tutorials/msg
[1.172s] -- Up-to-date: /home/ahmedmuhammad/pingpong_ws/install/image_transport_tutorials/include/image_transport_tutorials/image_transport_tutorials/msg/detail
[1.172s] -- Up-to-date: /home/ahmedmuhammad/pingpong_ws/install/image_transport_tutorials/include/image_transport_tutorials/image_transport_tutorials/msg/detail/resized_image__type_support.cpp
[1.172s] -- Up-to-date: /home/ahmedmuhammad/pingpong_ws/install/image_transport_tutorials/include/image_transport_tutorials/image_transport_tutorials/msg/detail/resized_image__rosidl_typesupport_introspection_cpp.hpp
[1.172s] -- Up-to-date: /home/ahmedmuhammad/pingpong_ws/install/image_transport_tutorials/lib/libimage_transport_tutorials__rosidl_typesupport_introspection_cpp.so
[1.172s] -- Up-to-date: /home/ahmedmuhammad/pingpong_ws/install/image_transport_tutorials/lib/libimage_transport_tutorials__rosidl_typesupport_cpp.so
[1.172s] -- Up-to-date: /home/ahmedmuhammad/pingpong_ws/install/image_transport_tutorials/share/image_transport_tutorials/environment/pythonpath.sh
[1.172s] -- Up-to-date: /home/ahmedmuhammad/pingpong_ws/install/image_transport_tutorials/share/image_transport_tutorials/environment/pythonpath.dsv
[1.172s] -- Up-to-date: /home/ahmedmuhammad/pingpong_ws/install/image_transport_tutorials/local/lib/python3.10/dist-packages/image_transport_tutorials-0.0.0-py3.10.egg-info
[1.172s] -- Installing: /home/ahmedmuhammad/pingpong_ws/install/image_transport_tutorials/local/lib/python3.10/dist-packages/image_transport_tutorials-0.0.0-py3.10.egg-info/SOURCES.txt
[1.172s] -- Installing: /home/ahmedmuhammad/pingpong_ws/install/image_transport_tutorials/local/lib/python3.10/dist-packages/image_transport_tutorials-0.0.0-py3.10.egg-info/top_level.txt
[1.173s] -- Installing: /home/ahmedmuhammad/pingpong_ws/install/image_transport_tutorials/local/lib/python3.10/dist-packages/image_transport_tutorials-0.0.0-py3.10.egg-info/dependency_links.txt
[1.173s] -- Installing: /home/ahmedmuhammad/pingpong_ws/install/image_transport_tutorials/local/lib/python3.10/dist-packages/image_transport_tutorials-0.0.0-py3.10.egg-info/PKG-INFO
[1.173s] -- Up-to-date: /home/ahmedmuhammad/pingpong_ws/install/image_transport_tutorials/local/lib/python3.10/dist-packages/image_transport_tutorials
[1.173s] -- Up-to-date: /home/ahmedmuhammad/pingpong_ws/install/image_transport_tutorials/local/lib/python3.10/dist-packages/image_transport_tutorials/image_transport_tutorials_s__rosidl_typesupport_introspection_c.cpython-310-x86_64-linux-gnu.so
[1.173s] -- Up-to-date: /home/ahmedmuhammad/pingpong_ws/install/image_transport_tutorials/local/lib/python3.10/dist-packages/image_transport_tutorials/_image_transport_tutorials_s.ep.rosidl_typesupport_fastrtps_c.c
[1.173s] -- Up-to-date: /home/ahmedmuhammad/pingpong_ws/install/image_transport_tutorials/local/lib/python3.10/dist-packages/image_transport_tutorials/__init__.py
[1.173s] -- Up-to-date: /home/ahmedmuhammad/pingpong_ws/install/image_transport_tutorials/local/lib/python3.10/dist-packages/image_transport_tutorials/image_transport_tutorials_s__rosidl_typesupport_fastrtps_c.cpython-310-x86_64-linux-gnu.so
[1.173s] -- Up-to-date: /home/ahmedmuhammad/pingpong_ws/install/image_transport_tutorials/local/lib/python3.10/dist-packages/image_transport_tutorials/msg
[1.173s] -- Up-to-date: /home/ahmedmuhammad/pingpong_ws/install/image_transport_tutorials/local/lib/python3.10/dist-packages/image_transport_tutorials/msg/__init__.py
[1.174s] -- Up-to-date: /home/ahmedmuhammad/pingpong_ws/install/image_transport_tutorials/local/lib/python3.10/dist-packages/image_transport_tutorials/msg/_resized_image.py
[1.174s] -- Up-to-date: /home/ahmedmuhammad/pingpong_ws/install/image_transport_tutorials/local/lib/python3.10/dist-packages/image_transport_tutorials/msg/_resized_image_s.c
[1.174s] -- Up-to-date: /home/ahmedmuhammad/pingpong_ws/install/image_transport_tutorials/local/lib/python3.10/dist-packages/image_transport_tutorials/libimage_transport_tutorials__rosidl_generator_py.so
[1.174s] -- Up-to-date: /home/ahmedmuhammad/pingpong_ws/install/image_transport_tutorials/local/lib/python3.10/dist-packages/image_transport_tutorials/image_transport_tutorials_s__rosidl_typesupport_c.cpython-310-x86_64-linux-gnu.so
[1.174s] -- Up-to-date: /home/ahmedmuhammad/pingpong_ws/install/image_transport_tutorials/local/lib/python3.10/dist-packages/image_transport_tutorials/_image_transport_tutorials_s.ep.rosidl_typesupport_c.c
[1.174s] -- Up-to-date: /home/ahmedmuhammad/pingpong_ws/install/image_transport_tutorials/local/lib/python3.10/dist-packages/image_transport_tutorials/_image_transport_tutorials_s.ep.rosidl_typesupport_introspection_c.c
[1.174s] Listing '/home/ahmedmuhammad/pingpong_ws/install/image_transport_tutorials/local/lib/python3.10/dist-packages/image_transport_tutorials'...
[1.174s] Listing '/home/ahmedmuhammad/pingpong_ws/install/image_transport_tutorials/local/lib/python3.10/dist-packages/image_transport_tutorials/msg'...
[1.175s] -- Up-to-date: /home/ahmedmuhammad/pingpong_ws/install/image_transport_tutorials/local/lib/python3.10/dist-packages/image_transport_tutorials/image_transport_tutorials_s__rosidl_typesupport_fastrtps_c.cpython-310-x86_64-linux-gnu.so
[1.175s] -- Up-to-date: /home/ahmedmuhammad/pingpong_ws/install/image_transport_tutorials/local/lib/python3.10/dist-packages/image_transport_tutorials/image_transport_tutorials_s__rosidl_typesupport_introspection_c.cpython-310-x86_64-linux-gnu.so
[1.175s] -- Up-to-date: /home/ahmedmuhammad/pingpong_ws/install/image_transport_tutorials/local/lib/python3.10/dist-packages/image_transport_tutorials/image_transport_tutorials_s__rosidl_typesupport_c.cpython-310-x86_64-linux-gnu.so
[1.175s] -- Up-to-date: /home/ahmedmuhammad/pingpong_ws/install/image_transport_tutorials/lib/libimage_transport_tutorials__rosidl_generator_py.so
[1.175s] -- Up-to-date: /home/ahmedmuhammad/pingpong_ws/install/image_transport_tutorials/share/image_transport_tutorials/msg/ResizedImage.idl
[1.175s] -- Up-to-date: /home/ahmedmuhammad/pingpong_ws/install/image_transport_tutorials/share/image_transport_tutorials/msg/ResizedImage.msg
[1.175s] -- Up-to-date: /home/ahmedmuhammad/pingpong_ws/install/image_transport_tutorials/share/image_transport_tutorials/resized_plugins.xml
[1.175s] -- Up-to-date: /home/ahmedmuhammad/pingpong_ws/install/image_transport_tutorials/lib/image_transport_tutorials/my_publisher
[1.175s] -- Up-to-date: /home/ahmedmuhammad/pingpong_ws/install/image_transport_tutorials/lib/image_transport_tutorials/my_subscriber
[1.176s] -- Up-to-date: /home/ahmedmuhammad/pingpong_ws/install/image_transport_tutorials/lib/libresized_plugins.so
[1.176s] -- Up-to-date: /home/ahmedmuhammad/pingpong_ws/install/image_transport_tutorials/lib/image_transport_tutorials/publisher_from_video
[1.176s] -- Up-to-date: /home/ahmedmuhammad/pingpong_ws/install/image_transport_tutorials/include/image_transport_tutorials
[1.176s] -- Up-to-date: /home/ahmedmuhammad/pingpong_ws/install/image_transport_tutorials/include/image_transport_tutorials/image_transport_tutorials
[1.176s] -- Up-to-date: /home/ahmedmuhammad/pingpong_ws/install/image_transport_tutorials/include/image_transport_tutorials/image_transport_tutorials/resized_publisher.hpp
[1.176s] -- Up-to-date: /home/ahmedmuhammad/pingpong_ws/install/image_transport_tutorials/include/image_transport_tutorials/image_transport_tutorials/resized_subscriber.hpp
[1.176s] -- Up-to-date: /home/ahmedmuhammad/pingpong_ws/install/image_transport_tutorials/share/ament_index/resource_index/package_run_dependencies/image_transport_tutorials
[1.176s] -- Up-to-date: /home/ahmedmuhammad/pingpong_ws/install/image_transport_tutorials/share/ament_index/resource_index/parent_prefix_path/image_transport_tutorials
[1.176s] -- Up-to-date: /home/ahmedmuhammad/pingpong_ws/install/image_transport_tutorials/share/image_transport_tutorials/environment/ament_prefix_path.sh
[1.176s] -- Up-to-date: /home/ahmedmuhammad/pingpong_ws/install/image_transport_tutorials/share/image_transport_tutorials/environment/ament_prefix_path.dsv
[1.177s] -- Up-to-date: /home/ahmedmuhammad/pingpong_ws/install/image_transport_tutorials/share/image_transport_tutorials/environment/path.sh
[1.177s] -- Up-to-date: /home/ahmedmuhammad/pingpong_ws/install/image_transport_tutorials/share/image_transport_tutorials/environment/path.dsv
[1.177s] -- Up-to-date: /home/ahmedmuhammad/pingpong_ws/install/image_transport_tutorials/share/image_transport_tutorials/local_setup.bash
[1.177s] -- Up-to-date: /home/ahmedmuhammad/pingpong_ws/install/image_transport_tutorials/share/image_transport_tutorials/local_setup.sh
[1.177s] -- Up-to-date: /home/ahmedmuhammad/pingpong_ws/install/image_transport_tutorials/share/image_transport_tutorials/local_setup.zsh
[1.177s] -- Up-to-date: /home/ahmedmuhammad/pingpong_ws/install/image_transport_tutorials/share/image_transport_tutorials/local_setup.dsv
[1.177s] -- Installing: /home/ahmedmuhammad/pingpong_ws/install/image_transport_tutorials/share/image_transport_tutorials/package.dsv
[1.177s] -- Up-to-date: /home/ahmedmuhammad/pingpong_ws/install/image_transport_tutorials/share/ament_index/resource_index/packages/image_transport_tutorials
[1.177s] -- Up-to-date: /home/ahmedmuhammad/pingpong_ws/install/image_transport_tutorials/share/ament_index/resource_index/image_transport_tutorials__pluginlib__plugin/image_transport_tutorials
[1.178s] -- Up-to-date: /home/ahmedmuhammad/pingpong_ws/install/image_transport_tutorials/share/image_transport_tutorials/cmake/export_image_transport_tutorials__rosidl_generator_cExport.cmake
[1.178s] -- Up-to-date: /home/ahmedmuhammad/pingpong_ws/install/image_transport_tutorials/share/image_transport_tutorials/cmake/export_image_transport_tutorials__rosidl_generator_cExport-noconfig.cmake
[1.178s] -- Up-to-date: /home/ahmedmuhammad/pingpong_ws/install/image_transport_tutorials/share/image_transport_tutorials/cmake/export_image_transport_tutorials__rosidl_typesupport_fastrtps_cExport.cmake
[1.178s] -- Up-to-date: /home/ahmedmuhammad/pingpong_ws/install/image_transport_tutorials/share/image_transport_tutorials/cmake/export_image_transport_tutorials__rosidl_typesupport_fastrtps_cExport-noconfig.cmake
[1.178s] -- Up-to-date: /home/ahmedmuhammad/pingpong_ws/install/image_transport_tutorials/share/image_transport_tutorials/cmake/export_image_transport_tutorials__rosidl_generator_cppExport.cmake
[1.178s] -- Up-to-date: /home/ahmedmuhammad/pingpong_ws/install/image_transport_tutorials/share/image_transport_tutorials/cmake/export_image_transport_tutorials__rosidl_typesupport_fastrtps_cppExport.cmake
[1.178s] -- Up-to-date: /home/ahmedmuhammad/pingpong_ws/install/image_transport_tutorials/share/image_transport_tutorials/cmake/export_image_transport_tutorials__rosidl_typesupport_fastrtps_cppExport-noconfig.cmake
[1.178s] -- Up-to-date: /home/ahmedmuhammad/pingpong_ws/install/image_transport_tutorials/share/image_transport_tutorials/cmake/image_transport_tutorials__rosidl_typesupport_introspection_cExport.cmake
[1.178s] -- Up-to-date: /home/ahmedmuhammad/pingpong_ws/install/image_transport_tutorials/share/image_transport_tutorials/cmake/image_transport_tutorials__rosidl_typesupport_introspection_cExport-noconfig.cmake
[1.178s] -- Up-to-date: /home/ahmedmuhammad/pingpong_ws/install/image_transport_tutorials/share/image_transport_tutorials/cmake/image_transport_tutorials__rosidl_typesupport_cExport.cmake
[1.179s] -- Up-to-date: /home/ahmedmuhammad/pingpong_ws/install/image_transport_tutorials/share/image_transport_tutorials/cmake/image_transport_tutorials__rosidl_typesupport_cExport-noconfig.cmake
[1.179s] -- Up-to-date: /home/ahmedmuhammad/pingpong_ws/install/image_transport_tutorials/share/image_transport_tutorials/cmake/image_transport_tutorials__rosidl_typesupport_introspection_cppExport.cmake
[1.179s] -- Up-to-date: /home/ahmedmuhammad/pingpong_ws/install/image_transport_tutorials/share/image_transport_tutorials/cmake/image_transport_tutorials__rosidl_typesupport_introspection_cppExport-noconfig.cmake
[1.179s] -- Up-to-date: /home/ahmedmuhammad/pingpong_ws/install/image_transport_tutorials/share/image_transport_tutorials/cmake/image_transport_tutorials__rosidl_typesupport_cppExport.cmake
[1.179s] -- Up-to-date: /home/ahmedmuhammad/pingpong_ws/install/image_transport_tutorials/share/image_transport_tutorials/cmake/image_transport_tutorials__rosidl_typesupport_cppExport-noconfig.cmake
[1.179s] -- Up-to-date: /home/ahmedmuhammad/pingpong_ws/install/image_transport_tutorials/share/image_transport_tutorials/cmake/export_image_transport_tutorials__rosidl_generator_pyExport.cmake
[1.179s] -- Up-to-date: /home/ahmedmuhammad/pingpong_ws/install/image_transport_tutorials/share/image_transport_tutorials/cmake/export_image_transport_tutorials__rosidl_generator_pyExport-noconfig.cmake
[1.179s] -- Up-to-date: /home/ahmedmuhammad/pingpong_ws/install/image_transport_tutorials/share/image_transport_tutorials/cmake/rosidl_cmake-extras.cmake
[1.179s] -- Up-to-date: /home/ahmedmuhammad/pingpong_ws/install/image_transport_tutorials/share/image_transport_tutorials/cmake/ament_cmake_export_dependencies-extras.cmake
[1.180s] -- Up-to-date: /home/ahmedmuhammad/pingpong_ws/install/image_transport_tutorials/share/image_transport_tutorials/cmake/ament_cmake_export_include_directories-extras.cmake
[1.180s] -- Up-to-date: /home/ahmedmuhammad/pingpong_ws/install/image_transport_tutorials/share/image_transport_tutorials/cmake/ament_cmake_export_libraries-extras.cmake
[1.180s] -- Up-to-date: /home/ahmedmuhammad/pingpong_ws/install/image_transport_tutorials/share/image_transport_tutorials/cmake/ament_cmake_export_targets-extras.cmake
[1.180s] -- Up-to-date: /home/ahmedmuhammad/pingpong_ws/install/image_transport_tutorials/share/image_transport_tutorials/cmake/rosidl_cmake_export_typesupport_targets-extras.cmake
[1.180s] -- Up-to-date: /home/ahmedmuhammad/pingpong_ws/install/image_transport_tutorials/share/image_transport_tutorials/cmake/rosidl_cmake_export_typesupport_libraries-extras.cmake
[1.180s] -- Up-to-date: /home/ahmedmuhammad/pingpong_ws/install/image_transport_tutorials/share/image_transport_tutorials/cmake/image_transport_tutorialsConfig.cmake
[1.180s] -- Up-to-date: /home/ahmedmuhammad/pingpong_ws/install/image_transport_tutorials/share/image_transport_tutorials/cmake/image_transport_tutorialsConfig-version.cmake
[1.181s] -- Up-to-date: /home/ahmedmuhammad/pingpong_ws/install/image_transport_tutorials/share/image_transport_tutorials/package.xml
[1.232s] Invoked command in '/home/ahmedmuhammad/pingpong_ws/build/image_transport_tutorials' returned '0': CMAKE_PREFIX_PATH=${CMAKE_PREFIX_PATH}:/home/ahmedmuhammad/pingpong_ws/install/media_pipe:/home/ahmedmuhammad/pingpong_ws/install/communication_w_pico:/home/ahmedmuhammad/pingpong_ws/install/check_image_size:/opt/ros/humble /usr/bin/cmake --install /home/ahmedmuhammad/pingpong_ws/build/image_transport_tutorials
