[0.792s] DEBUG:colcon:Command line arguments: ['/usr/bin/colcon', 'build']
[0.792s] DEBUG:colcon:Parsed command line arguments: Namespace(log_base=None, log_level=None, verb_name='build', build_base='build', install_base='install', merge_install=False, symlink_install=False, test_result_base=None, continue_on_error=False, executor='parallel', parallel_workers=16, event_handlers=None, ignore_user_meta=False, metas=['./colcon.meta'], base_paths=['.'], packages_ignore=None, packages_ignore_regex=None, paths=None, packages_up_to=None, packages_up_to_regex=None, packages_above=None, packages_above_and_dependencies=None, packages_above_depth=None, packages_select_by_dep=None, packages_skip_by_dep=None, packages_skip_up_to=None, packages_select_build_failed=False, packages_skip_build_finished=False, packages_select_test_failures=False, packages_skip_test_passed=False, packages_select=None, packages_skip=None, packages_select_regex=None, packages_skip_regex=None, packages_start=None, packages_end=None, allow_overriding=[], cmake_args=None, cmake_target=None, cmake_target_skip_unavailable=False, cmake_clean_cache=False, cmake_clean_first=False, cmake_force_configure=False, ament_cmake_args=None, catkin_cmake_args=None, catkin_skip_building_tests=False, verb_parser=<colcon_defaults.argument_parser.defaults.DefaultArgumentsDecorator object at 0x7f1b0f1f8a30>, verb_extension=<colcon_core.verb.build.BuildVerb object at 0x7f1b0f5022f0>, main=<bound method BuildVerb.main of <colcon_core.verb.build.BuildVerb object at 0x7f1b0f5022f0>>)
[0.828s] Level 1:colcon.colcon_core.package_discovery:discover_packages(colcon_meta) check parameters
[0.828s] Level 1:colcon.colcon_core.package_discovery:discover_packages(recursive) check parameters
[0.828s] Level 1:colcon.colcon_core.package_discovery:discover_packages(ignore) check parameters
[0.828s] Level 1:colcon.colcon_core.package_discovery:discover_packages(path) check parameters
[0.828s] Level 1:colcon.colcon_core.package_discovery:discover_packages(colcon_meta) discover
[0.828s] Level 1:colcon.colcon_core.package_discovery:discover_packages(recursive) discover
[0.828s] INFO:colcon.colcon_core.package_discovery:Crawling recursively for packages in '/home/ahmedmuhammad/pingpong_ws'
[0.828s] Level 1:colcon.colcon_core.package_identification:_identify(.) by extensions ['ignore', 'ignore_ament_install']
[0.829s] Level 1:colcon.colcon_core.package_identification:_identify(.) by extension 'ignore'
[0.829s] Level 1:colcon.colcon_core.package_identification:_identify(.) by extension 'ignore_ament_install'
[0.829s] Level 1:colcon.colcon_core.package_identification:_identify(.) by extensions ['colcon_pkg']
[0.829s] Level 1:colcon.colcon_core.package_identification:_identify(.) by extension 'colcon_pkg'
[0.829s] Level 1:colcon.colcon_core.package_identification:_identify(.) by extensions ['colcon_meta']
[0.829s] Level 1:colcon.colcon_core.package_identification:_identify(.) by extension 'colcon_meta'
[0.829s] Level 1:colcon.colcon_core.package_identification:_identify(.) by extensions ['ros']
[0.829s] Level 1:colcon.colcon_core.package_identification:_identify(.) by extension 'ros'
[0.837s] Level 1:colcon.colcon_core.package_identification:_identify(.) by extensions ['cmake', 'python']
[0.837s] Level 1:colcon.colcon_core.package_identification:_identify(.) by extension 'cmake'
[0.837s] Level 1:colcon.colcon_core.package_identification:_identify(.) by extension 'python'
[0.837s] Level 1:colcon.colcon_core.package_identification:_identify(.) by extensions ['python_setup_py']
[0.837s] Level 1:colcon.colcon_core.package_identification:_identify(.) by extension 'python_setup_py'
[0.837s] Level 1:colcon.colcon_core.package_identification:_identify(build) by extensions ['ignore', 'ignore_ament_install']
[0.837s] Level 1:colcon.colcon_core.package_identification:_identify(build) by extension 'ignore'
[0.837s] Level 1:colcon.colcon_core.package_identification:_identify(build) ignored
[0.837s] Level 1:colcon.colcon_core.package_identification:_identify(install) by extensions ['ignore', 'ignore_ament_install']
[0.837s] Level 1:colcon.colcon_core.package_identification:_identify(install) by extension 'ignore'
[0.837s] Level 1:colcon.colcon_core.package_identification:_identify(install) ignored
[0.837s] Level 1:colcon.colcon_core.package_identification:_identify(log) by extensions ['ignore', 'ignore_ament_install']
[0.837s] Level 1:colcon.colcon_core.package_identification:_identify(log) by extension 'ignore'
[0.838s] Level 1:colcon.colcon_core.package_identification:_identify(log) ignored
[0.838s] Level 1:colcon.colcon_core.package_identification:_identify(src) by extensions ['ignore', 'ignore_ament_install']
[0.838s] Level 1:colcon.colcon_core.package_identification:_identify(src) by extension 'ignore'
[0.838s] Level 1:colcon.colcon_core.package_identification:_identify(src) by extension 'ignore_ament_install'
[0.838s] Level 1:colcon.colcon_core.package_identification:_identify(src) by extensions ['colcon_pkg']
[0.838s] Level 1:colcon.colcon_core.package_identification:_identify(src) by extension 'colcon_pkg'
[0.838s] Level 1:colcon.colcon_core.package_identification:_identify(src) by extensions ['colcon_meta']
[0.838s] Level 1:colcon.colcon_core.package_identification:_identify(src) by extension 'colcon_meta'
[0.838s] Level 1:colcon.colcon_core.package_identification:_identify(src) by extensions ['ros']
[0.838s] Level 1:colcon.colcon_core.package_identification:_identify(src) by extension 'ros'
[0.838s] Level 1:colcon.colcon_core.package_identification:_identify(src) by extensions ['cmake', 'python']
[0.838s] Level 1:colcon.colcon_core.package_identification:_identify(src) by extension 'cmake'
[0.838s] Level 1:colcon.colcon_core.package_identification:_identify(src) by extension 'python'
[0.838s] Level 1:colcon.colcon_core.package_identification:_identify(src) by extensions ['python_setup_py']
[0.838s] Level 1:colcon.colcon_core.package_identification:_identify(src) by extension 'python_setup_py'
[0.839s] Level 1:colcon.colcon_core.package_identification:_identify(src/check_image_size) by extensions ['ignore', 'ignore_ament_install']
[0.839s] Level 1:colcon.colcon_core.package_identification:_identify(src/check_image_size) by extension 'ignore'
[0.839s] Level 1:colcon.colcon_core.package_identification:_identify(src/check_image_size) by extension 'ignore_ament_install'
[0.839s] Level 1:colcon.colcon_core.package_identification:_identify(src/check_image_size) by extensions ['colcon_pkg']
[0.839s] Level 1:colcon.colcon_core.package_identification:_identify(src/check_image_size) by extension 'colcon_pkg'
[0.839s] Level 1:colcon.colcon_core.package_identification:_identify(src/check_image_size) by extensions ['colcon_meta']
[0.839s] Level 1:colcon.colcon_core.package_identification:_identify(src/check_image_size) by extension 'colcon_meta'
[0.839s] Level 1:colcon.colcon_core.package_identification:_identify(src/check_image_size) by extensions ['ros']
[0.839s] Level 1:colcon.colcon_core.package_identification:_identify(src/check_image_size) by extension 'ros'
[0.841s] DEBUG:colcon.colcon_core.package_identification:Package 'src/check_image_size' with type 'ros.ament_python' and name 'check_image_size'
[0.841s] Level 1:colcon.colcon_core.package_identification:_identify(src/communication_w_pico) by extensions ['ignore', 'ignore_ament_install']
[0.841s] Level 1:colcon.colcon_core.package_identification:_identify(src/communication_w_pico) by extension 'ignore'
[0.841s] Level 1:colcon.colcon_core.package_identification:_identify(src/communication_w_pico) by extension 'ignore_ament_install'
[0.841s] Level 1:colcon.colcon_core.package_identification:_identify(src/communication_w_pico) by extensions ['colcon_pkg']
[0.841s] Level 1:colcon.colcon_core.package_identification:_identify(src/communication_w_pico) by extension 'colcon_pkg'
[0.841s] Level 1:colcon.colcon_core.package_identification:_identify(src/communication_w_pico) by extensions ['colcon_meta']
[0.841s] Level 1:colcon.colcon_core.package_identification:_identify(src/communication_w_pico) by extension 'colcon_meta'
[0.841s] Level 1:colcon.colcon_core.package_identification:_identify(src/communication_w_pico) by extensions ['ros']
[0.841s] Level 1:colcon.colcon_core.package_identification:_identify(src/communication_w_pico) by extension 'ros'
[0.841s] DEBUG:colcon.colcon_core.package_identification:Package 'src/communication_w_pico' with type 'ros.ament_python' and name 'communication_w_pico'
[0.842s] Level 1:colcon.colcon_core.package_identification:_identify(src/image_transport_tutorials) by extensions ['ignore', 'ignore_ament_install']
[0.842s] Level 1:colcon.colcon_core.package_identification:_identify(src/image_transport_tutorials) by extension 'ignore'
[0.842s] Level 1:colcon.colcon_core.package_identification:_identify(src/image_transport_tutorials) by extension 'ignore_ament_install'
[0.842s] Level 1:colcon.colcon_core.package_identification:_identify(src/image_transport_tutorials) by extensions ['colcon_pkg']
[0.842s] Level 1:colcon.colcon_core.package_identification:_identify(src/image_transport_tutorials) by extension 'colcon_pkg'
[0.842s] Level 1:colcon.colcon_core.package_identification:_identify(src/image_transport_tutorials) by extensions ['colcon_meta']
[0.842s] Level 1:colcon.colcon_core.package_identification:_identify(src/image_transport_tutorials) by extension 'colcon_meta'
[0.842s] Level 1:colcon.colcon_core.package_identification:_identify(src/image_transport_tutorials) by extensions ['ros']
[0.842s] Level 1:colcon.colcon_core.package_identification:_identify(src/image_transport_tutorials) by extension 'ros'
[0.842s] DEBUG:colcon.colcon_core.package_identification:Package 'src/image_transport_tutorials' with type 'ros.ament_cmake' and name 'image_transport_tutorials'
[0.842s] Level 1:colcon.colcon_core.package_identification:_identify(src/media_pipe) by extensions ['ignore', 'ignore_ament_install']
[0.842s] Level 1:colcon.colcon_core.package_identification:_identify(src/media_pipe) by extension 'ignore'
[0.843s] Level 1:colcon.colcon_core.package_identification:_identify(src/media_pipe) by extension 'ignore_ament_install'
[0.843s] Level 1:colcon.colcon_core.package_identification:_identify(src/media_pipe) by extensions ['colcon_pkg']
[0.843s] Level 1:colcon.colcon_core.package_identification:_identify(src/media_pipe) by extension 'colcon_pkg'
[0.843s] Level 1:colcon.colcon_core.package_identification:_identify(src/media_pipe) by extensions ['colcon_meta']
[0.843s] Level 1:colcon.colcon_core.package_identification:_identify(src/media_pipe) by extension 'colcon_meta'
[0.843s] Level 1:colcon.colcon_core.package_identification:_identify(src/media_pipe) by extensions ['ros']
[0.843s] Level 1:colcon.colcon_core.package_identification:_identify(src/media_pipe) by extension 'ros'
[0.843s] DEBUG:colcon.colcon_core.package_identification:Package 'src/media_pipe' with type 'ros.ament_python' and name 'media_pipe'
[0.843s] Level 1:colcon.colcon_core.package_identification:_identify(src/player_commands) by extensions ['ignore', 'ignore_ament_install']
[0.843s] Level 1:colcon.colcon_core.package_identification:_identify(src/player_commands) by extension 'ignore'
[0.843s] Level 1:colcon.colcon_core.package_identification:_identify(src/player_commands) by extension 'ignore_ament_install'
[0.844s] Level 1:colcon.colcon_core.package_identification:_identify(src/player_commands) by extensions ['colcon_pkg']
[0.844s] Level 1:colcon.colcon_core.package_identification:_identify(src/player_commands) by extension 'colcon_pkg'
[0.844s] Level 1:colcon.colcon_core.package_identification:_identify(src/player_commands) by extensions ['colcon_meta']
[0.844s] Level 1:colcon.colcon_core.package_identification:_identify(src/player_commands) by extension 'colcon_meta'
[0.844s] Level 1:colcon.colcon_core.package_identification:_identify(src/player_commands) by extensions ['ros']
[0.844s] Level 1:colcon.colcon_core.package_identification:_identify(src/player_commands) by extension 'ros'
[0.844s] DEBUG:colcon.colcon_core.package_identification:Package 'src/player_commands' with type 'ros.ament_cmake' and name 'player_commands'
[0.844s] Level 1:colcon.colcon_core.package_discovery:discover_packages(recursive) using defaults
[0.844s] Level 1:colcon.colcon_core.package_discovery:discover_packages(ignore) discover
[0.844s] Level 1:colcon.colcon_core.package_discovery:discover_packages(ignore) using defaults
[0.844s] Level 1:colcon.colcon_core.package_discovery:discover_packages(path) discover
[0.844s] Level 1:colcon.colcon_core.package_discovery:discover_packages(path) using defaults
[0.911s] Level 1:colcon.colcon_core.package_discovery:discover_packages(prefix_path) check parameters
[0.911s] Level 1:colcon.colcon_core.package_discovery:discover_packages(prefix_path) discover
[0.936s] DEBUG:colcon.colcon_installed_package_information.package_discovery:Found 344 installed packages in /opt/ros/humble
[0.937s] Level 1:colcon.colcon_core.package_discovery:discover_packages(prefix_path) using defaults
[1.018s] Level 5:colcon.colcon_core.verb:set package 'check_image_size' build argument 'cmake_args' from command line to 'None'
[1.018s] Level 5:colcon.colcon_core.verb:set package 'check_image_size' build argument 'cmake_target' from command line to 'None'
[1.018s] Level 5:colcon.colcon_core.verb:set package 'check_image_size' build argument 'cmake_target_skip_unavailable' from command line to 'False'
[1.018s] Level 5:colcon.colcon_core.verb:set package 'check_image_size' build argument 'cmake_clean_cache' from command line to 'False'
[1.018s] Level 5:colcon.colcon_core.verb:set package 'check_image_size' build argument 'cmake_clean_first' from command line to 'False'
[1.018s] Level 5:colcon.colcon_core.verb:set package 'check_image_size' build argument 'cmake_force_configure' from command line to 'False'
[1.018s] Level 5:colcon.colcon_core.verb:set package 'check_image_size' build argument 'ament_cmake_args' from command line to 'None'
[1.018s] Level 5:colcon.colcon_core.verb:set package 'check_image_size' build argument 'catkin_cmake_args' from command line to 'None'
[1.018s] Level 5:colcon.colcon_core.verb:set package 'check_image_size' build argument 'catkin_skip_building_tests' from command line to 'False'
[1.018s] DEBUG:colcon.colcon_core.verb:Building package 'check_image_size' with the following arguments: {'ament_cmake_args': None, 'build_base': '/home/ahmedmuhammad/pingpong_ws/build/check_image_size', 'catkin_cmake_args': None, 'catkin_skip_building_tests': False, 'cmake_args': None, 'cmake_clean_cache': False, 'cmake_clean_first': False, 'cmake_force_configure': False, 'cmake_target': None, 'cmake_target_skip_unavailable': False, 'install_base': '/home/ahmedmuhammad/pingpong_ws/install/check_image_size', 'merge_install': False, 'path': '/home/ahmedmuhammad/pingpong_ws/src/check_image_size', 'symlink_install': False, 'test_result_base': None}
[1.029s] Level 5:colcon.colcon_core.verb:set package 'image_transport_tutorials' build argument 'cmake_args' from command line to 'None'
[1.029s] Level 5:colcon.colcon_core.verb:set package 'image_transport_tutorials' build argument 'cmake_target' from command line to 'None'
[1.029s] Level 5:colcon.colcon_core.verb:set package 'image_transport_tutorials' build argument 'cmake_target_skip_unavailable' from command line to 'False'
[1.029s] Level 5:colcon.colcon_core.verb:set package 'image_transport_tutorials' build argument 'cmake_clean_cache' from command line to 'False'
[1.029s] Level 5:colcon.colcon_core.verb:set package 'image_transport_tutorials' build argument 'cmake_clean_first' from command line to 'False'
[1.029s] Level 5:colcon.colcon_core.verb:set package 'image_transport_tutorials' build argument 'cmake_force_configure' from command line to 'False'
[1.029s] Level 5:colcon.colcon_core.verb:set package 'image_transport_tutorials' build argument 'ament_cmake_args' from command line to 'None'
[1.029s] Level 5:colcon.colcon_core.verb:set package 'image_transport_tutorials' build argument 'catkin_cmake_args' from command line to 'None'
[1.029s] Level 5:colcon.colcon_core.verb:set package 'image_transport_tutorials' build argument 'catkin_skip_building_tests' from command line to 'False'
[1.029s] DEBUG:colcon.colcon_core.verb:Building package 'image_transport_tutorials' with the following arguments: {'ament_cmake_args': None, 'build_base': '/home/ahmedmuhammad/pingpong_ws/build/image_transport_tutorials', 'catkin_cmake_args': None, 'catkin_skip_building_tests': False, 'cmake_args': None, 'cmake_clean_cache': False, 'cmake_clean_first': False, 'cmake_force_configure': False, 'cmake_target': None, 'cmake_target_skip_unavailable': False, 'install_base': '/home/ahmedmuhammad/pingpong_ws/install/image_transport_tutorials', 'merge_install': False, 'path': '/home/ahmedmuhammad/pingpong_ws/src/image_transport_tutorials', 'symlink_install': False, 'test_result_base': None}
[1.040s] Level 5:colcon.colcon_core.verb:set package 'player_commands' build argument 'cmake_args' from command line to 'None'
[1.040s] Level 5:colcon.colcon_core.verb:set package 'player_commands' build argument 'cmake_target' from command line to 'None'
[1.040s] Level 5:colcon.colcon_core.verb:set package 'player_commands' build argument 'cmake_target_skip_unavailable' from command line to 'False'
[1.040s] Level 5:colcon.colcon_core.verb:set package 'player_commands' build argument 'cmake_clean_cache' from command line to 'False'
[1.040s] Level 5:colcon.colcon_core.verb:set package 'player_commands' build argument 'cmake_clean_first' from command line to 'False'
[1.040s] Level 5:colcon.colcon_core.verb:set package 'player_commands' build argument 'cmake_force_configure' from command line to 'False'
[1.040s] Level 5:colcon.colcon_core.verb:set package 'player_commands' build argument 'ament_cmake_args' from command line to 'None'
[1.040s] Level 5:colcon.colcon_core.verb:set package 'player_commands' build argument 'catkin_cmake_args' from command line to 'None'
[1.040s] Level 5:colcon.colcon_core.verb:set package 'player_commands' build argument 'catkin_skip_building_tests' from command line to 'False'
[1.040s] DEBUG:colcon.colcon_core.verb:Building package 'player_commands' with the following arguments: {'ament_cmake_args': None, 'build_base': '/home/ahmedmuhammad/pingpong_ws/build/player_commands', 'catkin_cmake_args': None, 'catkin_skip_building_tests': False, 'cmake_args': None, 'cmake_clean_cache': False, 'cmake_clean_first': False, 'cmake_force_configure': False, 'cmake_target': None, 'cmake_target_skip_unavailable': False, 'install_base': '/home/ahmedmuhammad/pingpong_ws/install/player_commands', 'merge_install': False, 'path': '/home/ahmedmuhammad/pingpong_ws/src/player_commands', 'symlink_install': False, 'test_result_base': None}
[1.051s] Level 5:colcon.colcon_core.verb:set package 'communication_w_pico' build argument 'cmake_args' from command line to 'None'
[1.051s] Level 5:colcon.colcon_core.verb:set package 'communication_w_pico' build argument 'cmake_target' from command line to 'None'
[1.051s] Level 5:colcon.colcon_core.verb:set package 'communication_w_pico' build argument 'cmake_target_skip_unavailable' from command line to 'False'
[1.051s] Level 5:colcon.colcon_core.verb:set package 'communication_w_pico' build argument 'cmake_clean_cache' from command line to 'False'
[1.051s] Level 5:colcon.colcon_core.verb:set package 'communication_w_pico' build argument 'cmake_clean_first' from command line to 'False'
[1.051s] Level 5:colcon.colcon_core.verb:set package 'communication_w_pico' build argument 'cmake_force_configure' from command line to 'False'
[1.051s] Level 5:colcon.colcon_core.verb:set package 'communication_w_pico' build argument 'ament_cmake_args' from command line to 'None'
[1.051s] Level 5:colcon.colcon_core.verb:set package 'communication_w_pico' build argument 'catkin_cmake_args' from command line to 'None'
[1.051s] Level 5:colcon.colcon_core.verb:set package 'communication_w_pico' build argument 'catkin_skip_building_tests' from command line to 'False'
[1.051s] DEBUG:colcon.colcon_core.verb:Building package 'communication_w_pico' with the following arguments: {'ament_cmake_args': None, 'build_base': '/home/ahmedmuhammad/pingpong_ws/build/communication_w_pico', 'catkin_cmake_args': None, 'catkin_skip_building_tests': False, 'cmake_args': None, 'cmake_clean_cache': False, 'cmake_clean_first': False, 'cmake_force_configure': False, 'cmake_target': None, 'cmake_target_skip_unavailable': False, 'install_base': '/home/ahmedmuhammad/pingpong_ws/install/communication_w_pico', 'merge_install': False, 'path': '/home/ahmedmuhammad/pingpong_ws/src/communication_w_pico', 'symlink_install': False, 'test_result_base': None}
[1.061s] Level 5:colcon.colcon_core.verb:set package 'media_pipe' build argument 'cmake_args' from command line to 'None'
[1.062s] Level 5:colcon.colcon_core.verb:set package 'media_pipe' build argument 'cmake_target' from command line to 'None'
[1.062s] Level 5:colcon.colcon_core.verb:set package 'media_pipe' build argument 'cmake_target_skip_unavailable' from command line to 'False'
[1.062s] Level 5:colcon.colcon_core.verb:set package 'media_pipe' build argument 'cmake_clean_cache' from command line to 'False'
[1.062s] Level 5:colcon.colcon_core.verb:set package 'media_pipe' build argument 'cmake_clean_first' from command line to 'False'
[1.062s] Level 5:colcon.colcon_core.verb:set package 'media_pipe' build argument 'cmake_force_configure' from command line to 'False'
[1.062s] Level 5:colcon.colcon_core.verb:set package 'media_pipe' build argument 'ament_cmake_args' from command line to 'None'
[1.062s] Level 5:colcon.colcon_core.verb:set package 'media_pipe' build argument 'catkin_cmake_args' from command line to 'None'
[1.062s] Level 5:colcon.colcon_core.verb:set package 'media_pipe' build argument 'catkin_skip_building_tests' from command line to 'False'
[1.062s] DEBUG:colcon.colcon_core.verb:Building package 'media_pipe' with the following arguments: {'ament_cmake_args': None, 'build_base': '/home/ahmedmuhammad/pingpong_ws/build/media_pipe', 'catkin_cmake_args': None, 'catkin_skip_building_tests': False, 'cmake_args': None, 'cmake_clean_cache': False, 'cmake_clean_first': False, 'cmake_force_configure': False, 'cmake_target': None, 'cmake_target_skip_unavailable': False, 'install_base': '/home/ahmedmuhammad/pingpong_ws/install/media_pipe', 'merge_install': False, 'path': '/home/ahmedmuhammad/pingpong_ws/src/media_pipe', 'symlink_install': False, 'test_result_base': None}
[1.072s] INFO:colcon.colcon_core.executor:Executing jobs using 'parallel' executor
[1.084s] DEBUG:colcon.colcon_parallel_executor.executor.parallel:run_until_complete
[1.084s] INFO:colcon.colcon_ros.task.ament_cmake.build:Building ROS package in '/home/ahmedmuhammad/pingpong_ws/src/player_commands' with build type 'ament_cmake'
[1.084s] INFO:colcon.colcon_cmake.task.cmake.build:Building CMake package in '/home/ahmedmuhammad/pingpong_ws/src/player_commands'
[1.099s] INFO:colcon.colcon_core.plugin_system:Skipping extension 'colcon_core.shell.bat': Not used on non-Windows systems
[1.099s] INFO:colcon.colcon_core.shell:Skip shell extension 'powershell' for command environment: Not usable outside of PowerShell
[1.099s] DEBUG:colcon.colcon_core.shell:Skip shell extension 'dsv' for command environment
[1.123s] INFO:colcon.colcon_ros.task.ament_python.build:Building ROS package in '/home/ahmedmuhammad/pingpong_ws/src/check_image_size' with build type 'ament_python'
[1.123s] Level 1:colcon.colcon_core.shell:create_environment_hook('check_image_size', 'ament_prefix_path')
[1.134s] INFO:colcon.colcon_core.shell:Creating environment hook '/home/ahmedmuhammad/pingpong_ws/install/check_image_size/share/check_image_size/hook/ament_prefix_path.ps1'
[1.135s] INFO:colcon.colcon_core.shell:Creating environment descriptor '/home/ahmedmuhammad/pingpong_ws/install/check_image_size/share/check_image_size/hook/ament_prefix_path.dsv'
[1.136s] INFO:colcon.colcon_core.shell:Creating environment hook '/home/ahmedmuhammad/pingpong_ws/install/check_image_size/share/check_image_size/hook/ament_prefix_path.sh'
[1.147s] INFO:colcon.colcon_core.shell:Skip shell extension 'powershell' for command environment: Not usable outside of PowerShell
[1.147s] DEBUG:colcon.colcon_core.shell:Skip shell extension 'dsv' for command environment
[1.170s] INFO:colcon.colcon_ros.task.ament_cmake.build:Building ROS package in '/home/ahmedmuhammad/pingpong_ws/src/image_transport_tutorials' with build type 'ament_cmake'
[1.170s] INFO:colcon.colcon_cmake.task.cmake.build:Building CMake package in '/home/ahmedmuhammad/pingpong_ws/src/image_transport_tutorials'
[1.181s] INFO:colcon.colcon_core.shell:Skip shell extension 'powershell' for command environment: Not usable outside of PowerShell
[1.181s] DEBUG:colcon.colcon_core.shell:Skip shell extension 'dsv' for command environment
[1.210s] DEBUG:colcon.colcon_core.event_handler.log_command:Invoking command in '/home/ahmedmuhammad/pingpong_ws/build/player_commands': CMAKE_PREFIX_PATH=/opt/ros/humble /usr/bin/cmake --build /home/ahmedmuhammad/pingpong_ws/build/player_commands -- -j16 -l16
[1.397s] INFO:colcon.colcon_core.task.python.build:Building Python package in '/home/ahmedmuhammad/pingpong_ws/src/check_image_size'
[1.408s] INFO:colcon.colcon_core.shell:Skip shell extension 'powershell' for command environment: Not usable outside of PowerShell
[1.408s] DEBUG:colcon.colcon_core.shell:Skip shell extension 'dsv' for command environment
[1.439s] DEBUG:colcon.colcon_core.event_handler.log_command:Invoking command in '/home/ahmedmuhammad/pingpong_ws/build/image_transport_tutorials': CMAKE_PREFIX_PATH=/opt/ros/humble /usr/bin/cmake --build /home/ahmedmuhammad/pingpong_ws/build/image_transport_tutorials -- -j16 -l16
[1.506s] DEBUG:colcon.colcon_core.event_handler.log_command:Invoked command in '/home/ahmedmuhammad/pingpong_ws/build/player_commands' returned '0': CMAKE_PREFIX_PATH=/opt/ros/humble /usr/bin/cmake --build /home/ahmedmuhammad/pingpong_ws/build/player_commands -- -j16 -l16
[1.548s] DEBUG:colcon.colcon_core.event_handler.log_command:Invoking command in '/home/ahmedmuhammad/pingpong_ws/build/player_commands': CMAKE_PREFIX_PATH=/opt/ros/humble /usr/bin/cmake --install /home/ahmedmuhammad/pingpong_ws/build/player_commands
[1.599s] Level 1:colcon.colcon_core.environment:create_environment_scripts_only(player_commands)
[1.599s] DEBUG:colcon.colcon_core.event_handler.log_command:Invoked command in '/home/ahmedmuhammad/pingpong_ws/build/player_commands' returned '0': CMAKE_PREFIX_PATH=/opt/ros/humble /usr/bin/cmake --install /home/ahmedmuhammad/pingpong_ws/build/player_commands
[1.616s] Level 1:colcon.colcon_core.environment:checking '/home/ahmedmuhammad/pingpong_ws/install/player_commands' for CMake module files
[1.617s] Level 1:colcon.colcon_core.environment:checking '/home/ahmedmuhammad/pingpong_ws/install/player_commands' for CMake config files
[1.617s] Level 1:colcon.colcon_core.shell:create_environment_hook('player_commands', 'cmake_prefix_path')
[1.628s] INFO:colcon.colcon_core.shell:Creating environment hook '/home/ahmedmuhammad/pingpong_ws/install/player_commands/share/player_commands/hook/cmake_prefix_path.ps1'
[1.628s] INFO:colcon.colcon_core.shell:Creating environment descriptor '/home/ahmedmuhammad/pingpong_ws/install/player_commands/share/player_commands/hook/cmake_prefix_path.dsv'
[1.629s] INFO:colcon.colcon_core.shell:Creating environment hook '/home/ahmedmuhammad/pingpong_ws/install/player_commands/share/player_commands/hook/cmake_prefix_path.sh'
[1.629s] Level 1:colcon.colcon_core.environment:checking '/home/ahmedmuhammad/pingpong_ws/install/player_commands/lib'
[1.629s] Level 1:colcon.colcon_core.shell:create_environment_hook('player_commands', 'ld_library_path_lib')
[1.641s] INFO:colcon.colcon_core.shell:Creating environment hook '/home/ahmedmuhammad/pingpong_ws/install/player_commands/share/player_commands/hook/ld_library_path_lib.ps1'
[1.641s] INFO:colcon.colcon_core.shell:Creating environment descriptor '/home/ahmedmuhammad/pingpong_ws/install/player_commands/share/player_commands/hook/ld_library_path_lib.dsv'
[1.641s] INFO:colcon.colcon_core.shell:Creating environment hook '/home/ahmedmuhammad/pingpong_ws/install/player_commands/share/player_commands/hook/ld_library_path_lib.sh'
[1.642s] Level 1:colcon.colcon_core.environment:checking '/home/ahmedmuhammad/pingpong_ws/install/player_commands/bin'
[1.642s] Level 1:colcon.colcon_core.environment:checking '/home/ahmedmuhammad/pingpong_ws/install/player_commands/lib/pkgconfig/player_commands.pc'
[1.642s] Level 1:colcon.colcon_core.environment:checking '/home/ahmedmuhammad/pingpong_ws/install/player_commands/lib/python3.10/site-packages'
[1.642s] Level 1:colcon.colcon_core.environment:checking '/home/ahmedmuhammad/pingpong_ws/install/player_commands/bin'
[1.653s] INFO:colcon.colcon_core.shell:Creating package script '/home/ahmedmuhammad/pingpong_ws/install/player_commands/share/player_commands/package.ps1'
[1.654s] INFO:colcon.colcon_core.shell:Creating package descriptor '/home/ahmedmuhammad/pingpong_ws/install/player_commands/share/player_commands/package.dsv'
[1.655s] INFO:colcon.colcon_core.shell:Creating package script '/home/ahmedmuhammad/pingpong_ws/install/player_commands/share/player_commands/package.sh'
[1.656s] INFO:colcon.colcon_core.shell:Creating package script '/home/ahmedmuhammad/pingpong_ws/install/player_commands/share/player_commands/package.bash'
[1.657s] INFO:colcon.colcon_core.shell:Creating package script '/home/ahmedmuhammad/pingpong_ws/install/player_commands/share/player_commands/package.zsh'
[1.658s] Level 1:colcon.colcon_core.environment:create_file_with_runtime_dependencies(/home/ahmedmuhammad/pingpong_ws/install/player_commands/share/colcon-core/packages/player_commands)
[1.699s] Level 1:colcon.colcon_core.environment:create_environment_scripts_only(player_commands)
[1.710s] Level 1:colcon.colcon_core.environment:checking '/home/ahmedmuhammad/pingpong_ws/install/player_commands' for CMake module files
[1.712s] Level 1:colcon.colcon_core.environment:checking '/home/ahmedmuhammad/pingpong_ws/install/player_commands' for CMake config files
[1.712s] Level 1:colcon.colcon_core.shell:create_environment_hook('player_commands', 'cmake_prefix_path')
[1.724s] INFO:colcon.colcon_core.shell:Creating environment hook '/home/ahmedmuhammad/pingpong_ws/install/player_commands/share/player_commands/hook/cmake_prefix_path.ps1'
[1.725s] INFO:colcon.colcon_core.shell:Creating environment descriptor '/home/ahmedmuhammad/pingpong_ws/install/player_commands/share/player_commands/hook/cmake_prefix_path.dsv'
[1.725s] INFO:colcon.colcon_core.shell:Creating environment hook '/home/ahmedmuhammad/pingpong_ws/install/player_commands/share/player_commands/hook/cmake_prefix_path.sh'
[1.725s] Level 1:colcon.colcon_core.environment:checking '/home/ahmedmuhammad/pingpong_ws/install/player_commands/lib'
[1.725s] Level 1:colcon.colcon_core.shell:create_environment_hook('player_commands', 'ld_library_path_lib')
[1.737s] INFO:colcon.colcon_core.shell:Creating environment hook '/home/ahmedmuhammad/pingpong_ws/install/player_commands/share/player_commands/hook/ld_library_path_lib.ps1'
[1.738s] INFO:colcon.colcon_core.shell:Creating environment descriptor '/home/ahmedmuhammad/pingpong_ws/install/player_commands/share/player_commands/hook/ld_library_path_lib.dsv'
[1.738s] INFO:colcon.colcon_core.shell:Creating environment hook '/home/ahmedmuhammad/pingpong_ws/install/player_commands/share/player_commands/hook/ld_library_path_lib.sh'
[1.738s] Level 1:colcon.colcon_core.environment:checking '/home/ahmedmuhammad/pingpong_ws/install/player_commands/bin'
[1.738s] Level 1:colcon.colcon_core.environment:checking '/home/ahmedmuhammad/pingpong_ws/install/player_commands/lib/pkgconfig/player_commands.pc'
[1.738s] Level 1:colcon.colcon_core.environment:checking '/home/ahmedmuhammad/pingpong_ws/install/player_commands/lib/python3.10/site-packages'
[1.739s] Level 1:colcon.colcon_core.environment:checking '/home/ahmedmuhammad/pingpong_ws/install/player_commands/bin'
[1.750s] INFO:colcon.colcon_core.shell:Creating package script '/home/ahmedmuhammad/pingpong_ws/install/player_commands/share/player_commands/package.ps1'
[1.750s] INFO:colcon.colcon_core.shell:Creating package descriptor '/home/ahmedmuhammad/pingpong_ws/install/player_commands/share/player_commands/package.dsv'
[1.750s] INFO:colcon.colcon_core.shell:Creating package script '/home/ahmedmuhammad/pingpong_ws/install/player_commands/share/player_commands/package.sh'
[1.751s] INFO:colcon.colcon_core.shell:Creating package script '/home/ahmedmuhammad/pingpong_ws/install/player_commands/share/player_commands/package.bash'
[1.751s] INFO:colcon.colcon_core.shell:Creating package script '/home/ahmedmuhammad/pingpong_ws/install/player_commands/share/player_commands/package.zsh'
[1.751s] Level 1:colcon.colcon_core.environment:create_file_with_runtime_dependencies(/home/ahmedmuhammad/pingpong_ws/install/player_commands/share/colcon-core/packages/player_commands)
[1.752s] INFO:colcon.colcon_ros.task.ament_python.build:Building ROS package in '/home/ahmedmuhammad/pingpong_ws/src/communication_w_pico' with build type 'ament_python'
[1.752s] Level 1:colcon.colcon_core.shell:create_environment_hook('communication_w_pico', 'ament_prefix_path')
[1.764s] INFO:colcon.colcon_core.shell:Creating environment hook '/home/ahmedmuhammad/pingpong_ws/install/communication_w_pico/share/communication_w_pico/hook/ament_prefix_path.ps1'
[1.764s] INFO:colcon.colcon_core.shell:Creating environment descriptor '/home/ahmedmuhammad/pingpong_ws/install/communication_w_pico/share/communication_w_pico/hook/ament_prefix_path.dsv'
[1.765s] INFO:colcon.colcon_core.shell:Creating environment hook '/home/ahmedmuhammad/pingpong_ws/install/communication_w_pico/share/communication_w_pico/hook/ament_prefix_path.sh'
[1.776s] INFO:colcon.colcon_core.shell:Skip shell extension 'powershell' for command environment: Not usable outside of PowerShell
[1.776s] DEBUG:colcon.colcon_core.shell:Skip shell extension 'dsv' for command environment
[1.801s] INFO:colcon.colcon_ros.task.ament_python.build:Building ROS package in '/home/ahmedmuhammad/pingpong_ws/src/media_pipe' with build type 'ament_python'
[1.801s] Level 1:colcon.colcon_core.shell:create_environment_hook('media_pipe', 'ament_prefix_path')
[1.812s] INFO:colcon.colcon_core.shell:Creating environment hook '/home/ahmedmuhammad/pingpong_ws/install/media_pipe/share/media_pipe/hook/ament_prefix_path.ps1'
[1.813s] INFO:colcon.colcon_core.shell:Creating environment descriptor '/home/ahmedmuhammad/pingpong_ws/install/media_pipe/share/media_pipe/hook/ament_prefix_path.dsv'
[1.813s] INFO:colcon.colcon_core.shell:Creating environment hook '/home/ahmedmuhammad/pingpong_ws/install/media_pipe/share/media_pipe/hook/ament_prefix_path.sh'
[1.824s] INFO:colcon.colcon_core.shell:Skip shell extension 'powershell' for command environment: Not usable outside of PowerShell
[1.824s] DEBUG:colcon.colcon_core.shell:Skip shell extension 'dsv' for command environment
[1.850s] DEBUG:colcon.colcon_core.event_handler.log_command:Invoked command in '/home/ahmedmuhammad/pingpong_ws/build/image_transport_tutorials' returned '0': CMAKE_PREFIX_PATH=/opt/ros/humble /usr/bin/cmake --build /home/ahmedmuhammad/pingpong_ws/build/image_transport_tutorials -- -j16 -l16
[1.865s] DEBUG:colcon.colcon_core.event_handler.log_command:Invoking command in '/home/ahmedmuhammad/pingpong_ws/src/check_image_size': PYTHONPATH=/home/ahmedmuhammad/pingpong_ws/build/check_image_size/prefix_override:/home/ahmedmuhammad/pingpong_ws/install/check_image_size/lib/python3.10/site-packages:${PYTHONPATH} /usr/bin/python3 setup.py egg_info --egg-base ../../build/check_image_size build --build-base /home/ahmedmuhammad/pingpong_ws/build/check_image_size/build install --record /home/ahmedmuhammad/pingpong_ws/build/check_image_size/install.log --single-version-externally-managed
[2.065s] INFO:colcon.colcon_core.task.python.build:Building Python package in '/home/ahmedmuhammad/pingpong_ws/src/communication_w_pico'
[2.076s] INFO:colcon.colcon_core.shell:Skip shell extension 'powershell' for command environment: Not usable outside of PowerShell
[2.076s] DEBUG:colcon.colcon_core.shell:Skip shell extension 'dsv' for command environment
[2.103s] DEBUG:colcon.colcon_core.event_handler.log_command:Invoking command in '/home/ahmedmuhammad/pingpong_ws/build/image_transport_tutorials': CMAKE_PREFIX_PATH=/opt/ros/humble /usr/bin/cmake --install /home/ahmedmuhammad/pingpong_ws/build/image_transport_tutorials
[2.292s] INFO:colcon.colcon_core.task.python.build:Building Python package in '/home/ahmedmuhammad/pingpong_ws/src/media_pipe'
[2.303s] INFO:colcon.colcon_core.shell:Skip shell extension 'powershell' for command environment: Not usable outside of PowerShell
[2.303s] DEBUG:colcon.colcon_core.shell:Skip shell extension 'dsv' for command environment
[2.328s] DEBUG:colcon.colcon_core.event_handler.log_command:Invoked command in '/home/ahmedmuhammad/pingpong_ws/src/check_image_size' returned '0': PYTHONPATH=/home/ahmedmuhammad/pingpong_ws/build/check_image_size/prefix_override:/home/ahmedmuhammad/pingpong_ws/install/check_image_size/lib/python3.10/site-packages:${PYTHONPATH} /usr/bin/python3 setup.py egg_info --egg-base ../../build/check_image_size build --build-base /home/ahmedmuhammad/pingpong_ws/build/check_image_size/build install --record /home/ahmedmuhammad/pingpong_ws/build/check_image_size/install.log --single-version-externally-managed
[2.357s] Level 1:colcon.colcon_core.environment:checking '/home/ahmedmuhammad/pingpong_ws/install/check_image_size' for CMake module files
[2.357s] Level 1:colcon.colcon_core.environment:checking '/home/ahmedmuhammad/pingpong_ws/install/check_image_size' for CMake config files
[2.358s] Level 1:colcon.colcon_core.environment:checking '/home/ahmedmuhammad/pingpong_ws/install/check_image_size/lib'
[2.358s] Level 1:colcon.colcon_core.environment:checking '/home/ahmedmuhammad/pingpong_ws/install/check_image_size/bin'
[2.358s] Level 1:colcon.colcon_core.environment:checking '/home/ahmedmuhammad/pingpong_ws/install/check_image_size/lib/pkgconfig/check_image_size.pc'
[2.358s] Level 1:colcon.colcon_core.environment:checking '/home/ahmedmuhammad/pingpong_ws/install/check_image_size/lib/python3.10/site-packages'
[2.358s] Level 1:colcon.colcon_core.shell:create_environment_hook('check_image_size', 'pythonpath')
[2.371s] INFO:colcon.colcon_core.shell:Creating environment hook '/home/ahmedmuhammad/pingpong_ws/install/check_image_size/share/check_image_size/hook/pythonpath.ps1'
[2.372s] INFO:colcon.colcon_core.shell:Creating environment descriptor '/home/ahmedmuhammad/pingpong_ws/install/check_image_size/share/check_image_size/hook/pythonpath.dsv'
[2.372s] INFO:colcon.colcon_core.shell:Creating environment hook '/home/ahmedmuhammad/pingpong_ws/install/check_image_size/share/check_image_size/hook/pythonpath.sh'
[2.372s] Level 1:colcon.colcon_core.environment:checking '/home/ahmedmuhammad/pingpong_ws/install/check_image_size/bin'
[2.372s] Level 1:colcon.colcon_core.environment:create_environment_scripts_only(check_image_size)
[2.385s] INFO:colcon.colcon_core.shell:Creating package script '/home/ahmedmuhammad/pingpong_ws/install/check_image_size/share/check_image_size/package.ps1'
[2.385s] INFO:colcon.colcon_core.shell:Creating package descriptor '/home/ahmedmuhammad/pingpong_ws/install/check_image_size/share/check_image_size/package.dsv'
[2.385s] INFO:colcon.colcon_core.shell:Creating package script '/home/ahmedmuhammad/pingpong_ws/install/check_image_size/share/check_image_size/package.sh'
[2.386s] INFO:colcon.colcon_core.shell:Creating package script '/home/ahmedmuhammad/pingpong_ws/install/check_image_size/share/check_image_size/package.bash'
[2.386s] INFO:colcon.colcon_core.shell:Creating package script '/home/ahmedmuhammad/pingpong_ws/install/check_image_size/share/check_image_size/package.zsh'
[2.386s] Level 1:colcon.colcon_core.environment:create_file_with_runtime_dependencies(/home/ahmedmuhammad/pingpong_ws/install/check_image_size/share/colcon-core/packages/check_image_size)
[2.390s] Level 1:colcon.colcon_core.environment:create_environment_scripts_only(image_transport_tutorials)
[2.390s] DEBUG:colcon.colcon_core.event_handler.log_command:Invoked command in '/home/ahmedmuhammad/pingpong_ws/build/image_transport_tutorials' returned '0': CMAKE_PREFIX_PATH=/opt/ros/humble /usr/bin/cmake --install /home/ahmedmuhammad/pingpong_ws/build/image_transport_tutorials
[2.404s] Level 1:colcon.colcon_core.environment:checking '/home/ahmedmuhammad/pingpong_ws/install/image_transport_tutorials' for CMake module files
[2.404s] Level 1:colcon.colcon_core.environment:checking '/home/ahmedmuhammad/pingpong_ws/install/image_transport_tutorials' for CMake config files
[2.405s] Level 1:colcon.colcon_core.shell:create_environment_hook('image_transport_tutorials', 'cmake_prefix_path')
[2.416s] INFO:colcon.colcon_core.shell:Creating environment hook '/home/ahmedmuhammad/pingpong_ws/install/image_transport_tutorials/share/image_transport_tutorials/hook/cmake_prefix_path.ps1'
[2.417s] INFO:colcon.colcon_core.shell:Creating environment descriptor '/home/ahmedmuhammad/pingpong_ws/install/image_transport_tutorials/share/image_transport_tutorials/hook/cmake_prefix_path.dsv'
[2.417s] INFO:colcon.colcon_core.shell:Creating environment hook '/home/ahmedmuhammad/pingpong_ws/install/image_transport_tutorials/share/image_transport_tutorials/hook/cmake_prefix_path.sh'
[2.417s] Level 1:colcon.colcon_core.environment:checking '/home/ahmedmuhammad/pingpong_ws/install/image_transport_tutorials/lib'
[2.417s] Level 1:colcon.colcon_core.shell:create_environment_hook('image_transport_tutorials', 'ld_library_path_lib')
[2.429s] INFO:colcon.colcon_core.shell:Creating environment hook '/home/ahmedmuhammad/pingpong_ws/install/image_transport_tutorials/share/image_transport_tutorials/hook/ld_library_path_lib.ps1'
[2.429s] INFO:colcon.colcon_core.shell:Creating environment descriptor '/home/ahmedmuhammad/pingpong_ws/install/image_transport_tutorials/share/image_transport_tutorials/hook/ld_library_path_lib.dsv'
[2.429s] INFO:colcon.colcon_core.shell:Creating environment hook '/home/ahmedmuhammad/pingpong_ws/install/image_transport_tutorials/share/image_transport_tutorials/hook/ld_library_path_lib.sh'
[2.430s] Level 1:colcon.colcon_core.environment:checking '/home/ahmedmuhammad/pingpong_ws/install/image_transport_tutorials/bin'
[2.430s] Level 1:colcon.colcon_core.environment:checking '/home/ahmedmuhammad/pingpong_ws/install/image_transport_tutorials/lib/pkgconfig/image_transport_tutorials.pc'
[2.430s] Level 1:colcon.colcon_core.environment:checking '/home/ahmedmuhammad/pingpong_ws/install/image_transport_tutorials/lib/python3.10/site-packages'
[2.430s] Level 1:colcon.colcon_core.environment:checking '/home/ahmedmuhammad/pingpong_ws/install/image_transport_tutorials/bin'
[2.443s] INFO:colcon.colcon_core.shell:Creating package script '/home/ahmedmuhammad/pingpong_ws/install/image_transport_tutorials/share/image_transport_tutorials/package.ps1'
[2.444s] INFO:colcon.colcon_core.shell:Creating package descriptor '/home/ahmedmuhammad/pingpong_ws/install/image_transport_tutorials/share/image_transport_tutorials/package.dsv'
[2.444s] INFO:colcon.colcon_core.shell:Creating package script '/home/ahmedmuhammad/pingpong_ws/install/image_transport_tutorials/share/image_transport_tutorials/package.sh'
[2.445s] INFO:colcon.colcon_core.shell:Creating package script '/home/ahmedmuhammad/pingpong_ws/install/image_transport_tutorials/share/image_transport_tutorials/package.bash'
[2.445s] INFO:colcon.colcon_core.shell:Creating package script '/home/ahmedmuhammad/pingpong_ws/install/image_transport_tutorials/share/image_transport_tutorials/package.zsh'
[2.445s] Level 1:colcon.colcon_core.environment:create_file_with_runtime_dependencies(/home/ahmedmuhammad/pingpong_ws/install/image_transport_tutorials/share/colcon-core/packages/image_transport_tutorials)
[2.497s] Level 1:colcon.colcon_core.environment:create_environment_scripts_only(image_transport_tutorials)
[2.514s] Level 1:colcon.colcon_core.environment:checking '/home/ahmedmuhammad/pingpong_ws/install/image_transport_tutorials' for CMake module files
[2.514s] Level 1:colcon.colcon_core.environment:checking '/home/ahmedmuhammad/pingpong_ws/install/image_transport_tutorials' for CMake config files
[2.515s] Level 1:colcon.colcon_core.shell:create_environment_hook('image_transport_tutorials', 'cmake_prefix_path')
[2.528s] INFO:colcon.colcon_core.shell:Creating environment hook '/home/ahmedmuhammad/pingpong_ws/install/image_transport_tutorials/share/image_transport_tutorials/hook/cmake_prefix_path.ps1'
[2.528s] INFO:colcon.colcon_core.shell:Creating environment descriptor '/home/ahmedmuhammad/pingpong_ws/install/image_transport_tutorials/share/image_transport_tutorials/hook/cmake_prefix_path.dsv'
[2.528s] INFO:colcon.colcon_core.shell:Creating environment hook '/home/ahmedmuhammad/pingpong_ws/install/image_transport_tutorials/share/image_transport_tutorials/hook/cmake_prefix_path.sh'
[2.529s] Level 1:colcon.colcon_core.environment:checking '/home/ahmedmuhammad/pingpong_ws/install/image_transport_tutorials/lib'
[2.529s] Level 1:colcon.colcon_core.shell:create_environment_hook('image_transport_tutorials', 'ld_library_path_lib')
[2.558s] INFO:colcon.colcon_core.shell:Creating environment hook '/home/ahmedmuhammad/pingpong_ws/install/image_transport_tutorials/share/image_transport_tutorials/hook/ld_library_path_lib.ps1'
[2.558s] INFO:colcon.colcon_core.shell:Creating environment descriptor '/home/ahmedmuhammad/pingpong_ws/install/image_transport_tutorials/share/image_transport_tutorials/hook/ld_library_path_lib.dsv'
[2.558s] INFO:colcon.colcon_core.shell:Creating environment hook '/home/ahmedmuhammad/pingpong_ws/install/image_transport_tutorials/share/image_transport_tutorials/hook/ld_library_path_lib.sh'
[2.559s] Level 1:colcon.colcon_core.environment:checking '/home/ahmedmuhammad/pingpong_ws/install/image_transport_tutorials/bin'
[2.559s] Level 1:colcon.colcon_core.environment:checking '/home/ahmedmuhammad/pingpong_ws/install/image_transport_tutorials/lib/pkgconfig/image_transport_tutorials.pc'
[2.559s] Level 1:colcon.colcon_core.environment:checking '/home/ahmedmuhammad/pingpong_ws/install/image_transport_tutorials/lib/python3.10/site-packages'
[2.559s] Level 1:colcon.colcon_core.environment:checking '/home/ahmedmuhammad/pingpong_ws/install/image_transport_tutorials/bin'
[2.576s] INFO:colcon.colcon_core.shell:Creating package script '/home/ahmedmuhammad/pingpong_ws/install/image_transport_tutorials/share/image_transport_tutorials/package.ps1'
[2.577s] INFO:colcon.colcon_core.shell:Creating package descriptor '/home/ahmedmuhammad/pingpong_ws/install/image_transport_tutorials/share/image_transport_tutorials/package.dsv'
[2.578s] INFO:colcon.colcon_core.shell:Creating package script '/home/ahmedmuhammad/pingpong_ws/install/image_transport_tutorials/share/image_transport_tutorials/package.sh'
[2.578s] INFO:colcon.colcon_core.shell:Creating package script '/home/ahmedmuhammad/pingpong_ws/install/image_transport_tutorials/share/image_transport_tutorials/package.bash'
[2.579s] INFO:colcon.colcon_core.shell:Creating package script '/home/ahmedmuhammad/pingpong_ws/install/image_transport_tutorials/share/image_transport_tutorials/package.zsh'
[2.579s] Level 1:colcon.colcon_core.environment:create_file_with_runtime_dependencies(/home/ahmedmuhammad/pingpong_ws/install/image_transport_tutorials/share/colcon-core/packages/image_transport_tutorials)
[2.719s] DEBUG:colcon.colcon_core.event_handler.log_command:Invoking command in '/home/ahmedmuhammad/pingpong_ws/src/communication_w_pico': AMENT_PREFIX_PATH=/home/ahmedmuhammad/pingpong_ws/install/player_commands:${AMENT_PREFIX_PATH} CMAKE_PREFIX_PATH=/home/ahmedmuhammad/pingpong_ws/install/player_commands LD_LIBRARY_PATH=/home/ahmedmuhammad/pingpong_ws/install/player_commands/lib:/usr/lib/x86_64-linux-gnu/gazebo-11/plugins:/opt/ros/humble/opt/rviz_ogre_vendor/lib:/opt/ros/humble/lib/x86_64-linux-gnu:/opt/ros/humble/lib:/usr/share/gazebo/../../lib/x86_64-linux-gnu/gazebo-11/plugins PYTHONPATH=/home/ahmedmuhammad/pingpong_ws/build/communication_w_pico/prefix_override:/home/ahmedmuhammad/pingpong_ws/install/communication_w_pico/lib/python3.10/site-packages:/home/ahmedmuhammad/pingpong_ws/install/player_commands/local/lib/python3.10/dist-packages:${PYTHONPATH} /usr/bin/python3 setup.py egg_info --egg-base ../../build/communication_w_pico build --build-base /home/ahmedmuhammad/pingpong_ws/build/communication_w_pico/build install --record /home/ahmedmuhammad/pingpong_ws/build/communication_w_pico/install.log --single-version-externally-managed
[2.757s] DEBUG:colcon.colcon_core.event_handler.log_command:Invoking command in '/home/ahmedmuhammad/pingpong_ws/src/media_pipe': AMENT_PREFIX_PATH=/home/ahmedmuhammad/pingpong_ws/install/player_commands:${AMENT_PREFIX_PATH} CMAKE_PREFIX_PATH=/home/ahmedmuhammad/pingpong_ws/install/player_commands LD_LIBRARY_PATH=/home/ahmedmuhammad/pingpong_ws/install/player_commands/lib:/usr/lib/x86_64-linux-gnu/gazebo-11/plugins:/opt/ros/humble/opt/rviz_ogre_vendor/lib:/opt/ros/humble/lib/x86_64-linux-gnu:/opt/ros/humble/lib:/usr/share/gazebo/../../lib/x86_64-linux-gnu/gazebo-11/plugins PYTHONPATH=/home/ahmedmuhammad/pingpong_ws/build/media_pipe/prefix_override:/home/ahmedmuhammad/pingpong_ws/install/media_pipe/lib/python3.10/site-packages:/home/ahmedmuhammad/pingpong_ws/install/player_commands/local/lib/python3.10/dist-packages:${PYTHONPATH} /usr/bin/python3 setup.py egg_info --egg-base ../../build/media_pipe build --build-base /home/ahmedmuhammad/pingpong_ws/build/media_pipe/build install --record /home/ahmedmuhammad/pingpong_ws/build/media_pipe/install.log --single-version-externally-managed
[2.962s] DEBUG:colcon.colcon_core.event_handler.log_command:Invoked command in '/home/ahmedmuhammad/pingpong_ws/src/communication_w_pico' returned '0': AMENT_PREFIX_PATH=/home/ahmedmuhammad/pingpong_ws/install/player_commands:${AMENT_PREFIX_PATH} CMAKE_PREFIX_PATH=/home/ahmedmuhammad/pingpong_ws/install/player_commands LD_LIBRARY_PATH=/home/ahmedmuhammad/pingpong_ws/install/player_commands/lib:/usr/lib/x86_64-linux-gnu/gazebo-11/plugins:/opt/ros/humble/opt/rviz_ogre_vendor/lib:/opt/ros/humble/lib/x86_64-linux-gnu:/opt/ros/humble/lib:/usr/share/gazebo/../../lib/x86_64-linux-gnu/gazebo-11/plugins PYTHONPATH=/home/ahmedmuhammad/pingpong_ws/build/communication_w_pico/prefix_override:/home/ahmedmuhammad/pingpong_ws/install/communication_w_pico/lib/python3.10/site-packages:/home/ahmedmuhammad/pingpong_ws/install/player_commands/local/lib/python3.10/dist-packages:${PYTHONPATH} /usr/bin/python3 setup.py egg_info --egg-base ../../build/communication_w_pico build --build-base /home/ahmedmuhammad/pingpong_ws/build/communication_w_pico/build install --record /home/ahmedmuhammad/pingpong_ws/build/communication_w_pico/install.log --single-version-externally-managed
[2.975s] Level 1:colcon.colcon_core.environment:checking '/home/ahmedmuhammad/pingpong_ws/install/communication_w_pico' for CMake module files
[2.975s] Level 1:colcon.colcon_core.environment:checking '/home/ahmedmuhammad/pingpong_ws/install/communication_w_pico' for CMake config files
[2.975s] Level 1:colcon.colcon_core.environment:checking '/home/ahmedmuhammad/pingpong_ws/install/communication_w_pico/lib'
[2.975s] Level 1:colcon.colcon_core.environment:checking '/home/ahmedmuhammad/pingpong_ws/install/communication_w_pico/bin'
[2.975s] Level 1:colcon.colcon_core.environment:checking '/home/ahmedmuhammad/pingpong_ws/install/communication_w_pico/lib/pkgconfig/communication_w_pico.pc'
[2.976s] Level 1:colcon.colcon_core.environment:checking '/home/ahmedmuhammad/pingpong_ws/install/communication_w_pico/lib/python3.10/site-packages'
[2.976s] Level 1:colcon.colcon_core.shell:create_environment_hook('communication_w_pico', 'pythonpath')
[2.987s] INFO:colcon.colcon_core.shell:Creating environment hook '/home/ahmedmuhammad/pingpong_ws/install/communication_w_pico/share/communication_w_pico/hook/pythonpath.ps1'
[2.988s] INFO:colcon.colcon_core.shell:Creating environment descriptor '/home/ahmedmuhammad/pingpong_ws/install/communication_w_pico/share/communication_w_pico/hook/pythonpath.dsv'
[2.988s] INFO:colcon.colcon_core.shell:Creating environment hook '/home/ahmedmuhammad/pingpong_ws/install/communication_w_pico/share/communication_w_pico/hook/pythonpath.sh'
[2.989s] Level 1:colcon.colcon_core.environment:checking '/home/ahmedmuhammad/pingpong_ws/install/communication_w_pico/bin'
[2.989s] Level 1:colcon.colcon_core.environment:create_environment_scripts_only(communication_w_pico)
[3.002s] INFO:colcon.colcon_core.shell:Creating package script '/home/ahmedmuhammad/pingpong_ws/install/communication_w_pico/share/communication_w_pico/package.ps1'
[3.002s] INFO:colcon.colcon_core.shell:Creating package descriptor '/home/ahmedmuhammad/pingpong_ws/install/communication_w_pico/share/communication_w_pico/package.dsv'
[3.002s] INFO:colcon.colcon_core.shell:Creating package script '/home/ahmedmuhammad/pingpong_ws/install/communication_w_pico/share/communication_w_pico/package.sh'
[3.003s] INFO:colcon.colcon_core.shell:Creating package script '/home/ahmedmuhammad/pingpong_ws/install/communication_w_pico/share/communication_w_pico/package.bash'
[3.003s] INFO:colcon.colcon_core.shell:Creating package script '/home/ahmedmuhammad/pingpong_ws/install/communication_w_pico/share/communication_w_pico/package.zsh'
[3.003s] Level 1:colcon.colcon_core.environment:create_file_with_runtime_dependencies(/home/ahmedmuhammad/pingpong_ws/install/communication_w_pico/share/colcon-core/packages/communication_w_pico)
[3.006s] DEBUG:colcon.colcon_core.event_handler.log_command:Invoked command in '/home/ahmedmuhammad/pingpong_ws/src/media_pipe' returned '0': AMENT_PREFIX_PATH=/home/ahmedmuhammad/pingpong_ws/install/player_commands:${AMENT_PREFIX_PATH} CMAKE_PREFIX_PATH=/home/ahmedmuhammad/pingpong_ws/install/player_commands LD_LIBRARY_PATH=/home/ahmedmuhammad/pingpong_ws/install/player_commands/lib:/usr/lib/x86_64-linux-gnu/gazebo-11/plugins:/opt/ros/humble/opt/rviz_ogre_vendor/lib:/opt/ros/humble/lib/x86_64-linux-gnu:/opt/ros/humble/lib:/usr/share/gazebo/../../lib/x86_64-linux-gnu/gazebo-11/plugins PYTHONPATH=/home/ahmedmuhammad/pingpong_ws/build/media_pipe/prefix_override:/home/ahmedmuhammad/pingpong_ws/install/media_pipe/lib/python3.10/site-packages:/home/ahmedmuhammad/pingpong_ws/install/player_commands/local/lib/python3.10/dist-packages:${PYTHONPATH} /usr/bin/python3 setup.py egg_info --egg-base ../../build/media_pipe build --build-base /home/ahmedmuhammad/pingpong_ws/build/media_pipe/build install --record /home/ahmedmuhammad/pingpong_ws/build/media_pipe/install.log --single-version-externally-managed
[3.018s] Level 1:colcon.colcon_core.environment:checking '/home/ahmedmuhammad/pingpong_ws/install/media_pipe' for CMake module files
[3.018s] Level 1:colcon.colcon_core.environment:checking '/home/ahmedmuhammad/pingpong_ws/install/media_pipe' for CMake config files
[3.018s] Level 1:colcon.colcon_core.environment:checking '/home/ahmedmuhammad/pingpong_ws/install/media_pipe/lib'
[3.018s] Level 1:colcon.colcon_core.environment:checking '/home/ahmedmuhammad/pingpong_ws/install/media_pipe/bin'
[3.018s] Level 1:colcon.colcon_core.environment:checking '/home/ahmedmuhammad/pingpong_ws/install/media_pipe/lib/pkgconfig/media_pipe.pc'
[3.019s] Level 1:colcon.colcon_core.environment:checking '/home/ahmedmuhammad/pingpong_ws/install/media_pipe/lib/python3.10/site-packages'
[3.019s] Level 1:colcon.colcon_core.shell:create_environment_hook('media_pipe', 'pythonpath')
[3.030s] INFO:colcon.colcon_core.shell:Creating environment hook '/home/ahmedmuhammad/pingpong_ws/install/media_pipe/share/media_pipe/hook/pythonpath.ps1'
[3.031s] INFO:colcon.colcon_core.shell:Creating environment descriptor '/home/ahmedmuhammad/pingpong_ws/install/media_pipe/share/media_pipe/hook/pythonpath.dsv'
[3.031s] INFO:colcon.colcon_core.shell:Creating environment hook '/home/ahmedmuhammad/pingpong_ws/install/media_pipe/share/media_pipe/hook/pythonpath.sh'
[3.032s] Level 1:colcon.colcon_core.environment:checking '/home/ahmedmuhammad/pingpong_ws/install/media_pipe/bin'
[3.032s] Level 1:colcon.colcon_core.environment:create_environment_scripts_only(media_pipe)
[3.044s] INFO:colcon.colcon_core.shell:Creating package script '/home/ahmedmuhammad/pingpong_ws/install/media_pipe/share/media_pipe/package.ps1'
[3.045s] INFO:colcon.colcon_core.shell:Creating package descriptor '/home/ahmedmuhammad/pingpong_ws/install/media_pipe/share/media_pipe/package.dsv'
[3.046s] INFO:colcon.colcon_core.shell:Creating package script '/home/ahmedmuhammad/pingpong_ws/install/media_pipe/share/media_pipe/package.sh'
[3.046s] INFO:colcon.colcon_core.shell:Creating package script '/home/ahmedmuhammad/pingpong_ws/install/media_pipe/share/media_pipe/package.bash'
[3.046s] INFO:colcon.colcon_core.shell:Creating package script '/home/ahmedmuhammad/pingpong_ws/install/media_pipe/share/media_pipe/package.zsh'
[3.047s] Level 1:colcon.colcon_core.environment:create_file_with_runtime_dependencies(/home/ahmedmuhammad/pingpong_ws/install/media_pipe/share/colcon-core/packages/media_pipe)
[3.047s] DEBUG:colcon.colcon_parallel_executor.executor.parallel:closing loop
[3.048s] DEBUG:colcon.colcon_parallel_executor.executor.parallel:loop closed
[3.048s] DEBUG:colcon.colcon_parallel_executor.executor.parallel:run_until_complete finished with '0'
[3.048s] DEBUG:colcon.colcon_core.event_reactor:joining thread
[3.067s] INFO:colcon.colcon_core.plugin_system:Skipping extension 'colcon_notification.desktop_notification.terminal_notifier': Not used on non-Darwin systems
[3.067s] INFO:colcon.colcon_core.plugin_system:Skipping extension 'colcon_notification.desktop_notification.win32': Not used on non-Windows systems
[3.067s] INFO:colcon.colcon_notification.desktop_notification:Sending desktop notification using 'notify2'
[3.142s] DEBUG:colcon.colcon_core.event_reactor:joined thread
[3.154s] INFO:colcon.colcon_core.shell:Creating prefix script '/home/ahmedmuhammad/pingpong_ws/install/local_setup.ps1'
[3.155s] INFO:colcon.colcon_core.shell:Creating prefix util module '/home/ahmedmuhammad/pingpong_ws/install/_local_setup_util_ps1.py'
[3.157s] INFO:colcon.colcon_core.shell:Creating prefix chain script '/home/ahmedmuhammad/pingpong_ws/install/setup.ps1'
[3.176s] INFO:colcon.colcon_core.shell:Creating prefix script '/home/ahmedmuhammad/pingpong_ws/install/local_setup.sh'
[3.177s] INFO:colcon.colcon_core.shell:Creating prefix util module '/home/ahmedmuhammad/pingpong_ws/install/_local_setup_util_sh.py'
[3.178s] INFO:colcon.colcon_core.shell:Creating prefix chain script '/home/ahmedmuhammad/pingpong_ws/install/setup.sh'
[3.191s] INFO:colcon.colcon_core.shell:Creating prefix script '/home/ahmedmuhammad/pingpong_ws/install/local_setup.bash'
[3.192s] INFO:colcon.colcon_core.shell:Creating prefix chain script '/home/ahmedmuhammad/pingpong_ws/install/setup.bash'
[3.206s] INFO:colcon.colcon_core.shell:Creating prefix script '/home/ahmedmuhammad/pingpong_ws/install/local_setup.zsh'
[3.207s] INFO:colcon.colcon_core.shell:Creating prefix chain script '/home/ahmedmuhammad/pingpong_ws/install/setup.zsh'
