[0.664s] DEBUG:colcon:Command line arguments: ['/usr/bin/colcon', 'list', '-p', '--base-paths', '/home/ahmedmuhammad/led_ws']
[0.665s] DEBUG:colcon:Parsed command line arguments: Namespace(log_base=None, log_level=None, verb_name='list', build_base='build', ignore_user_meta=False, metas=['./colcon.meta'], base_paths=['/home/ahmedmuhammad/led_ws'], packages_ignore=None, packages_ignore_regex=None, paths=None, packages_up_to=None, packages_up_to_regex=None, packages_above=None, packages_above_and_dependencies=None, packages_above_depth=None, packages_select_by_dep=None, packages_skip_by_dep=None, packages_skip_up_to=None, packages_select_build_failed=False, packages_skip_build_finished=False, packages_select_test_failures=False, packages_skip_test_passed=False, packages_select=None, packages_skip=None, packages_select_regex=None, packages_skip_regex=None, packages_start=None, packages_end=None, allow_overriding=[], topological_order=False, names_only=False, paths_only=True, topological_graph=False, topological_graph_dot=False, topological_graph_density=False, topological_graph_legend=False, topological_graph_dot_cluster=False, topological_graph_dot_include_skipped=False, verb_parser=<colcon_defaults.argument_parser.defaults.DefaultArgumentsDecorator object at 0x7f202dbe0700>, verb_extension=<colcon_package_information.verb.list.ListVerb object at 0x7f202db638b0>, main=<bound method ListVerb.main of <colcon_package_information.verb.list.ListVerb object at 0x7f202db638b0>>)
[0.678s] DEBUG:colcon:Command line arguments: ['/usr/bin/colcon', 'list', '-p', '--base-paths', '/home/ahmedmuhammad/led_ws']
[0.678s] DEBUG:colcon:Parsed command line arguments: Namespace(log_base=None, log_level=None, verb_name='list', build_base='build', ignore_user_meta=False, metas=['./colcon.meta'], base_paths=['/home/ahmedmuhammad/led_ws'], packages_ignore=None, packages_ignore_regex=None, paths=None, packages_up_to=None, packages_up_to_regex=None, packages_above=None, packages_above_and_dependencies=None, packages_above_depth=None, packages_select_by_dep=None, packages_skip_by_dep=None, packages_skip_up_to=None, packages_select_build_failed=False, packages_skip_build_finished=False, packages_select_test_failures=False, packages_skip_test_passed=False, packages_select=None, packages_skip=None, packages_select_regex=None, packages_skip_regex=None, packages_start=None, packages_end=None, allow_overriding=[], topological_order=False, names_only=False, paths_only=True, topological_graph=False, topological_graph_dot=False, topological_graph_density=False, topological_graph_legend=False, topological_graph_dot_cluster=False, topological_graph_dot_include_skipped=False, verb_parser=<colcon_defaults.argument_parser.defaults.DefaultArgumentsDecorator object at 0x7f8f8e745ed0>, verb_extension=<colcon_package_information.verb.list.ListVerb object at 0x7f8f8e6c7ac0>, main=<bound method ListVerb.main of <colcon_package_information.verb.list.ListVerb object at 0x7f8f8e6c7ac0>>)
[0.701s] Level 1:colcon.colcon_core.package_discovery:discover_packages(colcon_meta) check parameters
[0.701s] Level 1:colcon.colcon_core.package_discovery:discover_packages(recursive) check parameters
[0.701s] Level 1:colcon.colcon_core.package_discovery:discover_packages(ignore) check parameters
[0.701s] Level 1:colcon.colcon_core.package_discovery:discover_packages(path) check parameters
[0.701s] Level 1:colcon.colcon_core.package_discovery:discover_packages(recursive) discover
[0.701s] INFO:colcon.colcon_core.package_discovery:Crawling recursively for packages in '/home/ahmedmuhammad/led_ws'
[0.701s] Level 1:colcon.colcon_core.package_identification:_identify(/home/ahmedmuhammad/led_ws) by extensions ['ignore', 'ignore_ament_install']
[0.701s] Level 1:colcon.colcon_core.package_identification:_identify(/home/ahmedmuhammad/led_ws) by extension 'ignore'
[0.701s] Level 1:colcon.colcon_core.package_identification:_identify(/home/ahmedmuhammad/led_ws) by extension 'ignore_ament_install'
[0.701s] Level 1:colcon.colcon_core.package_identification:_identify(/home/ahmedmuhammad/led_ws) by extensions ['colcon_pkg']
[0.701s] Level 1:colcon.colcon_core.package_identification:_identify(/home/ahmedmuhammad/led_ws) by extension 'colcon_pkg'
[0.701s] Level 1:colcon.colcon_core.package_identification:_identify(/home/ahmedmuhammad/led_ws) by extensions ['colcon_meta']
[0.701s] Level 1:colcon.colcon_core.package_identification:_identify(/home/ahmedmuhammad/led_ws) by extension 'colcon_meta'
[0.701s] Level 1:colcon.colcon_core.package_identification:_identify(/home/ahmedmuhammad/led_ws) by extensions ['ros']
[0.701s] Level 1:colcon.colcon_core.package_identification:_identify(/home/ahmedmuhammad/led_ws) by extension 'ros'
[0.710s] Level 1:colcon.colcon_core.package_identification:_identify(/home/ahmedmuhammad/led_ws) by extensions ['cmake', 'python']
[0.710s] Level 1:colcon.colcon_core.package_identification:_identify(/home/ahmedmuhammad/led_ws) by extension 'cmake'
[0.710s] Level 1:colcon.colcon_core.package_identification:_identify(/home/ahmedmuhammad/led_ws) by extension 'python'
[0.710s] Level 1:colcon.colcon_core.package_identification:_identify(/home/ahmedmuhammad/led_ws) by extensions ['python_setup_py']
[0.710s] Level 1:colcon.colcon_core.package_identification:_identify(/home/ahmedmuhammad/led_ws) by extension 'python_setup_py'
[0.711s] Level 1:colcon.colcon_core.package_identification:_identify(/home/ahmedmuhammad/led_ws/log) by extensions ['ignore', 'ignore_ament_install']
[0.711s] Level 1:colcon.colcon_core.package_identification:_identify(/home/ahmedmuhammad/led_ws/log) by extension 'ignore'
[0.711s] Level 1:colcon.colcon_core.package_identification:_identify(/home/ahmedmuhammad/led_ws/log) ignored
[0.711s] Level 1:colcon.colcon_core.package_identification:_identify(/home/ahmedmuhammad/led_ws/src) by extensions ['ignore', 'ignore_ament_install']
[0.711s] Level 1:colcon.colcon_core.package_identification:_identify(/home/ahmedmuhammad/led_ws/src) by extension 'ignore'
[0.711s] Level 1:colcon.colcon_core.package_identification:_identify(/home/ahmedmuhammad/led_ws/src) by extension 'ignore_ament_install'
[0.711s] Level 1:colcon.colcon_core.package_identification:_identify(/home/ahmedmuhammad/led_ws/src) by extensions ['colcon_pkg']
[0.711s] Level 1:colcon.colcon_core.package_identification:_identify(/home/ahmedmuhammad/led_ws/src) by extension 'colcon_pkg'
[0.711s] Level 1:colcon.colcon_core.package_identification:_identify(/home/ahmedmuhammad/led_ws/src) by extensions ['colcon_meta']
[0.711s] Level 1:colcon.colcon_core.package_identification:_identify(/home/ahmedmuhammad/led_ws/src) by extension 'colcon_meta'
[0.711s] Level 1:colcon.colcon_core.package_identification:_identify(/home/ahmedmuhammad/led_ws/src) by extensions ['ros']
[0.711s] Level 1:colcon.colcon_core.package_identification:_identify(/home/ahmedmuhammad/led_ws/src) by extension 'ros'
[0.711s] Level 1:colcon.colcon_core.package_identification:_identify(/home/ahmedmuhammad/led_ws/src) by extensions ['cmake', 'python']
[0.711s] Level 1:colcon.colcon_core.package_identification:_identify(/home/ahmedmuhammad/led_ws/src) by extension 'cmake'
[0.711s] Level 1:colcon.colcon_core.package_identification:_identify(/home/ahmedmuhammad/led_ws/src) by extension 'python'
[0.711s] Level 1:colcon.colcon_core.package_identification:_identify(/home/ahmedmuhammad/led_ws/src) by extensions ['python_setup_py']
[0.711s] Level 1:colcon.colcon_core.package_identification:_identify(/home/ahmedmuhammad/led_ws/src) by extension 'python_setup_py'
[0.711s] Level 1:colcon.colcon_core.package_identification:_identify(/home/ahmedmuhammad/led_ws/src/led_interfaces) by extensions ['ignore', 'ignore_ament_install']
[0.711s] Level 1:colcon.colcon_core.package_identification:_identify(/home/ahmedmuhammad/led_ws/src/led_interfaces) by extension 'ignore'
[0.711s] Level 1:colcon.colcon_core.package_identification:_identify(/home/ahmedmuhammad/led_ws/src/led_interfaces) by extension 'ignore_ament_install'
[0.711s] Level 1:colcon.colcon_core.package_identification:_identify(/home/ahmedmuhammad/led_ws/src/led_interfaces) by extensions ['colcon_pkg']
[0.711s] Level 1:colcon.colcon_core.package_identification:_identify(/home/ahmedmuhammad/led_ws/src/led_interfaces) by extension 'colcon_pkg'
[0.712s] Level 1:colcon.colcon_core.package_identification:_identify(/home/ahmedmuhammad/led_ws/src/led_interfaces) by extensions ['colcon_meta']
[0.712s] Level 1:colcon.colcon_core.package_identification:_identify(/home/ahmedmuhammad/led_ws/src/led_interfaces) by extension 'colcon_meta'
[0.712s] Level 1:colcon.colcon_core.package_identification:_identify(/home/ahmedmuhammad/led_ws/src/led_interfaces) by extensions ['ros']
[0.712s] Level 1:colcon.colcon_core.package_identification:_identify(/home/ahmedmuhammad/led_ws/src/led_interfaces) by extension 'ros'
[0.715s] Level 1:colcon.colcon_core.package_discovery:discover_packages(colcon_meta) check parameters
[0.715s] Level 1:colcon.colcon_core.package_discovery:discover_packages(recursive) check parameters
[0.715s] Level 1:colcon.colcon_core.package_discovery:discover_packages(ignore) check parameters
[0.715s] Level 1:colcon.colcon_core.package_discovery:discover_packages(path) check parameters
[0.715s] Level 1:colcon.colcon_core.package_discovery:discover_packages(recursive) discover
[0.715s] INFO:colcon.colcon_core.package_discovery:Crawling recursively for packages in '/home/ahmedmuhammad/led_ws'
[0.715s] Level 1:colcon.colcon_core.package_identification:_identify(/home/ahmedmuhammad/led_ws) by extensions ['ignore', 'ignore_ament_install']
[0.715s] Level 1:colcon.colcon_core.package_identification:_identify(/home/ahmedmuhammad/led_ws) by extension 'ignore'
[0.715s] Level 1:colcon.colcon_core.package_identification:_identify(/home/ahmedmuhammad/led_ws) by extension 'ignore_ament_install'
[0.715s] Level 1:colcon.colcon_core.package_identification:_identify(/home/ahmedmuhammad/led_ws) by extensions ['colcon_pkg']
[0.715s] Level 1:colcon.colcon_core.package_identification:_identify(/home/ahmedmuhammad/led_ws) by extension 'colcon_pkg'
[0.715s] Level 1:colcon.colcon_core.package_identification:_identify(/home/ahmedmuhammad/led_ws) by extensions ['colcon_meta']
[0.715s] Level 1:colcon.colcon_core.package_identification:_identify(/home/ahmedmuhammad/led_ws) by extension 'colcon_meta'
[0.715s] Level 1:colcon.colcon_core.package_identification:_identify(/home/ahmedmuhammad/led_ws) by extensions ['ros']
[0.716s] Level 1:colcon.colcon_core.package_identification:_identify(/home/ahmedmuhammad/led_ws) by extension 'ros'
[0.715s] DEBUG:colcon.colcon_core.package_identification:Package '/home/ahmedmuhammad/led_ws/src/led_interfaces' with type 'ros.ament_cmake' and name 'led_interfaces'
[0.715s] Level 1:colcon.colcon_core.package_identification:_identify(/home/ahmedmuhammad/led_ws/src/led_show) by extensions ['ignore', 'ignore_ament_install']
[0.715s] Level 1:colcon.colcon_core.package_identification:_identify(/home/ahmedmuhammad/led_ws/src/led_show) by extension 'ignore'
[0.715s] Level 1:colcon.colcon_core.package_identification:_identify(/home/ahmedmuhammad/led_ws/src/led_show) by extension 'ignore_ament_install'
[0.715s] Level 1:colcon.colcon_core.package_identification:_identify(/home/ahmedmuhammad/led_ws/src/led_show) by extensions ['colcon_pkg']
[0.715s] Level 1:colcon.colcon_core.package_identification:_identify(/home/ahmedmuhammad/led_ws/src/led_show) by extension 'colcon_pkg'
[0.715s] Level 1:colcon.colcon_core.package_identification:_identify(/home/ahmedmuhammad/led_ws/src/led_show) by extensions ['colcon_meta']
[0.715s] Level 1:colcon.colcon_core.package_identification:_identify(/home/ahmedmuhammad/led_ws/src/led_show) by extension 'colcon_meta'
[0.716s] Level 1:colcon.colcon_core.package_identification:_identify(/home/ahmedmuhammad/led_ws/src/led_show) by extensions ['ros']
[0.716s] Level 1:colcon.colcon_core.package_identification:_identify(/home/ahmedmuhammad/led_ws/src/led_show) by extension 'ros'
[0.716s] DEBUG:colcon.colcon_core.package_identification:Package '/home/ahmedmuhammad/led_ws/src/led_show' with type 'ros.ament_python' and name 'led_show'
[0.716s] Level 1:colcon.colcon_core.package_discovery:discover_packages(recursive) using defaults
[0.726s] Level 1:colcon.colcon_core.package_identification:_identify(/home/ahmedmuhammad/led_ws) by extensions ['cmake', 'python']
[0.726s] Level 1:colcon.colcon_core.package_identification:_identify(/home/ahmedmuhammad/led_ws) by extension 'cmake'
[0.726s] Level 1:colcon.colcon_core.package_identification:_identify(/home/ahmedmuhammad/led_ws) by extension 'python'
[0.726s] Level 1:colcon.colcon_core.package_identification:_identify(/home/ahmedmuhammad/led_ws) by extensions ['python_setup_py']
[0.726s] Level 1:colcon.colcon_core.package_identification:_identify(/home/ahmedmuhammad/led_ws) by extension 'python_setup_py'
[0.726s] Level 1:colcon.colcon_core.package_identification:_identify(/home/ahmedmuhammad/led_ws/log) by extensions ['ignore', 'ignore_ament_install']
[0.726s] Level 1:colcon.colcon_core.package_identification:_identify(/home/ahmedmuhammad/led_ws/log) by extension 'ignore'
[0.726s] Level 1:colcon.colcon_core.package_identification:_identify(/home/ahmedmuhammad/led_ws/log) ignored
[0.726s] Level 1:colcon.colcon_core.package_identification:_identify(/home/ahmedmuhammad/led_ws/src) by extensions ['ignore', 'ignore_ament_install']
[0.726s] Level 1:colcon.colcon_core.package_identification:_identify(/home/ahmedmuhammad/led_ws/src) by extension 'ignore'
[0.726s] Level 1:colcon.colcon_core.package_identification:_identify(/home/ahmedmuhammad/led_ws/src) by extension 'ignore_ament_install'
[0.726s] Level 1:colcon.colcon_core.package_identification:_identify(/home/ahmedmuhammad/led_ws/src) by extensions ['colcon_pkg']
[0.726s] Level 1:colcon.colcon_core.package_identification:_identify(/home/ahmedmuhammad/led_ws/src) by extension 'colcon_pkg'
[0.726s] Level 1:colcon.colcon_core.package_identification:_identify(/home/ahmedmuhammad/led_ws/src) by extensions ['colcon_meta']
[0.726s] Level 1:colcon.colcon_core.package_identification:_identify(/home/ahmedmuhammad/led_ws/src) by extension 'colcon_meta'
[0.726s] Level 1:colcon.colcon_core.package_identification:_identify(/home/ahmedmuhammad/led_ws/src) by extensions ['ros']
[0.726s] Level 1:colcon.colcon_core.package_identification:_identify(/home/ahmedmuhammad/led_ws/src) by extension 'ros'
[0.727s] Level 1:colcon.colcon_core.package_identification:_identify(/home/ahmedmuhammad/led_ws/src) by extensions ['cmake', 'python']
[0.727s] Level 1:colcon.colcon_core.package_identification:_identify(/home/ahmedmuhammad/led_ws/src) by extension 'cmake'
[0.727s] Level 1:colcon.colcon_core.package_identification:_identify(/home/ahmedmuhammad/led_ws/src) by extension 'python'
[0.727s] Level 1:colcon.colcon_core.package_identification:_identify(/home/ahmedmuhammad/led_ws/src) by extensions ['python_setup_py']
[0.727s] Level 1:colcon.colcon_core.package_identification:_identify(/home/ahmedmuhammad/led_ws/src) by extension 'python_setup_py'
[0.727s] Level 1:colcon.colcon_core.package_identification:_identify(/home/ahmedmuhammad/led_ws/src/led_interfaces) by extensions ['ignore', 'ignore_ament_install']
[0.727s] Level 1:colcon.colcon_core.package_identification:_identify(/home/ahmedmuhammad/led_ws/src/led_interfaces) by extension 'ignore'
[0.727s] Level 1:colcon.colcon_core.package_identification:_identify(/home/ahmedmuhammad/led_ws/src/led_interfaces) by extension 'ignore_ament_install'
[0.727s] Level 1:colcon.colcon_core.package_identification:_identify(/home/ahmedmuhammad/led_ws/src/led_interfaces) by extensions ['colcon_pkg']
[0.727s] Level 1:colcon.colcon_core.package_identification:_identify(/home/ahmedmuhammad/led_ws/src/led_interfaces) by extension 'colcon_pkg'
[0.727s] Level 1:colcon.colcon_core.package_identification:_identify(/home/ahmedmuhammad/led_ws/src/led_interfaces) by extensions ['colcon_meta']
[0.727s] Level 1:colcon.colcon_core.package_identification:_identify(/home/ahmedmuhammad/led_ws/src/led_interfaces) by extension 'colcon_meta'
[0.727s] Level 1:colcon.colcon_core.package_identification:_identify(/home/ahmedmuhammad/led_ws/src/led_interfaces) by extensions ['ros']
[0.727s] Level 1:colcon.colcon_core.package_identification:_identify(/home/ahmedmuhammad/led_ws/src/led_interfaces) by extension 'ros'
[0.729s] DEBUG:colcon.colcon_core.package_identification:Package '/home/ahmedmuhammad/led_ws/src/led_interfaces' with type 'ros.ament_cmake' and name 'led_interfaces'
[0.729s] Level 1:colcon.colcon_core.package_identification:_identify(/home/ahmedmuhammad/led_ws/src/led_show) by extensions ['ignore', 'ignore_ament_install']
[0.730s] Level 1:colcon.colcon_core.package_identification:_identify(/home/ahmedmuhammad/led_ws/src/led_show) by extension 'ignore'
[0.730s] Level 1:colcon.colcon_core.package_identification:_identify(/home/ahmedmuhammad/led_ws/src/led_show) by extension 'ignore_ament_install'
[0.730s] Level 1:colcon.colcon_core.package_identification:_identify(/home/ahmedmuhammad/led_ws/src/led_show) by extensions ['colcon_pkg']
[0.730s] Level 1:colcon.colcon_core.package_identification:_identify(/home/ahmedmuhammad/led_ws/src/led_show) by extension 'colcon_pkg'
[0.730s] Level 1:colcon.colcon_core.package_identification:_identify(/home/ahmedmuhammad/led_ws/src/led_show) by extensions ['colcon_meta']
[0.730s] Level 1:colcon.colcon_core.package_identification:_identify(/home/ahmedmuhammad/led_ws/src/led_show) by extension 'colcon_meta'
[0.730s] Level 1:colcon.colcon_core.package_identification:_identify(/home/ahmedmuhammad/led_ws/src/led_show) by extensions ['ros']
[0.730s] Level 1:colcon.colcon_core.package_identification:_identify(/home/ahmedmuhammad/led_ws/src/led_show) by extension 'ros'
[0.730s] DEBUG:colcon.colcon_core.package_identification:Package '/home/ahmedmuhammad/led_ws/src/led_show' with type 'ros.ament_python' and name 'led_show'
[0.730s] Level 1:colcon.colcon_core.package_discovery:discover_packages(recursive) using defaults
