[0.355s] Invoking command in '/home/ahmedmuhammad/pingpong_ws/build/image_transport_tutorials': CMAKE_PREFIX_PATH=${CMAKE_PREFIX_PATH}:/home/ahmedmuhammad/pingpong_ws/install/media_pipe:/home/ahmedmuhammad/pingpong_ws/install/check_image_size:/opt/ros/humble /usr/bin/cmake /home/ahmedmuhammad/pingpong_ws/src/image_transport_tutorials -DCMAKE_INSTALL_PREFIX=/home/ahmedmuhammad/pingpong_ws/install/image_transport_tutorials
[0.474s] -- The C compiler identification is GNU 11.4.0
[0.940s] -- The CXX compiler identification is GNU 11.4.0
[1.256s] -- Detecting C compiler ABI info
[1.372s] -- Detecting C compiler ABI info - done
[1.377s] -- Check for working C compiler: /usr/bin/cc - skipped
[1.377s] -- Detecting C compile features
[1.378s] -- Detecting C compile features - done
[1.380s] -- Detecting CXX compiler ABI info
[1.500s] -- Detecting CXX compiler ABI info - done
[1.506s] -- Check for working CXX compiler: /usr/bin/c++ - skipped
[1.506s] -- Detecting CXX compile features
[1.506s] -- Detecting CXX compile features - done
[1.508s] -- Found ament_cmake: 1.3.8 (/opt/ros/humble/share/ament_cmake/cmake)
[1.612s] -- Found Python3: /usr/bin/python3 (found version "3.10.12") found components: Interpreter 
[1.686s] -- Found cv_bridge: 3.2.1 (/opt/ros/humble/share/cv_bridge/cmake)
[1.832s] -- Found rosidl_generator_c: 3.1.5 (/opt/ros/humble/share/rosidl_generator_c/cmake)
[1.835s] -- Found rosidl_adapter: 3.1.5 (/opt/ros/humble/share/rosidl_adapter/cmake)
[1.841s] -- Found rosidl_generator_cpp: 3.1.5 (/opt/ros/humble/share/rosidl_generator_cpp/cmake)
[1.851s] -- Using all available rosidl_typesupport_c: rosidl_typesupport_fastrtps_c;rosidl_typesupport_introspection_c
[1.864s] -- Using all available rosidl_typesupport_cpp: rosidl_typesupport_fastrtps_cpp;rosidl_typesupport_introspection_cpp
[2.053s] -- Found image_transport: 3.1.8 (/opt/ros/humble/share/image_transport/cmake)
[2.135s] -- Found rmw_implementation_cmake: 6.1.1 (/opt/ros/humble/share/rmw_implementation_cmake/cmake)
[2.139s] -- Found rmw_fastrtps_cpp: 6.2.6 (/opt/ros/humble/share/rmw_fastrtps_cpp/cmake)
[3.495s] -- Found OpenSSL: /usr/lib/x86_64-linux-gnu/libcrypto.so (found version "3.0.2")  
[4.835s] -- Found FastRTPS: /opt/ros/humble/include  
[7.281s] -- Using RMW implementation 'rmw_fastrtps_cpp' as default
[7.293s] -- Looking for pthread.h
[7.406s] -- Looking for pthread.h - found
[7.406s] -- Performing Test CMAKE_HAVE_LIBC_PTHREAD
[7.511s] -- Performing Test CMAKE_HAVE_LIBC_PTHREAD - Success
[7.512s] -- Found Threads: TRUE  
[8.850s] -- Found OpenCV: /usr (found version "4.5.4") 
[8.852s] -- Found OpenCV: /usr (found version "4.5.4") found components: highgui imgcodecs imgproc videoio 
[8.853s] -- Found rosidl_default_generators: 1.2.0 (/opt/ros/humble/share/rosidl_default_generators/cmake)
[9.071s] -- Found ament_cmake_ros: 0.10.0 (/opt/ros/humble/share/ament_cmake_ros/cmake)
[9.418s] -- Using all available rosidl_typesupport_c: rosidl_typesupport_fastrtps_c;rosidl_typesupport_introspection_c
[9.556s] -- Using all available rosidl_typesupport_cpp: rosidl_typesupport_fastrtps_cpp;rosidl_typesupport_introspection_cpp
[9.672s] -- Found PythonInterp: /usr/bin/python3 (found suitable version "3.10.12", minimum required is "3.6") 
[9.673s] -- Found python_cmake_module: 0.10.0 (/opt/ros/humble/share/python_cmake_module/cmake)
[10.041s] -- Found PythonLibs: /usr/lib/x86_64-linux-gnu/libpython3.10.so (found suitable version "3.10.12", minimum required is "3.5") 
[10.041s] -- Using PYTHON_EXECUTABLE: /usr/bin/python3
[10.041s] -- Using PYTHON_INCLUDE_DIRS: /usr/include/python3.10
[10.041s] -- Using PYTHON_LIBRARIES: /usr/lib/x86_64-linux-gnu/libpython3.10.so
[10.056s] -- Found PythonExtra: .so  
[10.151s] -- Found ament_lint_auto: 0.12.10 (/opt/ros/humble/share/ament_lint_auto/cmake)
[10.179s] -- Added test 'copyright' to check source files copyright and LICENSE
[10.181s] -- Added test 'cppcheck' to perform static code analysis on C / C++ code
[10.181s] -- Configured cppcheck include dirs: /home/ahmedmuhammad/pingpong_ws/src/image_transport_tutorials/include
[10.182s] -- Configured cppcheck exclude dirs and/or files: 
[10.183s] -- Added test 'cpplint' to check C / C++ code against the Google style
[10.184s] -- Configured cpplint exclude dirs and/or files: 
[10.185s] -- Added test 'lint_cmake' to check CMake code style
[10.187s] -- Added test 'uncrustify' to check C / C++ code style
[10.187s] -- Configured uncrustify additional arguments: 
[10.188s] -- Added test 'xmllint' to check XML markup files
[10.190s] -- Configuring done
[10.233s] -- Generating done
[10.235s] -- Build files have been written to: /home/ahmedmuhammad/pingpong_ws/build/image_transport_tutorials
[10.246s] Invoked command in '/home/ahmedmuhammad/pingpong_ws/build/image_transport_tutorials' returned '0': CMAKE_PREFIX_PATH=${CMAKE_PREFIX_PATH}:/home/ahmedmuhammad/pingpong_ws/install/media_pipe:/home/ahmedmuhammad/pingpong_ws/install/check_image_size:/opt/ros/humble /usr/bin/cmake /home/ahmedmuhammad/pingpong_ws/src/image_transport_tutorials -DCMAKE_INSTALL_PREFIX=/home/ahmedmuhammad/pingpong_ws/install/image_transport_tutorials
[10.248s] Invoking command in '/home/ahmedmuhammad/pingpong_ws/build/image_transport_tutorials': CMAKE_PREFIX_PATH=${CMAKE_PREFIX_PATH}:/home/ahmedmuhammad/pingpong_ws/install/media_pipe:/home/ahmedmuhammad/pingpong_ws/install/check_image_size:/opt/ros/humble /usr/bin/cmake --build /home/ahmedmuhammad/pingpong_ws/build/image_transport_tutorials -- -j16 -l16
[10.274s] [  2%] [34m[1mGenerating C code for ROS interfaces[0m
[10.281s] [  7%] [32mBuilding CXX object CMakeFiles/my_publisher.dir/src/my_publisher.cpp.o[0m
[10.281s] [  7%] [32mBuilding CXX object CMakeFiles/my_subscriber.dir/src/my_subscriber.cpp.o[0m
[10.281s] [ 12%] [32mBuilding CXX object CMakeFiles/publisher_from_video.dir/src/publisher_from_video.cpp.o[0m
[10.281s] [ 12%] [34m[1mGenerating C++ code for ROS interfaces[0m
[10.287s] [ 12%] Built target ament_cmake_python_copy_image_transport_tutorials
[10.488s] [ 14%] [32mBuilding C object CMakeFiles/image_transport_tutorials__rosidl_generator_c.dir/rosidl_generator_c/image_transport_tutorials/msg/detail/resized_image__functions.c.o[0m
[10.497s] [ 14%] Built target image_transport_tutorials__cpp
[10.506s] [ 19%] [34m[1mGenerating C++ introspection for ROS interfaces[0m
[10.506s] [ 19%] [34m[1mGenerating C++ type support dispatch for ROS interfaces[0m
[10.506s] [ 21%] [34m[1mGenerating C++ type support for eProsima Fast-RTPS[0m
[10.509s] running egg_info
[10.510s] creating image_transport_tutorials.egg-info
[10.511s] writing image_transport_tutorials.egg-info/PKG-INFO
[10.511s] writing dependency_links to image_transport_tutorials.egg-info/dependency_links.txt
[10.511s] writing top-level names to image_transport_tutorials.egg-info/top_level.txt
[10.511s] writing manifest file 'image_transport_tutorials.egg-info/SOURCES.txt'
[10.517s] reading manifest file 'image_transport_tutorials.egg-info/SOURCES.txt'
[10.517s] writing manifest file 'image_transport_tutorials.egg-info/SOURCES.txt'
[10.531s] [ 24%] [32m[1mLinking C shared library libimage_transport_tutorials__rosidl_generator_c.so[0m
[10.554s] [ 24%] Built target ament_cmake_python_build_image_transport_tutorials_egg
[10.651s] [ 24%] Built target image_transport_tutorials__rosidl_generator_c
[10.659s] [ 29%] [34m[1mGenerating C introspection for ROS interfaces[0m
[10.659s] [ 29%] [34m[1mGenerating C type support for eProsima Fast-RTPS[0m
[10.659s] [ 31%] [34m[1mGenerating C type support dispatch for ROS interfaces[0m
[10.728s] [ 34%] [32mBuilding CXX object CMakeFiles/image_transport_tutorials__rosidl_typesupport_cpp.dir/rosidl_typesupport_cpp/image_transport_tutorials/msg/resized_image__type_support.cpp.o[0m
[10.776s] [ 36%] [32mBuilding CXX object CMakeFiles/image_transport_tutorials__rosidl_typesupport_fastrtps_cpp.dir/rosidl_typesupport_fastrtps_cpp/image_transport_tutorials/msg/detail/dds_fastrtps/resized_image__type_support.cpp.o[0m
[10.791s] [ 39%] [32mBuilding CXX object CMakeFiles/image_transport_tutorials__rosidl_typesupport_introspection_cpp.dir/rosidl_typesupport_introspection_cpp/image_transport_tutorials/msg/detail/resized_image__type_support.cpp.o[0m
[10.889s] [ 41%] [32mBuilding CXX object CMakeFiles/image_transport_tutorials__rosidl_typesupport_c.dir/rosidl_typesupport_c/image_transport_tutorials/msg/resized_image__type_support.cpp.o[0m
[10.921s] [ 46%] [32mBuilding CXX object CMakeFiles/image_transport_tutorials__rosidl_typesupport_fastrtps_c.dir/rosidl_typesupport_fastrtps_c/image_transport_tutorials/msg/detail/resized_image__type_support_c.cpp.o[0m
[10.922s] [ 46%] [32m[1mLinking CXX shared library libimage_transport_tutorials__rosidl_typesupport_c.so[0m
[10.975s] [ 48%] [32mBuilding C object CMakeFiles/image_transport_tutorials__rosidl_typesupport_introspection_c.dir/rosidl_typesupport_introspection_c/image_transport_tutorials/msg/detail/resized_image__type_support.c.o[0m
[10.998s] [ 51%] [32m[1mLinking CXX shared library libimage_transport_tutorials__rosidl_typesupport_cpp.so[0m
[11.015s] [ 53%] [32m[1mLinking C shared library libimage_transport_tutorials__rosidl_typesupport_introspection_c.so[0m
[11.099s] [ 53%] Built target image_transport_tutorials__rosidl_typesupport_c
[11.162s] [ 53%] Built target image_transport_tutorials__rosidl_typesupport_introspection_c
[11.169s] [ 53%] Built target image_transport_tutorials__rosidl_typesupport_cpp
[11.187s] [ 58%] [32mBuilding CXX object CMakeFiles/resized_plugins.dir/src/resized_subscriber.cpp.o[0m
[11.187s] [ 58%] [32mBuilding CXX object CMakeFiles/resized_plugins.dir/src/resized_publisher.cpp.o[0m
[11.187s] [ 60%] [32mBuilding CXX object CMakeFiles/resized_plugins.dir/src/manifest.cpp.o[0m
[11.210s] [ 63%] [32m[1mLinking CXX shared library libimage_transport_tutorials__rosidl_typesupport_introspection_cpp.so[0m
[11.232s] [ 65%] [32m[1mLinking CXX shared library libimage_transport_tutorials__rosidl_typesupport_fastrtps_cpp.so[0m
[11.296s] [ 68%] [32m[1mLinking CXX shared library libimage_transport_tutorials__rosidl_typesupport_fastrtps_c.so[0m
[11.376s] [ 68%] Built target image_transport_tutorials__rosidl_typesupport_introspection_cpp
[11.433s] [ 68%] Built target image_transport_tutorials__rosidl_typesupport_fastrtps_cpp
[11.486s] [ 68%] Built target image_transport_tutorials__rosidl_typesupport_fastrtps_c
[11.501s] [ 68%] Built target image_transport_tutorials
[11.522s] [ 70%] [34m[1mGenerating Python code for ROS interfaces[0m
[11.822s] [ 70%] Built target image_transport_tutorials__py
[11.841s] [ 73%] [32mBuilding C object CMakeFiles/image_transport_tutorials__rosidl_generator_py.dir/rosidl_generator_py/image_transport_tutorials/msg/_resized_image_s.c.o[0m
[11.931s] [ 75%] [32m[1mLinking C shared library rosidl_generator_py/image_transport_tutorials/libimage_transport_tutorials__rosidl_generator_py.so[0m
[12.070s] [ 75%] Built target image_transport_tutorials__rosidl_generator_py
[12.088s] [ 82%] [32mBuilding C object CMakeFiles/image_transport_tutorials__rosidl_typesupport_introspection_c__pyext.dir/rosidl_generator_py/image_transport_tutorials/_image_transport_tutorials_s.ep.rosidl_typesupport_introspection_c.c.o[0m
[12.088s] [ 82%] [32mBuilding C object CMakeFiles/image_transport_tutorials__rosidl_typesupport_fastrtps_c__pyext.dir/rosidl_generator_py/image_transport_tutorials/_image_transport_tutorials_s.ep.rosidl_typesupport_fastrtps_c.c.o[0m
[12.089s] [ 82%] [32mBuilding C object CMakeFiles/image_transport_tutorials__rosidl_typesupport_c__pyext.dir/rosidl_generator_py/image_transport_tutorials/_image_transport_tutorials_s.ep.rosidl_typesupport_c.c.o[0m
[12.192s] [ 85%] [32m[1mLinking C shared library rosidl_generator_py/image_transport_tutorials/image_transport_tutorials_s__rosidl_typesupport_fastrtps_c.cpython-310-x86_64-linux-gnu.so[0m
[12.193s] [ 87%] [32m[1mLinking C shared library rosidl_generator_py/image_transport_tutorials/image_transport_tutorials_s__rosidl_typesupport_c.cpython-310-x86_64-linux-gnu.so[0m
[12.196s] [ 90%] [32m[1mLinking C shared library rosidl_generator_py/image_transport_tutorials/image_transport_tutorials_s__rosidl_typesupport_introspection_c.cpython-310-x86_64-linux-gnu.so[0m
[12.296s] [ 90%] Built target image_transport_tutorials__rosidl_typesupport_fastrtps_c__pyext
[12.300s] [ 90%] Built target image_transport_tutorials__rosidl_typesupport_c__pyext
[12.331s] [ 90%] Built target image_transport_tutorials__rosidl_typesupport_introspection_c__pyext
[14.047s] [ 92%] [32m[1mLinking CXX executable my_subscriber[0m
[14.181s] [ 95%] [32m[1mLinking CXX executable publisher_from_video[0m
[14.799s] [ 95%] Built target my_subscriber
[14.805s] [ 95%] Built target publisher_from_video
[15.503s] [ 97%] [32m[1mLinking CXX executable my_publisher[0m
[16.033s] [ 97%] Built target my_publisher
[18.503s] [100%] [32m[1mLinking CXX shared library libresized_plugins.so[0m
[19.032s] [100%] Built target resized_plugins
[19.039s] Invoked command in '/home/ahmedmuhammad/pingpong_ws/build/image_transport_tutorials' returned '0': CMAKE_PREFIX_PATH=${CMAKE_PREFIX_PATH}:/home/ahmedmuhammad/pingpong_ws/install/media_pipe:/home/ahmedmuhammad/pingpong_ws/install/check_image_size:/opt/ros/humble /usr/bin/cmake --build /home/ahmedmuhammad/pingpong_ws/build/image_transport_tutorials -- -j16 -l16
[19.082s] Invoking command in '/home/ahmedmuhammad/pingpong_ws/build/image_transport_tutorials': CMAKE_PREFIX_PATH=${CMAKE_PREFIX_PATH}:/home/ahmedmuhammad/pingpong_ws/install/media_pipe:/home/ahmedmuhammad/pingpong_ws/install/check_image_size:/opt/ros/humble /usr/bin/cmake --install /home/ahmedmuhammad/pingpong_ws/build/image_transport_tutorials
[19.087s] -- Install configuration: ""
[19.088s] -- Installing: /home/ahmedmuhammad/pingpong_ws/install/image_transport_tutorials/share/ament_index/resource_index/rosidl_interfaces/image_transport_tutorials
[19.088s] -- Installing: /home/ahmedmuhammad/pingpong_ws/install/image_transport_tutorials/include/image_transport_tutorials/image_transport_tutorials
[19.088s] -- Installing: /home/ahmedmuhammad/pingpong_ws/install/image_transport_tutorials/include/image_transport_tutorials/image_transport_tutorials/msg
[19.088s] -- Installing: /home/ahmedmuhammad/pingpong_ws/install/image_transport_tutorials/include/image_transport_tutorials/image_transport_tutorials/msg/detail
[19.088s] -- Installing: /home/ahmedmuhammad/pingpong_ws/install/image_transport_tutorials/include/image_transport_tutorials/image_transport_tutorials/msg/detail/resized_image__type_support.h
[19.089s] -- Installing: /home/ahmedmuhammad/pingpong_ws/install/image_transport_tutorials/include/image_transport_tutorials/image_transport_tutorials/msg/detail/resized_image__struct.h
[19.089s] -- Installing: /home/ahmedmuhammad/pingpong_ws/install/image_transport_tutorials/include/image_transport_tutorials/image_transport_tutorials/msg/detail/resized_image__functions.c
[19.089s] -- Installing: /home/ahmedmuhammad/pingpong_ws/install/image_transport_tutorials/include/image_transport_tutorials/image_transport_tutorials/msg/detail/resized_image__functions.h
[19.089s] -- Installing: /home/ahmedmuhammad/pingpong_ws/install/image_transport_tutorials/include/image_transport_tutorials/image_transport_tutorials/msg/rosidl_generator_c__visibility_control.h
[19.089s] -- Installing: /home/ahmedmuhammad/pingpong_ws/install/image_transport_tutorials/include/image_transport_tutorials/image_transport_tutorials/msg/resized_image.h
[19.089s] -- Installing: /home/ahmedmuhammad/pingpong_ws/install/image_transport_tutorials/share/image_transport_tutorials/environment/library_path.sh
[19.089s] -- Installing: /home/ahmedmuhammad/pingpong_ws/install/image_transport_tutorials/share/image_transport_tutorials/environment/library_path.dsv
[19.089s] -- Installing: /home/ahmedmuhammad/pingpong_ws/install/image_transport_tutorials/lib/libimage_transport_tutorials__rosidl_generator_c.so
[19.089s] -- Set runtime path of "/home/ahmedmuhammad/pingpong_ws/install/image_transport_tutorials/lib/libimage_transport_tutorials__rosidl_generator_c.so" to ""
[19.089s] -- Up-to-date: /home/ahmedmuhammad/pingpong_ws/install/image_transport_tutorials/include/image_transport_tutorials/image_transport_tutorials
[19.090s] -- Up-to-date: /home/ahmedmuhammad/pingpong_ws/install/image_transport_tutorials/include/image_transport_tutorials/image_transport_tutorials/msg
[19.090s] -- Up-to-date: /home/ahmedmuhammad/pingpong_ws/install/image_transport_tutorials/include/image_transport_tutorials/image_transport_tutorials/msg/detail
[19.090s] -- Installing: /home/ahmedmuhammad/pingpong_ws/install/image_transport_tutorials/include/image_transport_tutorials/image_transport_tutorials/msg/detail/resized_image__rosidl_typesupport_fastrtps_c.h
[19.090s] -- Installing: /home/ahmedmuhammad/pingpong_ws/install/image_transport_tutorials/include/image_transport_tutorials/image_transport_tutorials/msg/rosidl_typesupport_fastrtps_c__visibility_control.h
[19.090s] -- Installing: /home/ahmedmuhammad/pingpong_ws/install/image_transport_tutorials/lib/libimage_transport_tutorials__rosidl_typesupport_fastrtps_c.so
[19.090s] -- Set runtime path of "/home/ahmedmuhammad/pingpong_ws/install/image_transport_tutorials/lib/libimage_transport_tutorials__rosidl_typesupport_fastrtps_c.so" to ""
[19.090s] -- Up-to-date: /home/ahmedmuhammad/pingpong_ws/install/image_transport_tutorials/include/image_transport_tutorials/image_transport_tutorials
[19.090s] -- Up-to-date: /home/ahmedmuhammad/pingpong_ws/install/image_transport_tutorials/include/image_transport_tutorials/image_transport_tutorials/msg
[19.090s] -- Up-to-date: /home/ahmedmuhammad/pingpong_ws/install/image_transport_tutorials/include/image_transport_tutorials/image_transport_tutorials/msg/detail
[19.090s] -- Installing: /home/ahmedmuhammad/pingpong_ws/install/image_transport_tutorials/include/image_transport_tutorials/image_transport_tutorials/msg/detail/resized_image__struct.hpp
[19.091s] -- Installing: /home/ahmedmuhammad/pingpong_ws/install/image_transport_tutorials/include/image_transport_tutorials/image_transport_tutorials/msg/detail/resized_image__builder.hpp
[19.091s] -- Installing: /home/ahmedmuhammad/pingpong_ws/install/image_transport_tutorials/include/image_transport_tutorials/image_transport_tutorials/msg/detail/resized_image__traits.hpp
[19.091s] -- Installing: /home/ahmedmuhammad/pingpong_ws/install/image_transport_tutorials/include/image_transport_tutorials/image_transport_tutorials/msg/resized_image.hpp
[19.091s] -- Up-to-date: /home/ahmedmuhammad/pingpong_ws/install/image_transport_tutorials/include/image_transport_tutorials/image_transport_tutorials
[19.091s] -- Up-to-date: /home/ahmedmuhammad/pingpong_ws/install/image_transport_tutorials/include/image_transport_tutorials/image_transport_tutorials/msg
[19.091s] -- Up-to-date: /home/ahmedmuhammad/pingpong_ws/install/image_transport_tutorials/include/image_transport_tutorials/image_transport_tutorials/msg/detail
[19.091s] -- Installing: /home/ahmedmuhammad/pingpong_ws/install/image_transport_tutorials/include/image_transport_tutorials/image_transport_tutorials/msg/detail/dds_fastrtps
[19.091s] -- Installing: /home/ahmedmuhammad/pingpong_ws/install/image_transport_tutorials/include/image_transport_tutorials/image_transport_tutorials/msg/detail/resized_image__rosidl_typesupport_fastrtps_cpp.hpp
[19.091s] -- Installing: /home/ahmedmuhammad/pingpong_ws/install/image_transport_tutorials/include/image_transport_tutorials/image_transport_tutorials/msg/rosidl_typesupport_fastrtps_cpp__visibility_control.h
[19.091s] -- Installing: /home/ahmedmuhammad/pingpong_ws/install/image_transport_tutorials/lib/libimage_transport_tutorials__rosidl_typesupport_fastrtps_cpp.so
[19.092s] -- Set runtime path of "/home/ahmedmuhammad/pingpong_ws/install/image_transport_tutorials/lib/libimage_transport_tutorials__rosidl_typesupport_fastrtps_cpp.so" to ""
[19.092s] -- Up-to-date: /home/ahmedmuhammad/pingpong_ws/install/image_transport_tutorials/include/image_transport_tutorials/image_transport_tutorials
[19.092s] -- Up-to-date: /home/ahmedmuhammad/pingpong_ws/install/image_transport_tutorials/include/image_transport_tutorials/image_transport_tutorials/msg
[19.092s] -- Up-to-date: /home/ahmedmuhammad/pingpong_ws/install/image_transport_tutorials/include/image_transport_tutorials/image_transport_tutorials/msg/detail
[19.092s] -- Installing: /home/ahmedmuhammad/pingpong_ws/install/image_transport_tutorials/include/image_transport_tutorials/image_transport_tutorials/msg/detail/resized_image__type_support.c
[19.092s] -- Installing: /home/ahmedmuhammad/pingpong_ws/install/image_transport_tutorials/include/image_transport_tutorials/image_transport_tutorials/msg/detail/resized_image__rosidl_typesupport_introspection_c.h
[19.092s] -- Installing: /home/ahmedmuhammad/pingpong_ws/install/image_transport_tutorials/include/image_transport_tutorials/image_transport_tutorials/msg/rosidl_typesupport_introspection_c__visibility_control.h
[19.092s] -- Installing: /home/ahmedmuhammad/pingpong_ws/install/image_transport_tutorials/lib/libimage_transport_tutorials__rosidl_typesupport_introspection_c.so
[19.092s] -- Set runtime path of "/home/ahmedmuhammad/pingpong_ws/install/image_transport_tutorials/lib/libimage_transport_tutorials__rosidl_typesupport_introspection_c.so" to ""
[19.092s] -- Installing: /home/ahmedmuhammad/pingpong_ws/install/image_transport_tutorials/lib/libimage_transport_tutorials__rosidl_typesupport_c.so
[19.093s] -- Set runtime path of "/home/ahmedmuhammad/pingpong_ws/install/image_transport_tutorials/lib/libimage_transport_tutorials__rosidl_typesupport_c.so" to ""
[19.093s] -- Up-to-date: /home/ahmedmuhammad/pingpong_ws/install/image_transport_tutorials/include/image_transport_tutorials/image_transport_tutorials
[19.093s] -- Up-to-date: /home/ahmedmuhammad/pingpong_ws/install/image_transport_tutorials/include/image_transport_tutorials/image_transport_tutorials/msg
[19.093s] -- Up-to-date: /home/ahmedmuhammad/pingpong_ws/install/image_transport_tutorials/include/image_transport_tutorials/image_transport_tutorials/msg/detail
[19.093s] -- Installing: /home/ahmedmuhammad/pingpong_ws/install/image_transport_tutorials/include/image_transport_tutorials/image_transport_tutorials/msg/detail/resized_image__type_support.cpp
[19.093s] -- Installing: /home/ahmedmuhammad/pingpong_ws/install/image_transport_tutorials/include/image_transport_tutorials/image_transport_tutorials/msg/detail/resized_image__rosidl_typesupport_introspection_cpp.hpp
[19.093s] -- Installing: /home/ahmedmuhammad/pingpong_ws/install/image_transport_tutorials/lib/libimage_transport_tutorials__rosidl_typesupport_introspection_cpp.so
[19.093s] -- Set runtime path of "/home/ahmedmuhammad/pingpong_ws/install/image_transport_tutorials/lib/libimage_transport_tutorials__rosidl_typesupport_introspection_cpp.so" to ""
[19.093s] -- Installing: /home/ahmedmuhammad/pingpong_ws/install/image_transport_tutorials/lib/libimage_transport_tutorials__rosidl_typesupport_cpp.so
[19.093s] -- Set runtime path of "/home/ahmedmuhammad/pingpong_ws/install/image_transport_tutorials/lib/libimage_transport_tutorials__rosidl_typesupport_cpp.so" to ""
[19.093s] -- Installing: /home/ahmedmuhammad/pingpong_ws/install/image_transport_tutorials/share/image_transport_tutorials/environment/pythonpath.sh
[19.093s] -- Installing: /home/ahmedmuhammad/pingpong_ws/install/image_transport_tutorials/share/image_transport_tutorials/environment/pythonpath.dsv
[19.093s] -- Installing: /home/ahmedmuhammad/pingpong_ws/install/image_transport_tutorials/local/lib/python3.10/dist-packages/image_transport_tutorials-0.0.0-py3.10.egg-info
[19.094s] -- Installing: /home/ahmedmuhammad/pingpong_ws/install/image_transport_tutorials/local/lib/python3.10/dist-packages/image_transport_tutorials-0.0.0-py3.10.egg-info/SOURCES.txt
[19.094s] -- Installing: /home/ahmedmuhammad/pingpong_ws/install/image_transport_tutorials/local/lib/python3.10/dist-packages/image_transport_tutorials-0.0.0-py3.10.egg-info/top_level.txt
[19.094s] -- Installing: /home/ahmedmuhammad/pingpong_ws/install/image_transport_tutorials/local/lib/python3.10/dist-packages/image_transport_tutorials-0.0.0-py3.10.egg-info/dependency_links.txt
[19.094s] -- Installing: /home/ahmedmuhammad/pingpong_ws/install/image_transport_tutorials/local/lib/python3.10/dist-packages/image_transport_tutorials-0.0.0-py3.10.egg-info/PKG-INFO
[19.094s] -- Installing: /home/ahmedmuhammad/pingpong_ws/install/image_transport_tutorials/local/lib/python3.10/dist-packages/image_transport_tutorials
[19.094s] -- Installing: /home/ahmedmuhammad/pingpong_ws/install/image_transport_tutorials/local/lib/python3.10/dist-packages/image_transport_tutorials/image_transport_tutorials_s__rosidl_typesupport_introspection_c.cpython-310-x86_64-linux-gnu.so
[19.094s] -- Installing: /home/ahmedmuhammad/pingpong_ws/install/image_transport_tutorials/local/lib/python3.10/dist-packages/image_transport_tutorials/_image_transport_tutorials_s.ep.rosidl_typesupport_fastrtps_c.c
[19.094s] -- Installing: /home/ahmedmuhammad/pingpong_ws/install/image_transport_tutorials/local/lib/python3.10/dist-packages/image_transport_tutorials/__init__.py
[19.094s] -- Installing: /home/ahmedmuhammad/pingpong_ws/install/image_transport_tutorials/local/lib/python3.10/dist-packages/image_transport_tutorials/image_transport_tutorials_s__rosidl_typesupport_fastrtps_c.cpython-310-x86_64-linux-gnu.so
[19.094s] -- Installing: /home/ahmedmuhammad/pingpong_ws/install/image_transport_tutorials/local/lib/python3.10/dist-packages/image_transport_tutorials/msg
[19.095s] -- Installing: /home/ahmedmuhammad/pingpong_ws/install/image_transport_tutorials/local/lib/python3.10/dist-packages/image_transport_tutorials/msg/__init__.py
[19.095s] -- Installing: /home/ahmedmuhammad/pingpong_ws/install/image_transport_tutorials/local/lib/python3.10/dist-packages/image_transport_tutorials/msg/_resized_image.py
[19.095s] -- Installing: /home/ahmedmuhammad/pingpong_ws/install/image_transport_tutorials/local/lib/python3.10/dist-packages/image_transport_tutorials/msg/_resized_image_s.c
[19.095s] -- Installing: /home/ahmedmuhammad/pingpong_ws/install/image_transport_tutorials/local/lib/python3.10/dist-packages/image_transport_tutorials/libimage_transport_tutorials__rosidl_generator_py.so
[19.095s] -- Installing: /home/ahmedmuhammad/pingpong_ws/install/image_transport_tutorials/local/lib/python3.10/dist-packages/image_transport_tutorials/image_transport_tutorials_s__rosidl_typesupport_c.cpython-310-x86_64-linux-gnu.so
[19.095s] -- Installing: /home/ahmedmuhammad/pingpong_ws/install/image_transport_tutorials/local/lib/python3.10/dist-packages/image_transport_tutorials/_image_transport_tutorials_s.ep.rosidl_typesupport_c.c
[19.095s] -- Installing: /home/ahmedmuhammad/pingpong_ws/install/image_transport_tutorials/local/lib/python3.10/dist-packages/image_transport_tutorials/_image_transport_tutorials_s.ep.rosidl_typesupport_introspection_c.c
[19.120s] Listing '/home/ahmedmuhammad/pingpong_ws/install/image_transport_tutorials/local/lib/python3.10/dist-packages/image_transport_tutorials'...
[19.120s] Compiling '/home/ahmedmuhammad/pingpong_ws/install/image_transport_tutorials/local/lib/python3.10/dist-packages/image_transport_tutorials/__init__.py'...
[19.120s] Listing '/home/ahmedmuhammad/pingpong_ws/install/image_transport_tutorials/local/lib/python3.10/dist-packages/image_transport_tutorials/msg'...
[19.121s] Compiling '/home/ahmedmuhammad/pingpong_ws/install/image_transport_tutorials/local/lib/python3.10/dist-packages/image_transport_tutorials/msg/__init__.py'...
[19.121s] Compiling '/home/ahmedmuhammad/pingpong_ws/install/image_transport_tutorials/local/lib/python3.10/dist-packages/image_transport_tutorials/msg/_resized_image.py'...
[19.124s] -- Installing: /home/ahmedmuhammad/pingpong_ws/install/image_transport_tutorials/local/lib/python3.10/dist-packages/image_transport_tutorials/image_transport_tutorials_s__rosidl_typesupport_fastrtps_c.cpython-310-x86_64-linux-gnu.so
[19.124s] -- Set runtime path of "/home/ahmedmuhammad/pingpong_ws/install/image_transport_tutorials/local/lib/python3.10/dist-packages/image_transport_tutorials/image_transport_tutorials_s__rosidl_typesupport_fastrtps_c.cpython-310-x86_64-linux-gnu.so" to ""
[19.124s] -- Installing: /home/ahmedmuhammad/pingpong_ws/install/image_transport_tutorials/local/lib/python3.10/dist-packages/image_transport_tutorials/image_transport_tutorials_s__rosidl_typesupport_introspection_c.cpython-310-x86_64-linux-gnu.so
[19.125s] -- Set runtime path of "/home/ahmedmuhammad/pingpong_ws/install/image_transport_tutorials/local/lib/python3.10/dist-packages/image_transport_tutorials/image_transport_tutorials_s__rosidl_typesupport_introspection_c.cpython-310-x86_64-linux-gnu.so" to ""
[19.125s] -- Installing: /home/ahmedmuhammad/pingpong_ws/install/image_transport_tutorials/local/lib/python3.10/dist-packages/image_transport_tutorials/image_transport_tutorials_s__rosidl_typesupport_c.cpython-310-x86_64-linux-gnu.so
[19.125s] -- Set runtime path of "/home/ahmedmuhammad/pingpong_ws/install/image_transport_tutorials/local/lib/python3.10/dist-packages/image_transport_tutorials/image_transport_tutorials_s__rosidl_typesupport_c.cpython-310-x86_64-linux-gnu.so" to ""
[19.125s] -- Installing: /home/ahmedmuhammad/pingpong_ws/install/image_transport_tutorials/lib/libimage_transport_tutorials__rosidl_generator_py.so
[19.125s] -- Set runtime path of "/home/ahmedmuhammad/pingpong_ws/install/image_transport_tutorials/lib/libimage_transport_tutorials__rosidl_generator_py.so" to ""
[19.125s] -- Installing: /home/ahmedmuhammad/pingpong_ws/install/image_transport_tutorials/share/image_transport_tutorials/msg/ResizedImage.idl
[19.126s] -- Installing: /home/ahmedmuhammad/pingpong_ws/install/image_transport_tutorials/share/image_transport_tutorials/msg/ResizedImage.msg
[19.126s] -- Installing: /home/ahmedmuhammad/pingpong_ws/install/image_transport_tutorials/share/image_transport_tutorials/resized_plugins.xml
[19.126s] -- Installing: /home/ahmedmuhammad/pingpong_ws/install/image_transport_tutorials/lib/image_transport_tutorials/my_publisher
[19.127s] -- Set runtime path of "/home/ahmedmuhammad/pingpong_ws/install/image_transport_tutorials/lib/image_transport_tutorials/my_publisher" to ""
[19.127s] -- Installing: /home/ahmedmuhammad/pingpong_ws/install/image_transport_tutorials/lib/image_transport_tutorials/my_subscriber
[19.127s] -- Set runtime path of "/home/ahmedmuhammad/pingpong_ws/install/image_transport_tutorials/lib/image_transport_tutorials/my_subscriber" to ""
[19.127s] -- Installing: /home/ahmedmuhammad/pingpong_ws/install/image_transport_tutorials/lib/libresized_plugins.so
[19.132s] -- Set runtime path of "/home/ahmedmuhammad/pingpong_ws/install/image_transport_tutorials/lib/libresized_plugins.so" to ""
[19.132s] -- Installing: /home/ahmedmuhammad/pingpong_ws/install/image_transport_tutorials/lib/image_transport_tutorials/publisher_from_video
[19.132s] -- Set runtime path of "/home/ahmedmuhammad/pingpong_ws/install/image_transport_tutorials/lib/image_transport_tutorials/publisher_from_video" to ""
[19.132s] -- Up-to-date: /home/ahmedmuhammad/pingpong_ws/install/image_transport_tutorials/include/image_transport_tutorials
[19.133s] -- Up-to-date: /home/ahmedmuhammad/pingpong_ws/install/image_transport_tutorials/include/image_transport_tutorials/image_transport_tutorials
[19.133s] -- Installing: /home/ahmedmuhammad/pingpong_ws/install/image_transport_tutorials/include/image_transport_tutorials/image_transport_tutorials/resized_publisher.hpp
[19.133s] -- Installing: /home/ahmedmuhammad/pingpong_ws/install/image_transport_tutorials/include/image_transport_tutorials/image_transport_tutorials/resized_subscriber.hpp
[19.133s] -- Installing: /home/ahmedmuhammad/pingpong_ws/install/image_transport_tutorials/share/ament_index/resource_index/package_run_dependencies/image_transport_tutorials
[19.133s] -- Installing: /home/ahmedmuhammad/pingpong_ws/install/image_transport_tutorials/share/ament_index/resource_index/parent_prefix_path/image_transport_tutorials
[19.133s] -- Installing: /home/ahmedmuhammad/pingpong_ws/install/image_transport_tutorials/share/image_transport_tutorials/environment/ament_prefix_path.sh
[19.133s] -- Installing: /home/ahmedmuhammad/pingpong_ws/install/image_transport_tutorials/share/image_transport_tutorials/environment/ament_prefix_path.dsv
[19.134s] -- Installing: /home/ahmedmuhammad/pingpong_ws/install/image_transport_tutorials/share/image_transport_tutorials/environment/path.sh
[19.134s] -- Installing: /home/ahmedmuhammad/pingpong_ws/install/image_transport_tutorials/share/image_transport_tutorials/environment/path.dsv
[19.134s] -- Installing: /home/ahmedmuhammad/pingpong_ws/install/image_transport_tutorials/share/image_transport_tutorials/local_setup.bash
[19.134s] -- Installing: /home/ahmedmuhammad/pingpong_ws/install/image_transport_tutorials/share/image_transport_tutorials/local_setup.sh
[19.134s] -- Installing: /home/ahmedmuhammad/pingpong_ws/install/image_transport_tutorials/share/image_transport_tutorials/local_setup.zsh
[19.134s] -- Installing: /home/ahmedmuhammad/pingpong_ws/install/image_transport_tutorials/share/image_transport_tutorials/local_setup.dsv
[19.134s] -- Installing: /home/ahmedmuhammad/pingpong_ws/install/image_transport_tutorials/share/image_transport_tutorials/package.dsv
[19.134s] -- Installing: /home/ahmedmuhammad/pingpong_ws/install/image_transport_tutorials/share/ament_index/resource_index/packages/image_transport_tutorials
[19.134s] -- Installing: /home/ahmedmuhammad/pingpong_ws/install/image_transport_tutorials/share/ament_index/resource_index/image_transport_tutorials__pluginlib__plugin/image_transport_tutorials
[19.135s] -- Installing: /home/ahmedmuhammad/pingpong_ws/install/image_transport_tutorials/share/image_transport_tutorials/cmake/export_image_transport_tutorials__rosidl_generator_cExport.cmake
[19.135s] -- Installing: /home/ahmedmuhammad/pingpong_ws/install/image_transport_tutorials/share/image_transport_tutorials/cmake/export_image_transport_tutorials__rosidl_generator_cExport-noconfig.cmake
[19.135s] -- Installing: /home/ahmedmuhammad/pingpong_ws/install/image_transport_tutorials/share/image_transport_tutorials/cmake/export_image_transport_tutorials__rosidl_typesupport_fastrtps_cExport.cmake
[19.135s] -- Installing: /home/ahmedmuhammad/pingpong_ws/install/image_transport_tutorials/share/image_transport_tutorials/cmake/export_image_transport_tutorials__rosidl_typesupport_fastrtps_cExport-noconfig.cmake
[19.135s] -- Installing: /home/ahmedmuhammad/pingpong_ws/install/image_transport_tutorials/share/image_transport_tutorials/cmake/export_image_transport_tutorials__rosidl_generator_cppExport.cmake
[19.135s] -- Installing: /home/ahmedmuhammad/pingpong_ws/install/image_transport_tutorials/share/image_transport_tutorials/cmake/export_image_transport_tutorials__rosidl_typesupport_fastrtps_cppExport.cmake
[19.135s] -- Installing: /home/ahmedmuhammad/pingpong_ws/install/image_transport_tutorials/share/image_transport_tutorials/cmake/export_image_transport_tutorials__rosidl_typesupport_fastrtps_cppExport-noconfig.cmake
[19.135s] -- Installing: /home/ahmedmuhammad/pingpong_ws/install/image_transport_tutorials/share/image_transport_tutorials/cmake/image_transport_tutorials__rosidl_typesupport_introspection_cExport.cmake
[19.135s] -- Installing: /home/ahmedmuhammad/pingpong_ws/install/image_transport_tutorials/share/image_transport_tutorials/cmake/image_transport_tutorials__rosidl_typesupport_introspection_cExport-noconfig.cmake
[19.135s] -- Installing: /home/ahmedmuhammad/pingpong_ws/install/image_transport_tutorials/share/image_transport_tutorials/cmake/image_transport_tutorials__rosidl_typesupport_cExport.cmake
[19.136s] -- Installing: /home/ahmedmuhammad/pingpong_ws/install/image_transport_tutorials/share/image_transport_tutorials/cmake/image_transport_tutorials__rosidl_typesupport_cExport-noconfig.cmake
[19.136s] -- Installing: /home/ahmedmuhammad/pingpong_ws/install/image_transport_tutorials/share/image_transport_tutorials/cmake/image_transport_tutorials__rosidl_typesupport_introspection_cppExport.cmake
[19.136s] -- Installing: /home/ahmedmuhammad/pingpong_ws/install/image_transport_tutorials/share/image_transport_tutorials/cmake/image_transport_tutorials__rosidl_typesupport_introspection_cppExport-noconfig.cmake
[19.136s] -- Installing: /home/ahmedmuhammad/pingpong_ws/install/image_transport_tutorials/share/image_transport_tutorials/cmake/image_transport_tutorials__rosidl_typesupport_cppExport.cmake
[19.136s] -- Installing: /home/ahmedmuhammad/pingpong_ws/install/image_transport_tutorials/share/image_transport_tutorials/cmake/image_transport_tutorials__rosidl_typesupport_cppExport-noconfig.cmake
[19.136s] -- Installing: /home/ahmedmuhammad/pingpong_ws/install/image_transport_tutorials/share/image_transport_tutorials/cmake/export_image_transport_tutorials__rosidl_generator_pyExport.cmake
[19.136s] -- Installing: /home/ahmedmuhammad/pingpong_ws/install/image_transport_tutorials/share/image_transport_tutorials/cmake/export_image_transport_tutorials__rosidl_generator_pyExport-noconfig.cmake
[19.136s] -- Installing: /home/ahmedmuhammad/pingpong_ws/install/image_transport_tutorials/share/image_transport_tutorials/cmake/rosidl_cmake-extras.cmake
[19.136s] -- Installing: /home/ahmedmuhammad/pingpong_ws/install/image_transport_tutorials/share/image_transport_tutorials/cmake/ament_cmake_export_dependencies-extras.cmake
[19.137s] -- Installing: /home/ahmedmuhammad/pingpong_ws/install/image_transport_tutorials/share/image_transport_tutorials/cmake/ament_cmake_export_include_directories-extras.cmake
[19.137s] -- Installing: /home/ahmedmuhammad/pingpong_ws/install/image_transport_tutorials/share/image_transport_tutorials/cmake/ament_cmake_export_libraries-extras.cmake
[19.137s] -- Installing: /home/ahmedmuhammad/pingpong_ws/install/image_transport_tutorials/share/image_transport_tutorials/cmake/ament_cmake_export_targets-extras.cmake
[19.137s] -- Installing: /home/ahmedmuhammad/pingpong_ws/install/image_transport_tutorials/share/image_transport_tutorials/cmake/rosidl_cmake_export_typesupport_targets-extras.cmake
[19.137s] -- Installing: /home/ahmedmuhammad/pingpong_ws/install/image_transport_tutorials/share/image_transport_tutorials/cmake/rosidl_cmake_export_typesupport_libraries-extras.cmake
[19.137s] -- Installing: /home/ahmedmuhammad/pingpong_ws/install/image_transport_tutorials/share/image_transport_tutorials/cmake/image_transport_tutorialsConfig.cmake
[19.137s] -- Installing: /home/ahmedmuhammad/pingpong_ws/install/image_transport_tutorials/share/image_transport_tutorials/cmake/image_transport_tutorialsConfig-version.cmake
[19.137s] -- Installing: /home/ahmedmuhammad/pingpong_ws/install/image_transport_tutorials/share/image_transport_tutorials/package.xml
[19.139s] Invoked command in '/home/ahmedmuhammad/pingpong_ws/build/image_transport_tutorials' returned '0': CMAKE_PREFIX_PATH=${CMAKE_PREFIX_PATH}:/home/ahmedmuhammad/pingpong_ws/install/media_pipe:/home/ahmedmuhammad/pingpong_ws/install/check_image_size:/opt/ros/humble /usr/bin/cmake --install /home/ahmedmuhammad/pingpong_ws/build/image_transport_tutorials
