running egg_info
writing ../../build/media_pipe/media_pipe.egg-info/PKG-INFO
writing dependency_links to ../../build/media_pipe/media_pipe.egg-info/dependency_links.txt
writing entry points to ../../build/media_pipe/media_pipe.egg-info/entry_points.txt
writing requirements to ../../build/media_pipe/media_pipe.egg-info/requires.txt
writing top-level names to ../../build/media_pipe/media_pipe.egg-info/top_level.txt
reading manifest file '../../build/media_pipe/media_pipe.egg-info/SOURCES.txt'
adding license file 'LICENSE'
writing manifest file '../../build/media_pipe/media_pipe.egg-info/SOURCES.txt'
running build
running build_py
copying media_pipe/media_pipe.py -> /home/ahmedmuhammad/pingpong_ws/build/media_pipe/build/lib/media_pipe
running install
running install_lib
copying /home/ahmedmuhammad/pingpong_ws/build/media_pipe/build/lib/media_pipe/media_pipe.py -> /home/ahmedmuhammad/pingpong_ws/install/media_pipe/lib/python3.10/site-packages/media_pipe
byte-compiling /home/ahmedmuhammad/pingpong_ws/install/media_pipe/lib/python3.10/site-packages/media_pipe/media_pipe.py to media_pipe.cpython-310.pyc
running install_data
running install_egg_info
removing '/home/ahmedmuhammad/pingpong_ws/install/media_pipe/lib/python3.10/site-packages/media_pipe-0.0.0-py3.10.egg-info' (and everything under it)
Copying ../../build/media_pipe/media_pipe.egg-info to /home/ahmedmuhammad/pingpong_ws/install/media_pipe/lib/python3.10/site-packages/media_pipe-0.0.0-py3.10.egg-info
running install_scripts
Installing media_pipe script to /home/ahmedmuhammad/pingpong_ws/install/media_pipe/lib/media_pipe
writing list of installed files to '/home/ahmedmuhammad/pingpong_ws/build/media_pipe/install.log'
