running egg_info
writing ../../build/check_image_size/check_image_size.egg-info/PKG-INFO
writing dependency_links to ../../build/check_image_size/check_image_size.egg-info/dependency_links.txt
writing entry points to ../../build/check_image_size/check_image_size.egg-info/entry_points.txt
writing requirements to ../../build/check_image_size/check_image_size.egg-info/requires.txt
writing top-level names to ../../build/check_image_size/check_image_size.egg-info/top_level.txt
reading manifest file '../../build/check_image_size/check_image_size.egg-info/SOURCES.txt'
adding license file 'LICENSE'
writing manifest file '../../build/check_image_size/check_image_size.egg-info/SOURCES.txt'
running build
running build_py
running install
/usr/lib/python3/dist-packages/setuptools/command/install.py:34: SetuptoolsDeprecationWarning: setup.py install is deprecated. Use build and pip and other standards-based tools.
  warnings.warn(
running install_lib
running install_data
running install_egg_info
removing '/home/ahmedmuhammad/pingpong_ws/install/check_image_size/lib/python3.10/site-packages/check_image_size-0.0.0-py3.10.egg-info' (and everything under it)
Copying ../../build/check_image_size/check_image_size.egg-info to /home/ahmedmuhammad/pingpong_ws/install/check_image_size/lib/python3.10/site-packages/check_image_size-0.0.0-py3.10.egg-info
running install_scripts
Installing image_size_comparator script to /home/ahmedmuhammad/pingpong_ws/install/check_image_size/lib/check_image_size
writing list of installed files to '/home/ahmedmuhammad/pingpong_ws/build/check_image_size/install.log'
