[0.125s] Invoking command in '/home/ahmedmuhammad/pingpong_ws/build/player_commands': CMAKE_PREFIX_PATH=/opt/ros/humble /usr/bin/cmake --build /home/ahmedmuhammad/pingpong_ws/build/player_commands -- -j16 -l16
[0.350s] [  6%] Built target player_commands__cpp
[0.350s] [ 12%] Built target player_commands__rosidl_generator_c
[0.350s] [ 12%] Built target ament_cmake_python_copy_player_commands
[0.350s] [ 22%] Built target player_commands__rosidl_typesupport_fastrtps_cpp
[0.350s] [ 32%] Built target player_commands__rosidl_typesupport_c
[0.350s] [ 51%] Built target player_commands__rosidl_typesupport_cpp
[0.350s] [ 51%] Built target player_commands__rosidl_typesupport_introspection_cpp
[0.351s] [ 61%] Built target player_commands__rosidl_typesupport_introspection_c
[0.351s] [ 70%] Built target player_commands__rosidl_typesupport_fastrtps_c
[0.351s] [ 70%] Built target player_commands
[0.351s] [ 74%] Built target player_commands__py
[0.351s] [ 80%] Built target player_commands__rosidl_generator_py
[0.351s] [100%] Built target player_commands__rosidl_typesupport_fastrtps_c__pyext
[0.351s] [100%] Built target player_commands__rosidl_typesupport_introspection_c__pyext
[0.351s] [100%] Built target player_commands__rosidl_typesupport_c__pyext
[0.376s] running egg_info
[0.377s] writing player_commands.egg-info/PKG-INFO
[0.378s] writing dependency_links to player_commands.egg-info/dependency_links.txt
[0.378s] writing top-level names to player_commands.egg-info/top_level.txt
[0.381s] reading manifest file 'player_commands.egg-info/SOURCES.txt'
[0.382s] writing manifest file 'player_commands.egg-info/SOURCES.txt'
[0.411s] [100%] Built target ament_cmake_python_build_player_commands_egg
[0.421s] Invoked command in '/home/ahmedmuhammad/pingpong_ws/build/player_commands' returned '0': CMAKE_PREFIX_PATH=/opt/ros/humble /usr/bin/cmake --build /home/ahmedmuhammad/pingpong_ws/build/player_commands -- -j16 -l16
[0.463s] Invoking command in '/home/ahmedmuhammad/pingpong_ws/build/player_commands': CMAKE_PREFIX_PATH=/opt/ros/humble /usr/bin/cmake --install /home/ahmedmuhammad/pingpong_ws/build/player_commands
[0.469s] -- Install configuration: ""
[0.470s] -- Up-to-date: /home/ahmedmuhammad/pingpong_ws/install/player_commands/share/ament_index/resource_index/rosidl_interfaces/player_commands
[0.470s] -- Up-to-date: /home/ahmedmuhammad/pingpong_ws/install/player_commands/include/player_commands/player_commands
[0.470s] -- Up-to-date: /home/ahmedmuhammad/pingpong_ws/install/player_commands/include/player_commands/player_commands/msg
[0.470s] -- Up-to-date: /home/ahmedmuhammad/pingpong_ws/install/player_commands/include/player_commands/player_commands/msg/detail
[0.470s] -- Up-to-date: /home/ahmedmuhammad/pingpong_ws/install/player_commands/include/player_commands/player_commands/msg/detail/player_command__struct.h
[0.470s] -- Up-to-date: /home/ahmedmuhammad/pingpong_ws/install/player_commands/include/player_commands/player_commands/msg/detail/player_command__functions.h
[0.470s] -- Up-to-date: /home/ahmedmuhammad/pingpong_ws/install/player_commands/include/player_commands/player_commands/msg/detail/player_command__type_support.h
[0.470s] -- Up-to-date: /home/ahmedmuhammad/pingpong_ws/install/player_commands/include/player_commands/player_commands/msg/detail/player_command__functions.c
[0.470s] -- Up-to-date: /home/ahmedmuhammad/pingpong_ws/install/player_commands/include/player_commands/player_commands/msg/player_command.h
[0.470s] -- Up-to-date: /home/ahmedmuhammad/pingpong_ws/install/player_commands/include/player_commands/player_commands/msg/rosidl_generator_c__visibility_control.h
[0.470s] -- Up-to-date: /home/ahmedmuhammad/pingpong_ws/install/player_commands/share/player_commands/environment/library_path.sh
[0.470s] -- Up-to-date: /home/ahmedmuhammad/pingpong_ws/install/player_commands/share/player_commands/environment/library_path.dsv
[0.471s] -- Up-to-date: /home/ahmedmuhammad/pingpong_ws/install/player_commands/lib/libplayer_commands__rosidl_generator_c.so
[0.471s] -- Up-to-date: /home/ahmedmuhammad/pingpong_ws/install/player_commands/include/player_commands/player_commands
[0.471s] -- Up-to-date: /home/ahmedmuhammad/pingpong_ws/install/player_commands/include/player_commands/player_commands/msg
[0.471s] -- Up-to-date: /home/ahmedmuhammad/pingpong_ws/install/player_commands/include/player_commands/player_commands/msg/detail
[0.471s] -- Up-to-date: /home/ahmedmuhammad/pingpong_ws/install/player_commands/include/player_commands/player_commands/msg/detail/player_command__rosidl_typesupport_fastrtps_c.h
[0.471s] -- Up-to-date: /home/ahmedmuhammad/pingpong_ws/install/player_commands/include/player_commands/player_commands/msg/rosidl_typesupport_fastrtps_c__visibility_control.h
[0.472s] -- Up-to-date: /home/ahmedmuhammad/pingpong_ws/install/player_commands/lib/libplayer_commands__rosidl_typesupport_fastrtps_c.so
[0.472s] -- Up-to-date: /home/ahmedmuhammad/pingpong_ws/install/player_commands/include/player_commands/player_commands
[0.472s] -- Up-to-date: /home/ahmedmuhammad/pingpong_ws/install/player_commands/include/player_commands/player_commands/msg
[0.472s] -- Up-to-date: /home/ahmedmuhammad/pingpong_ws/install/player_commands/include/player_commands/player_commands/msg/detail
[0.472s] -- Up-to-date: /home/ahmedmuhammad/pingpong_ws/install/player_commands/include/player_commands/player_commands/msg/detail/player_command__type_support.c
[0.472s] -- Up-to-date: /home/ahmedmuhammad/pingpong_ws/install/player_commands/include/player_commands/player_commands/msg/detail/player_command__rosidl_typesupport_introspection_c.h
[0.472s] -- Up-to-date: /home/ahmedmuhammad/pingpong_ws/install/player_commands/include/player_commands/player_commands/msg/rosidl_typesupport_introspection_c__visibility_control.h
[0.473s] -- Up-to-date: /home/ahmedmuhammad/pingpong_ws/install/player_commands/lib/libplayer_commands__rosidl_typesupport_introspection_c.so
[0.473s] -- Up-to-date: /home/ahmedmuhammad/pingpong_ws/install/player_commands/lib/libplayer_commands__rosidl_typesupport_c.so
[0.473s] -- Up-to-date: /home/ahmedmuhammad/pingpong_ws/install/player_commands/include/player_commands/player_commands
[0.474s] -- Up-to-date: /home/ahmedmuhammad/pingpong_ws/install/player_commands/include/player_commands/player_commands/msg
[0.474s] -- Up-to-date: /home/ahmedmuhammad/pingpong_ws/install/player_commands/include/player_commands/player_commands/msg/detail
[0.474s] -- Up-to-date: /home/ahmedmuhammad/pingpong_ws/install/player_commands/include/player_commands/player_commands/msg/detail/player_command__traits.hpp
[0.474s] -- Up-to-date: /home/ahmedmuhammad/pingpong_ws/install/player_commands/include/player_commands/player_commands/msg/detail/player_command__struct.hpp
[0.474s] -- Up-to-date: /home/ahmedmuhammad/pingpong_ws/install/player_commands/include/player_commands/player_commands/msg/detail/player_command__builder.hpp
[0.474s] -- Up-to-date: /home/ahmedmuhammad/pingpong_ws/install/player_commands/include/player_commands/player_commands/msg/player_command.hpp
[0.474s] -- Up-to-date: /home/ahmedmuhammad/pingpong_ws/install/player_commands/include/player_commands/player_commands
[0.474s] -- Up-to-date: /home/ahmedmuhammad/pingpong_ws/install/player_commands/include/player_commands/player_commands/msg
[0.474s] -- Up-to-date: /home/ahmedmuhammad/pingpong_ws/install/player_commands/include/player_commands/player_commands/msg/detail
[0.474s] -- Up-to-date: /home/ahmedmuhammad/pingpong_ws/install/player_commands/include/player_commands/player_commands/msg/detail/dds_fastrtps
[0.474s] -- Up-to-date: /home/ahmedmuhammad/pingpong_ws/install/player_commands/include/player_commands/player_commands/msg/detail/player_command__rosidl_typesupport_fastrtps_cpp.hpp
[0.474s] -- Up-to-date: /home/ahmedmuhammad/pingpong_ws/install/player_commands/include/player_commands/player_commands/msg/rosidl_typesupport_fastrtps_cpp__visibility_control.h
[0.475s] -- Up-to-date: /home/ahmedmuhammad/pingpong_ws/install/player_commands/lib/libplayer_commands__rosidl_typesupport_fastrtps_cpp.so
[0.475s] -- Up-to-date: /home/ahmedmuhammad/pingpong_ws/install/player_commands/include/player_commands/player_commands
[0.475s] -- Up-to-date: /home/ahmedmuhammad/pingpong_ws/install/player_commands/include/player_commands/player_commands/msg
[0.475s] -- Up-to-date: /home/ahmedmuhammad/pingpong_ws/install/player_commands/include/player_commands/player_commands/msg/detail
[0.475s] -- Up-to-date: /home/ahmedmuhammad/pingpong_ws/install/player_commands/include/player_commands/player_commands/msg/detail/player_command__rosidl_typesupport_introspection_cpp.hpp
[0.475s] -- Up-to-date: /home/ahmedmuhammad/pingpong_ws/install/player_commands/include/player_commands/player_commands/msg/detail/player_command__type_support.cpp
[0.476s] -- Up-to-date: /home/ahmedmuhammad/pingpong_ws/install/player_commands/lib/libplayer_commands__rosidl_typesupport_introspection_cpp.so
[0.476s] -- Up-to-date: /home/ahmedmuhammad/pingpong_ws/install/player_commands/lib/libplayer_commands__rosidl_typesupport_cpp.so
[0.476s] -- Up-to-date: /home/ahmedmuhammad/pingpong_ws/install/player_commands/share/player_commands/environment/pythonpath.sh
[0.477s] -- Up-to-date: /home/ahmedmuhammad/pingpong_ws/install/player_commands/share/player_commands/environment/pythonpath.dsv
[0.477s] -- Up-to-date: /home/ahmedmuhammad/pingpong_ws/install/player_commands/local/lib/python3.10/dist-packages/player_commands-0.0.0-py3.10.egg-info
[0.477s] -- Installing: /home/ahmedmuhammad/pingpong_ws/install/player_commands/local/lib/python3.10/dist-packages/player_commands-0.0.0-py3.10.egg-info/SOURCES.txt
[0.477s] -- Installing: /home/ahmedmuhammad/pingpong_ws/install/player_commands/local/lib/python3.10/dist-packages/player_commands-0.0.0-py3.10.egg-info/top_level.txt
[0.477s] -- Installing: /home/ahmedmuhammad/pingpong_ws/install/player_commands/local/lib/python3.10/dist-packages/player_commands-0.0.0-py3.10.egg-info/dependency_links.txt
[0.477s] -- Installing: /home/ahmedmuhammad/pingpong_ws/install/player_commands/local/lib/python3.10/dist-packages/player_commands-0.0.0-py3.10.egg-info/PKG-INFO
[0.477s] -- Up-to-date: /home/ahmedmuhammad/pingpong_ws/install/player_commands/local/lib/python3.10/dist-packages/player_commands
[0.477s] -- Up-to-date: /home/ahmedmuhammad/pingpong_ws/install/player_commands/local/lib/python3.10/dist-packages/player_commands/__init__.py
[0.477s] -- Up-to-date: /home/ahmedmuhammad/pingpong_ws/install/player_commands/local/lib/python3.10/dist-packages/player_commands/msg
[0.478s] -- Up-to-date: /home/ahmedmuhammad/pingpong_ws/install/player_commands/local/lib/python3.10/dist-packages/player_commands/msg/_player_command.py
[0.478s] -- Up-to-date: /home/ahmedmuhammad/pingpong_ws/install/player_commands/local/lib/python3.10/dist-packages/player_commands/msg/__init__.py
[0.478s] -- Up-to-date: /home/ahmedmuhammad/pingpong_ws/install/player_commands/local/lib/python3.10/dist-packages/player_commands/msg/_player_command_s.c
[0.478s] -- Up-to-date: /home/ahmedmuhammad/pingpong_ws/install/player_commands/local/lib/python3.10/dist-packages/player_commands/player_commands_s__rosidl_typesupport_introspection_c.cpython-310-x86_64-linux-gnu.so
[0.478s] -- Up-to-date: /home/ahmedmuhammad/pingpong_ws/install/player_commands/local/lib/python3.10/dist-packages/player_commands/_player_commands_s.ep.rosidl_typesupport_fastrtps_c.c
[0.478s] -- Up-to-date: /home/ahmedmuhammad/pingpong_ws/install/player_commands/local/lib/python3.10/dist-packages/player_commands/player_commands_s__rosidl_typesupport_fastrtps_c.cpython-310-x86_64-linux-gnu.so
[0.478s] -- Up-to-date: /home/ahmedmuhammad/pingpong_ws/install/player_commands/local/lib/python3.10/dist-packages/player_commands/_player_commands_s.ep.rosidl_typesupport_introspection_c.c
[0.478s] -- Up-to-date: /home/ahmedmuhammad/pingpong_ws/install/player_commands/local/lib/python3.10/dist-packages/player_commands/_player_commands_s.ep.rosidl_typesupport_c.c
[0.478s] -- Up-to-date: /home/ahmedmuhammad/pingpong_ws/install/player_commands/local/lib/python3.10/dist-packages/player_commands/libplayer_commands__rosidl_generator_py.so
[0.478s] -- Up-to-date: /home/ahmedmuhammad/pingpong_ws/install/player_commands/local/lib/python3.10/dist-packages/player_commands/player_commands_s__rosidl_typesupport_c.cpython-310-x86_64-linux-gnu.so
[0.500s] Listing '/home/ahmedmuhammad/pingpong_ws/install/player_commands/local/lib/python3.10/dist-packages/player_commands'...
[0.500s] Listing '/home/ahmedmuhammad/pingpong_ws/install/player_commands/local/lib/python3.10/dist-packages/player_commands/msg'...
[0.504s] -- Up-to-date: /home/ahmedmuhammad/pingpong_ws/install/player_commands/local/lib/python3.10/dist-packages/player_commands/player_commands_s__rosidl_typesupport_fastrtps_c.cpython-310-x86_64-linux-gnu.so
[0.505s] -- Up-to-date: /home/ahmedmuhammad/pingpong_ws/install/player_commands/local/lib/python3.10/dist-packages/player_commands/player_commands_s__rosidl_typesupport_introspection_c.cpython-310-x86_64-linux-gnu.so
[0.505s] -- Up-to-date: /home/ahmedmuhammad/pingpong_ws/install/player_commands/local/lib/python3.10/dist-packages/player_commands/player_commands_s__rosidl_typesupport_c.cpython-310-x86_64-linux-gnu.so
[0.506s] -- Up-to-date: /home/ahmedmuhammad/pingpong_ws/install/player_commands/lib/libplayer_commands__rosidl_generator_py.so
[0.506s] -- Up-to-date: /home/ahmedmuhammad/pingpong_ws/install/player_commands/share/player_commands/msg/PlayerCommand.idl
[0.506s] -- Up-to-date: /home/ahmedmuhammad/pingpong_ws/install/player_commands/share/player_commands/msg/PlayerCommand.msg
[0.506s] -- Up-to-date: /home/ahmedmuhammad/pingpong_ws/install/player_commands/share/ament_index/resource_index/package_run_dependencies/player_commands
[0.506s] -- Up-to-date: /home/ahmedmuhammad/pingpong_ws/install/player_commands/share/ament_index/resource_index/parent_prefix_path/player_commands
[0.506s] -- Up-to-date: /home/ahmedmuhammad/pingpong_ws/install/player_commands/share/player_commands/environment/ament_prefix_path.sh
[0.506s] -- Up-to-date: /home/ahmedmuhammad/pingpong_ws/install/player_commands/share/player_commands/environment/ament_prefix_path.dsv
[0.507s] -- Up-to-date: /home/ahmedmuhammad/pingpong_ws/install/player_commands/share/player_commands/environment/path.sh
[0.507s] -- Up-to-date: /home/ahmedmuhammad/pingpong_ws/install/player_commands/share/player_commands/environment/path.dsv
[0.507s] -- Up-to-date: /home/ahmedmuhammad/pingpong_ws/install/player_commands/share/player_commands/local_setup.bash
[0.507s] -- Up-to-date: /home/ahmedmuhammad/pingpong_ws/install/player_commands/share/player_commands/local_setup.sh
[0.507s] -- Up-to-date: /home/ahmedmuhammad/pingpong_ws/install/player_commands/share/player_commands/local_setup.zsh
[0.507s] -- Up-to-date: /home/ahmedmuhammad/pingpong_ws/install/player_commands/share/player_commands/local_setup.dsv
[0.507s] -- Installing: /home/ahmedmuhammad/pingpong_ws/install/player_commands/share/player_commands/package.dsv
[0.507s] -- Up-to-date: /home/ahmedmuhammad/pingpong_ws/install/player_commands/share/ament_index/resource_index/packages/player_commands
[0.507s] -- Up-to-date: /home/ahmedmuhammad/pingpong_ws/install/player_commands/share/player_commands/cmake/export_player_commands__rosidl_generator_cExport.cmake
[0.507s] -- Up-to-date: /home/ahmedmuhammad/pingpong_ws/install/player_commands/share/player_commands/cmake/export_player_commands__rosidl_generator_cExport-noconfig.cmake
[0.508s] -- Up-to-date: /home/ahmedmuhammad/pingpong_ws/install/player_commands/share/player_commands/cmake/export_player_commands__rosidl_typesupport_fastrtps_cExport.cmake
[0.508s] -- Up-to-date: /home/ahmedmuhammad/pingpong_ws/install/player_commands/share/player_commands/cmake/export_player_commands__rosidl_typesupport_fastrtps_cExport-noconfig.cmake
[0.509s] -- Up-to-date: /home/ahmedmuhammad/pingpong_ws/install/player_commands/share/player_commands/cmake/player_commands__rosidl_typesupport_introspection_cExport.cmake
[0.509s] -- Up-to-date: /home/ahmedmuhammad/pingpong_ws/install/player_commands/share/player_commands/cmake/player_commands__rosidl_typesupport_introspection_cExport-noconfig.cmake
[0.509s] -- Up-to-date: /home/ahmedmuhammad/pingpong_ws/install/player_commands/share/player_commands/cmake/player_commands__rosidl_typesupport_cExport.cmake
[0.509s] -- Up-to-date: /home/ahmedmuhammad/pingpong_ws/install/player_commands/share/player_commands/cmake/player_commands__rosidl_typesupport_cExport-noconfig.cmake
[0.509s] -- Up-to-date: /home/ahmedmuhammad/pingpong_ws/install/player_commands/share/player_commands/cmake/export_player_commands__rosidl_generator_cppExport.cmake
[0.510s] -- Up-to-date: /home/ahmedmuhammad/pingpong_ws/install/player_commands/share/player_commands/cmake/export_player_commands__rosidl_typesupport_fastrtps_cppExport.cmake
[0.510s] -- Up-to-date: /home/ahmedmuhammad/pingpong_ws/install/player_commands/share/player_commands/cmake/export_player_commands__rosidl_typesupport_fastrtps_cppExport-noconfig.cmake
[0.510s] -- Up-to-date: /home/ahmedmuhammad/pingpong_ws/install/player_commands/share/player_commands/cmake/player_commands__rosidl_typesupport_introspection_cppExport.cmake
[0.510s] -- Up-to-date: /home/ahmedmuhammad/pingpong_ws/install/player_commands/share/player_commands/cmake/player_commands__rosidl_typesupport_introspection_cppExport-noconfig.cmake
[0.511s] -- Up-to-date: /home/ahmedmuhammad/pingpong_ws/install/player_commands/share/player_commands/cmake/player_commands__rosidl_typesupport_cppExport.cmake
[0.511s] -- Up-to-date: /home/ahmedmuhammad/pingpong_ws/install/player_commands/share/player_commands/cmake/player_commands__rosidl_typesupport_cppExport-noconfig.cmake
[0.511s] -- Up-to-date: /home/ahmedmuhammad/pingpong_ws/install/player_commands/share/player_commands/cmake/export_player_commands__rosidl_generator_pyExport.cmake
[0.512s] -- Up-to-date: /home/ahmedmuhammad/pingpong_ws/install/player_commands/share/player_commands/cmake/export_player_commands__rosidl_generator_pyExport-noconfig.cmake
[0.512s] -- Up-to-date: /home/ahmedmuhammad/pingpong_ws/install/player_commands/share/player_commands/cmake/rosidl_cmake-extras.cmake
[0.512s] -- Up-to-date: /home/ahmedmuhammad/pingpong_ws/install/player_commands/share/player_commands/cmake/ament_cmake_export_include_directories-extras.cmake
[0.512s] -- Up-to-date: /home/ahmedmuhammad/pingpong_ws/install/player_commands/share/player_commands/cmake/ament_cmake_export_libraries-extras.cmake
[0.512s] -- Up-to-date: /home/ahmedmuhammad/pingpong_ws/install/player_commands/share/player_commands/cmake/ament_cmake_export_targets-extras.cmake
[0.512s] -- Up-to-date: /home/ahmedmuhammad/pingpong_ws/install/player_commands/share/player_commands/cmake/rosidl_cmake_export_typesupport_targets-extras.cmake
[0.513s] -- Up-to-date: /home/ahmedmuhammad/pingpong_ws/install/player_commands/share/player_commands/cmake/ament_cmake_export_dependencies-extras.cmake
[0.513s] -- Up-to-date: /home/ahmedmuhammad/pingpong_ws/install/player_commands/share/player_commands/cmake/rosidl_cmake_export_typesupport_libraries-extras.cmake
[0.513s] -- Up-to-date: /home/ahmedmuhammad/pingpong_ws/install/player_commands/share/player_commands/cmake/player_commandsConfig.cmake
[0.513s] -- Up-to-date: /home/ahmedmuhammad/pingpong_ws/install/player_commands/share/player_commands/cmake/player_commandsConfig-version.cmake
[0.513s] -- Up-to-date: /home/ahmedmuhammad/pingpong_ws/install/player_commands/share/player_commands/package.xml
[0.514s] Invoked command in '/home/ahmedmuhammad/pingpong_ws/build/player_commands' returned '0': CMAKE_PREFIX_PATH=/opt/ros/humble /usr/bin/cmake --install /home/ahmedmuhammad/pingpong_ws/build/player_commands
